Running L0 tests with LD_LIBRARY_PATH: /home/kavia/workspace/code-generation/app-gateway2/tests/l0/appgateway/../../../dependencies/install/lib:/home/kavia/workspace/code-generation/app-gateway2/tests/l0/appgateway/../../../dependencies/install/lib/wpeframework:
Invoking L0 test runner...
Test run complete. Exit code: 1

== L0 Test Results Summary ==
FAILED: CMakeFiles/appgateway_l0test.dir/Responder_BehaviorTests.cpp.o 
/home/kavia/workspace/code-generation/app-gateway2/tests/l0/appgateway/l0test/../../../../interfaces/IAppGateway.h:41:42: error: ‘IIteratorType’ in namespace ‘WPEFramework::RPC’ does not name a template type
/home/kavia/workspace/code-generation/app-gateway2/tests/l0/appgateway/l0test/../../../../interfaces/IAppGateway.h:47:45: error: ‘IStringIterator’ has not been declared
/home/kavia/workspace/code-generation/app-gateway2/tests/l0/appgateway/l0test/../../../../plugin/AppGateway/AppGateway.h:39:54: error: expected class-name before ‘,’ token
/home/kavia/workspace/code-generation/app-gateway2/tests/l0/appgateway/l0test/../../../../plugin/AppGateway/AppGateway.h:50:45: error: ‘WPEFramework::PluginHost::IShell’ has not been declared
/home/kavia/workspace/code-generation/app-gateway2/tests/l0/appgateway/l0test/../../../../plugin/AppGateway/AppGateway.h:51:39: error: ‘WPEFramework::PluginHost::IShell’ has not been declared
/home/kavia/workspace/code-generation/app-gateway2/tests/l0/appgateway/l0test/../../../../plugin/AppGateway/AppGateway.h:62:30: error: ‘WPEFramework::RPC::IRemoteConnection’ has not been declared
/home/kavia/workspace/code-generation/app-gateway2/tests/l0/appgateway/l0test/../../../../plugin/AppGateway/AppGateway.h:65:25: error: ‘IShell’ in namespace ‘WPEFramework::PluginHost’ does not name a type
/home/kavia/workspace/code-generation/app-gateway2/tests/l0/appgateway/l0test/../../../../plugin/AppGateway/AppGateway.h:50:34: error: ‘virtual const string WPEFramework::Plugin::AppGateway::Initialize(int*)’ marked ‘override’, but does not override
/home/kavia/workspace/code-generation/app-gateway2/tests/l0/appgateway/l0test/../../../../plugin/AppGateway/AppGateway.h:51:26: error: ‘virtual void WPEFramework::Plugin::AppGateway::Deinitialize(int*)’ marked ‘override’, but does not override
/home/kavia/workspace/code-generation/app-gateway2/tests/l0/appgateway/l0test/../../../../plugin/AppGateway/AppGateway.h:52:28: error: ‘virtual string WPEFramework::Plugin::AppGateway::Information() const’ marked ‘override’, but does not override
/home/kavia/workspace/code-generation/app-gateway2/tests/l0/appgateway/l0test/ServiceMock.h:85:47: error: ‘IStringIterator’ has not been declared
/home/kavia/workspace/code-generation/app-gateway2/tests/l0/appgateway/l0test/ServiceMock.h:514:43: error: invalid use of incomplete type ‘const class WPEFramework::RPC::Object’
/home/kavia/workspace/code-generation/app-gateway2/tests/l0/appgateway/l0test/Responder_BehaviorTests.cpp:49:38: error: ‘Service’ is not a member of ‘WPEFramework::Core’
/home/kavia/workspace/code-generation/app-gateway2/tests/l0/appgateway/l0test/Responder_BehaviorTests.cpp:49:56: error: expected primary-expression before ‘>’ token
/home/kavia/workspace/code-generation/app-gateway2/tests/l0/appgateway/l0test/Responder_BehaviorTests.cpp:49:59: error: ‘::Create’ has not been declared; did you mean ‘creat’?
/home/kavia/workspace/code-generation/app-gateway2/tests/l0/appgateway/l0test/Responder_BehaviorTests.cpp:49:73: error: expected primary-expression before ‘>’ token
/home/kavia/workspace/code-generation/app-gateway2/tests/l0/appgateway/l0test/Responder_BehaviorTests.cpp:49:75: error: expected primary-expression before ‘)’ token
FAILED: CMakeFiles/appgateway_l0test.dir/ContextUtils_ConversionTests.cpp.o 
/home/kavia/workspace/code-generation/app-gateway2/tests/l0/appgateway/l0test/../../../../plugin/AppGateway/AppGateway.h:39:54: error: expected class-name before ‘,’ token
/home/kavia/workspace/code-generation/app-gateway2/tests/l0/appgateway/l0test/../../../../plugin/AppGateway/AppGateway.h:50:45: error: ‘WPEFramework::PluginHost::IShell’ has not been declared
/home/kavia/workspace/code-generation/app-gateway2/tests/l0/appgateway/l0test/../../../../plugin/AppGateway/AppGateway.h:51:39: error: ‘WPEFramework::PluginHost::IShell’ has not been declared
/home/kavia/workspace/code-generation/app-gateway2/tests/l0/appgateway/l0test/../../../../plugin/AppGateway/AppGateway.h:65:25: error: ‘IShell’ in namespace ‘WPEFramework::PluginHost’ does not name a type
/home/kavia/workspace/code-generation/app-gateway2/tests/l0/appgateway/l0test/../../../../plugin/AppGateway/AppGateway.h:50:34: error: ‘virtual const string WPEFramework::Plugin::AppGateway::Initialize(int*)’ marked ‘override’, but does not override
/home/kavia/workspace/code-generation/app-gateway2/tests/l0/appgateway/l0test/../../../../plugin/AppGateway/AppGateway.h:51:26: error: ‘virtual void WPEFramework::Plugin::AppGateway::Deinitialize(int*)’ marked ‘override’, but does not override
/home/kavia/workspace/code-generation/app-gateway2/tests/l0/appgateway/l0test/../../../../plugin/AppGateway/AppGateway.h:52:28: error: ‘virtual string WPEFramework::Plugin::AppGateway::Information() const’ marked ‘override’, but does not override
/home/kavia/workspace/code-generation/app-gateway2/tests/l0/appgateway/l0test/ServiceMock.h:514:43: error: invalid use of incomplete type ‘const class WPEFramework::RPC::Object’
/home/kavia/workspace/code-generation/app-gateway2/tests/l0/appgateway/l0test/ContextUtils.h:79:29: error: ‘rfindInsensitive’ is not a member of ‘StringUtils’
/home/kavia/workspace/code-generation/app-gateway2/tests/l0/appgateway/l0test/ContextUtils.h:79:54: error: ‘APP_GATEWAY_CALLSIGN’ was not declared in this scope
/home/kavia/workspace/code-generation/app-gateway2/tests/l0/appgateway/l0test/ContextUtils_ConversionTests.cpp:69:38: error: ‘Service’ is not a member of ‘WPEFramework::Core’
/home/kavia/workspace/code-generation/app-gateway2/tests/l0/appgateway/l0test/ContextUtils_ConversionTests.cpp:69:56: error: expected primary-expression before ‘>’ token
/home/kavia/workspace/code-generation/app-gateway2/tests/l0/appgateway/l0test/ContextUtils_ConversionTests.cpp:69:59: error: ‘::Create’ has not been declared; did you mean ‘creat’?
/home/kavia/workspace/code-generation/app-gateway2/tests/l0/appgateway/l0test/ContextUtils_ConversionTests.cpp:69:73: error: expected primary-expression before ‘>’ token
/home/kavia/workspace/code-generation/app-gateway2/tests/l0/appgateway/l0test/ContextUtils_ConversionTests.cpp:69:75: error: expected primary-expression before ‘)’ token
FAILED: CMakeFiles/appgateway_l0test.dir/AppGateway_JsonRpcResolveTests.cpp.o 
/home/kavia/workspace/code-generation/app-gateway2/tests/l0/appgateway/l0test/../../../../plugin/AppGateway/AppGateway.h:39:54: error: expected class-name before ‘,’ token
/home/kavia/workspace/code-generation/app-gateway2/tests/l0/appgateway/l0test/../../../../plugin/AppGateway/AppGateway.h:50:45: error: ‘WPEFramework::PluginHost::IShell’ has not been declared
/home/kavia/workspace/code-generation/app-gateway2/tests/l0/appgateway/l0test/../../../../plugin/AppGateway/AppGateway.h:51:39: error: ‘WPEFramework::PluginHost::IShell’ has not been declared
/home/kavia/workspace/code-generation/app-gateway2/tests/l0/appgateway/l0test/../../../../plugin/AppGateway/AppGateway.h:65:25: error: ‘IShell’ in namespace ‘WPEFramework::PluginHost’ does not name a type
/home/kavia/workspace/code-generation/app-gateway2/tests/l0/appgateway/l0test/../../../../plugin/AppGateway/AppGateway.h:50:34: error: ‘virtual const string WPEFramework::Plugin::AppGateway::Initialize(int*)’ marked ‘override’, but does not override
/home/kavia/workspace/code-generation/app-gateway2/tests/l0/appgateway/l0test/../../../../plugin/AppGateway/AppGateway.h:51:26: error: ‘virtual void WPEFramework::Plugin::AppGateway::Deinitialize(int*)’ marked ‘override’, but does not override
/home/kavia/workspace/code-generation/app-gateway2/tests/l0/appgateway/l0test/../../../../plugin/AppGateway/AppGateway.h:52:28: error: ‘virtual string WPEFramework::Plugin::AppGateway::Information() const’ marked ‘override’, but does not override
/home/kavia/workspace/code-generation/app-gateway2/tests/l0/appgateway/l0test/ServiceMock.h:514:43: error: invalid use of incomplete type ‘const class WPEFramework::RPC::Object’
/home/kavia/workspace/code-generation/app-gateway2/tests/l0/appgateway/l0test/AppGateway_JsonRpcResolveTests.cpp:64:38: error: ‘Service’ is not a member of ‘WPEFramework::Core’
/home/kavia/workspace/code-generation/app-gateway2/tests/l0/appgateway/l0test/AppGateway_JsonRpcResolveTests.cpp:64:56: error: expected primary-expression before ‘>’ token
/home/kavia/workspace/code-generation/app-gateway2/tests/l0/appgateway/l0test/AppGateway_JsonRpcResolveTests.cpp:64:59: error: ‘::Create’ has not been declared; did you mean ‘creat’?
/home/kavia/workspace/code-generation/app-gateway2/tests/l0/appgateway/l0test/AppGateway_JsonRpcResolveTests.cpp:64:73: error: expected primary-expression before ‘>’ token
/home/kavia/workspace/code-generation/app-gateway2/tests/l0/appgateway/l0test/AppGateway_JsonRpcResolveTests.cpp:64:75: error: expected primary-expression before ‘)’ token
/home/kavia/workspace/code-generation/app-gateway2/tests/l0/appgateway/l0test/AppGateway_JsonRpcResolveTests.cpp: In function ‘uint32_t Test_Resolve_ImplementationError_Propagates()’:
FAILED: CMakeFiles/appgateway_l0test.dir/AppGatewayTest.cpp.o 
/home/kavia/workspace/code-generation/app-gateway2/tests/l0/appgateway/l0test/../../../../plugin/AppGateway/AppGateway.h:39:54: error: expected class-name before ‘,’ token
/home/kavia/workspace/code-generation/app-gateway2/tests/l0/appgateway/l0test/../../../../plugin/AppGateway/AppGateway.h:50:45: error: ‘WPEFramework::PluginHost::IShell’ has not been declared
/home/kavia/workspace/code-generation/app-gateway2/tests/l0/appgateway/l0test/../../../../plugin/AppGateway/AppGateway.h:51:39: error: ‘WPEFramework::PluginHost::IShell’ has not been declared
/home/kavia/workspace/code-generation/app-gateway2/tests/l0/appgateway/l0test/../../../../plugin/AppGateway/AppGateway.h:65:25: error: ‘IShell’ in namespace ‘WPEFramework::PluginHost’ does not name a type
/home/kavia/workspace/code-generation/app-gateway2/tests/l0/appgateway/l0test/../../../../plugin/AppGateway/AppGateway.h:50:34: error: ‘virtual const string WPEFramework::Plugin::AppGateway::Initialize(int*)’ marked ‘override’, but does not override
/home/kavia/workspace/code-generation/app-gateway2/tests/l0/appgateway/l0test/../../../../plugin/AppGateway/AppGateway.h:51:26: error: ‘virtual void WPEFramework::Plugin::AppGateway::Deinitialize(int*)’ marked ‘override’, but does not override
/home/kavia/workspace/code-generation/app-gateway2/tests/l0/appgateway/l0test/../../../../plugin/AppGateway/AppGateway.h:52:28: error: ‘virtual string WPEFramework::Plugin::AppGateway::Information() const’ marked ‘override’, but does not override
/home/kavia/workspace/code-generation/app-gateway2/tests/l0/appgateway/l0test/ServiceMock.h:514:43: error: invalid use of incomplete type ‘const class WPEFramework::RPC::Object’
/home/kavia/workspace/code-generation/app-gateway2/tests/l0/appgateway/l0test/ContextUtils.h:79:29: error: ‘rfindInsensitive’ is not a member of ‘StringUtils’
/home/kavia/workspace/code-generation/app-gateway2/tests/l0/appgateway/l0test/ContextUtils.h:79:54: error: ‘APP_GATEWAY_CALLSIGN’ was not declared in this scope
/home/kavia/workspace/code-generation/app-gateway2/tests/l0/appgateway/l0test/AppGatewayTest.cpp:242:38: error: ‘Service’ is not a member of ‘WPEFramework::Core’
/home/kavia/workspace/code-generation/app-gateway2/tests/l0/appgateway/l0test/AppGatewayTest.cpp:242:56: error: expected primary-expression before ‘>’ token
/home/kavia/workspace/code-generation/app-gateway2/tests/l0/appgateway/l0test/AppGatewayTest.cpp:242:59: error: ‘::Create’ has not been declared; did you mean ‘creat’?
/home/kavia/workspace/code-generation/app-gateway2/tests/l0/appgateway/l0test/AppGatewayTest.cpp:242:73: error: expected primary-expression before ‘>’ token
/home/kavia/workspace/code-generation/app-gateway2/tests/l0/appgateway/l0test/AppGatewayTest.cpp:242:75: error: expected primary-expression before ‘)’ token
/home/kavia/workspace/code-generation/app-gateway2/tests/l0/appgateway/l0test/AppGatewayTest.cpp: In function ‘uint32_t Test_JsonRpcResolve_Error_NotPermitted()’:
/home/kavia/workspace/code-generation/app-gateway2/tests/l0/appgateway/l0test/AppGatewayTest.cpp: In function ‘uint32_t Test_JsonRpcResolve_Error_NotSupported()’:
/home/kavia/workspace/code-generation/app-gateway2/tests/l0/appgateway/l0test/AppGatewayTest.cpp: In function ‘uint32_t Test_JsonRpcResolve_Error_NotAvailable()’:
/home/kavia/workspace/code-generation/app-gateway2/tests/l0/appgateway/l0test/AppGatewayTest.cpp: In function ‘uint32_t Test_JsonRpcResolve_Error_MalformedInput()’:
FAILED: CMakeFiles/appgateway_l0test.dir/AppGateway_Init_DeinitTests.cpp.o 
/home/kavia/workspace/code-generation/app-gateway2/tests/l0/appgateway/l0test/../../../../plugin/AppGateway/AppGateway.h:39:54: error: expected class-name before ‘,’ token
/home/kavia/workspace/code-generation/app-gateway2/tests/l0/appgateway/l0test/../../../../plugin/AppGateway/AppGateway.h:50:45: error: ‘WPEFramework::PluginHost::IShell’ has not been declared
/home/kavia/workspace/code-generation/app-gateway2/tests/l0/appgateway/l0test/../../../../plugin/AppGateway/AppGateway.h:51:39: error: ‘WPEFramework::PluginHost::IShell’ has not been declared
/home/kavia/workspace/code-generation/app-gateway2/tests/l0/appgateway/l0test/../../../../plugin/AppGateway/AppGateway.h:65:25: error: ‘IShell’ in namespace ‘WPEFramework::PluginHost’ does not name a type
/home/kavia/workspace/code-generation/app-gateway2/tests/l0/appgateway/l0test/../../../../plugin/AppGateway/AppGateway.h:50:34: error: ‘virtual const string WPEFramework::Plugin::AppGateway::Initialize(int*)’ marked ‘override’, but does not override
/home/kavia/workspace/code-generation/app-gateway2/tests/l0/appgateway/l0test/../../../../plugin/AppGateway/AppGateway.h:51:26: error: ‘virtual void WPEFramework::Plugin::AppGateway::Deinitialize(int*)’ marked ‘override’, but does not override
/home/kavia/workspace/code-generation/app-gateway2/tests/l0/appgateway/l0test/../../../../plugin/AppGateway/AppGateway.h:52:28: error: ‘virtual string WPEFramework::Plugin::AppGateway::Information() const’ marked ‘override’, but does not override
/home/kavia/workspace/code-generation/app-gateway2/tests/l0/appgateway/l0test/ServiceMock.h:514:43: error: invalid use of incomplete type ‘const class WPEFramework::RPC::Object’
/home/kavia/workspace/code-generation/app-gateway2/tests/l0/appgateway/l0test/AppGateway_Init_DeinitTests.cpp:52:38: error: ‘Service’ is not a member of ‘WPEFramework::Core’
/home/kavia/workspace/code-generation/app-gateway2/tests/l0/appgateway/l0test/AppGateway_Init_DeinitTests.cpp:52:56: error: expected primary-expression before ‘>’ token
/home/kavia/workspace/code-generation/app-gateway2/tests/l0/appgateway/l0test/AppGateway_Init_DeinitTests.cpp:52:59: error: ‘::Create’ has not been declared; did you mean ‘creat’?
/home/kavia/workspace/code-generation/app-gateway2/tests/l0/appgateway/l0test/AppGateway_Init_DeinitTests.cpp:52:73: error: expected primary-expression before ‘>’ token
/home/kavia/workspace/code-generation/app-gateway2/tests/l0/appgateway/l0test/AppGateway_Init_DeinitTests.cpp:52:75: error: expected primary-expression before ‘)’ token
FAILED: CMakeFiles/appgateway_l0test.dir/Resolver_Configure_And_ResolveTests.cpp.o 
/home/kavia/workspace/code-generation/app-gateway2/tests/l0/appgateway/l0test/../../../../plugin/AppGateway/Resolver.h:67:40: error: expected ‘)’ before ‘*’ token
/home/kavia/workspace/code-generation/app-gateway2/tests/l0/appgateway/l0test/../../../../plugin/AppGateway/Resolver.h:105:25: error: ‘IShell’ in namespace ‘WPEFramework::PluginHost’ does not name a type
/home/kavia/workspace/code-generation/app-gateway2/tests/l0/appgateway/l0test/ServiceMock.h:514:43: error: invalid use of incomplete type ‘const class WPEFramework::RPC::Object’
/home/kavia/workspace/code-generation/app-gateway2/tests/l0/appgateway/l0test/Resolver_Configure_And_ResolveTests.cpp:199:38: error: ‘Service’ is not a member of ‘WPEFramework::Core’
/home/kavia/workspace/code-generation/app-gateway2/tests/l0/appgateway/l0test/Resolver_Configure_And_ResolveTests.cpp:199:62: error: expected primary-expression before ‘>’ token
/home/kavia/workspace/code-generation/app-gateway2/tests/l0/appgateway/l0test/Resolver_Configure_And_ResolveTests.cpp:199:65: error: ‘::Create’ has not been declared; did you mean ‘creat’?
/home/kavia/workspace/code-generation/app-gateway2/tests/l0/appgateway/l0test/Resolver_Configure_And_ResolveTests.cpp:199:79: error: expected primary-expression before ‘>’ token
/home/kavia/workspace/code-generation/app-gateway2/tests/l0/appgateway/l0test/Resolver_Configure_And_ResolveTests.cpp:199:81: error: expected primary-expression before ‘)’ token
/home/kavia/workspace/code-generation/app-gateway2/tests/l0/appgateway/l0test/Resolver_Configure_And_ResolveTests.cpp:252:52: error: no matching function for call to ‘WPEFramework::Plugin::Resolver::Resolver(std::nullptr_t)’
/home/kavia/workspace/code-generation/app-gateway2/tests/l0/appgateway/l0test/Resolver_Configure_And_ResolveTests.cpp:290:29: error: ‘Service’ is not a member of ‘WPEFramework::Core’
/home/kavia/workspace/code-generation/app-gateway2/tests/l0/appgateway/l0test/Resolver_Configure_And_ResolveTests.cpp:290:83: error: expected primary-expression before ‘>’ token
/home/kavia/workspace/code-generation/app-gateway2/tests/l0/appgateway/l0test/Resolver_Configure_And_ResolveTests.cpp:290:86: error: ‘::Create’ has not been declared; did you mean ‘creat’?
/home/kavia/workspace/code-generation/app-gateway2/tests/l0/appgateway/l0test/Resolver_Configure_And_ResolveTests.cpp:290:136: error: expected primary-expression before ‘>’ token
/home/kavia/workspace/code-generation/app-gateway2/tests/l0/appgateway/l0test/Resolver_Configure_And_ResolveTests.cpp:290:138: error: expected primary-expression before ‘)’ token
/home/kavia/workspace/code-generation/app-gateway2/tests/l0/appgateway/l0test/Resolver_Configure_And_ResolveTests.cpp:335:29: error: ‘Service’ is not a member of ‘WPEFramework::Core’
/home/kavia/workspace/code-generation/app-gateway2/tests/l0/appgateway/l0test/Resolver_Configure_And_ResolveTests.cpp:335:83: error: expected primary-expression before ‘>’ token
/home/kavia/workspace/code-generation/app-gateway2/tests/l0/appgateway/l0test/Resolver_Configure_And_ResolveTests.cpp:335:86: error: ‘::Create’ has not been declared; did you mean ‘creat’?
/home/kavia/workspace/code-generation/app-gateway2/tests/l0/appgateway/l0test/Resolver_Configure_And_ResolveTests.cpp:335:136: error: expected primary-expression before ‘>’ token
/home/kavia/workspace/code-generation/app-gateway2/tests/l0/appgateway/l0test/Resolver_Configure_And_ResolveTests.cpp:335:138: error: expected primary-expression before ‘)’ token
/home/kavia/workspace/code-generation/app-gateway2/tests/l0/appgateway/l0test/Resolver_Configure_And_ResolveTests.cpp: In function ‘uint32_t Test_Resolver_Configure_InvalidJson_ReturnsError()’:
/home/kavia/workspace/code-generation/app-gateway2/tests/l0/appgateway/l0test/Resolver_Configure_And_ResolveTests.cpp:369:29: error: ‘Service’ is not a member of ‘WPEFramework::Core’
/home/kavia/workspace/code-generation/app-gateway2/tests/l0/appgateway/l0test/Resolver_Configure_And_ResolveTests.cpp:369:83: error: expected primary-expression before ‘>’ token
/home/kavia/workspace/code-generation/app-gateway2/tests/l0/appgateway/l0test/Resolver_Configure_And_ResolveTests.cpp:369:86: error: ‘::Create’ has not been declared; did you mean ‘creat’?
/home/kavia/workspace/code-generation/app-gateway2/tests/l0/appgateway/l0test/Resolver_Configure_And_ResolveTests.cpp:369:136: error: expected primary-expression before ‘>’ token
/home/kavia/workspace/code-generation/app-gateway2/tests/l0/appgateway/l0test/Resolver_Configure_And_ResolveTests.cpp:369:138: error: expected primary-expression before ‘)’ token

Full log is available at /home/kavia/workspace/code-generation/app-gateway2/tests/l0/appgateway/l0_run_full.log
