TN:
SF:/home/kavia/workspace/code-generation/app-gateway2/dependencies/install/include/WPEFramework/com/Communicator.h
FN:142,145,_ZNK12WPEFramework3RPC6Object9ClassNameB5cxx11Ev
FNDA:0,_ZNK12WPEFramework3RPC6Object9ClassNameB5cxx11Ev
FNF:1
FNH:0
DA:142,0
DA:144,0
LF:2
LH:0
end_of_record
TN:
SF:/home/kavia/workspace/code-generation/app-gateway2/dependencies/install/include/WPEFramework/com/IIteratorType.h
FN:35,35,_ZN12WPEFramework3RPC13IIteratorTypeINSt7__cxx1112basic_stringIcSt11char_traitsIcESaIcEEELj5EED2Ev
FNDA:4,_ZN12WPEFramework3RPC13IIteratorTypeINSt7__cxx1112basic_stringIcSt11char_traitsIcESaIcEEELj5EED2Ev
FNF:1
FNH:1
DA:35,4
LF:1
LH:1
end_of_record
TN:
SF:/home/kavia/workspace/code-generation/app-gateway2/dependencies/install/include/WPEFramework/core/FileSystem.h
FN:42,50,_ZN12WPEFramework4CoreL13ParsePathInfoERKNSt7__cxx1112basic_stringIcSt11char_traitsIcESaIcEEERS6_Rt
FNDA:0,_ZN12WPEFramework4CoreL13ParsePathInfoERKNSt7__cxx1112basic_stringIcSt11char_traitsIcESaIcEEERS6_Rt
FNF:1
FNH:0
DA:42,0
DA:44,0
DA:45,0
DA:46,0
DA:47,0
DA:48,0
DA:49,0
DA:50,0
LF:8
LH:0
end_of_record
TN:
SF:/home/kavia/workspace/code-generation/app-gateway2/dependencies/install/include/WPEFramework/core/JSON.h
FN:124,159,_ZN12WPEFramework4Core4JSON8IElement10FromStringIS2_EEbRKNSt7__cxx1112basic_stringIcSt11char_traitsIcESaIcEEERT_RNS0_12OptionalTypeINS1_5ErrorEEE
FN:1584,1590,_ZN12WPEFramework4Core4JSON6StringC2Eb
FN:1637,1637,_ZN12WPEFramework4Core4JSON6StringD0Ev
FN:1637,1637,_ZN12WPEFramework4Core4JSON6StringD2Ev
FN:1639,1645,_ZN12WPEFramework4Core4JSON6StringaSERKNSt7__cxx1112basic_stringIcSt11char_traitsIcESaIcEEE
FN:1659,1665,_ZN12WPEFramework4Core4JSON6StringaSEPKc
FN:166,170,_ZN12WPEFramework4Core4JSON8IElement10FromStringERKNSt7__cxx1112basic_stringIcSt11char_traitsIcESaIcEEE
FN:172,175,_ZN12WPEFramework4Core4JSON8IElement10FromStringERKNSt7__cxx1112basic_stringIcSt11char_traitsIcESaIcEEERNS0_12OptionalTypeINS1_5ErrorEEE
FN:1751,1757,_ZNK12WPEFramework4Core4JSON6String5ValueB5cxx11Ev
FN:1782,1785,_ZNK12WPEFramework4Core4JSON6String6IsNullEv
FN:1787,1790,_ZNK12WPEFramework4Core4JSON6String5IsSetEv
FN:1792,1796,_ZN12WPEFramework4Core4JSON6String5ClearEv
FN:1798,1801,_ZNK12WPEFramework4Core4JSON6String8IsQuotedEv
FN:1814,1954,_ZNK12WPEFramework4Core4JSON6String9SerializeEPctRj
FN:1955,2125,_ZN12WPEFramework4Core4JSON6String11DeserializeEPKctRjRNS0_12OptionalTypeINS1_5ErrorEEE
FN:2120,2120,_ZZN12WPEFramework4Core4JSON6String11DeserializeEPKctRjRNS0_12OptionalTypeINS1_5ErrorEEEENKUlhE_clEh
FN:2128,2174,_ZNK12WPEFramework4Core4JSON6String9SerializeEPhtRj
FN:2176,2219,_ZN12WPEFramework4Core4JSON6String11DeserializeEPKhtRj
FN:2222,2234,_ZNK12WPEFramework4Core4JSON6String9IsEscapedERKNSt7__cxx1112basic_stringIcSt11char_traitsIcESaIcEEE
FN:2235,2246,_ZN12WPEFramework4Core4JSON6String7InScopeENS2_12ScopeBracketE
FN:2247,2257,_ZN12WPEFramework4Core4JSON6String8OutScopeENS2_12ScopeBracketE
FN:291,291,_ZN12WPEFramework4Core4JSON12IMessagePackD0Ev
FN:291,291,_ZN12WPEFramework4Core4JSON12IMessagePackD2Ev
FN:3718,3726,_ZN12WPEFramework4Core4JSON9ContainerC2Ev
FN:3727,3727,_ZN12WPEFramework4Core4JSON9ContainerD0Ev
FN:3727,3727,_ZN12WPEFramework4Core4JSON9ContainerD2Ev
FN:3745,3760,_ZNK12WPEFramework4Core4JSON9Container5IsSetEv
FN:3772,3775,_ZNK12WPEFramework4Core4JSON9Container6IsNullEv
FN:3787,3797,_ZN12WPEFramework4Core4JSON9Container5ClearEv
FN:3799,3802,_ZN12WPEFramework4Core4JSON9Container3AddEPKcPNS1_8IElementE
FN:3818,3876,_ZNK12WPEFramework4Core4JSON9Container9SerializeEPctRj
FN:3878,4033,_ZN12WPEFramework4Core4JSON9Container11DeserializeEPKctRjRNS0_12OptionalTypeINS1_5ErrorEEE
FN:4036,4108,_ZNK12WPEFramework4Core4JSON9Container9SerializeEPhtRj
FN:4110,4166,_ZN12WPEFramework4Core4JSON9Container11DeserializeEPKhtRj
FN:4174,4198,_ZN12WPEFramework4Core4JSON9Container4FindEPKc
FN:4200,4207,_ZNK12WPEFramework4Core4JSON9Container8FindNextEv
FN:4209,4222,_ZNK12WPEFramework4Core4JSON9Container4SizeEv
FN:4224,4227,_ZN12WPEFramework4Core4JSON9Container7RequestEPKc
FN:43,48,_ZN12WPEFramework4Core4JSON5ErrorC2EONSt7__cxx1112basic_stringIcSt11char_traitsIcESaIcEEE
FN:4346,4346,_ZN12WPEFramework4Core4JSON7VariantD0Ev
FN:4346,4346,_ZN12WPEFramework4Core4JSON7VariantD2Ev
FN:446,466,_ZN12WPEFramework4Core4JSONL11IsNullValueEPKctRjRt
FN:4531,4534,_ZNK12WPEFramework4Core4JSON7Variant5IsSetEv
FN:4981,5013,_ZN12WPEFramework4Core4JSON7Variant11DeserializeEPKctRjRNS0_12OptionalTypeINS1_5ErrorEEE
FN:52,52,_ZN12WPEFramework4Core4JSON5ErroraSERKS2_
FN:527,533,_ZN12WPEFramework4Core4JSON10NumberTypeIiLb1EL10NumberBase10EEaSERKi
FN:527,533,_ZN12WPEFramework4Core4JSON10NumberTypeIjLb0EL10NumberBase10EEaSERKj
FN:61,67,_ZN12WPEFramework4Core4JSON5Error7ContextEPKcmm
FN:71,76,_ZN12WPEFramework4Core4JSON5ErrorC2Ev
FN:91,91,_ZN12WPEFramework4Core4JSON8IElementD0Ev
FN:91,91,_ZN12WPEFramework4Core4JSON8IElementD2Ev
FNDA:415,_ZN12WPEFramework4Core4JSON8IElement10FromStringIS2_EEbRKNSt7__cxx1112basic_stringIcSt11char_traitsIcESaIcEEERT_RNS0_12OptionalTypeINS1_5ErrorEEE
FNDA:1584,_ZN12WPEFramework4Core4JSON6StringC2Eb
FNDA:0,_ZN12WPEFramework4Core4JSON6StringD0Ev
FNDA:3894,_ZN12WPEFramework4Core4JSON6StringD2Ev
FNDA:6,_ZN12WPEFramework4Core4JSON6StringaSERKNSt7__cxx1112basic_stringIcSt11char_traitsIcESaIcEEE
FNDA:1050,_ZN12WPEFramework4Core4JSON6StringaSEPKc
FNDA:386,_ZN12WPEFramework4Core4JSON8IElement10FromStringERKNSt7__cxx1112basic_stringIcSt11char_traitsIcESaIcEEE
FNDA:415,_ZN12WPEFramework4Core4JSON8IElement10FromStringERKNSt7__cxx1112basic_stringIcSt11char_traitsIcESaIcEEERNS0_12OptionalTypeINS1_5ErrorEEE
FNDA:2076,_ZNK12WPEFramework4Core4JSON6String5ValueB5cxx11Ev
FNDA:2976,_ZNK12WPEFramework4Core4JSON6String6IsNullEv
FNDA:2774,_ZNK12WPEFramework4Core4JSON6String5IsSetEv
FNDA:408,_ZN12WPEFramework4Core4JSON6String5ClearEv
FNDA:1383,_ZNK12WPEFramework4Core4JSON6String8IsQuotedEv
FNDA:6,_ZNK12WPEFramework4Core4JSON6String9SerializeEPctRj
FNDA:2662,_ZN12WPEFramework4Core4JSON6String11DeserializeEPKctRjRNS0_12OptionalTypeINS1_5ErrorEEE
FNDA:655,_ZZN12WPEFramework4Core4JSON6String11DeserializeEPKctRjRNS0_12OptionalTypeINS1_5ErrorEEEENKUlhE_clEh
FNDA:0,_ZNK12WPEFramework4Core4JSON6String9SerializeEPhtRj
FNDA:0,_ZN12WPEFramework4Core4JSON6String11DeserializeEPKhtRj
FNDA:2874,_ZNK12WPEFramework4Core4JSON6String9IsEscapedERKNSt7__cxx1112basic_stringIcSt11char_traitsIcESaIcEEE
FNDA:405,_ZN12WPEFramework4Core4JSON6String7InScopeENS2_12ScopeBracketE
FNDA:405,_ZN12WPEFramework4Core4JSON6String8OutScopeENS2_12ScopeBracketE
FNDA:0,_ZN12WPEFramework4Core4JSON12IMessagePackD0Ev
FNDA:4428,_ZN12WPEFramework4Core4JSON12IMessagePackD2Ev
FNDA:448,_ZN12WPEFramework4Core4JSON9ContainerC2Ev
FNDA:0,_ZN12WPEFramework4Core4JSON9ContainerD0Ev
FNDA:448,_ZN12WPEFramework4Core4JSON9ContainerD2Ev
FNDA:7,_ZNK12WPEFramework4Core4JSON9Container5IsSetEv
FNDA:0,_ZNK12WPEFramework4Core4JSON9Container6IsNullEv
FNDA:56,_ZN12WPEFramework4Core4JSON9Container5ClearEv
FNDA:224,_ZN12WPEFramework4Core4JSON9Container3AddEPKcPNS1_8IElementE
FNDA:2,_ZNK12WPEFramework4Core4JSON9Container9SerializeEPctRj
FNDA:42,_ZN12WPEFramework4Core4JSON9Container11DeserializeEPKctRjRNS0_12OptionalTypeINS1_5ErrorEEE
FNDA:0,_ZNK12WPEFramework4Core4JSON9Container9SerializeEPhtRj
FNDA:0,_ZN12WPEFramework4Core4JSON9Container11DeserializeEPKhtRj
FNDA:128,_ZN12WPEFramework4Core4JSON9Container4FindEPKc
FNDA:4,_ZNK12WPEFramework4Core4JSON9Container8FindNextEv
FNDA:0,_ZNK12WPEFramework4Core4JSON9Container4SizeEv
FNDA:0,_ZN12WPEFramework4Core4JSON9Container7RequestEPKc
FNDA:2,_ZN12WPEFramework4Core4JSON5ErrorC2EONSt7__cxx1112basic_stringIcSt11char_traitsIcESaIcEEE
FNDA:0,_ZN12WPEFramework4Core4JSON7VariantD0Ev
FNDA:3358,_ZN12WPEFramework4Core4JSON7VariantD2Ev
FNDA:7,_ZN12WPEFramework4Core4JSONL11IsNullValueEPKctRjRt
FNDA:2331,_ZNK12WPEFramework4Core4JSON7Variant5IsSetEv
FNDA:1247,_ZN12WPEFramework4Core4JSON7Variant11DeserializeEPKctRjRNS0_12OptionalTypeINS1_5ErrorEEE
FNDA:2,_ZN12WPEFramework4Core4JSON5ErroraSERKS2_
FNDA:2,_ZN12WPEFramework4Core4JSON10NumberTypeIiLb1EL10NumberBase10EEaSERKi
FNDA:0,_ZN12WPEFramework4Core4JSON10NumberTypeIjLb0EL10NumberBase10EEaSERKj
FNDA:2,_ZN12WPEFramework4Core4JSON5Error7ContextEPKcmm
FNDA:415,_ZN12WPEFramework4Core4JSON5ErrorC2Ev
FNDA:0,_ZN12WPEFramework4Core4JSON8IElementD0Ev
FNDA:4428,_ZN12WPEFramework4Core4JSON8IElementD2Ev
FNF:51
FNH:38
DA:43,2
DA:44,2
DA:45,2
DA:46,2
DA:48,2
DA:52,2
DA:61,2
DA:63,2
DA:64,4
DA:65,2
DA:66,2
DA:67,2
DA:71,415
DA:72,415
DA:73,415
DA:74,415
DA:76,415
DA:91,4428
DA:124,415
DA:126,415
DA:127,415
DA:128,415
DA:130,415
DA:132,837
DA:134,422
DA:137,422
DA:139,422
DA:142,422
DA:143,0
DA:145,422
DA:148,415
DA:149,0
DA:150,0
DA:153,415
DA:154,3
DA:155,3
DA:158,830
DA:166,386
DA:168,386
DA:169,772
DA:170,386
DA:172,415
DA:174,415
DA:291,4428
DA:446,7
DA:448,7
DA:449,7
DA:450,7
DA:451,7
DA:452,7
DA:453,7
DA:454,7
DA:456,0
DA:457,0
DA:458,0
DA:462,7
DA:463,0
DA:465,7
DA:527,2
DA:529,2
DA:530,2
DA:532,2
DA:1584,1584
DA:1585,3168
DA:1586,1584
DA:1587,1584
DA:1588,3168
DA:1590,1584
DA:1637,3894
DA:1639,6
DA:1641,6
DA:1642,6
DA:1644,6
DA:1659,1050
DA:1661,1050
DA:1662,1050
DA:1664,1050
DA:1751,2076
DA:1753,2076
DA:1754,595
DA:1756,1481
DA:1782,2976
DA:1784,2976
DA:1787,2774
DA:1789,2774
DA:1792,408
DA:1794,408
DA:1795,408
DA:1796,408
DA:1798,1383
DA:1800,1383
DA:1814,6
DA:1816,6
DA:1818,6
DA:1820,6
DA:1821,6
DA:1822,6
DA:1823,6
DA:1825,6
DA:1827,6
DA:1828,6
DA:1831,6
DA:1833,72
DA:1834,66
DA:1837,66
DA:1839,66
DA:1842,66
DA:1843,66
DA:1844,66
DA:1846,0
DA:1848,0
DA:1849,0
DA:1851,0
DA:1853,0
DA:1854,0
DA:1855,0
DA:1856,0
DA:1857,0
DA:1858,0
DA:1859,0
DA:1861,0
DA:1863,0
DA:1864,0
DA:1866,0
DA:1868,0
DA:1871,0
DA:1872,0
DA:1874,0
DA:1878,0
DA:1880,0
DA:1885,0
DA:1889,0
DA:1891,0
DA:1892,0
DA:1897,0
DA:1898,0
DA:1899,0
DA:1900,0
DA:1904,0
DA:1905,0
DA:1911,0
DA:1913,0
DA:1916,0
DA:1918,0
DA:1921,0
DA:1923,0
DA:1925,0
DA:1926,0
DA:1927,0
DA:1931,0
DA:1932,0
DA:1933,0
DA:1935,0
DA:1941,6
DA:1943,6
DA:1944,0
DA:1946,6
DA:1947,6
DA:1948,6
DA:1953,6
DA:1955,2662
DA:1957,2662
DA:1958,2662
DA:1959,2662
DA:1961,2662
DA:1962,2662
DA:1963,2662
DA:1964,2662
DA:1965,2662
DA:1966,2007
DA:1967,2007
DA:1969,2662
DA:1973,81223
DA:1975,78561
DA:1978,78561
DA:1980,43509
DA:1982,21034
DA:1983,405
DA:1984,0
DA:1987,20629
DA:1988,0
DA:1989,0
DA:1992,20629
DA:1994,1266
DA:1996,19363
DA:1997,405
DA:1998,0
DA:2001,18958
DA:2002,0
DA:2003,0
DA:2008,43509
DA:2009,43259
DA:2011,22475
DA:2013,20784
DA:2015,5563
DA:2018,5563
DA:2024,43259
DA:2027,2874
DA:2030,43259
DA:2034,35052
DA:2036,35052
DA:2038,0
DA:2039,35052
DA:2041,2007
DA:2042,33045
DA:2043,0
DA:2046,33045
DA:2048,35052
DA:2050,0
DA:2052,0
DA:2053,0
DA:2057,0
DA:2058,0
DA:2059,0
DA:2060,0
DA:2061,0
DA:2062,0
DA:2063,0
DA:2064,0
DA:2065,0
DA:2066,0
DA:2067,0
DA:2068,0
DA:2070,0
DA:2072,0
DA:2076,0
DA:2078,0
DA:2079,0
DA:2082,0
DA:2083,0
DA:2084,0
DA:2085,0
DA:2088,0
DA:2094,0
DA:2097,0
DA:2099,0
DA:2100,0
DA:2103,0
DA:2105,0
DA:2112,2662
DA:2113,0
DA:2115,2662
DA:2116,2662
DA:2118,2662
DA:2120,1310
DA:2124,2662
DA:2128,0
DA:2130,0
DA:2131,0
DA:2132,0
DA:2133,0
DA:2134,0
DA:2135,0
DA:2136,0
DA:2137,0
DA:2138,0
DA:2139,0
DA:2140,0
DA:2141,0
DA:2142,0
DA:2143,0
DA:2144,0
DA:2145,0
DA:2147,0
DA:2151,0
DA:2152,0
DA:2153,0
DA:2154,0
DA:2157,0
DA:2158,0
DA:2159,0
DA:2160,0
DA:2161,0
DA:2162,0
DA:2163,0
DA:2164,0
DA:2167,0
DA:2168,0
DA:2173,0
DA:2176,0
DA:2178,0
DA:2179,0
DA:2180,0
DA:2181,0
DA:2182,0
DA:2183,0
DA:2184,0
DA:2185,0
DA:2186,0
DA:2187,0
DA:2188,0
DA:2189,0
DA:2190,0
DA:2191,0
DA:2192,0
DA:2193,0
DA:2194,0
DA:2195,0
DA:2197,0
DA:2201,0
DA:2202,0
DA:2203,0
DA:2204,0
DA:2207,0
DA:2208,0
DA:2209,0
DA:2212,0
DA:2213,0
DA:2214,0
DA:2218,0
DA:2222,2874
DA:2228,2874
DA:2229,2874
DA:2230,2874
DA:2231,0
DA:2233,2874
DA:2235,405
DA:2236,405
DA:2237,405
DA:2239,405
DA:2240,405
DA:2241,405
DA:2242,405
DA:2243,405
DA:2245,405
DA:2247,405
DA:2248,405
DA:2249,405
DA:2250,405
DA:2251,405
DA:2252,405
DA:2253,405
DA:2254,405
DA:2256,405
DA:3718,448
DA:3719,896
DA:3720,448
DA:3721,448
DA:3722,448
DA:3723,896
DA:3725,448
DA:3726,448
DA:3727,448
DA:3745,7
DA:3747,7
DA:3749,7
DA:3750,7
DA:3752,7
DA:3753,0
DA:3756,7
DA:3759,7
DA:3772,0
DA:3774,0
DA:3787,56
DA:3789,56
DA:3792,296
DA:3793,240
DA:3794,240
DA:3796,56
DA:3797,56
DA:3799,224
DA:3801,224
DA:3802,224
DA:3818,2
DA:3820,2
DA:3822,2
DA:3823,0
DA:3824,0
DA:3825,0
DA:3828,2
DA:3829,2
DA:3830,2
DA:3832,2
DA:3833,2
DA:3834,2
DA:3835,2
DA:3836,2
DA:3838,0
DA:3839,0
DA:3842,18
DA:3843,16
DA:3844,8
DA:3845,8
DA:3846,8
DA:3847,8
DA:3848,8
DA:3849,4
DA:3850,4
DA:3851,4
DA:3853,4
DA:3854,2
DA:3855,2
DA:3856,2
DA:3857,2
DA:3859,2
DA:3864,2
DA:3865,2
DA:3866,2
DA:3867,2
DA:3868,2
DA:3870,0
DA:3875,2
DA:3878,42
DA:3880,42
DA:3882,42
DA:3883,62
DA:3884,20
DA:3888,42
DA:3889,0
DA:3890,42
DA:3891,42
DA:3892,42
DA:3893,42
DA:3894,7
DA:3897,7
DA:3898,0
DA:3899,0
DA:3900,0
DA:3901,0
DA:3902,0
DA:3903,0
DA:3904,35
DA:3905,35
DA:3906,35
DA:3907,35
DA:3908,35
DA:3912,556
DA:3913,516
DA:3915,597
DA:3916,81
DA:3919,516
DA:3920,516
DA:3921,33
DA:3922,33
DA:3923,0
DA:3924,0
DA:3925,33
DA:3926,0
DA:3927,0
DA:3929,33
DA:3930,33
DA:3931,33
DA:3932,33
DA:3933,95
DA:3934,95
DA:3935,0
DA:3936,0
DA:3937,0
DA:3938,95
DA:3939,0
DA:3940,0
DA:3941,0
DA:3943,95
DA:3945,95
DA:3946,95
DA:3947,128
DA:3948,128
DA:3949,0
DA:3950,0
DA:3951,0
DA:3952,128
DA:3953,0
DA:3954,0
DA:3955,0
DA:3957,128
DA:3959,128
DA:3960,128
DA:3961,260
DA:3962,260
DA:3963,130
DA:3964,0
DA:3970,130
DA:3971,2
DA:3972,2
DA:3973,2
DA:3974,2
DA:3975,2
DA:3977,128
DA:3979,128
DA:3981,128
DA:3982,0
DA:3985,130
DA:3986,0
DA:3987,0
DA:3988,0
DA:3989,0
DA:3990,0
DA:3992,130
DA:3994,258
DA:3995,258
DA:4000,516
DA:4001,258
DA:4002,258
DA:4003,258
DA:4004,130
DA:4005,130
DA:4006,0
DA:4008,130
DA:4010,128
DA:4011,128
DA:4014,128
DA:4017,258
DA:4020,516
DA:4021,2
DA:4027,42
DA:4028,2
DA:4029,2
DA:4032,42
DA:4036,0
DA:4038,0
DA:4040,0
DA:4041,0
DA:4042,0
DA:4043,0
DA:4047,0
DA:4048,0
DA:4049,0
DA:4050,0
DA:4051,0
DA:4052,0
DA:4053,0
DA:4056,0
DA:4057,0
DA:4059,0
DA:4060,0
DA:4061,0
DA:4063,0
DA:4067,0
DA:4068,0
DA:4069,0
DA:4070,0
DA:4071,0
DA:4072,0
DA:4073,0
DA:4076,0
DA:4077,0
DA:4078,0
DA:4079,0
DA:4080,0
DA:4081,0
DA:4083,0
DA:4085,0
DA:4086,0
DA:4087,0
DA:4088,0
DA:4089,0
DA:4092,0
DA:4094,0
DA:4095,0
DA:4096,0
DA:4097,0
DA:4099,0
DA:4100,0
DA:4107,0
DA:4110,0
DA:4112,0
DA:4114,0
DA:4115,0
DA:4116,0
DA:4117,0
DA:4118,0
DA:4119,0
DA:4120,0
DA:4121,0
DA:4123,0
DA:4126,0
DA:4127,0
DA:4128,0
DA:4129,0
DA:4130,0
DA:4131,0
DA:4132,0
DA:4136,0
DA:4138,0
DA:4139,0
DA:4140,0
DA:4141,0
DA:4142,0
DA:4143,0
DA:4144,0
DA:4146,0
DA:4147,0
DA:4148,0
DA:4152,0
DA:4153,0
DA:4154,0
DA:4158,0
DA:4159,0
DA:4160,0
DA:4161,0
DA:4165,0
DA:4174,128
DA:4176,128
DA:4178,128
DA:4180,515
DA:4181,387
DA:4184,128
DA:4185,128
DA:4187,0
DA:4188,0
DA:4190,0
DA:4191,0
DA:4192,0
DA:4193,0
DA:4197,128
DA:4200,4
DA:4202,4
DA:4203,6
DA:4204,2
DA:4206,4
DA:4209,0
DA:4211,0
DA:4212,0
DA:4213,0
DA:4214,0
DA:4215,0
DA:4216,0
DA:4218,0
DA:4221,0
DA:4224,0
DA:4226,0
DA:4346,3358
DA:4531,2331
DA:4533,2331
DA:4981,1247
DA:4983,1247
DA:4986,1247
DA:4987,1247
DA:4988,652
DA:4989,652
DA:4990,0
DA:4992,652
DA:4993,405
DA:4995,247
DA:4996,0
DA:4998,247
DA:4999,247
DA:5001,0
DA:5002,0
DA:5005,0
DA:5007,652
DA:5009,595
DA:5012,1247
LF:643
LH:341
end_of_record
TN:
SF:/home/kavia/workspace/code-generation/app-gateway2/dependencies/install/include/WPEFramework/core/JSONRPC.h
FN:197,212,_ZN12WPEFramework4Core7JSONRPC7Message8CallsignERKNSt7__cxx1112basic_stringIcSt11char_traitsIcESaIcEEE
FN:213,219,_ZN12WPEFramework4Core7JSONRPC7Message6MethodERKNSt7__cxx1112basic_stringIcSt11char_traitsIcESaIcEEE
FN:220,224,_ZN12WPEFramework4Core7JSONRPC7Message10FullMethodERKNSt7__cxx1112basic_stringIcSt11char_traitsIcESaIcEEE
FN:241,265,_ZN12WPEFramework4Core7JSONRPC7Message7VersionERKNSt7__cxx1112basic_stringIcSt11char_traitsIcESaIcEEE
FN:378,382,_ZN12WPEFramework4Core7JSONRPC7ContextC2EjjRKNSt7__cxx1112basic_stringIcSt11char_traitsIcESaIcEEE
FN:383,383,_ZN12WPEFramework4Core7JSONRPC7ContextD2Ev
FN:492,501,_ZN12WPEFramework4Core7JSONRPC7Handler5Entry6InvokeERKNS1_7ContextERKNSt7__cxx1112basic_stringIcSt11char_traitsIcESaIcEEESE_RSC_
FN:621,624,_ZNK12WPEFramework4Core7JSONRPC7Handler6ExistsERKNSt7__cxx1112basic_stringIcSt11char_traitsIcESaIcEEE
FN:625,628,_ZNK12WPEFramework4Core7JSONRPC7Handler17HasVersionSupportEh
FN:747,758,_ZN12WPEFramework4Core7JSONRPC7Handler6InvokeERKNS1_7ContextERKNSt7__cxx1112basic_stringIcSt11char_traitsIcESaIcEEESD_RSB_
FNDA:0,_ZN12WPEFramework4Core7JSONRPC7Message8CallsignERKNSt7__cxx1112basic_stringIcSt11char_traitsIcESaIcEEE
FNDA:44,_ZN12WPEFramework4Core7JSONRPC7Message6MethodERKNSt7__cxx1112basic_stringIcSt11char_traitsIcESaIcEEE
FNDA:21,_ZN12WPEFramework4Core7JSONRPC7Message10FullMethodERKNSt7__cxx1112basic_stringIcSt11char_traitsIcESaIcEEE
FNDA:49,_ZN12WPEFramework4Core7JSONRPC7Message7VersionERKNSt7__cxx1112basic_stringIcSt11char_traitsIcESaIcEEE
FNDA:21,_ZN12WPEFramework4Core7JSONRPC7ContextC2EjjRKNSt7__cxx1112basic_stringIcSt11char_traitsIcESaIcEEE
FNDA:21,_ZN12WPEFramework4Core7JSONRPC7ContextD2Ev
FNDA:21,_ZN12WPEFramework4Core7JSONRPC7Handler5Entry6InvokeERKNS1_7ContextERKNSt7__cxx1112basic_stringIcSt11char_traitsIcESaIcEEESE_RSC_
FNDA:49,_ZNK12WPEFramework4Core7JSONRPC7Handler6ExistsERKNSt7__cxx1112basic_stringIcSt11char_traitsIcESaIcEEE
FNDA:0,_ZNK12WPEFramework4Core7JSONRPC7Handler17HasVersionSupportEh
FNDA:21,_ZN12WPEFramework4Core7JSONRPC7Handler6InvokeERKNS1_7ContextERKNSt7__cxx1112basic_stringIcSt11char_traitsIcESaIcEEESD_RSB_
FNF:10
FNH:8
DA:197,0
DA:199,0
DA:200,0
DA:201,0
DA:202,0
DA:203,0
DA:205,0
DA:206,0
DA:207,0
DA:208,0
DA:211,0
DA:213,44
DA:215,44
DA:216,44
DA:218,44
DA:220,21
DA:222,21
DA:223,21
DA:241,49
DA:243,49
DA:244,49
DA:247,49
DA:251,49
DA:254,49
DA:258,49
DA:259,0
DA:260,0
DA:264,49
DA:378,21
DA:379,21
DA:380,21
DA:381,21
DA:382,21
DA:383,21
DA:492,21
DA:494,21
DA:495,21
DA:496,0
DA:498,21
DA:500,21
DA:621,49
DA:623,49
DA:625,0
DA:627,0
DA:747,21
DA:749,21
DA:751,21
DA:753,21
DA:754,21
DA:755,21
DA:757,21
LF:51
LH:35
end_of_record
TN:
SF:/home/kavia/workspace/code-generation/app-gateway2/dependencies/install/include/WPEFramework/core/MessageStore.h
FN:287,287,_ZN12WPEFramework4Core9Messaging6IStoreD0Ev
FN:287,287,_ZN12WPEFramework4Core9Messaging6IStoreD2Ev
FNDA:0,_ZN12WPEFramework4Core9Messaging6IStoreD0Ev
FNDA:1,_ZN12WPEFramework4Core9Messaging6IStoreD2Ev
FNF:2
FNH:1
DA:287,1
LF:1
LH:1
end_of_record
TN:
SF:/home/kavia/workspace/code-generation/app-gateway2/dependencies/install/include/WPEFramework/core/Number.h
FN:194,201,_ZN12WPEFramework4Core10NumberTypeItLb0EL10NumberBase0EE7ConvertEPKcjRtS2_
FN:207,214,_ZNK12WPEFramework4Core10NumberTypeIjLb0EL10NumberBase0EE4TextB5cxx11Ev
FN:249,252,_ZN12WPEFramework4Core10NumberTypeItLb0EL10NumberBase0EE5ValueEv
FN:367,370,_ZNK12WPEFramework4Core10NumberTypeIjLb0EL10NumberBase0EE8NegativeEv
FN:371,374,_ZNK12WPEFramework4Core10NumberTypeIjLb0EL10NumberBase0EE3AbsEv
FN:377,412,_ZNK12WPEFramework4Core10NumberTypeIjLb0EL10NumberBase0EE10FillBufferEPctS2_
FN:48,52,_ZN12WPEFramework4Core10NumberTypeIjLb0EL10NumberBase0EEC2Ej
FN:60,67,_ZN12WPEFramework4Core10NumberTypeItLb0EL10NumberBase0EEC2EPKcjS2_
FN:73,75,_ZN12WPEFramework4Core10NumberTypeIjLb0EL10NumberBase0EED2Ev
FN:73,75,_ZN12WPEFramework4Core10NumberTypeItLb0EL10NumberBase0EED2Ev
FN:739,808,_ZN12WPEFramework4Core10NumberTypeItLb0EL10NumberBase0EE7ConvertItEEjPKcjRT_S2_RK17TemplateIntToTypeILj0EE
FN:813,816,_ZNK12WPEFramework4Core10NumberTypeIjLb0EL10NumberBase0EE8TypedAbsERK17TemplateIntToTypeILj0EE
FN:821,824,_ZNK12WPEFramework4Core10NumberTypeIjLb0EL10NumberBase0EE13TypedNegativeERK17TemplateIntToTypeILj0EE
FNDA:0,_ZN12WPEFramework4Core10NumberTypeItLb0EL10NumberBase0EE7ConvertEPKcjRtS2_
FNDA:0,_ZNK12WPEFramework4Core10NumberTypeIjLb0EL10NumberBase0EE4TextB5cxx11Ev
FNDA:0,_ZN12WPEFramework4Core10NumberTypeItLb0EL10NumberBase0EE5ValueEv
FNDA:0,_ZNK12WPEFramework4Core10NumberTypeIjLb0EL10NumberBase0EE8NegativeEv
FNDA:0,_ZNK12WPEFramework4Core10NumberTypeIjLb0EL10NumberBase0EE3AbsEv
FNDA:0,_ZNK12WPEFramework4Core10NumberTypeIjLb0EL10NumberBase0EE10FillBufferEPctS2_
FNDA:0,_ZN12WPEFramework4Core10NumberTypeIjLb0EL10NumberBase0EEC2Ej
FNDA:0,_ZN12WPEFramework4Core10NumberTypeItLb0EL10NumberBase0EEC2EPKcjS2_
FNDA:0,_ZN12WPEFramework4Core10NumberTypeIjLb0EL10NumberBase0EED2Ev
FNDA:0,_ZN12WPEFramework4Core10NumberTypeItLb0EL10NumberBase0EED2Ev
FNDA:0,_ZN12WPEFramework4Core10NumberTypeItLb0EL10NumberBase0EE7ConvertItEEjPKcjRT_S2_RK17TemplateIntToTypeILj0EE
FNDA:0,_ZNK12WPEFramework4Core10NumberTypeIjLb0EL10NumberBase0EE8TypedAbsERK17TemplateIntToTypeILj0EE
FNDA:0,_ZNK12WPEFramework4Core10NumberTypeIjLb0EL10NumberBase0EE13TypedNegativeERK17TemplateIntToTypeILj0EE
FNF:13
FNH:0
DA:48,0
DA:50,0
DA:52,0
DA:60,0
DA:64,0
DA:66,0
DA:67,0
DA:73,0
DA:75,0
DA:194,0
DA:200,0
DA:207,0
DA:211,0
DA:213,0
DA:249,0
DA:251,0
DA:367,0
DA:369,0
DA:371,0
DA:373,0
DA:377,0
DA:379,0
DA:380,0
DA:381,0
DA:382,0
DA:385,0
DA:389,0
DA:390,0
DA:391,0
DA:393,0
DA:395,0
DA:396,0
DA:398,0
DA:400,0
DA:401,0
DA:402,0
DA:404,0
DA:407,0
DA:408,0
DA:411,0
DA:739,0
DA:747,0
DA:748,0
DA:749,0
DA:750,0
DA:751,0
DA:754,0
DA:757,0
DA:758,0
DA:760,0
DA:761,0
DA:763,0
DA:764,0
DA:767,0
DA:768,0
DA:771,0
DA:772,0
DA:774,0
DA:775,0
DA:777,0
DA:779,0
DA:780,0
DA:782,0
DA:783,0
DA:785,0
DA:787,0
DA:788,0
DA:790,0
DA:791,0
DA:793,0
DA:795,0
DA:796,0
DA:801,0
DA:802,0
DA:803,0
DA:807,0
DA:813,0
DA:815,0
DA:821,0
DA:823,0
LF:80
LH:0
end_of_record
TN:
SF:/home/kavia/workspace/code-generation/app-gateway2/dependencies/install/include/WPEFramework/core/Optional.h
FN:109,112,_ZN12WPEFramework4Core12OptionalTypeINS0_4JSON5ErrorEE5ValueEv
FN:30,34,_ZN12WPEFramework4Core12OptionalTypeINS0_4JSON5ErrorEEC2Ev
FN:30,34,_ZN12WPEFramework4Core12OptionalTypeINSt7__cxx1112basic_stringIcSt11char_traitsIcESaIcEEEEC2Ev
FN:48,50,_ZN12WPEFramework4Core12OptionalTypeINS0_4JSON5ErrorEED2Ev
FN:48,50,_ZN12WPEFramework4Core12OptionalTypeINSt7__cxx1112basic_stringIcSt11char_traitsIcESaIcEEEED2Ev
FN:60,66,_ZN12WPEFramework4Core12OptionalTypeINS0_4JSON5ErrorEEaSERKS3_
FN:60,66,_ZN12WPEFramework4Core12OptionalTypeINSt7__cxx1112basic_stringIcSt11char_traitsIcESaIcEEEEaSERKS7_
FN:89,92,_ZNK12WPEFramework4Core12OptionalTypeINS0_4JSON5ErrorEE5IsSetEv
FN:93,97,_ZN12WPEFramework4Core12OptionalTypeINSt7__cxx1112basic_stringIcSt11char_traitsIcESaIcEEEE5ClearEv
FNDA:6,_ZN12WPEFramework4Core12OptionalTypeINS0_4JSON5ErrorEE5ValueEv
FNDA:415,_ZN12WPEFramework4Core12OptionalTypeINS0_4JSON5ErrorEEC2Ev
FNDA:4,_ZN12WPEFramework4Core12OptionalTypeINSt7__cxx1112basic_stringIcSt11char_traitsIcESaIcEEEEC2Ev
FNDA:415,_ZN12WPEFramework4Core12OptionalTypeINS0_4JSON5ErrorEED2Ev
FNDA:4,_ZN12WPEFramework4Core12OptionalTypeINSt7__cxx1112basic_stringIcSt11char_traitsIcESaIcEEEED2Ev
FNDA:2,_ZN12WPEFramework4Core12OptionalTypeINS0_4JSON5ErrorEEaSERKS3_
FNDA:0,_ZN12WPEFramework4Core12OptionalTypeINSt7__cxx1112basic_stringIcSt11char_traitsIcESaIcEEEEaSERKS7_
FNDA:1837,_ZNK12WPEFramework4Core12OptionalTypeINS0_4JSON5ErrorEE5IsSetEv
FNDA:0,_ZN12WPEFramework4Core12OptionalTypeINSt7__cxx1112basic_stringIcSt11char_traitsIcESaIcEEEE5ClearEv
FNF:9
FNH:7
DA:30,419
DA:31,419
DA:32,419
DA:34,419
DA:48,419
DA:50,419
DA:60,2
DA:62,2
DA:63,2
DA:65,2
DA:89,1837
DA:91,1837
DA:93,0
DA:95,0
DA:96,0
DA:97,0
DA:109,6
DA:111,6
LF:18
LH:14
end_of_record
TN:
SF:/home/kavia/workspace/code-generation/app-gateway2/dependencies/install/include/WPEFramework/core/Portability.h
FN:755,755,_ZN12WPEFramework4Core4VoidC2IJEEEDpOT_
FN:764,764,_ZN12WPEFramework4Core17IReferenceCountedD0Ev
FN:764,764,_ZN12WPEFramework4Core17IReferenceCountedD2Ev
FN:779,779,_ZN12WPEFramework4Core8IUnknownD0Ev
FN:779,779,_ZN12WPEFramework4Core8IUnknownD2Ev
FN:784,793,_ZN12WPEFramework4Core8IUnknown14QueryInterfaceINS_10PluginHost11IDispatcherEEEPT_v
FNDA:30,_ZN12WPEFramework4Core4VoidC2IJEEEDpOT_
FNDA:0,_ZN12WPEFramework4Core17IReferenceCountedD0Ev
FNDA:43,_ZN12WPEFramework4Core17IReferenceCountedD2Ev
FNDA:0,_ZN12WPEFramework4Core8IUnknownD0Ev
FNDA:41,_ZN12WPEFramework4Core8IUnknownD2Ev
FNDA:17,_ZN12WPEFramework4Core8IUnknown14QueryInterfaceINS_10PluginHost11IDispatcherEEEPT_v
FNF:6
FNH:4
DA:755,30
DA:764,43
DA:779,41
DA:784,17
DA:786,17
DA:788,17
DA:789,17
DA:792,0
LF:8
LH:7
end_of_record
TN:
SF:/home/kavia/workspace/code-generation/app-gateway2/dependencies/install/include/WPEFramework/core/Proxy.h
FN:102,107,_ZN12WPEFramework4Core11ProxyObjectINS0_7ServiceINS_6Plugin10AppGatewayEEEEC1IJEEEDpOT_
FN:102,107,_ZN12WPEFramework4Core11ProxyObjectINS0_7ServiceINS_6Plugin24AppGatewayImplementationEEEEC1IJEEEDpOT_
FN:108,119,_ZN12WPEFramework4Core11ProxyObjectINS0_7ServiceINS_6Plugin10AppGatewayEEEED0Ev
FN:108,119,_ZN12WPEFramework4Core11ProxyObjectINS0_7ServiceINS_6Plugin10AppGatewayEEEED1Ev
FN:108,119,_ZN12WPEFramework4Core11ProxyObjectINS0_7ServiceINS_6Plugin24AppGatewayImplementationEEEED0Ev
FN:108,119,_ZN12WPEFramework4Core11ProxyObjectINS0_7ServiceINS_6Plugin24AppGatewayImplementationEEEED1Ev
FN:122,130,_ZNK12WPEFramework4Core11ProxyObjectINS0_7ServiceINS_6Plugin10AppGatewayEEEE6AddRefEv
FN:122,130,_ZNK12WPEFramework4Core11ProxyObjectINS0_7ServiceINS_6Plugin24AppGatewayImplementationEEEE6AddRefEv
FN:131,145,_ZNK12WPEFramework4Core11ProxyObjectINS0_7ServiceINS_6Plugin10AppGatewayEEEE7ReleaseEv
FN:131,145,_ZNK12WPEFramework4Core11ProxyObjectINS0_7ServiceINS_6Plugin24AppGatewayImplementationEEEE7ReleaseEv
FN:183,186,_ZNK12WPEFramework4Core11ProxyObjectINS0_7ServiceINS_6Plugin10AppGatewayEEEE13IsInitializedEv
FN:183,186,_ZNK12WPEFramework4Core11ProxyObjectINS0_7ServiceINS_6Plugin24AppGatewayImplementationEEEE13IsInitializedEv
FN:231,234,_ZN12WPEFramework4Core11ProxyObjectINS0_7ServiceINS_6Plugin10AppGatewayEEEE12__InitializeIS5_EENS0_10TypeTraits9enable_ifIXntsrNS6_13hasInitializeIT_jJEEE5valueEjE4typeEv
FN:231,234,_ZN12WPEFramework4Core11ProxyObjectINS0_7ServiceINS_6Plugin24AppGatewayImplementationEEEE12__InitializeIS5_EENS0_10TypeTraits9enable_ifIXntsrNS6_13hasInitializeIT_jJEEE5valueEjE4typeEv
FN:249,251,_ZN12WPEFramework4Core11ProxyObjectINS0_7ServiceINS_6Plugin10AppGatewayEEEE14__DeinitializeIS5_EENS0_10TypeTraits9enable_ifIXntsrNS6_15hasDeinitializeIT_vJEEE5valueEvE4typeEv
FN:249,251,_ZN12WPEFramework4Core11ProxyObjectINS0_7ServiceINS_6Plugin24AppGatewayImplementationEEEE14__DeinitializeIS5_EENS0_10TypeTraits9enable_ifIXntsrNS6_15hasDeinitializeIT_vJEEE5valueEvE4typeEv
FN:266,268,_ZN12WPEFramework4Core11ProxyObjectINS0_7ServiceINS_6Plugin10AppGatewayEEEE12__DestructedIS5_EENS0_10TypeTraits9enable_ifIXntsrNS6_13hasDestructedIT_vJEEE5valueEvE4typeEv
FN:266,268,_ZN12WPEFramework4Core11ProxyObjectINS0_7ServiceINS_6Plugin24AppGatewayImplementationEEEE12__DestructedIS5_EENS0_10TypeTraits9enable_ifIXntsrNS6_13hasDestructedIT_vJEEE5valueEvE4typeEv
FN:284,287,_ZNK12WPEFramework4Core11ProxyObjectINS0_7ServiceINS_6Plugin10AppGatewayEEEE15__IsInitializedIS5_EENS0_10TypeTraits9enable_ifIXntsrNS6_16hasIsInitializedIKT_bJEEE5valueEbE4typeEv
FN:284,287,_ZNK12WPEFramework4Core11ProxyObjectINS0_7ServiceINS_6Plugin24AppGatewayImplementationEEEE15__IsInitializedIS5_EENS0_10TypeTraits9enable_ifIXntsrNS6_16hasIsInitializedIKT_bJEEE5valueEbE4typeEv
FN:305,307,_ZN12WPEFramework4Core11ProxyObjectINS0_7ServiceINS_6Plugin10AppGatewayEEEE9__AcquireIS5_EENS0_10TypeTraits9enable_ifIXntsrNS6_10hasAcquireIT_vJRNS0_9ProxyTypeISB_EEEEE5valueEvE4typeEv
FN:305,307,_ZN12WPEFramework4Core11ProxyObjectINS0_7ServiceINS_6Plugin24AppGatewayImplementationEEEE9__AcquireIS5_EENS0_10TypeTraits9enable_ifIXntsrNS6_10hasAcquireIT_vJRNS0_9ProxyTypeISB_EEEEE5valueEvE4typeEv
FN:325,327,_ZN12WPEFramework4Core11ProxyObjectINS0_7ServiceINS_6Plugin10AppGatewayEEEE12__RelinquishIS5_EENS0_10TypeTraits9enable_ifIXntsrNS6_13hasRelinquishIT_vJRNS0_9ProxyTypeISB_EEEEE5valueEvE4typeEv
FN:325,327,_ZN12WPEFramework4Core11ProxyObjectINS0_7ServiceINS_6Plugin24AppGatewayImplementationEEEE12__RelinquishIS5_EENS0_10TypeTraits9enable_ifIXntsrNS6_13hasRelinquishIT_vJRNS0_9ProxyTypeISB_EEEEE5valueEvE4typeEv
FN:363,367,_ZN12WPEFramework4Core9ProxyTypeINS_3Web12JSONBodyTypeINS0_7JSONRPC7MessageEEEE5ResetEv
FN:383,387,_ZN12WPEFramework4Core9ProxyTypeINS0_9IDispatchEEC2Ev
FN:394,399,_ZN12WPEFramework4Core9ProxyTypeINS0_7ServiceINS_6Plugin10AppGatewayEEEEC2ERNS0_11ProxyObjectIS5_EE
FN:394,399,_ZN12WPEFramework4Core9ProxyTypeINS0_7ServiceINS_6Plugin24AppGatewayImplementationEEEEC2ERNS0_11ProxyObjectIS5_EE
FN:409,412,_ZN12WPEFramework4Core9ProxyTypeINS0_4JSON8IElementEEC2INS0_7JSONRPC7MessageEEERKNS1_IT_EE
FN:409,412,_ZN12WPEFramework4Core9ProxyTypeINS0_4JSON8IElementEEC2INS_3Web12JSONBodyTypeINS0_7JSONRPC7MessageEEEEERKNS1_IT_EE
FN:414,417,_ZN12WPEFramework4Core9ProxyTypeINS0_7JSONRPC7MessageEEC2INS_3Web12JSONBodyTypeIS3_EEEEONS1_IT_EE
FN:418,427,_ZN12WPEFramework4Core9ProxyTypeINS0_9IDispatchEEC2ERKS3_
FN:434,439,_ZN12WPEFramework4Core9ProxyTypeINS0_4JSON8IElementEED2Ev
FN:434,439,_ZN12WPEFramework4Core9ProxyTypeINS0_7JSONRPC7MessageEED2Ev
FN:434,439,_ZN12WPEFramework4Core9ProxyTypeINS0_7ServiceINS_6Plugin10AppGatewayEEEED2Ev
FN:434,439,_ZN12WPEFramework4Core9ProxyTypeINS0_7ServiceINS_6Plugin24AppGatewayImplementationEEEED2Ev
FN:434,439,_ZN12WPEFramework4Core9ProxyTypeINS0_9IDispatchEED2Ev
FN:434,439,_ZN12WPEFramework4Core9ProxyTypeINS_3Web12JSONBodyTypeINS0_7JSONRPC7MessageEEEED2Ev
FN:448,451,_ZN12WPEFramework4Core9ProxyTypeINS0_7ServiceINS_6Plugin10AppGatewayEEEE6CreateIJEEES6_DpOT_
FN:448,451,_ZN12WPEFramework4Core9ProxyTypeINS0_7ServiceINS_6Plugin24AppGatewayImplementationEEEE6CreateIJEEES6_DpOT_
FN:469,477,_ZN12WPEFramework4Core9ProxyTypeINS0_9IDispatchEEaSERKS3_
FN:501,504,_ZNK12WPEFramework4Core9ProxyTypeINS0_9IDispatchEE7IsValidEv
FN:505,516,_ZNK12WPEFramework4Core9ProxyTypeINS0_9IDispatchEE7ReleaseEv
FN:524,527,_ZNK12WPEFramework4Core9ProxyTypeINS0_9IDispatchEEeqERKS3_
FN:529,532,_ZNK12WPEFramework4Core9ProxyTypeINS0_9IDispatchEEneERKS3_
FN:543,548,_ZNK12WPEFramework4Core9ProxyTypeINS0_7JSONRPC7MessageEEptEv
FN:543,548,_ZNK12WPEFramework4Core9ProxyTypeINS0_7ServiceINS_6Plugin10AppGatewayEEEEptEv
FN:543,548,_ZNK12WPEFramework4Core9ProxyTypeINS0_7ServiceINS_6Plugin24AppGatewayImplementationEEEEptEv
FN:543,548,_ZNK12WPEFramework4Core9ProxyTypeINS0_9IDispatchEEptEv
FN:543,548,_ZNK12WPEFramework4Core9ProxyTypeINS_3Web12JSONBodyTypeINS0_7JSONRPC7MessageEEEEptEv
FN:550,555,_ZNK12WPEFramework4Core9ProxyTypeINS0_9IDispatchEEdeEv
FN:563,574,_ZN12WPEFramework4Core9ProxyTypeINS0_4JSON8IElementEE13CopyConstructINS0_7JSONRPC7MessageEEEvRKNS1_IT_EERK17TemplateIntToTypeILj1EE
FN:563,574,_ZN12WPEFramework4Core9ProxyTypeINS0_4JSON8IElementEE13CopyConstructINS_3Web12JSONBodyTypeINS0_7JSONRPC7MessageEEEEEvRKNS1_IT_EERK17TemplateIntToTypeILj1EE
FN:563,574,_ZN12WPEFramework4Core9ProxyTypeINS0_9IDispatchEE13CopyConstructIS2_EEvRKNS1_IT_EERK17TemplateIntToTypeILj1EE
FN:597,608,_ZN12WPEFramework4Core9ProxyTypeINS0_7JSONRPC7MessageEE13MoveConstructINS_3Web12JSONBodyTypeIS3_EEEEvONS1_IT_EERK17TemplateIntToTypeILj1EE
FN:629,641,_ZN12WPEFramework4Core9ProxyTypeINS0_7ServiceINS_6Plugin10AppGatewayEEEE12CreateObjectIJEEEPNS0_11ProxyObjectIS5_EEjDpOT_
FN:629,641,_ZN12WPEFramework4Core9ProxyTypeINS0_7ServiceINS_6Plugin24AppGatewayImplementationEEEE12CreateObjectIJEEEPNS0_11ProxyObjectIS5_EEjDpOT_
FN:69,90,_ZN12WPEFramework4Core11ProxyObjectINS0_7ServiceINS_6Plugin10AppGatewayEEEEnwEmj
FN:69,90,_ZN12WPEFramework4Core11ProxyObjectINS0_7ServiceINS_6Plugin24AppGatewayImplementationEEEEnwEmj
FN:93,98,_ZN12WPEFramework4Core11ProxyObjectINS0_7ServiceINS_6Plugin10AppGatewayEEEEdlEPv
FN:93,98,_ZN12WPEFramework4Core11ProxyObjectINS0_7ServiceINS_6Plugin24AppGatewayImplementationEEEEdlEPv
FNDA:27,_ZN12WPEFramework4Core11ProxyObjectINS0_7ServiceINS_6Plugin10AppGatewayEEEEC1IJEEEDpOT_
FNDA:3,_ZN12WPEFramework4Core11ProxyObjectINS0_7ServiceINS_6Plugin24AppGatewayImplementationEEEEC1IJEEEDpOT_
FNDA:27,_ZN12WPEFramework4Core11ProxyObjectINS0_7ServiceINS_6Plugin10AppGatewayEEEED0Ev
FNDA:27,_ZN12WPEFramework4Core11ProxyObjectINS0_7ServiceINS_6Plugin10AppGatewayEEEED1Ev
FNDA:3,_ZN12WPEFramework4Core11ProxyObjectINS0_7ServiceINS_6Plugin24AppGatewayImplementationEEEED0Ev
FNDA:3,_ZN12WPEFramework4Core11ProxyObjectINS0_7ServiceINS_6Plugin24AppGatewayImplementationEEEED1Ev
FNDA:71,_ZNK12WPEFramework4Core11ProxyObjectINS0_7ServiceINS_6Plugin10AppGatewayEEEE6AddRefEv
FNDA:9,_ZNK12WPEFramework4Core11ProxyObjectINS0_7ServiceINS_6Plugin24AppGatewayImplementationEEEE6AddRefEv
FNDA:71,_ZNK12WPEFramework4Core11ProxyObjectINS0_7ServiceINS_6Plugin10AppGatewayEEEE7ReleaseEv
FNDA:9,_ZNK12WPEFramework4Core11ProxyObjectINS0_7ServiceINS_6Plugin24AppGatewayImplementationEEEE7ReleaseEv
FNDA:27,_ZNK12WPEFramework4Core11ProxyObjectINS0_7ServiceINS_6Plugin10AppGatewayEEEE13IsInitializedEv
FNDA:3,_ZNK12WPEFramework4Core11ProxyObjectINS0_7ServiceINS_6Plugin24AppGatewayImplementationEEEE13IsInitializedEv
FNDA:27,_ZN12WPEFramework4Core11ProxyObjectINS0_7ServiceINS_6Plugin10AppGatewayEEEE12__InitializeIS5_EENS0_10TypeTraits9enable_ifIXntsrNS6_13hasInitializeIT_jJEEE5valueEjE4typeEv
FNDA:3,_ZN12WPEFramework4Core11ProxyObjectINS0_7ServiceINS_6Plugin24AppGatewayImplementationEEEE12__InitializeIS5_EENS0_10TypeTraits9enable_ifIXntsrNS6_13hasInitializeIT_jJEEE5valueEjE4typeEv
FNDA:27,_ZN12WPEFramework4Core11ProxyObjectINS0_7ServiceINS_6Plugin10AppGatewayEEEE14__DeinitializeIS5_EENS0_10TypeTraits9enable_ifIXntsrNS6_15hasDeinitializeIT_vJEEE5valueEvE4typeEv
FNDA:3,_ZN12WPEFramework4Core11ProxyObjectINS0_7ServiceINS_6Plugin24AppGatewayImplementationEEEE14__DeinitializeIS5_EENS0_10TypeTraits9enable_ifIXntsrNS6_15hasDeinitializeIT_vJEEE5valueEvE4typeEv
FNDA:27,_ZN12WPEFramework4Core11ProxyObjectINS0_7ServiceINS_6Plugin10AppGatewayEEEE12__DestructedIS5_EENS0_10TypeTraits9enable_ifIXntsrNS6_13hasDestructedIT_vJEEE5valueEvE4typeEv
FNDA:3,_ZN12WPEFramework4Core11ProxyObjectINS0_7ServiceINS_6Plugin24AppGatewayImplementationEEEE12__DestructedIS5_EENS0_10TypeTraits9enable_ifIXntsrNS6_13hasDestructedIT_vJEEE5valueEvE4typeEv
FNDA:27,_ZNK12WPEFramework4Core11ProxyObjectINS0_7ServiceINS_6Plugin10AppGatewayEEEE15__IsInitializedIS5_EENS0_10TypeTraits9enable_ifIXntsrNS6_16hasIsInitializedIKT_bJEEE5valueEbE4typeEv
FNDA:3,_ZNK12WPEFramework4Core11ProxyObjectINS0_7ServiceINS_6Plugin24AppGatewayImplementationEEEE15__IsInitializedIS5_EENS0_10TypeTraits9enable_ifIXntsrNS6_16hasIsInitializedIKT_bJEEE5valueEbE4typeEv
FNDA:44,_ZN12WPEFramework4Core11ProxyObjectINS0_7ServiceINS_6Plugin10AppGatewayEEEE9__AcquireIS5_EENS0_10TypeTraits9enable_ifIXntsrNS6_10hasAcquireIT_vJRNS0_9ProxyTypeISB_EEEEE5valueEvE4typeEv
FNDA:6,_ZN12WPEFramework4Core11ProxyObjectINS0_7ServiceINS_6Plugin24AppGatewayImplementationEEEE9__AcquireIS5_EENS0_10TypeTraits9enable_ifIXntsrNS6_10hasAcquireIT_vJRNS0_9ProxyTypeISB_EEEEE5valueEvE4typeEv
FNDA:44,_ZN12WPEFramework4Core11ProxyObjectINS0_7ServiceINS_6Plugin10AppGatewayEEEE12__RelinquishIS5_EENS0_10TypeTraits9enable_ifIXntsrNS6_13hasRelinquishIT_vJRNS0_9ProxyTypeISB_EEEEE5valueEvE4typeEv
FNDA:6,_ZN12WPEFramework4Core11ProxyObjectINS0_7ServiceINS_6Plugin24AppGatewayImplementationEEEE12__RelinquishIS5_EENS0_10TypeTraits9enable_ifIXntsrNS6_13hasRelinquishIT_vJRNS0_9ProxyTypeISB_EEEEE5valueEvE4typeEv
FNDA:0,_ZN12WPEFramework4Core9ProxyTypeINS_3Web12JSONBodyTypeINS0_7JSONRPC7MessageEEEE5ResetEv
FNDA:3,_ZN12WPEFramework4Core9ProxyTypeINS0_9IDispatchEEC2Ev
FNDA:27,_ZN12WPEFramework4Core9ProxyTypeINS0_7ServiceINS_6Plugin10AppGatewayEEEEC2ERNS0_11ProxyObjectIS5_EE
FNDA:3,_ZN12WPEFramework4Core9ProxyTypeINS0_7ServiceINS_6Plugin24AppGatewayImplementationEEEEC2ERNS0_11ProxyObjectIS5_EE
FNDA:0,_ZN12WPEFramework4Core9ProxyTypeINS0_4JSON8IElementEEC2INS0_7JSONRPC7MessageEEERKNS1_IT_EE
FNDA:0,_ZN12WPEFramework4Core9ProxyTypeINS0_4JSON8IElementEEC2INS_3Web12JSONBodyTypeINS0_7JSONRPC7MessageEEEEERKNS1_IT_EE
FNDA:0,_ZN12WPEFramework4Core9ProxyTypeINS0_7JSONRPC7MessageEEC2INS_3Web12JSONBodyTypeIS3_EEEEONS1_IT_EE
FNDA:4,_ZN12WPEFramework4Core9ProxyTypeINS0_9IDispatchEEC2ERKS3_
FNDA:0,_ZN12WPEFramework4Core9ProxyTypeINS0_4JSON8IElementEED2Ev
FNDA:0,_ZN12WPEFramework4Core9ProxyTypeINS0_7JSONRPC7MessageEED2Ev
FNDA:27,_ZN12WPEFramework4Core9ProxyTypeINS0_7ServiceINS_6Plugin10AppGatewayEEEED2Ev
FNDA:3,_ZN12WPEFramework4Core9ProxyTypeINS0_7ServiceINS_6Plugin24AppGatewayImplementationEEEED2Ev
FNDA:9,_ZN12WPEFramework4Core9ProxyTypeINS0_9IDispatchEED2Ev
FNDA:0,_ZN12WPEFramework4Core9ProxyTypeINS_3Web12JSONBodyTypeINS0_7JSONRPC7MessageEEEED2Ev
FNDA:27,_ZN12WPEFramework4Core9ProxyTypeINS0_7ServiceINS_6Plugin10AppGatewayEEEE6CreateIJEEES6_DpOT_
FNDA:3,_ZN12WPEFramework4Core9ProxyTypeINS0_7ServiceINS_6Plugin24AppGatewayImplementationEEEE6CreateIJEEES6_DpOT_
FNDA:2,_ZN12WPEFramework4Core9ProxyTypeINS0_9IDispatchEEaSERKS3_
FNDA:4,_ZNK12WPEFramework4Core9ProxyTypeINS0_9IDispatchEE7IsValidEv
FNDA:2,_ZNK12WPEFramework4Core9ProxyTypeINS0_9IDispatchEE7ReleaseEv
FNDA:0,_ZNK12WPEFramework4Core9ProxyTypeINS0_9IDispatchEEeqERKS3_
FNDA:0,_ZNK12WPEFramework4Core9ProxyTypeINS0_9IDispatchEEneERKS3_
FNDA:0,_ZNK12WPEFramework4Core9ProxyTypeINS0_7JSONRPC7MessageEEptEv
FNDA:27,_ZNK12WPEFramework4Core9ProxyTypeINS0_7ServiceINS_6Plugin10AppGatewayEEEEptEv
FNDA:3,_ZNK12WPEFramework4Core9ProxyTypeINS0_7ServiceINS_6Plugin24AppGatewayImplementationEEEEptEv
FNDA:2,_ZNK12WPEFramework4Core9ProxyTypeINS0_9IDispatchEEptEv
FNDA:0,_ZNK12WPEFramework4Core9ProxyTypeINS_3Web12JSONBodyTypeINS0_7JSONRPC7MessageEEEEptEv
FNDA:2,_ZNK12WPEFramework4Core9ProxyTypeINS0_9IDispatchEEdeEv
FNDA:0,_ZN12WPEFramework4Core9ProxyTypeINS0_4JSON8IElementEE13CopyConstructINS0_7JSONRPC7MessageEEEvRKNS1_IT_EERK17TemplateIntToTypeILj1EE
FNDA:0,_ZN12WPEFramework4Core9ProxyTypeINS0_4JSON8IElementEE13CopyConstructINS_3Web12JSONBodyTypeINS0_7JSONRPC7MessageEEEEEvRKNS1_IT_EERK17TemplateIntToTypeILj1EE
FNDA:2,_ZN12WPEFramework4Core9ProxyTypeINS0_9IDispatchEE13CopyConstructIS2_EEvRKNS1_IT_EERK17TemplateIntToTypeILj1EE
FNDA:0,_ZN12WPEFramework4Core9ProxyTypeINS0_7JSONRPC7MessageEE13MoveConstructINS_3Web12JSONBodyTypeIS3_EEEEvONS1_IT_EERK17TemplateIntToTypeILj1EE
FNDA:27,_ZN12WPEFramework4Core9ProxyTypeINS0_7ServiceINS_6Plugin10AppGatewayEEEE12CreateObjectIJEEEPNS0_11ProxyObjectIS5_EEjDpOT_
FNDA:3,_ZN12WPEFramework4Core9ProxyTypeINS0_7ServiceINS_6Plugin24AppGatewayImplementationEEEE12CreateObjectIJEEEPNS0_11ProxyObjectIS5_EEjDpOT_
FNDA:27,_ZN12WPEFramework4Core11ProxyObjectINS0_7ServiceINS_6Plugin10AppGatewayEEEEnwEmj
FNDA:3,_ZN12WPEFramework4Core11ProxyObjectINS0_7ServiceINS_6Plugin24AppGatewayImplementationEEEEnwEmj
FNDA:27,_ZN12WPEFramework4Core11ProxyObjectINS0_7ServiceINS_6Plugin10AppGatewayEEEEdlEPv
FNDA:3,_ZN12WPEFramework4Core11ProxyObjectINS0_7ServiceINS_6Plugin24AppGatewayImplementationEEEEdlEPv
FNF:61
FNH:47
DA:69,30
DA:73,30
DA:76,30
DA:78,30
DA:79,0
DA:81,0
DA:82,0
DA:86,30
DA:89,30
DA:93,30
DA:96,30
DA:97,30
DA:98,30
DA:102,30
DA:104,30
DA:106,30
DA:107,30
DA:108,60
DA:110,30
DA:119,60
DA:122,80
DA:124,80
DA:125,50
DA:127,80
DA:129,80
DA:131,80
DA:133,80
DA:134,80
DA:136,80
DA:137,30
DA:138,30
DA:140,50
DA:141,50
DA:144,80
DA:183,30
DA:185,30
DA:231,30
DA:233,30
DA:249,30
DA:251,30
DA:266,30
DA:268,30
DA:284,30
DA:286,30
DA:305,50
DA:307,50
DA:325,50
DA:327,50
DA:363,0
DA:365,0
DA:366,0
DA:367,0
DA:383,3
DA:384,3
DA:385,3
DA:387,3
DA:394,30
DA:395,30
DA:396,30
DA:398,30
DA:399,30
DA:409,0
DA:411,0
DA:412,0
DA:414,0
DA:416,0
DA:417,0
DA:418,4
DA:419,4
DA:420,4
DA:422,4
DA:424,4
DA:425,4
DA:427,4
DA:434,39
DA:436,39
DA:437,36
DA:439,39
DA:448,30
DA:450,30
DA:469,2
DA:472,2
DA:474,2
DA:476,2
DA:501,4
DA:503,4
DA:505,2
DA:508,2
DA:510,2
DA:511,2
DA:513,2
DA:515,2
DA:524,0
DA:526,0
DA:529,0
DA:531,0
DA:543,32
DA:545,32
DA:547,32
DA:550,2
DA:552,2
DA:554,2
DA:563,2
DA:565,2
DA:567,2
DA:568,0
DA:571,2
DA:572,2
DA:574,2
DA:597,0
DA:599,0
DA:601,0
DA:602,0
DA:605,0
DA:606,0
DA:608,0
DA:629,30
DA:631,30
DA:633,30
DA:635,30
DA:636,0
DA:637,0
DA:640,30
LF:123
LH:96
end_of_record
TN:
SF:/home/kavia/workspace/code-generation/app-gateway2/dependencies/install/include/WPEFramework/core/Queue.h
FN:108,130,_ZN12WPEFramework4Core9QueueTypeINS0_9ProxyTypeINS0_9IDispatchEEEE4PostERKS4_
FN:132,173,_ZN12WPEFramework4Core9QueueTypeINS0_9ProxyTypeINS0_9IDispatchEEEE6InsertERKS4_j
FN:175,220,_ZN12WPEFramework4Core9QueueTypeINS0_9ProxyTypeINS0_9IDispatchEEEE7ExtractERS4_j
FN:222,233,_ZN12WPEFramework4Core9QueueTypeINS0_9ProxyTypeINS0_9IDispatchEEEE6EnableEv
FN:235,247,_ZN12WPEFramework4Core9QueueTypeINS0_9ProxyTypeINS0_9IDispatchEEEE7DisableEv
FN:270,273,_ZNK12WPEFramework4Core9QueueTypeINS0_9ProxyTypeINS0_9IDispatchEEEE7IsEmptyEv
FN:274,277,_ZNK12WPEFramework4Core9QueueTypeINS0_9ProxyTypeINS0_9IDispatchEEEE6IsFullEv
FN:284,290,_ZNK12WPEFramework4Core9QueueTypeINS0_9ProxyTypeINS0_9IDispatchEEEE5VisitIZNKS0_10ThreadPool8SnapshotEhPNS7_8MetadataERSt6vectorINSt7__cxx1112basic_stringIcSt11char_traitsIcESaIcEEESaISG_EEEUlRKS4_E_EEvOT_
FN:291,309,_ZNK12WPEFramework4Core9QueueTypeINS0_9ProxyTypeINS0_9IDispatchEEEE8HasEntryERKS4_
FN:310,312,_ZNK12WPEFramework4Core9QueueTypeINS0_9ProxyTypeINS0_9IDispatchEEEE4LockEv
FN:313,315,_ZNK12WPEFramework4Core9QueueTypeINS0_9ProxyTypeINS0_9IDispatchEEEE6UnlockEv
FN:46,56,_ZN12WPEFramework4Core9QueueTypeINS0_9ProxyTypeINS0_9IDispatchEEEEC2Ej
FN:57,63,_ZN12WPEFramework4Core9QueueTypeINS0_9ProxyTypeINS0_9IDispatchEEEED2Ev
FN:80,106,_ZN12WPEFramework4Core9QueueTypeINS0_9ProxyTypeINS0_9IDispatchEEEE6RemoveERKS4_
FNDA:0,_ZN12WPEFramework4Core9QueueTypeINS0_9ProxyTypeINS0_9IDispatchEEEE4PostERKS4_
FNDA:2,_ZN12WPEFramework4Core9QueueTypeINS0_9ProxyTypeINS0_9IDispatchEEEE6InsertERKS4_j
FNDA:4,_ZN12WPEFramework4Core9QueueTypeINS0_9ProxyTypeINS0_9IDispatchEEEE7ExtractERS4_j
FNDA:1,_ZN12WPEFramework4Core9QueueTypeINS0_9ProxyTypeINS0_9IDispatchEEEE6EnableEv
FNDA:4,_ZN12WPEFramework4Core9QueueTypeINS0_9ProxyTypeINS0_9IDispatchEEEE7DisableEv
FNDA:2,_ZNK12WPEFramework4Core9QueueTypeINS0_9ProxyTypeINS0_9IDispatchEEEE7IsEmptyEv
FNDA:2,_ZNK12WPEFramework4Core9QueueTypeINS0_9ProxyTypeINS0_9IDispatchEEEE6IsFullEv
FNDA:0,_ZNK12WPEFramework4Core9QueueTypeINS0_9ProxyTypeINS0_9IDispatchEEEE5VisitIZNKS0_10ThreadPool8SnapshotEhPNS7_8MetadataERSt6vectorINSt7__cxx1112basic_stringIcSt11char_traitsIcESaIcEEESaISG_EEEUlRKS4_E_EEvOT_
FNDA:2,_ZNK12WPEFramework4Core9QueueTypeINS0_9ProxyTypeINS0_9IDispatchEEEE8HasEntryERKS4_
FNDA:0,_ZNK12WPEFramework4Core9QueueTypeINS0_9ProxyTypeINS0_9IDispatchEEEE4LockEv
FNDA:0,_ZNK12WPEFramework4Core9QueueTypeINS0_9ProxyTypeINS0_9IDispatchEEEE6UnlockEv
FNDA:1,_ZN12WPEFramework4Core9QueueTypeINS0_9ProxyTypeINS0_9IDispatchEEEEC2Ej
FNDA:1,_ZN12WPEFramework4Core9QueueTypeINS0_9ProxyTypeINS0_9IDispatchEEEED2Ev
FNDA:0,_ZN12WPEFramework4Core9QueueTypeINS0_9ProxyTypeINS0_9IDispatchEEEE6RemoveERKS4_
FNF:14
FNH:9
DA:46,1
DA:48,1
DA:49,1
DA:50,1
DA:53,1
DA:56,1
DA:57,1
DA:62,1
DA:63,1
DA:80,0
DA:82,0
DA:85,0
DA:87,0
DA:90,0
DA:92,0
DA:94,0
DA:95,0
DA:99,0
DA:103,0
DA:105,0
DA:108,0
DA:110,0
DA:113,0
DA:115,0
DA:118,0
DA:121,0
DA:123,0
DA:127,0
DA:129,0
DA:132,2
DA:134,2
DA:135,2
DA:138,2
DA:140,2
DA:143,2
DA:145,2
DA:148,2
DA:151,2
DA:154,0
DA:157,0
DA:160,0
DA:163,0
DA:166,2
DA:170,2
DA:172,2
DA:175,4
DA:177,4
DA:178,4
DA:181,4
DA:183,4
DA:186,8
DA:187,2
DA:191,2
DA:194,2
DA:195,2
DA:198,2
DA:201,6
DA:204,6
DA:207,6
DA:210,6
DA:213,8
DA:217,4
DA:219,4
DA:222,1
DA:225,1
DA:227,1
DA:228,0
DA:232,1
DA:233,1
DA:235,4
DA:238,4
DA:240,4
DA:242,1
DA:246,4
DA:247,4
DA:270,2
DA:272,2
DA:274,2
DA:276,2
DA:284,0
DA:285,0
DA:286,0
DA:287,0
DA:289,0
DA:290,0
DA:291,2
DA:294,2
DA:296,2
DA:299,2
DA:300,0
DA:303,2
DA:306,2
DA:308,2
DA:310,0
DA:311,0
DA:312,0
DA:313,0
DA:314,0
DA:315,0
LF:99
LH:61
end_of_record
TN:
SF:/home/kavia/workspace/code-generation/app-gateway2/dependencies/install/include/WPEFramework/core/ResourceMonitor.h
FN:162,165,_ZNK12WPEFramework4Core19ResourceMonitorTypeINS0_9IResourceENS0_4VoidEE2IdEv
FNDA:2,_ZNK12WPEFramework4Core19ResourceMonitorTypeINS0_9IResourceENS0_4VoidEE2IdEv
FNF:1
FNH:1
DA:162,2
DA:164,2
LF:2
LH:2
end_of_record
TN:
SF:/home/kavia/workspace/code-generation/app-gateway2/dependencies/install/include/WPEFramework/core/Serialization.h
FN:88,91,_ZN12WPEFramework4Core8ToStringEPKcRNSt7__cxx1112basic_stringIcSt11char_traitsIcESaIcEEE
FN:93,102,_ZN12WPEFramework4Core8ToStringB5cxx11EPKc
FNDA:1056,_ZN12WPEFramework4Core8ToStringEPKcRNSt7__cxx1112basic_stringIcSt11char_traitsIcESaIcEEE
FNDA:1481,_ZN12WPEFramework4Core8ToStringB5cxx11EPKc
FNF:2
FNH:2
DA:88,1056
DA:90,1056
DA:91,1056
DA:93,1481
DA:100,2962
LF:5
LH:5
end_of_record
TN:
SF:/home/kavia/workspace/code-generation/app-gateway2/dependencies/install/include/WPEFramework/core/Services.h
FN:110,114,_ZNK12WPEFramework4Core20ServiceAdministrator6AddRefEv
FN:115,126,_ZNK12WPEFramework4Core20ServiceAdministrator7ReleaseEv
FN:162,166,_ZN12WPEFramework4Core7ServiceINS_6Plugin10AppGatewayEEC2IJEEEDpOT_
FN:162,166,_ZN12WPEFramework4Core7ServiceINS_6Plugin24AppGatewayImplementationEEC2IJEEEDpOT_
FN:173,178,_ZN12WPEFramework4Core7ServiceINS_6Plugin10AppGatewayEE6CreateINS_10PluginHost7IPluginEJEEEPT_DpOT0_
FN:173,178,_ZN12WPEFramework4Core7ServiceINS_6Plugin24AppGatewayImplementationEE6CreateINS_8Exchange19IAppGatewayResolverEJEEEPT_DpOT0_
FN:179,182,_ZN12WPEFramework4Core7ServiceINS_6Plugin10AppGatewayEED2Ev
FN:179,182,_ZN12WPEFramework4Core7ServiceINS_6Plugin24AppGatewayImplementationEED2Ev
FN:186,191,_ZN12WPEFramework4Core7ServiceINS_6Plugin10AppGatewayEE7ExtractINS_10PluginHost7IPluginEEEPT_RKNS0_9ProxyTypeIS4_EERK17TemplateIntToTypeILj0EE
FN:186,191,_ZN12WPEFramework4Core7ServiceINS_6Plugin24AppGatewayImplementationEE7ExtractINS_8Exchange19IAppGatewayResolverEEEPT_RKNS0_9ProxyTypeIS4_EERK17TemplateIntToTypeILj0EE
FNDA:30,_ZNK12WPEFramework4Core20ServiceAdministrator6AddRefEv
FNDA:30,_ZNK12WPEFramework4Core20ServiceAdministrator7ReleaseEv
FNDA:27,_ZN12WPEFramework4Core7ServiceINS_6Plugin10AppGatewayEEC2IJEEEDpOT_
FNDA:3,_ZN12WPEFramework4Core7ServiceINS_6Plugin24AppGatewayImplementationEEC2IJEEEDpOT_
FNDA:27,_ZN12WPEFramework4Core7ServiceINS_6Plugin10AppGatewayEE6CreateINS_10PluginHost7IPluginEJEEEPT_DpOT0_
FNDA:3,_ZN12WPEFramework4Core7ServiceINS_6Plugin24AppGatewayImplementationEE6CreateINS_8Exchange19IAppGatewayResolverEJEEEPT_DpOT0_
FNDA:27,_ZN12WPEFramework4Core7ServiceINS_6Plugin10AppGatewayEED2Ev
FNDA:3,_ZN12WPEFramework4Core7ServiceINS_6Plugin24AppGatewayImplementationEED2Ev
FNDA:27,_ZN12WPEFramework4Core7ServiceINS_6Plugin10AppGatewayEE7ExtractINS_10PluginHost7IPluginEEEPT_RKNS0_9ProxyTypeIS4_EERK17TemplateIntToTypeILj0EE
FNDA:3,_ZN12WPEFramework4Core7ServiceINS_6Plugin24AppGatewayImplementationEE7ExtractINS_8Exchange19IAppGatewayResolverEEEPT_RKNS0_9ProxyTypeIS4_EERK17TemplateIntToTypeILj0EE
FNF:10
FNH:10
DA:110,30
DA:112,30
DA:113,30
DA:115,30
DA:117,30
DA:119,30
DA:121,30
DA:122,0
DA:125,30
DA:162,30
DA:163,30
DA:165,30
DA:166,30
DA:173,30
DA:175,30
DA:177,60
DA:178,30
DA:179,30
DA:181,30
DA:182,60
DA:186,30
DA:188,30
DA:190,30
LF:23
LH:22
end_of_record
TN:
SF:/home/kavia/workspace/code-generation/app-gateway2/dependencies/install/include/WPEFramework/core/Singleton.h
FN:70,73,_ZN12WPEFramework4Core9Singleton7DisposeEv
FNDA:1,_ZN12WPEFramework4Core9Singleton7DisposeEv
FNF:1
FNH:1
DA:70,1
DA:72,1
DA:73,1
LF:3
LH:3
end_of_record
TN:
SF:/home/kavia/workspace/code-generation/app-gateway2/dependencies/install/include/WPEFramework/core/StateTrigger.h
FN:104,128,_ZNK12WPEFramework4Core12StateTriggerINS0_9QueueTypeINS0_9ProxyTypeINS0_9IDispatchEEEE14enumQueueStateEE9WaitStateEjj
FN:160,185,_ZN12WPEFramework4Core12StateTriggerINS0_9QueueTypeINS0_9ProxyTypeINS0_9IDispatchEEEE14enumQueueStateEE8SetStateES7_
FN:199,203,_ZNK12WPEFramework4Core12StateTriggerINS0_9QueueTypeINS0_9ProxyTypeINS0_9IDispatchEEEE14enumQueueStateEEeqES7_
FN:207,211,_ZNK12WPEFramework4Core12StateTriggerINS0_9QueueTypeINS0_9ProxyTypeINS0_9IDispatchEEEE14enumQueueStateEEneES7_
FN:80,87,_ZN12WPEFramework4Core12StateTriggerINS0_9QueueTypeINS0_9ProxyTypeINS0_9IDispatchEEEE14enumQueueStateEEC2ES7_
FN:90,93,_ZN12WPEFramework4Core12StateTriggerINS0_9QueueTypeINS0_9ProxyTypeINS0_9IDispatchEEEE14enumQueueStateEED0Ev
FN:90,93,_ZN12WPEFramework4Core12StateTriggerINS0_9QueueTypeINS0_9ProxyTypeINS0_9IDispatchEEEE14enumQueueStateEED2Ev
FNDA:6,_ZNK12WPEFramework4Core12StateTriggerINS0_9QueueTypeINS0_9ProxyTypeINS0_9IDispatchEEEE14enumQueueStateEE9WaitStateEjj
FNDA:5,_ZN12WPEFramework4Core12StateTriggerINS0_9QueueTypeINS0_9ProxyTypeINS0_9IDispatchEEEE14enumQueueStateEE8SetStateES7_
FNDA:1,_ZNK12WPEFramework4Core12StateTriggerINS0_9QueueTypeINS0_9ProxyTypeINS0_9IDispatchEEEE14enumQueueStateEEeqES7_
FNDA:26,_ZNK12WPEFramework4Core12StateTriggerINS0_9QueueTypeINS0_9ProxyTypeINS0_9IDispatchEEEE14enumQueueStateEEneES7_
FNDA:1,_ZN12WPEFramework4Core12StateTriggerINS0_9QueueTypeINS0_9ProxyTypeINS0_9IDispatchEEEE14enumQueueStateEEC2ES7_
FNDA:0,_ZN12WPEFramework4Core12StateTriggerINS0_9QueueTypeINS0_9ProxyTypeINS0_9IDispatchEEEE14enumQueueStateEED0Ev
FNDA:1,_ZN12WPEFramework4Core12StateTriggerINS0_9QueueTypeINS0_9ProxyTypeINS0_9IDispatchEEEE14enumQueueStateEED2Ev
FNF:7
FNH:6
DA:80,1
DA:81,1
DA:82,1
DA:83,1
DA:84,1
DA:87,1
DA:90,1
DA:93,1
DA:104,6
DA:108,6
DA:110,6
DA:113,12
DA:114,6
DA:116,6
DA:118,6
DA:120,6
DA:122,6
DA:125,6
DA:127,6
DA:160,5
DA:163,5
DA:165,5
DA:166,5
DA:169,5
DA:170,3
DA:173,15
DA:175,12
DA:178,3
DA:182,5
DA:184,5
DA:199,1
DA:202,1
DA:207,26
DA:210,26
LF:34
LH:34
end_of_record
TN:
SF:/home/kavia/workspace/code-generation/app-gateway2/dependencies/install/include/WPEFramework/core/Sync.h
FN:229,233,_ZN12WPEFramework4Core12SafeSyncTypeINS0_15CriticalSectionEEC2ERS2_
FN:235,238,_ZN12WPEFramework4Core12SafeSyncTypeINS0_15CriticalSectionEED2Ev
FN:50,70,_ZN12WPEFramework4Core15CriticalSection4LockEv
FN:72,84,_ZN12WPEFramework4Core15CriticalSection6UnlockEv
FNDA:49,_ZN12WPEFramework4Core12SafeSyncTypeINS0_15CriticalSectionEEC2ERS2_
FNDA:49,_ZN12WPEFramework4Core12SafeSyncTypeINS0_15CriticalSectionEED2Ev
FNDA:90,_ZN12WPEFramework4Core15CriticalSection4LockEv
FNDA:89,_ZN12WPEFramework4Core15CriticalSection6UnlockEv
FNF:4
FNH:4
DA:50,90
DA:57,90
DA:59,90
DA:60,90
DA:61,0
DA:70,90
DA:72,89
DA:75,89
DA:76,90
DA:77,0
DA:84,90
DA:229,49
DA:230,49
DA:232,49
DA:233,49
DA:235,49
DA:237,49
DA:238,49
LF:18
LH:16
end_of_record
TN:
SF:/home/kavia/workspace/code-generation/app-gateway2/dependencies/install/include/WPEFramework/core/Thread.h
FN:170,173,_ZN12WPEFramework4Core6Thread16DefaultStackSizeEv
FN:221,224,_ZNK12WPEFramework4Core6Thread2IdEv
FNDA:2,_ZN12WPEFramework4Core6Thread16DefaultStackSizeEv
FNDA:0,_ZNK12WPEFramework4Core6Thread2IdEv
FNF:2
FNH:1
DA:170,2
DA:172,2
DA:221,0
DA:223,0
LF:4
LH:2
end_of_record
TN:
SF:/home/kavia/workspace/code-generation/app-gateway2/dependencies/install/include/WPEFramework/core/ThreadPool.h
FN:375,385,_ZN12WPEFramework4Core10ThreadPool6MinionC2ERS1_PNS1_11IDispatcherE
FN:386,386,_ZN12WPEFramework4Core10ThreadPool6MinionD2Ev
FN:389,392,_ZNK12WPEFramework4Core10ThreadPool6Minion8IsActiveEv
FN:393,405,_ZNK12WPEFramework4Core10ThreadPool6Minion4InfoERNS1_8MetadataE
FN:406,422,_ZN12WPEFramework4Core10ThreadPool6Minion9CompletedERKNS0_9ProxyTypeINS0_9IDispatchEEEj
FN:42,42,_ZN12WPEFramework4Core10ThreadPool10ISchedulerD0Ev
FN:42,42,_ZN12WPEFramework4Core10ThreadPool10ISchedulerD2Ev
FN:423,485,_ZN12WPEFramework4Core10ThreadPool6Minion7ProcessEv
FN:47,47,_ZN12WPEFramework4Core10ThreadPool11IDispatcherD0Ev
FN:47,47,_ZN12WPEFramework4Core10ThreadPool11IDispatcherD2Ev
FN:508,512,_ZN12WPEFramework4Core10ThreadPool8ExecutorC2ERS1_PNS1_11IDispatcherEjPKc
FN:513,517,_ZN12WPEFramework4Core10ThreadPool8ExecutorD0Ev
FN:513,517,_ZN12WPEFramework4Core10ThreadPool8ExecutorD2Ev
FN:520,522,_ZNK12WPEFramework4Core10ThreadPool8Executor8IsActiveEv
FN:523,526,_ZNK12WPEFramework4Core10ThreadPool8Executor4InfoERNS1_8MetadataE
FN:527,529,_ZN12WPEFramework4Core10ThreadPool8Executor3RunEv
FN:530,532,_ZN12WPEFramework4Core10ThreadPool8Executor4StopEv
FN:533,535,_ZN12WPEFramework4Core10ThreadPool8Executor2MeEv
FN:538,543,_ZN12WPEFramework4Core10ThreadPool8Executor6WorkerEv
FN:553,566,_ZN12WPEFramework4Core10ThreadPoolC2EhjjPNS1_11IDispatcherEPNS1_10ISchedulerEPNS1_6MinionEPNS1_9ICallbackE
FN:567,570,_ZN12WPEFramework4Core10ThreadPoolD2Ev
FN:573,576,_ZNK12WPEFramework4Core10ThreadPool5CountEv
FN:580,598,_ZNK12WPEFramework4Core10ThreadPool8SnapshotEhPNS1_8MetadataERSt6vectorINSt7__cxx1112basic_stringIcSt11char_traitsIcESaIcEEESaISA_EE
FN:593,595,_ZZNK12WPEFramework4Core10ThreadPool8SnapshotEhPNS1_8MetadataERSt6vectorINSt7__cxx1112basic_stringIcSt11char_traitsIcESaIcEEESaISA_EEENKUlRKNS0_9ProxyTypeINS0_9IDispatchEEEE_clESI_
FN:599,608,_ZNK12WPEFramework4Core10ThreadPool2IdEh
FN:609,621,_ZN12WPEFramework4Core10ThreadPool6SubmitERKNS0_9ProxyTypeINS0_9IDispatchEEEj
FN:622,652,_ZN12WPEFramework4Core10ThreadPool6RevokeERKNS0_9ProxyTypeINS0_9IDispatchEEEj
FN:653,661,_ZN12WPEFramework4Core10ThreadPool3RunEv
FN:662,670,_ZN12WPEFramework4Core10ThreadPool4StopEv
FN:694,712,_ZN12WPEFramework4Core10ThreadPool4IdleEv
FN:713,727,_ZN12WPEFramework4Core10ThreadPool7ClosureERNS1_4IJobE
FNDA:3,_ZN12WPEFramework4Core10ThreadPool6MinionC2ERS1_PNS1_11IDispatcherE
FNDA:3,_ZN12WPEFramework4Core10ThreadPool6MinionD2Ev
FNDA:0,_ZNK12WPEFramework4Core10ThreadPool6Minion8IsActiveEv
FNDA:0,_ZNK12WPEFramework4Core10ThreadPool6Minion4InfoERNS1_8MetadataE
FNDA:0,_ZN12WPEFramework4Core10ThreadPool6Minion9CompletedERKNS0_9ProxyTypeINS0_9IDispatchEEEj
FNDA:0,_ZN12WPEFramework4Core10ThreadPool10ISchedulerD0Ev
FNDA:1,_ZN12WPEFramework4Core10ThreadPool10ISchedulerD2Ev
FNDA:2,_ZN12WPEFramework4Core10ThreadPool6Minion7ProcessEv
FNDA:0,_ZN12WPEFramework4Core10ThreadPool11IDispatcherD0Ev
FNDA:1,_ZN12WPEFramework4Core10ThreadPool11IDispatcherD2Ev
FNDA:2,_ZN12WPEFramework4Core10ThreadPool8ExecutorC2ERS1_PNS1_11IDispatcherEjPKc
FNDA:0,_ZN12WPEFramework4Core10ThreadPool8ExecutorD0Ev
FNDA:2,_ZN12WPEFramework4Core10ThreadPool8ExecutorD2Ev
FNDA:0,_ZNK12WPEFramework4Core10ThreadPool8Executor8IsActiveEv
FNDA:0,_ZNK12WPEFramework4Core10ThreadPool8Executor4InfoERNS1_8MetadataE
FNDA:2,_ZN12WPEFramework4Core10ThreadPool8Executor3RunEv
FNDA:6,_ZN12WPEFramework4Core10ThreadPool8Executor4StopEv
FNDA:0,_ZN12WPEFramework4Core10ThreadPool8Executor2MeEv
FNDA:2,_ZN12WPEFramework4Core10ThreadPool8Executor6WorkerEv
FNDA:1,_ZN12WPEFramework4Core10ThreadPoolC2EhjjPNS1_11IDispatcherEPNS1_10ISchedulerEPNS1_6MinionEPNS1_9ICallbackE
FNDA:1,_ZN12WPEFramework4Core10ThreadPoolD2Ev
FNDA:0,_ZNK12WPEFramework4Core10ThreadPool5CountEv
FNDA:0,_ZNK12WPEFramework4Core10ThreadPool8SnapshotEhPNS1_8MetadataERSt6vectorINSt7__cxx1112basic_stringIcSt11char_traitsIcESaIcEEESaISA_EE
FNDA:0,_ZZNK12WPEFramework4Core10ThreadPool8SnapshotEhPNS1_8MetadataERSt6vectorINSt7__cxx1112basic_stringIcSt11char_traitsIcESaIcEEESaISA_EEENKUlRKNS0_9ProxyTypeINS0_9IDispatchEEEE_clESI_
FNDA:0,_ZNK12WPEFramework4Core10ThreadPool2IdEh
FNDA:2,_ZN12WPEFramework4Core10ThreadPool6SubmitERKNS0_9ProxyTypeINS0_9IDispatchEEEj
FNDA:0,_ZN12WPEFramework4Core10ThreadPool6RevokeERKNS0_9ProxyTypeINS0_9IDispatchEEEj
FNDA:1,_ZN12WPEFramework4Core10ThreadPool3RunEv
FNDA:3,_ZN12WPEFramework4Core10ThreadPool4StopEv
FNDA:2,_ZN12WPEFramework4Core10ThreadPool4IdleEv
FNDA:0,_ZN12WPEFramework4Core10ThreadPool7ClosureERNS1_4IJobE
FNF:31
FNH:16
DA:42,1
DA:47,1
DA:375,3
DA:376,3
DA:377,3
DA:378,3
DA:379,3
DA:380,3
DA:381,3
DA:382,3
DA:384,3
DA:385,3
DA:386,3
DA:389,0
DA:390,0
DA:391,0
DA:392,0
DA:393,0
DA:394,0
DA:396,0
DA:397,0
DA:398,0
DA:399,0
DA:402,0
DA:403,0
DA:405,0
DA:406,0
DA:407,0
DA:409,0
DA:411,0
DA:412,0
DA:415,0
DA:416,0
DA:417,0
DA:418,0
DA:421,0
DA:423,2
DA:425,2
DA:427,4
DA:429,2
DA:431,2
DA:450,2
DA:452,2
DA:454,2
DA:456,2
DA:458,0
DA:465,2
DA:467,2
DA:469,2
DA:471,0
DA:473,0
DA:474,0
DA:477,0
DA:479,2
DA:481,2
DA:484,2
DA:485,2
DA:508,2
DA:509,2
DA:510,4
DA:512,2
DA:513,2
DA:514,2
DA:515,2
DA:516,2
DA:517,2
DA:520,0
DA:521,0
DA:523,0
DA:524,0
DA:525,0
DA:526,0
DA:527,2
DA:528,2
DA:529,2
DA:530,6
DA:531,6
DA:532,6
DA:533,0
DA:534,0
DA:538,2
DA:540,2
DA:541,2
DA:542,2
DA:553,1
DA:554,1
DA:555,1
DA:559,1
DA:560,1
DA:562,1
DA:563,3
DA:564,2
DA:566,1
DA:567,1
DA:568,1
DA:569,1
DA:570,1
DA:573,0
DA:575,0
DA:580,0
DA:582,0
DA:583,0
DA:586,0
DA:588,0
DA:589,0
DA:590,0
DA:591,0
DA:593,0
DA:594,0
DA:595,0
DA:597,0
DA:598,0
DA:599,0
DA:601,0
DA:602,0
DA:603,0
DA:605,0
DA:607,0
DA:609,2
DA:611,2
DA:612,2
DA:614,2
DA:615,0
DA:618,2
DA:621,2
DA:622,0
DA:624,0
DA:626,0
DA:628,0
DA:629,0
DA:633,0
DA:635,0
DA:638,0
DA:639,0
DA:642,0
DA:643,0
DA:644,0
DA:647,0
DA:651,0
DA:653,1
DA:655,1
DA:656,1
DA:657,3
DA:658,2
DA:659,2
DA:661,1
DA:662,3
DA:664,3
DA:665,3
DA:666,9
DA:667,6
DA:668,6
DA:670,3
DA:694,2
DA:695,2
DA:696,0
DA:697,0
DA:698,0
DA:701,0
DA:702,0
DA:703,0
DA:704,0
DA:706,0
DA:708,0
DA:712,2
DA:713,0
DA:714,0
DA:715,0
DA:716,0
DA:717,0
DA:718,0
DA:719,0
DA:723,0
DA:726,0
DA:727,0
LF:175
LH:84
end_of_record
TN:
SF:/home/kavia/workspace/code-generation/app-gateway2/dependencies/install/include/WPEFramework/core/Time.h
FN:105,108,_ZN12WPEFramework4Core4TimeC2Ev
FN:110,113,_ZNK12WPEFramework4Core4Time7IsValidEv
FN:270,273,_ZNK12WPEFramework4Core4TimeltERKS1_
FN:278,281,_ZNK12WPEFramework4Core4TimegtERKS1_
FNDA:0,_ZN12WPEFramework4Core4TimeC2Ev
FNDA:0,_ZNK12WPEFramework4Core4Time7IsValidEv
FNDA:0,_ZNK12WPEFramework4Core4TimeltERKS1_
FNDA:0,_ZNK12WPEFramework4Core4TimegtERKS1_
FNF:4
FNH:0
DA:105,0
DA:106,0
DA:108,0
DA:110,0
DA:112,0
DA:270,0
DA:272,0
DA:278,0
DA:280,0
LF:9
LH:0
end_of_record
TN:
SF:/home/kavia/workspace/code-generation/app-gateway2/dependencies/install/include/WPEFramework/core/Timer.h
FN:113,116,_ZNK12WPEFramework4Core9TimerTypeINS0_10WorkerPool5TimerEE9TimedInfoIS3_E12ScheduleTimeEv
FN:118,121,_ZN12WPEFramework4Core9TimerTypeINS0_10WorkerPool5TimerEE9TimedInfoIS3_E12ScheduleTimeEm
FN:123,126,_ZN12WPEFramework4Core9TimerTypeINS0_10WorkerPool5TimerEE9TimedInfoIS3_E7ContentEv
FN:139,143,_ZN12WPEFramework4Core9TimerTypeINS0_10WorkerPool5TimerEE10TimeWorkerC2ERS4_jPKc
FN:144,144,_ZN12WPEFramework4Core9TimerTypeINS0_10WorkerPool5TimerEE10TimeWorkerD0Ev
FN:144,144,_ZN12WPEFramework4Core9TimerTypeINS0_10WorkerPool5TimerEE10TimeWorkerD2Ev
FN:146,149,_ZN12WPEFramework4Core9TimerTypeINS0_10WorkerPool5TimerEE10TimeWorker6WorkerEv
FN:162,173,_ZN12WPEFramework4Core9TimerTypeINS0_10WorkerPool5TimerEEC2EjPKc
FN:174,186,_ZN12WPEFramework4Core9TimerTypeINS0_10WorkerPool5TimerEED2Ev
FN:188,191,_ZN12WPEFramework4Core9TimerTypeINS0_10WorkerPool5TimerEE8ScheduleERKNS0_4TimeEOS3_
FN:198,201,_ZN12WPEFramework4Core9TimerTypeINS0_10WorkerPool5TimerEE8ScheduleERKmOS3_
FN:220,238,_ZNK12WPEFramework4Core9TimerTypeINS0_10WorkerPool5TimerEE8HasEntryERKS3_
FN:241,250,_ZN12WPEFramework4Core9TimerTypeINS0_10WorkerPool5TimerEE8ScheduleEONS4_9TimedInfoIS3_EE
FN:276,319,_ZN12WPEFramework4Core9TimerTypeINS0_10WorkerPool5TimerEE6RevokeERKS3_
FN:326,329,_ZNK12WPEFramework4Core9TimerTypeINS0_10WorkerPool5TimerEE7PendingEv
FN:331,334,_ZNK12WPEFramework4Core9TimerTypeINS0_10WorkerPool5TimerEE8ThreadIdEv
FN:337,394,_ZN12WPEFramework4Core9TimerTypeINS0_10WorkerPool5TimerEE7ProcessEv
FN:397,418,_ZN12WPEFramework4Core9TimerTypeINS0_10WorkerPool5TimerEE13ScheduleEntryEONS4_9TimedInfoIS3_EE
FN:66,70,_ZN12WPEFramework4Core9TimerTypeINS0_10WorkerPool5TimerEE9TimedInfoIS3_EC2EmOS3_
FN:78,82,_ZN12WPEFramework4Core9TimerTypeINS0_10WorkerPool5TimerEE9TimedInfoIS3_EC2EOS6_
FN:84,86,_ZN12WPEFramework4Core9TimerTypeINS0_10WorkerPool5TimerEE9TimedInfoIS3_ED2Ev
FN:92,95,_ZNK12WPEFramework4Core9TimerTypeINS0_10WorkerPool5TimerEE9TimedInfoIS3_EneERKS3_
FNDA:0,_ZNK12WPEFramework4Core9TimerTypeINS0_10WorkerPool5TimerEE9TimedInfoIS3_E12ScheduleTimeEv
FNDA:0,_ZN12WPEFramework4Core9TimerTypeINS0_10WorkerPool5TimerEE9TimedInfoIS3_E12ScheduleTimeEm
FNDA:0,_ZN12WPEFramework4Core9TimerTypeINS0_10WorkerPool5TimerEE9TimedInfoIS3_E7ContentEv
FNDA:1,_ZN12WPEFramework4Core9TimerTypeINS0_10WorkerPool5TimerEE10TimeWorkerC2ERS4_jPKc
FNDA:0,_ZN12WPEFramework4Core9TimerTypeINS0_10WorkerPool5TimerEE10TimeWorkerD0Ev
FNDA:1,_ZN12WPEFramework4Core9TimerTypeINS0_10WorkerPool5TimerEE10TimeWorkerD2Ev
FNDA:0,_ZN12WPEFramework4Core9TimerTypeINS0_10WorkerPool5TimerEE10TimeWorker6WorkerEv
FNDA:1,_ZN12WPEFramework4Core9TimerTypeINS0_10WorkerPool5TimerEEC2EjPKc
FNDA:1,_ZN12WPEFramework4Core9TimerTypeINS0_10WorkerPool5TimerEED2Ev
FNDA:0,_ZN12WPEFramework4Core9TimerTypeINS0_10WorkerPool5TimerEE8ScheduleERKNS0_4TimeEOS3_
FNDA:0,_ZN12WPEFramework4Core9TimerTypeINS0_10WorkerPool5TimerEE8ScheduleERKmOS3_
FNDA:2,_ZNK12WPEFramework4Core9TimerTypeINS0_10WorkerPool5TimerEE8HasEntryERKS3_
FNDA:0,_ZN12WPEFramework4Core9TimerTypeINS0_10WorkerPool5TimerEE8ScheduleEONS4_9TimedInfoIS3_EE
FNDA:0,_ZN12WPEFramework4Core9TimerTypeINS0_10WorkerPool5TimerEE6RevokeERKS3_
FNDA:0,_ZNK12WPEFramework4Core9TimerTypeINS0_10WorkerPool5TimerEE7PendingEv
FNDA:0,_ZNK12WPEFramework4Core9TimerTypeINS0_10WorkerPool5TimerEE8ThreadIdEv
FNDA:0,_ZN12WPEFramework4Core9TimerTypeINS0_10WorkerPool5TimerEE7ProcessEv
FNDA:0,_ZN12WPEFramework4Core9TimerTypeINS0_10WorkerPool5TimerEE13ScheduleEntryEONS4_9TimedInfoIS3_EE
FNDA:0,_ZN12WPEFramework4Core9TimerTypeINS0_10WorkerPool5TimerEE9TimedInfoIS3_EC2EmOS3_
FNDA:0,_ZN12WPEFramework4Core9TimerTypeINS0_10WorkerPool5TimerEE9TimedInfoIS3_EC2EOS6_
FNDA:0,_ZN12WPEFramework4Core9TimerTypeINS0_10WorkerPool5TimerEE9TimedInfoIS3_ED2Ev
FNDA:0,_ZNK12WPEFramework4Core9TimerTypeINS0_10WorkerPool5TimerEE9TimedInfoIS3_EneERKS3_
FNF:22
FNH:5
DA:66,0
DA:67,0
DA:68,0
DA:70,0
DA:78,0
DA:79,0
DA:80,0
DA:82,0
DA:84,0
DA:86,0
DA:92,0
DA:94,0
DA:113,0
DA:115,0
DA:118,0
DA:120,0
DA:121,0
DA:123,0
DA:125,0
DA:139,1
DA:141,1
DA:143,1
DA:144,1
DA:146,0
DA:148,0
DA:162,1
DA:163,1
DA:164,1
DA:165,1
DA:166,1
DA:167,1
DA:168,1
DA:172,1
DA:173,1
DA:174,1
DA:176,1
DA:178,1
DA:181,1
DA:183,1
DA:185,1
DA:186,1
DA:188,0
DA:190,0
DA:191,0
DA:198,0
DA:200,0
DA:201,0
DA:220,2
DA:223,2
DA:225,2
DA:228,2
DA:229,0
DA:232,2
DA:235,2
DA:237,2
DA:241,0
DA:243,0
DA:245,0
DA:246,0
DA:249,0
DA:250,0
DA:276,0
DA:278,0
DA:280,0
DA:282,0
DA:285,0
DA:287,0
DA:289,0
DA:291,0
DA:294,0
DA:296,0
DA:298,0
DA:299,0
DA:300,0
DA:301,0
DA:304,0
DA:307,0
DA:311,0
DA:313,0
DA:316,0
DA:318,0
DA:326,0
DA:328,0
DA:331,0
DA:333,0
DA:337,0
DA:339,0
DA:340,0
DA:342,0
DA:346,0
DA:348,0
DA:349,0
DA:350,0
DA:353,0
DA:354,0
DA:356,0
DA:358,0
DA:360,0
DA:362,0
DA:363,0
DA:365,0
DA:366,0
DA:369,0
DA:370,0
DA:374,0
DA:375,0
DA:378,0
DA:380,0
DA:381,0
DA:382,0
DA:386,0
DA:387,0
DA:391,0
DA:393,0
DA:397,0
DA:399,0
DA:400,0
DA:402,0
DA:403,0
DA:406,0
DA:407,0
DA:410,0
DA:411,0
DA:412,0
DA:414,0
DA:417,0
LF:126
LH:27
end_of_record
TN:
SF:/home/kavia/workspace/code-generation/app-gateway2/dependencies/install/include/WPEFramework/core/WorkerPool.h
FN:124,128,_ZN12WPEFramework4Core10WorkerPool5TimerC2ERKS2_
FN:129,133,_ZN12WPEFramework4Core10WorkerPool5TimerC2EPNS0_11IWorkerPoolERKNS0_9ProxyTypeINS0_9IDispatchEEE
FN:134,136,_ZN12WPEFramework4Core10WorkerPool5TimerD2Ev
FN:139,142,_ZNK12WPEFramework4Core10WorkerPool5TimereqERKS2_
FN:143,146,_ZNK12WPEFramework4Core10WorkerPool5TimerneERKS2_
FN:147,155,_ZN12WPEFramework4Core10WorkerPool5Timer5TimedEm
FN:167,168,_ZN12WPEFramework4Core10WorkerPool9SchedulerC2EPNS0_11IWorkerPoolERNS0_9TimerTypeINS1_5TimerEEE
FN:169,169,_ZN12WPEFramework4Core10WorkerPool9SchedulerD0Ev
FN:169,169,_ZN12WPEFramework4Core10WorkerPool9SchedulerD2Ev
FN:173,175,_ZN12WPEFramework4Core10WorkerPool9Scheduler8ScheduleERKNS0_4TimeERKNS0_9ProxyTypeINS0_9IDispatchEEE
FN:31,31,_ZN12WPEFramework4Core11IWorkerPoolD0Ev
FN:31,31,_ZN12WPEFramework4Core11IWorkerPoolD2Ev
FN:311,324,_ZN12WPEFramework4Core10WorkerPoolC2EhjjPNS0_10ThreadPool11IDispatcherEPNS2_9ICallbackE
FN:327,331,_ZN12WPEFramework4Core10WorkerPoolD0Ev
FN:327,331,_ZN12WPEFramework4Core10WorkerPoolD2Ev
FN:334,340,_ZN12WPEFramework4Core10WorkerPool6SubmitERKNS0_9ProxyTypeINS0_9IDispatchEEE
FN:341,352,_ZN12WPEFramework4Core10WorkerPool8ScheduleERKNS0_4TimeERKNS0_9ProxyTypeINS0_9IDispatchEEE
FN:353,360,_ZN12WPEFramework4Core10WorkerPool10RescheduleERKNS0_4TimeERKNS0_9ProxyTypeINS0_9IDispatchEEE
FN:361,376,_ZN12WPEFramework4Core10WorkerPool6RevokeERKNS0_9ProxyTypeINS0_9IDispatchEEEj
FN:377,382,_ZN12WPEFramework4Core10WorkerPool4JoinEv
FN:383,396,_ZNK12WPEFramework4Core10WorkerPool2IdEh
FN:397,406,_ZNK12WPEFramework4Core10WorkerPool8SnapshotEv
FN:407,414,_ZN12WPEFramework4Core10WorkerPool3RunEv
FN:415,422,_ZN12WPEFramework4Core10WorkerPool4StopEv
FNDA:0,_ZN12WPEFramework4Core10WorkerPool5TimerC2ERKS2_
FNDA:2,_ZN12WPEFramework4Core10WorkerPool5TimerC2EPNS0_11IWorkerPoolERKNS0_9ProxyTypeINS0_9IDispatchEEE
FNDA:2,_ZN12WPEFramework4Core10WorkerPool5TimerD2Ev
FNDA:0,_ZNK12WPEFramework4Core10WorkerPool5TimereqERKS2_
FNDA:0,_ZNK12WPEFramework4Core10WorkerPool5TimerneERKS2_
FNDA:0,_ZN12WPEFramework4Core10WorkerPool5Timer5TimedEm
FNDA:1,_ZN12WPEFramework4Core10WorkerPool9SchedulerC2EPNS0_11IWorkerPoolERNS0_9TimerTypeINS1_5TimerEEE
FNDA:0,_ZN12WPEFramework4Core10WorkerPool9SchedulerD0Ev
FNDA:1,_ZN12WPEFramework4Core10WorkerPool9SchedulerD2Ev
FNDA:0,_ZN12WPEFramework4Core10WorkerPool9Scheduler8ScheduleERKNS0_4TimeERKNS0_9ProxyTypeINS0_9IDispatchEEE
FNDA:0,_ZN12WPEFramework4Core11IWorkerPoolD0Ev
FNDA:1,_ZN12WPEFramework4Core11IWorkerPoolD2Ev
FNDA:1,_ZN12WPEFramework4Core10WorkerPoolC2EhjjPNS0_10ThreadPool11IDispatcherEPNS2_9ICallbackE
FNDA:1,_ZN12WPEFramework4Core10WorkerPoolD0Ev
FNDA:1,_ZN12WPEFramework4Core10WorkerPoolD2Ev
FNDA:2,_ZN12WPEFramework4Core10WorkerPool6SubmitERKNS0_9ProxyTypeINS0_9IDispatchEEE
FNDA:0,_ZN12WPEFramework4Core10WorkerPool8ScheduleERKNS0_4TimeERKNS0_9ProxyTypeINS0_9IDispatchEEE
FNDA:0,_ZN12WPEFramework4Core10WorkerPool10RescheduleERKNS0_4TimeERKNS0_9ProxyTypeINS0_9IDispatchEEE
FNDA:0,_ZN12WPEFramework4Core10WorkerPool6RevokeERKNS0_9ProxyTypeINS0_9IDispatchEEEj
FNDA:0,_ZN12WPEFramework4Core10WorkerPool4JoinEv
FNDA:0,_ZNK12WPEFramework4Core10WorkerPool2IdEh
FNDA:0,_ZNK12WPEFramework4Core10WorkerPool8SnapshotEv
FNDA:1,_ZN12WPEFramework4Core10WorkerPool3RunEv
FNDA:1,_ZN12WPEFramework4Core10WorkerPool4StopEv
FNF:24
FNH:11
DA:31,1
DA:124,0
DA:125,0
DA:126,0
DA:128,0
DA:129,2
DA:130,2
DA:131,2
DA:133,2
DA:134,2
DA:136,2
DA:139,0
DA:141,0
DA:143,0
DA:145,0
DA:147,0
DA:149,0
DA:150,0
DA:151,0
DA:154,0
DA:167,1
DA:168,1
DA:169,1
DA:173,0
DA:174,0
DA:175,0
DA:311,1
DA:312,2
DA:313,1
DA:314,1
DA:315,1
DA:316,1
DA:317,1
DA:322,1
DA:323,5
DA:324,1
DA:327,2
DA:328,1
DA:329,1
DA:330,5
DA:331,2
DA:334,2
DA:337,2
DA:339,2
DA:340,2
DA:341,0
DA:343,0
DA:344,0
DA:345,0
DA:347,0
DA:350,0
DA:352,0
DA:353,0
DA:355,0
DA:357,0
DA:358,0
DA:359,0
DA:361,0
DA:363,0
DA:365,0
DA:367,0
DA:368,0
DA:370,0
DA:371,0
DA:375,0
DA:377,0
DA:379,0
DA:380,0
DA:381,0
DA:382,0
DA:383,0
DA:385,0
DA:387,0
DA:388,0
DA:389,0
DA:390,0
DA:391,0
DA:392,0
DA:395,0
DA:397,0
DA:399,0
DA:400,0
DA:401,0
DA:402,0
DA:403,0
DA:404,0
DA:405,0
DA:407,1
DA:409,1
DA:414,1
DA:415,1
DA:421,1
DA:422,1
LF:93
LH:35
end_of_record
TN:
SF:/home/kavia/workspace/code-generation/app-gateway2/dependencies/install/include/WPEFramework/interfaces/IConfiguration.h
FNF:0
FNH:0
LF:0
LH:0
end_of_record
TN:
SF:/home/kavia/workspace/code-generation/app-gateway2/dependencies/install/include/WPEFramework/plugins/IShell.h
FN:382,385,_ZNK12WPEFramework10PluginHost6IShell21GetLibrarySearchPathsERKNSt7__cxx1112basic_stringIcSt11char_traitsIcESaIcEEE
FN:51,51,_ZN12WPEFramework10PluginHost6IShell8ICOMLinkD0Ev
FN:51,51,_ZN12WPEFramework10PluginHost6IShell8ICOMLinkD2Ev
FNDA:0,_ZNK12WPEFramework10PluginHost6IShell21GetLibrarySearchPathsERKNSt7__cxx1112basic_stringIcSt11char_traitsIcESaIcEEE
FNDA:0,_ZN12WPEFramework10PluginHost6IShell8ICOMLinkD0Ev
FNDA:3,_ZN12WPEFramework10PluginHost6IShell8ICOMLinkD2Ev
FNF:3
FNH:1
DA:51,3
DA:382,0
DA:384,0
LF:3
LH:1
end_of_record
TN:
SF:/home/kavia/workspace/code-generation/app-gateway2/dependencies/install/include/WPEFramework/plugins/JSONRPC.h
FN:113,129,_ZN12WPEFramework10PluginHost7JSONRPC8Observer11UnsubscribeEjRKNSt7__cxx1112basic_stringIcSt11char_traitsIcESaIcEEE
FN:130,139,_ZN12WPEFramework10PluginHost7JSONRPC8Observer9SubscribeEPNS0_11IDispatcher9ICallbackE
FN:140,149,_ZN12WPEFramework10PluginHost7JSONRPC8Observer11UnsubscribeEPKNS0_11IDispatcher9ICallbackE
FN:151,162,_ZN12WPEFramework10PluginHost7JSONRPC8Observer7DroppedIZNS1_7DroppedEjEUlRKNSt7__cxx1112basic_stringIcSt11char_traitsIcESaIcEEEE_EEvjT_
FN:163,172,_ZN12WPEFramework10PluginHost7JSONRPC8Observer5EventERS1_NSt7__cxx1112basic_stringIcSt11char_traitsIcESaIcEEERKS9_OSt8functionIFbSB_EE
FN:234,241,_ZN12WPEFramework10PluginHost7JSONRPC12RegistrationC2Ev
FN:242,242,_ZN12WPEFramework10PluginHost7JSONRPC12RegistrationD0Ev
FN:242,242,_ZN12WPEFramework10PluginHost7JSONRPC12RegistrationD2Ev
FN:35,42,_ZN12WPEFramework10PluginHost12_GLOBAL__N_115InvokeOnHandlerIRKSt8functionIFiRKNS_4Core7JSONRPC7ContextERKNSt7__cxx1112basic_stringIcSt11char_traitsIcESaIcEEESG_jRSE_EEEEjS8_SG_SG_SH_RNS5_7HandlerET_
FN:436,448,_ZNK12WPEFramework10PluginHost7JSONRPC8ValidateERKNSt7__cxx1112basic_stringIcSt11char_traitsIcESaIcEEES9_S9_
FN:44,47,_ZN12WPEFramework10PluginHost12_GLOBAL__N_115InvokeOnHandlerIPvEEjRKNS_4Core7JSONRPC7ContextERKNSt7__cxx1112basic_stringIcSt11char_traitsIcESaIcEEESG_RSE_RNS5_7HandlerET_
FN:450,453,_ZN12WPEFramework10PluginHost7JSONRPC6InvokeEPNS0_11IDispatcher9ICallbackEjjRKNSt7__cxx1112basic_stringIcSt11char_traitsIcESaIcEEESC_SC_RSA_
FN:456,479,_ZN12WPEFramework10PluginHost7JSONRPC13InvokeHandlerIPvEEjPNS0_11IDispatcher9ICallbackEjjRKNSt7__cxx1112basic_stringIcSt11char_traitsIcESaIcEEESE_SE_RSC_T_
FN:480,486,_ZN12WPEFramework10PluginHost7JSONRPC6RevokeEPNS0_11IDispatcher9ICallbackE
FN:487,489,_ZN12WPEFramework10PluginHost7JSONRPC5LocalEv
FN:493,529,_ZN12WPEFramework10PluginHost7JSONRPC6InvokeEjjRKNSt7__cxx1112basic_stringIcSt11char_traitsIcESaIcEEES9_S9_RS7_
FN:530,538,_ZN12WPEFramework10PluginHost7JSONRPC8ActivateEPNS0_6IShellE
FN:539,549,_ZN12WPEFramework10PluginHost7JSONRPC10DeactivateEv
FN:550,571,_ZN12WPEFramework10PluginHost7JSONRPC7DroppedEj
FN:559,559,_ZZN12WPEFramework10PluginHost7JSONRPC7DroppedEjENKUlRKNSt7__cxx1112basic_stringIcSt11char_traitsIcESaIcEEEE_clES9_
FN:575,588,_ZN12WPEFramework10PluginHost7JSONRPC5EventERKNSt7__cxx1112basic_stringIcSt11char_traitsIcESaIcEEES9_
FN:589,600,_ZN12WPEFramework10PluginHost7JSONRPC5ErrorEjjjRKNSt7__cxx1112basic_stringIcSt11char_traitsIcESaIcEEE
FN:601,611,_ZN12WPEFramework10PluginHost7JSONRPC8ResponseEjjRKNSt7__cxx1112basic_stringIcSt11char_traitsIcESaIcEEE
FN:612,615,_ZN12WPEFramework10PluginHost7JSONRPC9SubscribeEjRKNSt7__cxx1112basic_stringIcSt11char_traitsIcESaIcEEES9_
FN:616,639,_ZN12WPEFramework10PluginHost7JSONRPC11UnsubscribeEjRKNSt7__cxx1112basic_stringIcSt11char_traitsIcESaIcEEES9_
FN:642,664,_ZN12WPEFramework10PluginHost7JSONRPC11DoSubscribeEjRKNSt7__cxx1112basic_stringIcSt11char_traitsIcESaIcEEES9_
FN:667,670,_ZN12WPEFramework10PluginHost7JSONRPC16ProcessSubscribeEjRKNSt7__cxx1112basic_stringIcSt11char_traitsIcESaIcEEES9_
FN:672,674,_ZN12WPEFramework10PluginHost7JSONRPC19ProcessUnsubscribedEjRKNSt7__cxx1112basic_stringIcSt11char_traitsIcESaIcEEES9_
FN:698,711,_ZN12WPEFramework10PluginHost7JSONRPC7HandlerERKNSt7__cxx1112basic_stringIcSt11char_traitsIcESaIcEEE
FN:71,74,_ZN12WPEFramework10PluginHost7JSONRPC8ObserverC2Ev
FN:714,741,_ZN12WPEFramework10PluginHost7JSONRPC9SubscribeEPNS0_11IDispatcher9ICallbackEjRKNSt7__cxx1112basic_stringIcSt11char_traitsIcESaIcEEESC_
FN:742,765,_ZN12WPEFramework10PluginHost7JSONRPC11UnsubscribeEPNS0_11IDispatcher9ICallbackEjRKNSt7__cxx1112basic_stringIcSt11char_traitsIcESaIcEEESC_
FN:782,796,_ZN12WPEFramework10PluginHost7JSONRPC6NotifyEjRKNSt7__cxx1112basic_stringIcSt11char_traitsIcESaIcEEES9_
FN:86,90,_ZN12WPEFramework10PluginHost7JSONRPC8ObserverD2Ev
FN:93,95,_ZNK12WPEFramework10PluginHost7JSONRPC8Observer7IsEmptyEv
FN:96,112,_ZN12WPEFramework10PluginHost7JSONRPC8Observer9SubscribeEjRKNSt7__cxx1112basic_stringIcSt11char_traitsIcESaIcEEE
FNDA:0,_ZN12WPEFramework10PluginHost7JSONRPC8Observer11UnsubscribeEjRKNSt7__cxx1112basic_stringIcSt11char_traitsIcESaIcEEE
FNDA:0,_ZN12WPEFramework10PluginHost7JSONRPC8Observer9SubscribeEPNS0_11IDispatcher9ICallbackE
FNDA:0,_ZN12WPEFramework10PluginHost7JSONRPC8Observer11UnsubscribeEPKNS0_11IDispatcher9ICallbackE
FNDA:0,_ZN12WPEFramework10PluginHost7JSONRPC8Observer7DroppedIZNS1_7DroppedEjEUlRKNSt7__cxx1112basic_stringIcSt11char_traitsIcESaIcEEEE_EEvjT_
FNDA:0,_ZN12WPEFramework10PluginHost7JSONRPC8Observer5EventERS1_NSt7__cxx1112basic_stringIcSt11char_traitsIcESaIcEEERKS9_OSt8functionIFbSB_EE
FNDA:0,_ZN12WPEFramework10PluginHost7JSONRPC12RegistrationC2Ev
FNDA:0,_ZN12WPEFramework10PluginHost7JSONRPC12RegistrationD0Ev
FNDA:0,_ZN12WPEFramework10PluginHost7JSONRPC12RegistrationD2Ev
FNDA:0,_ZN12WPEFramework10PluginHost12_GLOBAL__N_115InvokeOnHandlerIRKSt8functionIFiRKNS_4Core7JSONRPC7ContextERKNSt7__cxx1112basic_stringIcSt11char_traitsIcESaIcEEESG_jRSE_EEEEjS8_SG_SG_SH_RNS5_7HandlerET_
FNDA:0,_ZNK12WPEFramework10PluginHost7JSONRPC8ValidateERKNSt7__cxx1112basic_stringIcSt11char_traitsIcESaIcEEES9_S9_
FNDA:21,_ZN12WPEFramework10PluginHost12_GLOBAL__N_115InvokeOnHandlerIPvEEjRKNS_4Core7JSONRPC7ContextERKNSt7__cxx1112basic_stringIcSt11char_traitsIcESaIcEEESG_RSE_RNS5_7HandlerET_
FNDA:23,_ZN12WPEFramework10PluginHost7JSONRPC6InvokeEPNS0_11IDispatcher9ICallbackEjjRKNSt7__cxx1112basic_stringIcSt11char_traitsIcESaIcEEESC_SC_RSA_
FNDA:23,_ZN12WPEFramework10PluginHost7JSONRPC13InvokeHandlerIPvEEjPNS0_11IDispatcher9ICallbackEjjRKNSt7__cxx1112basic_stringIcSt11char_traitsIcESaIcEEESE_SE_RSC_T_
FNDA:0,_ZN12WPEFramework10PluginHost7JSONRPC6RevokeEPNS0_11IDispatcher9ICallbackE
FNDA:0,_ZN12WPEFramework10PluginHost7JSONRPC5LocalEv
FNDA:0,_ZN12WPEFramework10PluginHost7JSONRPC6InvokeEjjRKNSt7__cxx1112basic_stringIcSt11char_traitsIcESaIcEEES9_S9_RS7_
FNDA:0,_ZN12WPEFramework10PluginHost7JSONRPC8ActivateEPNS0_6IShellE
FNDA:0,_ZN12WPEFramework10PluginHost7JSONRPC10DeactivateEv
FNDA:0,_ZN12WPEFramework10PluginHost7JSONRPC7DroppedEj
FNDA:0,_ZZN12WPEFramework10PluginHost7JSONRPC7DroppedEjENKUlRKNSt7__cxx1112basic_stringIcSt11char_traitsIcESaIcEEEE_clES9_
FNDA:0,_ZN12WPEFramework10PluginHost7JSONRPC5EventERKNSt7__cxx1112basic_stringIcSt11char_traitsIcESaIcEEES9_
FNDA:0,_ZN12WPEFramework10PluginHost7JSONRPC5ErrorEjjjRKNSt7__cxx1112basic_stringIcSt11char_traitsIcESaIcEEE
FNDA:0,_ZN12WPEFramework10PluginHost7JSONRPC8ResponseEjjRKNSt7__cxx1112basic_stringIcSt11char_traitsIcESaIcEEE
FNDA:0,_ZN12WPEFramework10PluginHost7JSONRPC9SubscribeEjRKNSt7__cxx1112basic_stringIcSt11char_traitsIcESaIcEEES9_
FNDA:0,_ZN12WPEFramework10PluginHost7JSONRPC11UnsubscribeEjRKNSt7__cxx1112basic_stringIcSt11char_traitsIcESaIcEEES9_
FNDA:0,_ZN12WPEFramework10PluginHost7JSONRPC11DoSubscribeEjRKNSt7__cxx1112basic_stringIcSt11char_traitsIcESaIcEEES9_
FNDA:0,_ZN12WPEFramework10PluginHost7JSONRPC16ProcessSubscribeEjRKNSt7__cxx1112basic_stringIcSt11char_traitsIcESaIcEEES9_
FNDA:0,_ZN12WPEFramework10PluginHost7JSONRPC19ProcessUnsubscribedEjRKNSt7__cxx1112basic_stringIcSt11char_traitsIcESaIcEEES9_
FNDA:49,_ZN12WPEFramework10PluginHost7JSONRPC7HandlerERKNSt7__cxx1112basic_stringIcSt11char_traitsIcESaIcEEE
FNDA:0,_ZN12WPEFramework10PluginHost7JSONRPC8ObserverC2Ev
FNDA:0,_ZN12WPEFramework10PluginHost7JSONRPC9SubscribeEPNS0_11IDispatcher9ICallbackEjRKNSt7__cxx1112basic_stringIcSt11char_traitsIcESaIcEEESC_
FNDA:0,_ZN12WPEFramework10PluginHost7JSONRPC11UnsubscribeEPNS0_11IDispatcher9ICallbackEjRKNSt7__cxx1112basic_stringIcSt11char_traitsIcESaIcEEESC_
FNDA:0,_ZN12WPEFramework10PluginHost7JSONRPC6NotifyEjRKNSt7__cxx1112basic_stringIcSt11char_traitsIcESaIcEEES9_
FNDA:0,_ZN12WPEFramework10PluginHost7JSONRPC8ObserverD2Ev
FNDA:0,_ZNK12WPEFramework10PluginHost7JSONRPC8Observer7IsEmptyEv
FNDA:0,_ZN12WPEFramework10PluginHost7JSONRPC8Observer9SubscribeEjRKNSt7__cxx1112basic_stringIcSt11char_traitsIcESaIcEEE
FNF:36
FNH:4
DA:35,0
DA:37,0
DA:38,0
DA:39,0
DA:41,0
DA:44,21
DA:46,21
DA:71,0
DA:72,0
DA:73,0
DA:74,0
DA:86,0
DA:87,0
DA:88,0
DA:90,0
DA:93,0
DA:94,0
DA:96,0
DA:97,0
DA:99,0
DA:100,0
DA:101,0
DA:104,0
DA:105,0
DA:108,0
DA:111,0
DA:113,0
DA:114,0
DA:116,0
DA:117,0
DA:118,0
DA:121,0
DA:122,0
DA:125,0
DA:128,0
DA:130,0
DA:131,0
DA:133,0
DA:135,0
DA:136,0
DA:137,0
DA:139,0
DA:140,0
DA:141,0
DA:143,0
DA:145,0
DA:146,0
DA:147,0
DA:149,0
DA:151,0
DA:152,0
DA:153,0
DA:154,0
DA:155,0
DA:156,0
DA:159,0
DA:162,0
DA:163,0
DA:164,0
DA:165,0
DA:166,0
DA:169,0
DA:170,0
DA:172,0
DA:234,0
DA:235,0
DA:236,0
DA:237,0
DA:239,0
DA:240,0
DA:241,0
DA:242,0
DA:436,0
DA:438,0
DA:439,0
DA:440,0
DA:441,0
DA:443,0
DA:444,0
DA:447,0
DA:450,23
DA:452,23
DA:456,23
DA:458,23
DA:459,23
DA:460,23
DA:462,23
DA:463,0
DA:465,23
DA:466,0
DA:467,0
DA:468,0
DA:471,0
DA:474,23
DA:475,21
DA:476,21
DA:477,21
DA:478,23
DA:479,23
DA:480,0
DA:482,0
DA:483,0
DA:485,0
DA:487,0
DA:488,0
DA:493,0
DA:494,0
DA:496,0
DA:500,0
DA:502,0
DA:503,0
DA:505,0
DA:506,0
DA:507,0
DA:510,0
DA:512,0
DA:513,0
DA:514,0
DA:516,0
DA:517,0
DA:518,0
DA:521,0
DA:523,0
DA:525,0
DA:528,0
DA:529,0
DA:530,0
DA:532,0
DA:533,0
DA:535,0
DA:536,0
DA:537,0
DA:538,0
DA:539,0
DA:541,0
DA:542,0
DA:543,0
DA:545,0
DA:546,0
DA:547,0
DA:549,0
DA:550,0
DA:552,0
DA:554,0
DA:556,0
DA:558,0
DA:559,0
DA:561,0
DA:562,0
DA:565,0
DA:570,0
DA:571,0
DA:575,0
DA:576,0
DA:578,0
DA:580,0
DA:581,0
DA:584,0
DA:586,0
DA:589,0
DA:590,0
DA:592,0
DA:594,0
DA:595,0
DA:596,0
DA:597,0
DA:599,0
DA:600,0
DA:601,0
DA:602,0
DA:604,0
DA:606,0
DA:607,0
DA:608,0
DA:610,0
DA:611,0
DA:612,0
DA:614,0
DA:616,0
DA:618,0
DA:620,0
DA:622,0
DA:624,0
DA:625,0
DA:627,0
DA:629,0
DA:631,0
DA:632,0
DA:636,0
DA:638,0
DA:642,0
DA:644,0
DA:646,0
DA:648,0
DA:649,0
DA:650,0
DA:651,0
DA:655,0
DA:657,0
DA:658,0
DA:661,0
DA:663,0
DA:667,0
DA:669,0
DA:672,0
DA:674,0
DA:698,49
DA:699,49
DA:701,49
DA:703,49
DA:705,49
DA:706,0
DA:707,0
DA:710,98
DA:711,49
DA:714,0
DA:715,0
DA:719,0
DA:721,0
DA:724,0
DA:726,0
DA:728,0
DA:729,0
DA:730,0
DA:731,0
DA:734,0
DA:736,0
DA:738,0
DA:740,0
DA:742,0
DA:743,0
DA:745,0
DA:747,0
DA:750,0
DA:752,0
DA:754,0
DA:755,0
DA:757,0
DA:758,0
DA:762,0
DA:764,0
DA:782,0
DA:784,0
DA:786,0
DA:788,0
DA:789,0
DA:792,0
DA:793,0
DA:795,0
DA:796,0
LF:250
LH:23
end_of_record
TN:
SF:/home/kavia/workspace/code-generation/app-gateway2/helpers/rdkservices-comcast/helpers/StringUtils.h
FN:30,35,_ZN11StringUtils7toLowerERKNSt7__cxx1112basic_stringIcSt11char_traitsIcESaIcEEE
FN:33,33,_ZZN11StringUtils7toLowerERKNSt7__cxx1112basic_stringIcSt11char_traitsIcESaIcEEEENKUlhE_clEh
FN:37,41,_ZN11StringUtils16rfindInsensitiveERKNSt7__cxx1112basic_stringIcSt11char_traitsIcESaIcEEES7_
FNDA:402,_ZN11StringUtils7toLowerERKNSt7__cxx1112basic_stringIcSt11char_traitsIcESaIcEEE
FNDA:10500,_ZZN11StringUtils7toLowerERKNSt7__cxx1112basic_stringIcSt11char_traitsIcESaIcEEEENKUlhE_clEh
FNDA:5,_ZN11StringUtils16rfindInsensitiveERKNSt7__cxx1112basic_stringIcSt11char_traitsIcESaIcEEES7_
FNF:3
FNH:3
DA:30,402
DA:31,402
DA:32,402
DA:33,10500
DA:34,402
DA:37,5
DA:38,5
DA:39,5
DA:40,10
DA:41,5
LF:10
LH:10
end_of_record
TN:
SF:/home/kavia/workspace/code-generation/app-gateway2/interfaces/IApp2AppProvider.h
FNF:0
FNH:0
LF:0
LH:0
end_of_record
TN:
SF:/home/kavia/workspace/code-generation/app-gateway2/interfaces/IAppGateway.h
FN:160,160,_ZN12WPEFramework8Exchange20IAppGatewayResponder13INotification22OnAppConnectionChangedERKNSt7__cxx1112basic_stringIcSt11char_traitsIcESaIcEEEjb
FNDA:0,_ZN12WPEFramework8Exchange20IAppGatewayResponder13INotification22OnAppConnectionChangedERKNSt7__cxx1112basic_stringIcSt11char_traitsIcESaIcEEEjb
FNF:1
FNH:0
DA:160,0
LF:1
LH:0
end_of_record
TN:
SF:/home/kavia/workspace/code-generation/app-gateway2/interfaces/IAppNotifications.h
FNF:0
FNH:0
LF:0
LH:0
end_of_record
TN:
SF:/home/kavia/workspace/code-generation/app-gateway2/plugin/AppGateway/AppGateway.h
FN:52,52,_ZNK12WPEFramework6Plugin10AppGateway11InformationB5cxx11Ev
FN:54,59,_ZN12WPEFramework6Plugin10AppGateway14QueryInterfaceEj
FNDA:0,_ZNK12WPEFramework6Plugin10AppGateway11InformationB5cxx11Ev
FNDA:51,_ZN12WPEFramework6Plugin10AppGateway14QueryInterfaceEj
FNF:2
FNH:1
DA:52,0
DA:54,51
DA:55,51
DA:56,24
DA:57,7
DA:58,5
DA:59,0
LF:7
LH:5
end_of_record
TN:
SF:/home/kavia/workspace/code-generation/app-gateway2/plugin/AppGateway/AppGatewayImplementation.h
FN:48,51,_ZN12WPEFramework6Plugin24AppGatewayImplementation14QueryInterfaceEj
FNDA:6,_ZN12WPEFramework6Plugin24AppGatewayImplementation14QueryInterfaceEj
FNF:1
FNH:1
DA:48,6
DA:49,6
DA:50,3
DA:51,0
LF:4
LH:3
end_of_record
TN:
[...]
FN:111,127,_ZNSt6vectorIPN12WPEFramework10PluginHost11IDispatcher9ICallbackESaIS4_EE12emplace_backIJRS4_EEES8_DpOT_
FN:111,127,_ZNSt6vectorISt4pairIjNSt7__cxx1112basic_stringIcSt11char_traitsIcESaIcEEEESaIS7_EE12emplace_backIJS7_EEERS7_DpOT_
FN:181,190,_ZNSt6vectorIPN12WPEFramework10PluginHost11IDispatcher9ICallbackESaIS4_EE8_M_eraseEN9__gnu_cxx17__normal_iteratorIPS4_S6_EE
FN:181,190,_ZNSt6vectorISt4pairIjNSt7__cxx1112basic_stringIcSt11char_traitsIcESaIcEEEESaIS7_EE8_M_eraseEN9__gnu_cxx17__normal_iteratorIPS7_S9_EE
FN:445,524,_ZNSt6vectorINSt7__cxx1112basic_stringIcSt11char_traitsIcESaIcEEESaIS5_EE17_M_realloc_insertIJS5_EEEvN9__gnu_cxx17__normal_iteratorIPS5_S7_EEDpOT_
FN:445,524,_ZNSt6vectorIPN12WPEFramework10PluginHost11IDispatcher9ICallbackESaIS4_EE17_M_realloc_insertIJRS4_EEEvN9__gnu_cxx17__normal_iteratorIPS4_S6_EEDpOT_
FN:445,524,_ZNSt6vectorISt4pairIjNSt7__cxx1112basic_stringIcSt11char_traitsIcESaIcEEEESaIS7_EE17_M_realloc_insertIJS7_EEEvN9__gnu_cxx17__normal_iteratorIPS7_S9_EEDpOT_
FNDA:1,_ZNSt6vectorINSt7__cxx1112basic_stringIcSt11char_traitsIcESaIcEEESaIS5_EE12emplace_backIJS5_EEERS5_DpOT_
FNDA:0,_ZNSt6vectorIPN12WPEFramework10PluginHost11IDispatcher9ICallbackESaIS4_EE12emplace_backIJRS4_EEES8_DpOT_
FNDA:0,_ZNSt6vectorISt4pairIjNSt7__cxx1112basic_stringIcSt11char_traitsIcESaIcEEEESaIS7_EE12emplace_backIJS7_EEERS7_DpOT_
FNDA:0,_ZNSt6vectorIPN12WPEFramework10PluginHost11IDispatcher9ICallbackESaIS4_EE8_M_eraseEN9__gnu_cxx17__normal_iteratorIPS4_S6_EE
FNDA:0,_ZNSt6vectorISt4pairIjNSt7__cxx1112basic_stringIcSt11char_traitsIcESaIcEEEESaIS7_EE8_M_eraseEN9__gnu_cxx17__normal_iteratorIPS7_S9_EE
FNDA:1,_ZNSt6vectorINSt7__cxx1112basic_stringIcSt11char_traitsIcESaIcEEESaIS5_EE17_M_realloc_insertIJS5_EEEvN9__gnu_cxx17__normal_iteratorIPS5_S7_EEDpOT_
FNDA:0,_ZNSt6vectorIPN12WPEFramework10PluginHost11IDispatcher9ICallbackESaIS4_EE17_M_realloc_insertIJRS4_EEEvN9__gnu_cxx17__normal_iteratorIPS4_S6_EEDpOT_
FNDA:0,_ZNSt6vectorISt4pairIjNSt7__cxx1112basic_stringIcSt11char_traitsIcESaIcEEEESaIS7_EE17_M_realloc_insertIJS7_EEEvN9__gnu_cxx17__normal_iteratorIPS7_S9_EEDpOT_
FNF:8
FNH:2
DA:111,1
DA:114,1
DA:117,0
DA:119,0
DA:123,1
DA:125,1
DA:181,0
DA:184,0
DA:185,0
DA:186,0
DA:187,0
DA:189,0
DA:445,1
DA:455,1
DA:456,1
DA:457,1
DA:458,1
DA:459,1
DA:460,1
DA:468,1
DA:469,1
DA:475,1
DA:480,1
DA:481,1
DA:483,1
DA:485,1
DA:486,1
DA:519,1
DA:520,1
DA:521,1
DA:522,1
DA:523,1
DA:524,1
LF:33
LH:25
end_of_record
TN:
SF:/usr/include/c++/13/ext/aligned_buffer.h
FN:104,107,_ZN9__gnu_cxx16__aligned_bufferISt4pairIKNSt7__cxx1112basic_stringIcSt11char_traitsIcESaIcEEEN12WPEFramework10PluginHost7JSONRPC8ObserverEEE7_M_addrEv
FN:104,107,_ZN9__gnu_cxx16__aligned_bufferISt4pairIKNSt7__cxx1112basic_stringIcSt11char_traitsIcESaIcEEEN12WPEFramework4Core7JSONRPC7Handler5EntryEEE7_M_addrEv
FN:104,107,_ZN9__gnu_cxx16__aligned_bufferISt4pairIKNSt7__cxx1112basic_stringIcSt11char_traitsIcESaIcEEES7_EE7_M_addrEv
FN:104,107,_ZN9__gnu_cxx16__aligned_bufferISt4pairIKjSt13unordered_mapINSt7__cxx1112basic_stringIcSt11char_traitsIcESaIcEEES9_St4hashIS9_ESt8equal_toIS9_ESaIS1_IKS9_S9_EEEEE7_M_addrEv
FN:110,113,_ZNK9__gnu_cxx16__aligned_bufferISt4pairIKNSt7__cxx1112basic_stringIcSt11char_traitsIcESaIcEEEN12WPEFramework10PluginHost7JSONRPC8ObserverEEE7_M_addrEv
FN:110,113,_ZNK9__gnu_cxx16__aligned_bufferISt4pairIKNSt7__cxx1112basic_stringIcSt11char_traitsIcESaIcEEEN12WPEFramework4Core7JSONRPC7Handler5EntryEEE7_M_addrEv
FN:110,113,_ZNK9__gnu_cxx16__aligned_bufferISt4pairIKNSt7__cxx1112basic_stringIcSt11char_traitsIcESaIcEEES7_EE7_M_addrEv
FN:110,113,_ZNK9__gnu_cxx16__aligned_bufferISt4pairIKjSt13unordered_mapINSt7__cxx1112basic_stringIcSt11char_traitsIcESaIcEEES9_St4hashIS9_ESt8equal_toIS9_ESaIS1_IKS9_S9_EEEEE7_M_addrEv
FN:116,117,_ZN9__gnu_cxx16__aligned_bufferISt4pairIKNSt7__cxx1112basic_stringIcSt11char_traitsIcESaIcEEEN12WPEFramework10PluginHost7JSONRPC8ObserverEEE6_M_ptrEv
FN:116,117,_ZN9__gnu_cxx16__aligned_bufferISt4pairIKNSt7__cxx1112basic_stringIcSt11char_traitsIcESaIcEEEN12WPEFramework4Core7JSONRPC7Handler5EntryEEE6_M_ptrEv
FN:116,117,_ZN9__gnu_cxx16__aligned_bufferISt4pairIKNSt7__cxx1112basic_stringIcSt11char_traitsIcESaIcEEES7_EE6_M_ptrEv
FN:116,117,_ZN9__gnu_cxx16__aligned_bufferISt4pairIKjSt13unordered_mapINSt7__cxx1112basic_stringIcSt11char_traitsIcESaIcEEES9_St4hashIS9_ESt8equal_toIS9_ESaIS1_IKS9_S9_EEEEE6_M_ptrEv
FN:120,121,_ZNK9__gnu_cxx16__aligned_bufferISt4pairIKNSt7__cxx1112basic_stringIcSt11char_traitsIcESaIcEEEN12WPEFramework10PluginHost7JSONRPC8ObserverEEE6_M_ptrEv
FN:120,121,_ZNK9__gnu_cxx16__aligned_bufferISt4pairIKNSt7__cxx1112basic_stringIcSt11char_traitsIcESaIcEEEN12WPEFramework4Core7JSONRPC7Handler5EntryEEE6_M_ptrEv
FN:120,121,_ZNK9__gnu_cxx16__aligned_bufferISt4pairIKNSt7__cxx1112basic_stringIcSt11char_traitsIcESaIcEEES7_EE6_M_ptrEv
FN:120,121,_ZNK9__gnu_cxx16__aligned_bufferISt4pairIKjSt13unordered_mapINSt7__cxx1112basic_stringIcSt11char_traitsIcESaIcEEES9_St4hashIS9_ESt8equal_toIS9_ESaIS1_IKS9_S9_EEEEE6_M_ptrEv
FN:64,65,_ZN9__gnu_cxx16__aligned_membufIN12WPEFramework4Core10ThreadPool8ExecutorEE7_M_addrEv
FN:64,65,_ZN9__gnu_cxx16__aligned_membufIN12WPEFramework4Core14callstack_infoEE7_M_addrEv
FN:64,65,_ZN9__gnu_cxx16__aligned_membufIN12WPEFramework4Core7JSONRPC7HandlerEE7_M_addrEv
FN:64,65,_ZN9__gnu_cxx16__aligned_membufIN12WPEFramework4Core9ProxyTypeINS2_9IDispatchEEEE7_M_addrEv
FN:64,65,_ZN9__gnu_cxx16__aligned_membufIN12WPEFramework4Core9TimerTypeINS2_10WorkerPool5TimerEE9TimedInfoIS5_EEE7_M_addrEv
FN:64,65,_ZN9__gnu_cxx16__aligned_membufIPN12WPEFramework8Exchange20IAppGatewayResponder13INotificationEE7_M_addrEv
FN:64,65,_ZN9__gnu_cxx16__aligned_membufISt4pairIPKcPN12WPEFramework4Core4JSON8IElementEEE7_M_addrEv
FN:68,69,_ZNK9__gnu_cxx16__aligned_membufIN12WPEFramework4Core10ThreadPool8ExecutorEE7_M_addrEv
FN:68,69,_ZNK9__gnu_cxx16__aligned_membufIN12WPEFramework4Core9ProxyTypeINS2_9IDispatchEEEE7_M_addrEv
FN:68,69,_ZNK9__gnu_cxx16__aligned_membufIN12WPEFramework4Core9TimerTypeINS2_10WorkerPool5TimerEE9TimedInfoIS5_EEE7_M_addrEv
FN:68,69,_ZNK9__gnu_cxx16__aligned_membufISt4pairIPKcPN12WPEFramework4Core4JSON8IElementEEE7_M_addrEv
FN:72,73,_ZN9__gnu_cxx16__aligned_membufIN12WPEFramework4Core10ThreadPool8ExecutorEE6_M_ptrEv
FN:72,73,_ZN9__gnu_cxx16__aligned_membufIN12WPEFramework4Core14callstack_infoEE6_M_ptrEv
FN:72,73,_ZN9__gnu_cxx16__aligned_membufIN12WPEFramework4Core7JSONRPC7HandlerEE6_M_ptrEv
FN:72,73,_ZN9__gnu_cxx16__aligned_membufIN12WPEFramework4Core9ProxyTypeINS2_9IDispatchEEEE6_M_ptrEv
FN:72,73,_ZN9__gnu_cxx16__aligned_membufIN12WPEFramework4Core9TimerTypeINS2_10WorkerPool5TimerEE9TimedInfoIS5_EEE6_M_ptrEv
FN:72,73,_ZN9__gnu_cxx16__aligned_membufIPN12WPEFramework8Exchange20IAppGatewayResponder13INotificationEE6_M_ptrEv
FN:72,73,_ZN9__gnu_cxx16__aligned_membufISt4pairIPKcPN12WPEFramework4Core4JSON8IElementEEE6_M_ptrEv
FN:76,77,_ZNK9__gnu_cxx16__aligned_membufIN12WPEFramework4Core10ThreadPool8ExecutorEE6_M_ptrEv
FN:76,77,_ZNK9__gnu_cxx16__aligned_membufIN12WPEFramework4Core9ProxyTypeINS2_9IDispatchEEEE6_M_ptrEv
FN:76,77,_ZNK9__gnu_cxx16__aligned_membufIN12WPEFramework4Core9TimerTypeINS2_10WorkerPool5TimerEE9TimedInfoIS5_EEE6_M_ptrEv
FN:76,77,_ZNK9__gnu_cxx16__aligned_membufISt4pairIPKcPN12WPEFramework4Core4JSON8IElementEEE6_M_ptrEv
FNDA:0,_ZN9__gnu_cxx16__aligned_bufferISt4pairIKNSt7__cxx1112basic_stringIcSt11char_traitsIcESaIcEEEN12WPEFramework10PluginHost7JSONRPC8ObserverEEE7_M_addrEv
FNDA:151,_ZN9__gnu_cxx16__aligned_bufferISt4pairIKNSt7__cxx1112basic_stringIcSt11char_traitsIcESaIcEEEN12WPEFramework4Core7JSONRPC7Handler5EntryEEE7_M_addrEv
FNDA:3,_ZN9__gnu_cxx16__aligned_bufferISt4pairIKNSt7__cxx1112basic_stringIcSt11char_traitsIcESaIcEEES7_EE7_M_addrEv
FNDA:6,_ZN9__gnu_cxx16__aligned_bufferISt4pairIKjSt13unordered_mapINSt7__cxx1112basic_stringIcSt11char_traitsIcESaIcEEES9_St4hashIS9_ESt8equal_toIS9_ESaIS1_IKS9_S9_EEEEE7_M_addrEv
FNDA:0,_ZNK9__gnu_cxx16__aligned_bufferISt4pairIKNSt7__cxx1112basic_stringIcSt11char_traitsIcESaIcEEEN12WPEFramework10PluginHost7JSONRPC8ObserverEEE7_M_addrEv
FNDA:120,_ZNK9__gnu_cxx16__aligned_bufferISt4pairIKNSt7__cxx1112basic_stringIcSt11char_traitsIcESaIcEEEN12WPEFramework4Core7JSONRPC7Handler5EntryEEE7_M_addrEv
FNDA:2,_ZNK9__gnu_cxx16__aligned_bufferISt4pairIKNSt7__cxx1112basic_stringIcSt11char_traitsIcESaIcEEES7_EE7_M_addrEv
FNDA:2,_ZNK9__gnu_cxx16__aligned_bufferISt4pairIKjSt13unordered_mapINSt7__cxx1112basic_stringIcSt11char_traitsIcESaIcEEES9_St4hashIS9_ESt8equal_toIS9_ESaIS1_IKS9_S9_EEEEE7_M_addrEv
FNDA:0,_ZN9__gnu_cxx16__aligned_bufferISt4pairIKNSt7__cxx1112basic_stringIcSt11char_traitsIcESaIcEEEN12WPEFramework10PluginHost7JSONRPC8ObserverEEE6_M_ptrEv
FNDA:151,_ZN9__gnu_cxx16__aligned_bufferISt4pairIKNSt7__cxx1112basic_stringIcSt11char_traitsIcESaIcEEEN12WPEFramework4Core7JSONRPC7Handler5EntryEEE6_M_ptrEv
FNDA:3,_ZN9__gnu_cxx16__aligned_bufferISt4pairIKNSt7__cxx1112basic_stringIcSt11char_traitsIcESaIcEEES7_EE6_M_ptrEv
FNDA:6,_ZN9__gnu_cxx16__aligned_bufferISt4pairIKjSt13unordered_mapINSt7__cxx1112basic_stringIcSt11char_traitsIcESaIcEEES9_St4hashIS9_ESt8equal_toIS9_ESaIS1_IKS9_S9_EEEEE6_M_ptrEv
FNDA:0,_ZNK9__gnu_cxx16__aligned_bufferISt4pairIKNSt7__cxx1112basic_stringIcSt11char_traitsIcESaIcEEEN12WPEFramework10PluginHost7JSONRPC8ObserverEEE6_M_ptrEv
FNDA:120,_ZNK9__gnu_cxx16__aligned_bufferISt4pairIKNSt7__cxx1112basic_stringIcSt11char_traitsIcESaIcEEEN12WPEFramework4Core7JSONRPC7Handler5EntryEEE6_M_ptrEv
FNDA:2,_ZNK9__gnu_cxx16__aligned_bufferISt4pairIKNSt7__cxx1112basic_stringIcSt11char_traitsIcESaIcEEES7_EE6_M_ptrEv
FNDA:2,_ZNK9__gnu_cxx16__aligned_bufferISt4pairIKjSt13unordered_mapINSt7__cxx1112basic_stringIcSt11char_traitsIcESaIcEEES9_St4hashIS9_ESt8equal_toIS9_ESaIS1_IKS9_S9_EEEEE6_M_ptrEv
FNDA:14,_ZN9__gnu_cxx16__aligned_membufIN12WPEFramework4Core10ThreadPool8ExecutorEE7_M_addrEv
FNDA:0,_ZN9__gnu_cxx16__aligned_membufIN12WPEFramework4Core14callstack_infoEE7_M_addrEv
FNDA:127,_ZN9__gnu_cxx16__aligned_membufIN12WPEFramework4Core7JSONRPC7HandlerEE7_M_addrEv
FNDA:6,_ZN9__gnu_cxx16__aligned_membufIN12WPEFramework4Core9ProxyTypeINS2_9IDispatchEEEE7_M_addrEv
FNDA:0,_ZN9__gnu_cxx16__aligned_membufIN12WPEFramework4Core9TimerTypeINS2_10WorkerPool5TimerEE9TimedInfoIS5_EEE7_M_addrEv
FNDA:5,_ZN9__gnu_cxx16__aligned_membufIPN12WPEFramework8Exchange20IAppGatewayResponder13INotificationEE7_M_addrEv
FNDA:2318,_ZN9__gnu_cxx16__aligned_membufISt4pairIPKcPN12WPEFramework4Core4JSON8IElementEEE7_M_addrEv
FNDA:0,_ZNK9__gnu_cxx16__aligned_membufIN12WPEFramework4Core10ThreadPool8ExecutorEE7_M_addrEv
FNDA:0,_ZNK9__gnu_cxx16__aligned_membufIN12WPEFramework4Core9ProxyTypeINS2_9IDispatchEEEE7_M_addrEv
FNDA:0,_ZNK9__gnu_cxx16__aligned_membufIN12WPEFramework4Core9TimerTypeINS2_10WorkerPool5TimerEE9TimedInfoIS5_EEE7_M_addrEv
FNDA:261,_ZNK9__gnu_cxx16__aligned_membufISt4pairIPKcPN12WPEFramework4Core4JSON8IElementEEE7_M_addrEv
FNDA:14,_ZN9__gnu_cxx16__aligned_membufIN12WPEFramework4Core10ThreadPool8ExecutorEE6_M_ptrEv
FNDA:0,_ZN9__gnu_cxx16__aligned_membufIN12WPEFramework4Core14callstack_infoEE6_M_ptrEv
FNDA:127,_ZN9__gnu_cxx16__aligned_membufIN12WPEFramework4Core7JSONRPC7HandlerEE6_M_ptrEv
FNDA:6,_ZN9__gnu_cxx16__aligned_membufIN12WPEFramework4Core9ProxyTypeINS2_9IDispatchEEEE6_M_ptrEv
FNDA:0,_ZN9__gnu_cxx16__aligned_membufIN12WPEFramework4Core9TimerTypeINS2_10WorkerPool5TimerEE9TimedInfoIS5_EEE6_M_ptrEv
FNDA:5,_ZN9__gnu_cxx16__aligned_membufIPN12WPEFramework8Exchange20IAppGatewayResponder13INotificationEE6_M_ptrEv
FNDA:2318,_ZN9__gnu_cxx16__aligned_membufISt4pairIPKcPN12WPEFramework4Core4JSON8IElementEEE6_M_ptrEv
FNDA:0,_ZNK9__gnu_cxx16__aligned_membufIN12WPEFramework4Core10ThreadPool8ExecutorEE6_M_ptrEv
FNDA:0,_ZNK9__gnu_cxx16__aligned_membufIN12WPEFramework4Core9ProxyTypeINS2_9IDispatchEEEE6_M_ptrEv
FNDA:0,_ZNK9__gnu_cxx16__aligned_membufIN12WPEFramework4Core9TimerTypeINS2_10WorkerPool5TimerEE9TimedInfoIS5_EEE6_M_ptrEv
FNDA:261,_ZNK9__gnu_cxx16__aligned_membufISt4pairIPKcPN12WPEFramework4Core4JSON8IElementEEE6_M_ptrEv
FNF:38
FNH:24
DA:64,2470
DA:65,2470
DA:68,261
DA:69,261
DA:72,2470
DA:73,2470
DA:76,261
DA:77,261
DA:104,160
DA:106,160
DA:110,124
DA:112,124
DA:116,160
DA:117,160
DA:120,124
DA:121,124
LF:16
LH:16
end_of_record
TN:
SF:/usr/include/c++/13/ext/alloc_traits.h
FNF:0
FNH:0
DA:98,73
LF:1
LH:1
end_of_record
TN:
SF:/usr/include/c++/13/initializer_list
FN:69,69,_ZNKSt16initializer_listINSt7__cxx1112basic_stringIcSt11char_traitsIcESaIcEEEE4sizeEv
FN:73,73,_ZNKSt16initializer_listINSt7__cxx1112basic_stringIcSt11char_traitsIcESaIcEEEE5beginEv
FN:77,77,_ZNKSt16initializer_listINSt7__cxx1112basic_stringIcSt11char_traitsIcESaIcEEEE3endEv
FNDA:6,_ZNKSt16initializer_listINSt7__cxx1112basic_stringIcSt11char_traitsIcESaIcEEEE4sizeEv
FNDA:12,_ZNKSt16initializer_listINSt7__cxx1112basic_stringIcSt11char_traitsIcESaIcEEEE5beginEv
FNDA:6,_ZNKSt16initializer_listINSt7__cxx1112basic_stringIcSt11char_traitsIcESaIcEEEE3endEv
FNF:3
FNH:3
DA:69,6
DA:73,12
DA:77,6
LF:3
LH:3
end_of_record
TN:
SF:/usr/include/c++/13/limits
FN:1135,1135,_ZNSt14numeric_limitsIjE3maxEv
FNDA:2,_ZNSt14numeric_limitsIjE3maxEv
FNF:1
FNH:1
DA:1135,2
LF:1
LH:1
end_of_record
TN:
SF:/usr/include/c++/13/new
FN:174,175,_ZnwmPv
FN:180,180,_ZdlPvS_
FNDA:1051,_ZnwmPv
FNDA:0,_ZdlPvS_
FNF:2
FNH:1
DA:174,1051
DA:175,1051
DA:180,0
LF:3
LH:2
end_of_record
TN:
SF:/usr/include/c++/13/tuple
FN:1787,1788,_ZSt12__get_helperILm0ERKNSt7__cxx1112basic_stringIcSt11char_traitsIcESaIcEEEJEERT0_RSt11_Tuple_implIXT_EJS8_DpT1_EE
FN:1787,1788,_ZSt12__get_helperILm0ERKjJEERT0_RSt11_Tuple_implIXT_EJS2_DpT1_EE
FN:1803,1804,_ZSt3getILm0EJRKNSt7__cxx1112basic_stringIcSt11char_traitsIcESaIcEEEEERNSt13tuple_elementIXT_ESt5tupleIJDpT0_EEE4typeERSC_
FN:1803,1804,_ZSt3getILm0EJRKjEERNSt13tuple_elementIXT_ESt5tupleIJDpT0_EEE4typeERS6_
FN:193,194,_ZNSt10_Head_baseILm0ERKNSt7__cxx1112basic_stringIcSt11char_traitsIcESaIcEEELb0EEC2ES7_
FN:193,194,_ZNSt10_Head_baseILm0ERKjLb0EEC2ES1_
FN:2013,2014,_ZSt16forward_as_tupleIJEESt5tupleIJDpOT_EES3_
FN:2013,2014,_ZSt16forward_as_tupleIJRKNSt7__cxx1112basic_stringIcSt11char_traitsIcESaIcEEEEESt5tupleIJDpOT_EESB_
FN:2252,2258,_ZNSt4pairIKNSt7__cxx1112basic_stringIcSt11char_traitsIcESaIcEEEN12WPEFramework10PluginHost7JSONRPC8ObserverEEC2IJRS6_EJEEESt21piecewise_construct_tSt5tupleIJDpT_EESF_IJDpT0_EE
FN:2252,2258,_ZNSt4pairIKNSt7__cxx1112basic_stringIcSt11char_traitsIcESaIcEEES5_EC2IJRS6_EJEEESt21piecewise_construct_tSt5tupleIJDpT_EESB_IJDpT0_EE
FN:2252,2258,_ZNSt4pairIKjSt13unordered_mapINSt7__cxx1112basic_stringIcSt11char_traitsIcESaIcEEES7_St4hashIS7_ESt8equal_toIS7_ESaIS_IKS7_S7_EEEEC2IJRS0_EJEEESt21piecewise_construct_tSt5tupleIJDpT_EESK_IJDpT0_EE
FN:2264,2269,_ZNSt4pairIKNSt7__cxx1112basic_stringIcSt11char_traitsIcESaIcEEEN12WPEFramework10PluginHost7JSONRPC8ObserverEEC2IJRS6_EJLm0EEJEJEEERSt5tupleIJDpT_EERSE_IJDpT1_EESt12_Index_tupleIJXspT0_EEESN_IJXspT2_EEE
FN:2264,2269,_ZNSt4pairIKNSt7__cxx1112basic_stringIcSt11char_traitsIcESaIcEEES5_EC2IJRS6_EJLm0EEJEJEEERSt5tupleIJDpT_EERSA_IJDpT1_EESt12_Index_tupleIJXspT0_EEESJ_IJXspT2_EEE
FN:2264,2269,_ZNSt4pairIKjSt13unordered_mapINSt7__cxx1112basic_stringIcSt11char_traitsIcESaIcEEES7_St4hashIS7_ESt8equal_toIS7_ESaIS_IKS7_S7_EEEEC2IJRS0_EJLm0EEJEJEEERSt5tupleIJDpT_EERSJ_IJDpT1_EESt12_Index_tupleIJXspT0_EEESS_IJXspT2_EEE
FN:234,234,_ZNSt10_Head_baseILm0ERKNSt7__cxx1112basic_stringIcSt11char_traitsIcESaIcEEELb0EE7_M_headERS8_
FN:234,234,_ZNSt10_Head_baseILm0ERKjLb0EE7_M_headERS2_
FN:497,497,_ZNSt11_Tuple_implILm0EJRKNSt7__cxx1112basic_stringIcSt11char_traitsIcESaIcEEEEE7_M_headERS8_
FN:497,497,_ZNSt11_Tuple_implILm0EJRKjEE7_M_headERS2_
FN:507,509,_ZNSt11_Tuple_implILm0EJRKNSt7__cxx1112basic_stringIcSt11char_traitsIcESaIcEEEEEC2ES7_
FN:507,509,_ZNSt11_Tuple_implILm0EJRKjEEC2ES1_
FN:527,530,_ZNSt11_Tuple_implILm0EJRKNSt7__cxx1112basic_stringIcSt11char_traitsIcESaIcEEEEEC2EOS8_
FN:527,530,_ZNSt11_Tuple_implILm0EJRKjEEC2EOS2_
FN:874,876,_ZNSt5tupleIJRKNSt7__cxx1112basic_stringIcSt11char_traitsIcESaIcEEEEEC2ILb1ELb1EEES7_
FN:874,876,_ZNSt5tupleIJRKjEEC2ILb1ELb1EEES1_
FN:903,903,_ZNSt5tupleIJRKNSt7__cxx1112basic_stringIcSt11char_traitsIcESaIcEEEEEC2EOS8_
FN:903,903,_ZNSt5tupleIJRKjEEC2EOS2_
FNDA:257,_ZSt12__get_helperILm0ERKNSt7__cxx1112basic_stringIcSt11char_traitsIcESaIcEEEJEERT0_RSt11_Tuple_implIXT_EJS8_DpT1_EE
FNDA:1,_ZSt12__get_helperILm0ERKjJEERT0_RSt11_Tuple_implIXT_EJS2_DpT1_EE
FNDA:257,_ZSt3getILm0EJRKNSt7__cxx1112basic_stringIcSt11char_traitsIcESaIcEEEEERNSt13tuple_elementIXT_ESt5tupleIJDpT0_EEE4typeERSC_
FNDA:1,_ZSt3getILm0EJRKjEERNSt13tuple_elementIXT_ESt5tupleIJDpT0_EEE4typeERS6_
FNDA:257,_ZNSt10_Head_baseILm0ERKNSt7__cxx1112basic_stringIcSt11char_traitsIcESaIcEEELb0EEC2ES7_
FNDA:1,_ZNSt10_Head_baseILm0ERKjLb0EEC2ES1_
FNDA:0,_ZSt16forward_as_tupleIJEESt5tupleIJDpOT_EES3_
FNDA:0,_ZSt16forward_as_tupleIJRKNSt7__cxx1112basic_stringIcSt11char_traitsIcESaIcEEEEESt5tupleIJDpOT_EESB_
FNDA:0,_ZNSt4pairIKNSt7__cxx1112basic_stringIcSt11char_traitsIcESaIcEEEN12WPEFramework10PluginHost7JSONRPC8ObserverEEC2IJRS6_EJEEESt21piecewise_construct_tSt5tupleIJDpT_EESF_IJDpT0_EE
FNDA:1,_ZNSt4pairIKNSt7__cxx1112basic_stringIcSt11char_traitsIcESaIcEEES5_EC2IJRS6_EJEEESt21piecewise_construct_tSt5tupleIJDpT_EESB_IJDpT0_EE
FNDA:1,_ZNSt4pairIKjSt13unordered_mapINSt7__cxx1112basic_stringIcSt11char_traitsIcESaIcEEES7_St4hashIS7_ESt8equal_toIS7_ESaIS_IKS7_S7_EEEEC2IJRS0_EJEEESt21piecewise_construct_tSt5tupleIJDpT_EESK_IJDpT0_EE
FNDA:0,_ZNSt4pairIKNSt7__cxx1112basic_stringIcSt11char_traitsIcESaIcEEEN12WPEFramework10PluginHost7JSONRPC8ObserverEEC2IJRS6_EJLm0EEJEJEEERSt5tupleIJDpT_EERSE_IJDpT1_EESt12_Index_tupleIJXspT0_EEESN_IJXspT2_EEE
FNDA:1,_ZNSt4pairIKNSt7__cxx1112basic_stringIcSt11char_traitsIcESaIcEEES5_EC2IJRS6_EJLm0EEJEJEEERSt5tupleIJDpT_EERSA_IJDpT1_EESt12_Index_tupleIJXspT0_EEESJ_IJXspT2_EEE
FNDA:1,_ZNSt4pairIKjSt13unordered_mapINSt7__cxx1112basic_stringIcSt11char_traitsIcESaIcEEES7_St4hashIS7_ESt8equal_toIS7_ESaIS_IKS7_S7_EEEEC2IJRS0_EJLm0EEJEJEEERSt5tupleIJDpT_EERSJ_IJDpT1_EESt12_Index_tupleIJXspT0_EEESS_IJXspT2_EEE
FNDA:257,_ZNSt10_Head_baseILm0ERKNSt7__cxx1112basic_stringIcSt11char_traitsIcESaIcEEELb0EE7_M_headERS8_
FNDA:1,_ZNSt10_Head_baseILm0ERKjLb0EE7_M_headERS2_
FNDA:257,_ZNSt11_Tuple_implILm0EJRKNSt7__cxx1112basic_stringIcSt11char_traitsIcESaIcEEEEE7_M_headERS8_
FNDA:1,_ZNSt11_Tuple_implILm0EJRKjEE7_M_headERS2_
FNDA:257,_ZNSt11_Tuple_implILm0EJRKNSt7__cxx1112basic_stringIcSt11char_traitsIcESaIcEEEEEC2ES7_
FNDA:1,_ZNSt11_Tuple_implILm0EJRKjEEC2ES1_
FNDA:257,_ZNSt11_Tuple_implILm0EJRKNSt7__cxx1112basic_stringIcSt11char_traitsIcESaIcEEEEEC2EOS8_
FNDA:1,_ZNSt11_Tuple_implILm0EJRKjEEC2EOS2_
FNDA:257,_ZNSt5tupleIJRKNSt7__cxx1112basic_stringIcSt11char_traitsIcESaIcEEEEEC2ILb1ELb1EEES7_
FNDA:1,_ZNSt5tupleIJRKjEEC2ILb1ELb1EEES1_
FNDA:257,_ZNSt5tupleIJRKNSt7__cxx1112basic_stringIcSt11char_traitsIcESaIcEEEEEC2EOS8_
FNDA:1,_ZNSt5tupleIJRKjEEC2EOS2_
FNF:26
FNH:22
DA:193,258
DA:194,258
DA:234,258
DA:497,258
DA:507,258
DA:508,258
DA:509,258
DA:527,258
DA:529,258
DA:530,258
DA:874,258
DA:876,258
DA:903,258
DA:1787,258
DA:1788,258
DA:1803,258
DA:1804,258
DA:2013,0
DA:2014,0
DA:2252,2
DA:2257,2
DA:2258,2
DA:2264,2
DA:2267,2
DA:2268,2
DA:2269,2
LF:26
LH:24
end_of_record
TN:
SF:/usr/include/x86_64-linux-gnu/c++/13/bits/c++config.h
FN:540,551,_ZSt23__is_constant_evaluatedv
FNDA:7890,_ZSt23__is_constant_evaluatedv
FNF:1
FNH:1
DA:540,7890
DA:547,7890
LF:2
LH:2
end_of_record
TN:
SF:/usr/include/x86_64-linux-gnu/c++/13/bits/gthr-default.h
FN:300,303,_ZL18__gthread_active_pv
FN:691,694,_ZL15__gthread_yieldv
FN:746,752,_ZL20__gthread_mutex_lockP15pthread_mutex_t
FN:776,782,_ZL22__gthread_mutex_unlockP15pthread_mutex_t
FNDA:36,_ZL18__gthread_active_pv
FNDA:12,_ZL15__gthread_yieldv
FNDA:18,_ZL20__gthread_mutex_lockP15pthread_mutex_t
FNDA:18,_ZL22__gthread_mutex_unlockP15pthread_mutex_t
FNF:4
FNH:4
DA:300,36
DA:302,36
DA:691,12
DA:693,12
DA:746,18
DA:748,18
DA:749,18
DA:751,0
DA:776,18
DA:778,18
DA:779,18
DA:781,0
LF:12
LH:10
end_of_record
