[run_l0_coverage] ROOT=/home/kavia/workspace/code-generation
[run_l0_coverage] L0_DIR=/home/kavia/workspace/code-generation/app-gateway2/AppGateway/l0test
[run_l0_coverage] BUILD_DIR=/home/kavia/workspace/code-generation/app-gateway2/AppGateway/l0test/build
[run_l0_coverage] INSTALL_PREFIX=/home/kavia/workspace/code-generation/dependencies/install
[run_l0_coverage] COVERAGE_DIR=/home/kavia/workspace/code-generation/app-gateway2/AppGateway/l0test/coverage

[run_l0_coverage] ===== Tool checks =====

[run_l0_coverage] ===== Input checks =====
[run_l0_coverage] Using AppGateway plugin .so: /home/kavia/workspace/code-generation/build/app-gateway/AppGateway/libWPEFrameworkAppGateway.so

[run_l0_coverage] ===== Coverage flags =====
[run_l0_coverage] CXXFLAGS=--coverage -O0 -g
[run_l0_coverage] LDFLAGS=--coverage

[run_l0_coverage] ===== Clean build directory =====
[run_l0_coverage] rm -rf '/home/kavia/workspace/code-generation/app-gateway2/AppGateway/l0test/build'

[run_l0_coverage] ===== Prepare Real-plugin link path (optional) =====
[run_l0_coverage] Symlinked for CMake probe:
[run_l0_coverage]   /home/kavia/workspace/code-generation/app-gateway2/AppGateway/l0test/AppGateway/libWPEFrameworkAppGateway.so -> /home/kavia/workspace/code-generation/build/app-gateway/AppGateway/libWPEFrameworkAppGateway.so

[run_l0_coverage] ===== Configure (Ninja) and build =====
[run_l0_coverage] Configuring with Ninja generator against: /home/kavia/workspace/code-generation/app-gateway2/AppGateway/l0test
-- The CXX compiler identification is unknown
-- Detecting CXX compiler ABI info
-- Detecting CXX compiler ABI info - done
-- Check for working CXX compiler: /usr/bin/c++ - skipped
-- Using PREFIX='/home/kavia/workspace/code-generation/dependencies/install'
-- AppGateway l0test: Using local interfaces stub: /home/kavia/workspace/code-generation/app-gateway2/AppGateway/l0test/../../interfaces/IAppGateway.h
-- Performing Test CMAKE_HAVE_LIBC_PTHREAD
-- Performing Test CMAKE_HAVE_LIBC_PTHREAD - Success
-- Found Threads: TRUE  
-- Linking against built AppGateway plugin: /home/kavia/workspace/code-generation/app-gateway2/AppGateway/l0test/build/../AppGateway/libWPEFrameworkAppGateway.so
-- Configuring done (0.4s)
-- Generating done (0.0s)
-- Build files have been written to: /home/kavia/workspace/code-generation/app-gateway2/AppGateway/l0test/build
[run_l0_coverage] Building target 'appgateway_l0test' (jobs=16)...
[1/7] Building CXX object CMakeFiles/appgateway_l0test.dir/AppGateway_JsonRpcResolveTests.cpp.o
FAILED: CMakeFiles/appgateway_l0test.dir/AppGateway_JsonRpcResolveTests.cpp.o 
/usr/bin/c++ -DMODULE_NAME=AppGateway_L0Test -I/home/kavia/workspace/code-generation/app-gateway2/AppGateway/l0test -I/home/kavia/workspace/code-generation/app-gateway2/AppGateway/l0test/.. -I/home/kavia/workspace/code-generation/app-gateway2/AppGateway/l0test/../.. -I/home/kavia/workspace/code-generation/app-gateway2/AppGateway/l0test/../../helpers -I/home/kavia/workspace/code-generation/app-gateway2/AppGateway/l0test/../../../Supporting_Files -I/home/kavia/workspace/code-generation/app-gateway2/AppGateway/l0test/../../Supporting_Files -I/home/kavia/workspace/code-generation/app-gateway2/AppGateway/l0test/../../interfaces -I/home/kavia/workspace/code-generation/app-gateway2/AppGateway/l0test/../../interfaces/json -I/home/kavia/workspace/code-generation/dependencies/install/include -I/home/kavia/workspace/code-generation/dependencies/install/include/WPEFramework --coverage -O0 -g -O0 -g --coverage -Wall -Wextra -Wno-unused-parameter -o CMakeFiles/appgateway_l0test.dir/AppGateway_JsonRpcResolveTests.cpp.o -c /home/kavia/workspace/code-generation/app-gateway2/AppGateway/l0test/AppGateway_JsonRpcResolveTests.cpp
In file included from /home/kavia/workspace/code-generation/dependencies/install/include/plugins/IDispatcher.h:2,
                 from /home/kavia/workspace/code-generation/app-gateway2/AppGateway/l0test/AppGateway_JsonRpcResolveTests.cpp:6:
/home/kavia/workspace/code-generation/dependencies/install/include/WPEFramework/plugins/IDispatcher.h:13:35: error: ‘string’ does not name a type; did you mean ‘stdin’?
   13 |                             const string& /*designator*/, const string& /*method*/,
      |                                   ^~~~~~
      |                                   stdin
/home/kavia/workspace/code-generation/dependencies/install/include/WPEFramework/plugins/IDispatcher.h:13:65: error: ‘string’ does not name a type; did you mean ‘stdin’?
   13 |                             const string& /*designator*/, const string& /*method*/,
      |                                                                 ^~~~~~
      |                                                                 stdin
/home/kavia/workspace/code-generation/dependencies/install/include/WPEFramework/plugins/IDispatcher.h:14:35: error: ‘string’ does not name a type; did you mean ‘stdin’?
   14 |                             const string& /*parameters*/, string& /*response*/)
      |                                   ^~~~~~
      |                                   stdin
/home/kavia/workspace/code-generation/dependencies/install/include/WPEFramework/plugins/IDispatcher.h:14:59: error: ‘string’ has not been declared
   14 |                             const string& /*parameters*/, string& /*response*/)
      |                                                           ^~~~~~
In file included from /home/kavia/workspace/code-generation/app-gateway2/AppGateway/l0test/AppGateway_JsonRpcResolveTests.cpp:8:
/home/kavia/workspace/code-generation/app-gateway2/AppGateway/l0test/../AppGateway.h:40:54: error: expected class-name before ‘,’ token
   40 |         class AppGateway : public PluginHost::IPlugin, public PluginHost::JSONRPC {
      |                                                      ^
/home/kavia/workspace/code-generation/app-gateway2/AppGateway/l0test/../AppGateway.h:40:83: error: expected class-name before ‘{’ token
   40 |         class AppGateway : public PluginHost::IPlugin, public PluginHost::JSONRPC {
      |                                                                                   ^
/home/kavia/workspace/code-generation/app-gateway2/AppGateway/l0test/../AppGateway.h:55:13: error: ISO C++ forbids declaration of ‘BEGIN_INTERFACE_MAP’ with no type [-fpermissive]
   55 |             BEGIN_INTERFACE_MAP(AppGateway)
      |             ^~~~~~~~~~~~~~~~~~~
/home/kavia/workspace/code-generation/app-gateway2/AppGateway/l0test/../AppGateway.h:55:43: error: expected ‘;’ at end of member declaration
   55 |             BEGIN_INTERFACE_MAP(AppGateway)
      |                                           ^
      |                                            ;
/home/kavia/workspace/code-generation/app-gateway2/AppGateway/l0test/../AppGateway.h:56:29: error: ‘WPEFramework::PluginHost::IPlugin’ has not been declared
   56 |             INTERFACE_ENTRY(PluginHost::IPlugin)
      |                             ^~~~~~~~~~
/home/kavia/workspace/code-generation/app-gateway2/AppGateway/l0test/../AppGateway.h:56:13: error: ISO C++ forbids declaration of ‘INTERFACE_ENTRY’ with no type [-fpermissive]
   56 |             INTERFACE_ENTRY(PluginHost::IPlugin)
      |             ^~~~~~~~~~~~~~~
/home/kavia/workspace/code-generation/app-gateway2/AppGateway/l0test/../AppGateway.h:56:48: error: expected ‘;’ at end of member declaration
   56 |             INTERFACE_ENTRY(PluginHost::IPlugin)
      |                                                ^
      |                                                 ;
/home/kavia/workspace/code-generation/app-gateway2/AppGateway/l0test/../AppGateway.h:57:13: error: ISO C++ forbids declaration of ‘INTERFACE_ENTRY’ with no type [-fpermissive]
   57 |             INTERFACE_ENTRY(PluginHost::IDispatcher)
      |             ^~~~~~~~~~~~~~~
/home/kavia/workspace/code-generation/app-gateway2/AppGateway/l0test/../AppGateway.h:57:52: error: expected ‘;’ at end of member declaration
   57 |             INTERFACE_ENTRY(PluginHost::IDispatcher)
      |                                                    ^
      |                                                     ;
/home/kavia/workspace/code-generation/app-gateway2/AppGateway/l0test/../AppGateway.h:58:64: error: ‘mAppGateway’ has not been declared
   58 |             INTERFACE_AGGREGATE(Exchange::IAppGatewayResolver, mAppGateway)
      |                                                                ^~~~~~~~~~~
/home/kavia/workspace/code-generation/app-gateway2/AppGateway/l0test/../AppGateway.h:58:13: error: ISO C++ forbids declaration of ‘INTERFACE_AGGREGATE’ with no type [-fpermissive]
   58 |             INTERFACE_AGGREGATE(Exchange::IAppGatewayResolver, mAppGateway)
      |             ^~~~~~~~~~~~~~~~~~~
/home/kavia/workspace/code-generation/app-gateway2/AppGateway/l0test/../AppGateway.h:58:75: error: expected ‘;’ at end of member declaration
   58 |             INTERFACE_AGGREGATE(Exchange::IAppGatewayResolver, mAppGateway)
      |                                                                           ^
      |                                                                            ;
/home/kavia/workspace/code-generation/app-gateway2/AppGateway/l0test/../AppGateway.h:59:65: error: ‘mResponder’ has not been declared
   59 |             INTERFACE_AGGREGATE(Exchange::IAppGatewayResponder, mResponder)
      |                                                                 ^~~~~~~~~~
/home/kavia/workspace/code-generation/app-gateway2/AppGateway/l0test/../AppGateway.h:59:13: error: ISO C++ forbids declaration of ‘INTERFACE_AGGREGATE’ with no type [-fpermissive]
   59 |             INTERFACE_AGGREGATE(Exchange::IAppGatewayResponder, mResponder)
      |             ^~~~~~~~~~~~~~~~~~~
/home/kavia/workspace/code-generation/app-gateway2/AppGateway/l0test/../AppGateway.h:59:75: error: expected ‘;’ at end of member declaration
   59 |             INTERFACE_AGGREGATE(Exchange::IAppGatewayResponder, mResponder)
      |                                                                           ^
      |                                                                            ;
/home/kavia/workspace/code-generation/app-gateway2/AppGateway/l0test/../AppGateway.h:60:13: error: ‘END_INTERFACE_MAP’ does not name a type
   60 |             END_INTERFACE_MAP
      |             ^~~~~~~~~~~~~~~~~
/home/kavia/workspace/code-generation/app-gateway2/AppGateway/l0test/../AppGateway.h:60:13: note: the macro ‘END_INTERFACE_MAP’ had not yet been defined
In file included from /home/kavia/workspace/code-generation/dependencies/install/include/plugins/IShell.h:2,
                 from /home/kavia/workspace/code-generation/app-gateway2/AppGateway/l0test/ServiceMock.h:26,
                 from /home/kavia/workspace/code-generation/app-gateway2/AppGateway/l0test/AppGateway_JsonRpcResolveTests.cpp:9:
/home/kavia/workspace/code-generation/dependencies/install/include/WPEFramework/plugins/IShell.h:157: note: it was later defined here
  157 | #define END_INTERFACE_MAP
      | 
/home/kavia/workspace/code-generation/app-gateway2/AppGateway/l0test/../AppGateway.h:51:34: error: ‘virtual const WPEFramework::string WPEFramework::Plugin::AppGateway::Initialize(WPEFramework::PluginHost::IShell*)’ marked ‘override’, but does not override
   51 |             virtual const string Initialize(PluginHost::IShell *service) override;
      |                                  ^~~~~~~~~~
/home/kavia/workspace/code-generation/app-gateway2/AppGateway/l0test/../AppGateway.h:52:26: error: ‘virtual void WPEFramework::Plugin::AppGateway::Deinitialize(WPEFramework::PluginHost::IShell*)’ marked ‘override’, but does not override
   52 |             virtual void Deinitialize(PluginHost::IShell *service) override;
      |                          ^~~~~~~~~~~~
/home/kavia/workspace/code-generation/app-gateway2/AppGateway/l0test/../AppGateway.h:53:28: error: ‘virtual WPEFramework::string WPEFramework::Plugin::AppGateway::Information() const’ marked ‘override’, but does not override
   53 |             virtual string Information() const override { return {}; }
      |                            ^~~~~~~~~~~
In file included from /home/kavia/workspace/code-generation/dependencies/install/include/core/core.h:2,
                 from /home/kavia/workspace/code-generation/app-gateway2/AppGateway/l0test/AppGateway_JsonRpcResolveTests.cpp:5:
/home/kavia/workspace/code-generation/dependencies/install/include/WPEFramework/core/core.h:44:19: warning: ‘virtual void* WPEFramework::Core::IUnknown::QueryInterface(uint32_t)’ was hidden [-Woverloaded-virtual=]
   44 |     virtual void* QueryInterface(const uint32_t id) = 0;
      |                   ^~~~~~~~~~~~~~
/home/kavia/workspace/code-generation/dependencies/install/include/WPEFramework/plugins/IShell.h:130:16: note:   by ‘WPEFramework::PluginHost::IShell::QueryInterface()’
  130 |     INTERFACE* QueryInterface()
      |                ^~~~~~~~~~~~~~
/home/kavia/workspace/code-generation/app-gateway2/AppGateway/l0test/ServiceMock.h: In member function ‘virtual WPEFramework::Core::hresult L0Test::ResponderFake::Register(WPEFramework::Exchange::IAppGatewayResponder::INotification*)’:
/home/kavia/workspace/code-generation/app-gateway2/AppGateway/l0test/ServiceMock.h:221:26: error: no matching function for call to ‘find(std::__cxx11::list<WPEFramework::Exchange::IAppGatewayResponder::INotification*>::iterator, std::__cxx11::list<WPEFramework::Exchange::IAppGatewayResponder::INotification*>::iterator, WPEFramework::Exchange::IAppGatewayResponder::INotification*&)’
  221 |             if (std::find(_notifications.begin(), _notifications.end(), notification) == _notifications.end()) {
      |                 ~~~~~~~~~^~~~~~~~~~~~~~~~~~~~~~~~~~~~~~~~~~~~~~~~~~~~~~~~~~~~~~~~~~~~
In file included from /usr/include/c++/13/bits/locale_facets.h:48,
                 from /usr/include/c++/13/bits/basic_ios.h:37,
                 from /usr/include/c++/13/ios:46,
                 from /usr/include/c++/13/ostream:40,
                 from /usr/include/c++/13/iostream:41,
                 from /home/kavia/workspace/code-generation/app-gateway2/AppGateway/l0test/AppGateway_JsonRpcResolveTests.cpp:1:
/usr/include/c++/13/bits/streambuf_iterator.h:435:5: note: candidate: ‘template<class _CharT2> typename __gnu_cxx::__enable_if<std::__is_char<_CharT2>::__value, std::istreambuf_iterator<_CharT> >::__type std::find(istreambuf_iterator<_CharT>, istreambuf_iterator<_CharT>, const _CharT2&)’
  435 |     find(istreambuf_iterator<_CharT> __first,
      |     ^~~~
/usr/include/c++/13/bits/streambuf_iterator.h:435:5: note:   template argument deduction/substitution failed:
/home/kavia/workspace/code-generation/app-gateway2/AppGateway/l0test/ServiceMock.h:221:26: note:   ‘std::_List_iterator<WPEFramework::Exchange::IAppGatewayResponder::INotification*>’ is not derived from ‘std::istreambuf_iterator<_CharT>’
  221 |             if (std::find(_notifications.begin(), _notifications.end(), notification) == _notifications.end()) {
      |                 ~~~~~~~~~^~~~~~~~~~~~~~~~~~~~~~~~~~~~~~~~~~~~~~~~~~~~~~~~~~~~~~~~~~~~
/home/kavia/workspace/code-generation/app-gateway2/AppGateway/l0test/ServiceMock.h: In member function ‘virtual WPEFramework::Core::hresult L0Test::ResponderFake::Unregister(WPEFramework::Exchange::IAppGatewayResponder::INotification*)’:
/home/kavia/workspace/code-generation/app-gateway2/AppGateway/l0test/ServiceMock.h:233:32: error: no matching function for call to ‘find(std::__cxx11::list<WPEFramework::Exchange::IAppGatewayResponder::INotification*>::iterator, std::__cxx11::list<WPEFramework::Exchange::IAppGatewayResponder::INotification*>::iterator, WPEFramework::Exchange::IAppGatewayResponder::INotification*&)’
  233 |             auto it = std::find(_notifications.begin(), _notifications.end(), notification);
      |                       ~~~~~~~~~^~~~~~~~~~~~~~~~~~~~~~~~~~~~~~~~~~~~~~~~~~~~~~~~~~~~~~~~~~~~
/usr/include/c++/13/bits/streambuf_iterator.h:435:5: note: candidate: ‘template<class _CharT2> typename __gnu_cxx::__enable_if<std::__is_char<_CharT2>::__value, std::istreambuf_iterator<_CharT> >::__type std::find(istreambuf_iterator<_CharT>, istreambuf_iterator<_CharT>, const _CharT2&)’
  435 |     find(istreambuf_iterator<_CharT> __first,
      |     ^~~~
/usr/include/c++/13/bits/streambuf_iterator.h:435:5: note:   template argument deduction/substitution failed:
/home/kavia/workspace/code-generation/app-gateway2/AppGateway/l0test/ServiceMock.h:233:32: note:   ‘std::_List_iterator<WPEFramework::Exchange::IAppGatewayResponder::INotification*>’ is not derived from ‘std::istreambuf_iterator<_CharT>’
  233 |             auto it = std::find(_notifications.begin(), _notifications.end(), notification);
      |                       ~~~~~~~~~^~~~~~~~~~~~~~~~~~~~~~~~~~~~~~~~~~~~~~~~~~~~~~~~~~~~~~~~~~~~
/home/kavia/workspace/code-generation/app-gateway2/AppGateway/l0test/AppGateway_JsonRpcResolveTests.cpp: At global scope:
/home/kavia/workspace/code-generation/app-gateway2/AppGateway/l0test/AppGateway_JsonRpcResolveTests.cpp:62:73: warning: converting to ‘const L0Test::ServiceMock::Config’ from initializer list would use explicit constructor ‘L0Test::ServiceMock::Config::Config(bool, bool, bool)’
   62 |     explicit PluginAndService(const L0Test::ServiceMock::Config& cfg = {})
      |                                                                         ^
/home/kavia/workspace/code-generation/app-gateway2/AppGateway/l0test/AppGateway_JsonRpcResolveTests.cpp:62:73: note: in C++11 and above a default constructor can be explicit
/home/kavia/workspace/code-generation/app-gateway2/AppGateway/l0test/AppGateway_JsonRpcResolveTests.cpp: In function ‘uint32_t Test_Resolve_HappyPath_JSONRPC()’:
/home/kavia/workspace/code-generation/app-gateway2/AppGateway/l0test/AppGateway_JsonRpcResolveTests.cpp:140:22: warning: converting to ‘const L0Test::ServiceMock::Config’ from initializer list would use explicit constructor ‘L0Test::ServiceMock::Config::Config(bool, bool, bool)’
  140 |     PluginAndService ps;
      |                      ^~
/home/kavia/workspace/code-generation/app-gateway2/AppGateway/l0test/AppGateway_JsonRpcResolveTests.cpp:140:22: note: in C++11 and above a default constructor can be explicit
/home/kavia/workspace/code-generation/app-gateway2/AppGateway/l0test/AppGateway_JsonRpcResolveTests.cpp:62:66: note: in passing argument 1 of ‘{anonymous}::PluginAndService::PluginAndService(const L0Test::ServiceMock::Config&)’
   62 |     explicit PluginAndService(const L0Test::ServiceMock::Config& cfg = {})
      |                               ~~~~~~~~~~~~~~~~~~~~~~~~~~~~~~~~~~~^~~~~~~~
/home/kavia/workspace/code-generation/app-gateway2/AppGateway/l0test/AppGateway_JsonRpcResolveTests.cpp:144:60: error: expected primary-expression before ‘>’ token
  144 |     auto dispatcher = ps.plugin->QueryInterface<IDispatcher>();
      |                                                            ^
/home/kavia/workspace/code-generation/app-gateway2/AppGateway/l0test/AppGateway_JsonRpcResolveTests.cpp:144:62: error: expected primary-expression before ‘)’ token
  144 |     auto dispatcher = ps.plugin->QueryInterface<IDispatcher>();
      |                                                              ^
/home/kavia/workspace/code-generation/app-gateway2/AppGateway/l0test/AppGateway_JsonRpcResolveTests.cpp: In function ‘uint32_t Test_Resolve_MissingFields_BadRequest()’:
/home/kavia/workspace/code-generation/app-gateway2/AppGateway/l0test/AppGateway_JsonRpcResolveTests.cpp:167:22: warning: converting to ‘const L0Test::ServiceMock::Config’ from initializer list would use explicit constructor ‘L0Test::ServiceMock::Config::Config(bool, bool, bool)’
  167 |     PluginAndService ps;
      |                      ^~
/home/kavia/workspace/code-generation/app-gateway2/AppGateway/l0test/AppGateway_JsonRpcResolveTests.cpp:167:22: note: in C++11 and above a default constructor can be explicit
/home/kavia/workspace/code-generation/app-gateway2/AppGateway/l0test/AppGateway_JsonRpcResolveTests.cpp:62:66: note: in passing argument 1 of ‘{anonymous}::PluginAndService::PluginAndService(const L0Test::ServiceMock::Config&)’
   62 |     explicit PluginAndService(const L0Test::ServiceMock::Config& cfg = {})
      |                               ~~~~~~~~~~~~~~~~~~~~~~~~~~~~~~~~~~~^~~~~~~~
/home/kavia/workspace/code-generation/app-gateway2/AppGateway/l0test/AppGateway_JsonRpcResolveTests.cpp:171:60: error: expected primary-expression before ‘>’ token
  171 |     auto dispatcher = ps.plugin->QueryInterface<IDispatcher>();
      |                                                            ^
/home/kavia/workspace/code-generation/app-gateway2/AppGateway/l0test/AppGateway_JsonRpcResolveTests.cpp:171:62: error: expected primary-expression before ‘)’ token
  171 |     auto dispatcher = ps.plugin->QueryInterface<IDispatcher>();
      |                                                              ^
/home/kavia/workspace/code-generation/app-gateway2/AppGateway/l0test/AppGateway_JsonRpcResolveTests.cpp: In function ‘uint32_t Test_Resolve_ParamsEmpty_DefaultsToEmptyObject()’:
/home/kavia/workspace/code-generation/app-gateway2/AppGateway/l0test/AppGateway_JsonRpcResolveTests.cpp:225:22: warning: converting to ‘const L0Test::ServiceMock::Config’ from initializer list would use explicit constructor ‘L0Test::ServiceMock::Config::Config(bool, bool, bool)’
  225 |     PluginAndService ps;
      |                      ^~
/home/kavia/workspace/code-generation/app-gateway2/AppGateway/l0test/AppGateway_JsonRpcResolveTests.cpp:225:22: note: in C++11 and above a default constructor can be explicit
/home/kavia/workspace/code-generation/app-gateway2/AppGateway/l0test/AppGateway_JsonRpcResolveTests.cpp:62:66: note: in passing argument 1 of ‘{anonymous}::PluginAndService::PluginAndService(const L0Test::ServiceMock::Config&)’
   62 |     explicit PluginAndService(const L0Test::ServiceMock::Config& cfg = {})
      |                               ~~~~~~~~~~~~~~~~~~~~~~~~~~~~~~~~~~~^~~~~~~~
/home/kavia/workspace/code-generation/app-gateway2/AppGateway/l0test/AppGateway_JsonRpcResolveTests.cpp:229:60: error: expected primary-expression before ‘>’ token
  229 |     auto dispatcher = ps.plugin->QueryInterface<IDispatcher>();
      |                                                            ^
/home/kavia/workspace/code-generation/app-gateway2/AppGateway/l0test/AppGateway_JsonRpcResolveTests.cpp:229:62: error: expected primary-expression before ‘)’ token
  229 |     auto dispatcher = ps.plugin->QueryInterface<IDispatcher>();
      |                                                              ^
/home/kavia/workspace/code-generation/app-gateway2/AppGateway/l0test/AppGateway_JsonRpcResolveTests.cpp: In function ‘uint32_t Test_Resolve_ImplementationError_Propagates()’:
/home/kavia/workspace/code-generation/app-gateway2/AppGateway/l0test/AppGateway_JsonRpcResolveTests.cpp:253:22: warning: converting to ‘const L0Test::ServiceMock::Config’ from initializer list would use explicit constructor ‘L0Test::ServiceMock::Config::Config(bool, bool, bool)’
  253 |     PluginAndService ps;
      |                      ^~
/home/kavia/workspace/code-generation/app-gateway2/AppGateway/l0test/AppGateway_JsonRpcResolveTests.cpp:253:22: note: in C++11 and above a default constructor can be explicit
/home/kavia/workspace/code-generation/app-gateway2/AppGateway/l0test/AppGateway_JsonRpcResolveTests.cpp:62:66: note: in passing argument 1 of ‘{anonymous}::PluginAndService::PluginAndService(const L0Test::ServiceMock::Config&)’
   62 |     explicit PluginAndService(const L0Test::ServiceMock::Config& cfg = {})
      |                               ~~~~~~~~~~~~~~~~~~~~~~~~~~~~~~~~~~~^~~~~~~~
/home/kavia/workspace/code-generation/app-gateway2/AppGateway/l0test/AppGateway_JsonRpcResolveTests.cpp:257:60: error: expected primary-expression before ‘>’ token
  257 |     auto dispatcher = ps.plugin->QueryInterface<IDispatcher>();
      |                                                            ^
/home/kavia/workspace/code-generation/app-gateway2/AppGateway/l0test/AppGateway_JsonRpcResolveTests.cpp:257:62: error: expected primary-expression before ‘)’ token
  257 |     auto dispatcher = ps.plugin->QueryInterface<IDispatcher>();
      |                                                              ^
/home/kavia/workspace/code-generation/dependencies/install/include/WPEFramework/core/core.h: In instantiation of ‘static INTERFACE* WPEFramework::Core::Service<IMPLEMENTATION>::Create() [with INTERFACE = WPEFramework::PluginHost::IPlugin; IMPLEMENTATION = WPEFramework::Plugin::AppGateway]’:
/home/kavia/workspace/code-generation/app-gateway2/AppGateway/l0test/AppGateway_JsonRpcResolveTests.cpp:64:74:   required from here
/home/kavia/workspace/code-generation/dependencies/install/include/WPEFramework/core/core.h:192:16: error: invalid ‘static_cast’ from type ‘WPEFramework::Plugin::AppGateway*’ to type ‘WPEFramework::PluginHost::IPlugin*’
  192 |         return static_cast<INTERFACE*>(new IMPLEMENTATION());
      |                ^~~~~~~~~~~~~~~~~~~~~~~~~~~~~~~~~~~~~~~~~~~~~
[2/7] Building CXX object CMakeFiles/appgateway_l0test.dir/AppGateway_Init_DeinitTests.cpp.o
FAILED: CMakeFiles/appgateway_l0test.dir/AppGateway_Init_DeinitTests.cpp.o 
/usr/bin/c++ -DMODULE_NAME=AppGateway_L0Test -I/home/kavia/workspace/code-generation/app-gateway2/AppGateway/l0test -I/home/kavia/workspace/code-generation/app-gateway2/AppGateway/l0test/.. -I/home/kavia/workspace/code-generation/app-gateway2/AppGateway/l0test/../.. -I/home/kavia/workspace/code-generation/app-gateway2/AppGateway/l0test/../../helpers -I/home/kavia/workspace/code-generation/app-gateway2/AppGateway/l0test/../../../Supporting_Files -I/home/kavia/workspace/code-generation/app-gateway2/AppGateway/l0test/../../Supporting_Files -I/home/kavia/workspace/code-generation/app-gateway2/AppGateway/l0test/../../interfaces -I/home/kavia/workspace/code-generation/app-gateway2/AppGateway/l0test/../../interfaces/json -I/home/kavia/workspace/code-generation/dependencies/install/include -I/home/kavia/workspace/code-generation/dependencies/install/include/WPEFramework --coverage -O0 -g -O0 -g --coverage -Wall -Wextra -Wno-unused-parameter -o CMakeFiles/appgateway_l0test.dir/AppGateway_Init_DeinitTests.cpp.o -c /home/kavia/workspace/code-generation/app-gateway2/AppGateway/l0test/AppGateway_Init_DeinitTests.cpp
In file included from /home/kavia/workspace/code-generation/dependencies/install/include/plugins/IDispatcher.h:2,
                 from /home/kavia/workspace/code-generation/app-gateway2/AppGateway/l0test/AppGateway_Init_DeinitTests.cpp:6:
/home/kavia/workspace/code-generation/dependencies/install/include/WPEFramework/plugins/IDispatcher.h:13:35: error: ‘string’ does not name a type; did you mean ‘stdin’?
   13 |                             const string& /*designator*/, const string& /*method*/,
      |                                   ^~~~~~
      |                                   stdin
/home/kavia/workspace/code-generation/dependencies/install/include/WPEFramework/plugins/IDispatcher.h:13:65: error: ‘string’ does not name a type; did you mean ‘stdin’?
   13 |                             const string& /*designator*/, const string& /*method*/,
      |                                                                 ^~~~~~
      |                                                                 stdin
/home/kavia/workspace/code-generation/dependencies/install/include/WPEFramework/plugins/IDispatcher.h:14:35: error: ‘string’ does not name a type; did you mean ‘stdin’?
   14 |                             const string& /*parameters*/, string& /*response*/)
      |                                   ^~~~~~
      |                                   stdin
/home/kavia/workspace/code-generation/dependencies/install/include/WPEFramework/plugins/IDispatcher.h:14:59: error: ‘string’ has not been declared
   14 |                             const string& /*parameters*/, string& /*response*/)
      |                                                           ^~~~~~
In file included from /home/kavia/workspace/code-generation/app-gateway2/AppGateway/l0test/AppGateway_Init_DeinitTests.cpp:8:
/home/kavia/workspace/code-generation/app-gateway2/AppGateway/l0test/../AppGateway.h:40:54: error: expected class-name before ‘,’ token
   40 |         class AppGateway : public PluginHost::IPlugin, public PluginHost::JSONRPC {
      |                                                      ^
/home/kavia/workspace/code-generation/app-gateway2/AppGateway/l0test/../AppGateway.h:40:83: error: expected class-name before ‘{’ token
   40 |         class AppGateway : public PluginHost::IPlugin, public PluginHost::JSONRPC {
      |                                                                                   ^
/home/kavia/workspace/code-generation/app-gateway2/AppGateway/l0test/../AppGateway.h:55:13: error: ISO C++ forbids declaration of ‘BEGIN_INTERFACE_MAP’ with no type [-fpermissive]
   55 |             BEGIN_INTERFACE_MAP(AppGateway)
      |             ^~~~~~~~~~~~~~~~~~~
/home/kavia/workspace/code-generation/app-gateway2/AppGateway/l0test/../AppGateway.h:55:43: error: expected ‘;’ at end of member declaration
   55 |             BEGIN_INTERFACE_MAP(AppGateway)
      |                                           ^
      |                                            ;
/home/kavia/workspace/code-generation/app-gateway2/AppGateway/l0test/../AppGateway.h:56:29: error: ‘WPEFramework::PluginHost::IPlugin’ has not been declared
   56 |             INTERFACE_ENTRY(PluginHost::IPlugin)
      |                             ^~~~~~~~~~
/home/kavia/workspace/code-generation/app-gateway2/AppGateway/l0test/../AppGateway.h:56:13: error: ISO C++ forbids declaration of ‘INTERFACE_ENTRY’ with no type [-fpermissive]
   56 |             INTERFACE_ENTRY(PluginHost::IPlugin)
      |             ^~~~~~~~~~~~~~~
/home/kavia/workspace/code-generation/app-gateway2/AppGateway/l0test/../AppGateway.h:56:48: error: expected ‘;’ at end of member declaration
   56 |             INTERFACE_ENTRY(PluginHost::IPlugin)
      |                                                ^
      |                                                 ;
/home/kavia/workspace/code-generation/app-gateway2/AppGateway/l0test/../AppGateway.h:57:13: error: ISO C++ forbids declaration of ‘INTERFACE_ENTRY’ with no type [-fpermissive]
   57 |             INTERFACE_ENTRY(PluginHost::IDispatcher)
      |             ^~~~~~~~~~~~~~~
/home/kavia/workspace/code-generation/app-gateway2/AppGateway/l0test/../AppGateway.h:57:52: error: expected ‘;’ at end of member declaration
   57 |             INTERFACE_ENTRY(PluginHost::IDispatcher)
      |                                                    ^
      |                                                     ;
/home/kavia/workspace/code-generation/app-gateway2/AppGateway/l0test/../AppGateway.h:58:64: error: ‘mAppGateway’ has not been declared
   58 |             INTERFACE_AGGREGATE(Exchange::IAppGatewayResolver, mAppGateway)
      |                                                                ^~~~~~~~~~~
/home/kavia/workspace/code-generation/app-gateway2/AppGateway/l0test/../AppGateway.h:58:13: error: ISO C++ forbids declaration of ‘INTERFACE_AGGREGATE’ with no type [-fpermissive]
   58 |             INTERFACE_AGGREGATE(Exchange::IAppGatewayResolver, mAppGateway)
      |             ^~~~~~~~~~~~~~~~~~~
/home/kavia/workspace/code-generation/app-gateway2/AppGateway/l0test/../AppGateway.h:58:75: error: expected ‘;’ at end of member declaration
   58 |             INTERFACE_AGGREGATE(Exchange::IAppGatewayResolver, mAppGateway)
      |                                                                           ^
      |                                                                            ;
/home/kavia/workspace/code-generation/app-gateway2/AppGateway/l0test/../AppGateway.h:59:65: error: ‘mResponder’ has not been declared
   59 |             INTERFACE_AGGREGATE(Exchange::IAppGatewayResponder, mResponder)
      |                                                                 ^~~~~~~~~~
/home/kavia/workspace/code-generation/app-gateway2/AppGateway/l0test/../AppGateway.h:59:13: error: ISO C++ forbids declaration of ‘INTERFACE_AGGREGATE’ with no type [-fpermissive]
   59 |             INTERFACE_AGGREGATE(Exchange::IAppGatewayResponder, mResponder)
      |             ^~~~~~~~~~~~~~~~~~~
/home/kavia/workspace/code-generation/app-gateway2/AppGateway/l0test/../AppGateway.h:59:75: error: expected ‘;’ at end of member declaration
   59 |             INTERFACE_AGGREGATE(Exchange::IAppGatewayResponder, mResponder)
      |                                                                           ^
      |                                                                            ;
/home/kavia/workspace/code-generation/app-gateway2/AppGateway/l0test/../AppGateway.h:60:13: error: ‘END_INTERFACE_MAP’ does not name a type
   60 |             END_INTERFACE_MAP
      |             ^~~~~~~~~~~~~~~~~
/home/kavia/workspace/code-generation/app-gateway2/AppGateway/l0test/../AppGateway.h:60:13: note: the macro ‘END_INTERFACE_MAP’ had not yet been defined
In file included from /home/kavia/workspace/code-generation/dependencies/install/include/plugins/IShell.h:2,
                 from /home/kavia/workspace/code-generation/app-gateway2/AppGateway/l0test/ServiceMock.h:26,
                 from /home/kavia/workspace/code-generation/app-gateway2/AppGateway/l0test/AppGateway_Init_DeinitTests.cpp:9:
/home/kavia/workspace/code-generation/dependencies/install/include/WPEFramework/plugins/IShell.h:157: note: it was later defined here
  157 | #define END_INTERFACE_MAP
      | 
/home/kavia/workspace/code-generation/app-gateway2/AppGateway/l0test/../AppGateway.h:51:34: error: ‘virtual const WPEFramework::string WPEFramework::Plugin::AppGateway::Initialize(WPEFramework::PluginHost::IShell*)’ marked ‘override’, but does not override
   51 |             virtual const string Initialize(PluginHost::IShell *service) override;
      |                                  ^~~~~~~~~~
/home/kavia/workspace/code-generation/app-gateway2/AppGateway/l0test/../AppGateway.h:52:26: error: ‘virtual void WPEFramework::Plugin::AppGateway::Deinitialize(WPEFramework::PluginHost::IShell*)’ marked ‘override’, but does not override
   52 |             virtual void Deinitialize(PluginHost::IShell *service) override;
      |                          ^~~~~~~~~~~~
/home/kavia/workspace/code-generation/app-gateway2/AppGateway/l0test/../AppGateway.h:53:28: error: ‘virtual WPEFramework::string WPEFramework::Plugin::AppGateway::Information() const’ marked ‘override’, but does not override
   53 |             virtual string Information() const override { return {}; }
      |                            ^~~~~~~~~~~
In file included from /home/kavia/workspace/code-generation/dependencies/install/include/core/core.h:2,
                 from /home/kavia/workspace/code-generation/app-gateway2/AppGateway/l0test/AppGateway_Init_DeinitTests.cpp:5:
/home/kavia/workspace/code-generation/dependencies/install/include/WPEFramework/core/core.h:44:19: warning: ‘virtual void* WPEFramework::Core::IUnknown::QueryInterface(uint32_t)’ was hidden [-Woverloaded-virtual=]
   44 |     virtual void* QueryInterface(const uint32_t id) = 0;
      |                   ^~~~~~~~~~~~~~
/home/kavia/workspace/code-generation/dependencies/install/include/WPEFramework/plugins/IShell.h:130:16: note:   by ‘WPEFramework::PluginHost::IShell::QueryInterface()’
  130 |     INTERFACE* QueryInterface()
      |                ^~~~~~~~~~~~~~
/home/kavia/workspace/code-generation/app-gateway2/AppGateway/l0test/ServiceMock.h: In member function ‘virtual WPEFramework::Core::hresult L0Test::ResponderFake::Register(WPEFramework::Exchange::IAppGatewayResponder::INotification*)’:
/home/kavia/workspace/code-generation/app-gateway2/AppGateway/l0test/ServiceMock.h:221:26: error: no matching function for call to ‘find(std::__cxx11::list<WPEFramework::Exchange::IAppGatewayResponder::INotification*>::iterator, std::__cxx11::list<WPEFramework::Exchange::IAppGatewayResponder::INotification*>::iterator, WPEFramework::Exchange::IAppGatewayResponder::INotification*&)’
  221 |             if (std::find(_notifications.begin(), _notifications.end(), notification) == _notifications.end()) {
      |                 ~~~~~~~~~^~~~~~~~~~~~~~~~~~~~~~~~~~~~~~~~~~~~~~~~~~~~~~~~~~~~~~~~~~~~
In file included from /usr/include/c++/13/bits/locale_facets.h:48,
                 from /usr/include/c++/13/bits/basic_ios.h:37,
                 from /usr/include/c++/13/ios:46,
                 from /usr/include/c++/13/ostream:40,
                 from /usr/include/c++/13/iostream:41,
                 from /home/kavia/workspace/code-generation/app-gateway2/AppGateway/l0test/AppGateway_Init_DeinitTests.cpp:1:
/usr/include/c++/13/bits/streambuf_iterator.h:435:5: note: candidate: ‘template<class _CharT2> typename __gnu_cxx::__enable_if<std::__is_char<_CharT2>::__value, std::istreambuf_iterator<_CharT> >::__type std::find(istreambuf_iterator<_CharT>, istreambuf_iterator<_CharT>, const _CharT2&)’
  435 |     find(istreambuf_iterator<_CharT> __first,
      |     ^~~~
/usr/include/c++/13/bits/streambuf_iterator.h:435:5: note:   template argument deduction/substitution failed:
/home/kavia/workspace/code-generation/app-gateway2/AppGateway/l0test/ServiceMock.h:221:26: note:   ‘std::_List_iterator<WPEFramework::Exchange::IAppGatewayResponder::INotification*>’ is not derived from ‘std::istreambuf_iterator<_CharT>’
  221 |             if (std::find(_notifications.begin(), _notifications.end(), notification) == _notifications.end()) {
      |                 ~~~~~~~~~^~~~~~~~~~~~~~~~~~~~~~~~~~~~~~~~~~~~~~~~~~~~~~~~~~~~~~~~~~~~
/home/kavia/workspace/code-generation/app-gateway2/AppGateway/l0test/ServiceMock.h: In member function ‘virtual WPEFramework::Core::hresult L0Test::ResponderFake::Unregister(WPEFramework::Exchange::IAppGatewayResponder::INotification*)’:
/home/kavia/workspace/code-generation/app-gateway2/AppGateway/l0test/ServiceMock.h:233:32: error: no matching function for call to ‘find(std::__cxx11::list<WPEFramework::Exchange::IAppGatewayResponder::INotification*>::iterator, std::__cxx11::list<WPEFramework::Exchange::IAppGatewayResponder::INotification*>::iterator, WPEFramework::Exchange::IAppGatewayResponder::INotification*&)’
  233 |             auto it = std::find(_notifications.begin(), _notifications.end(), notification);
      |                       ~~~~~~~~~^~~~~~~~~~~~~~~~~~~~~~~~~~~~~~~~~~~~~~~~~~~~~~~~~~~~~~~~~~~~
/usr/include/c++/13/bits/streambuf_iterator.h:435:5: note: candidate: ‘template<class _CharT2> typename __gnu_cxx::__enable_if<std::__is_char<_CharT2>::__value, std::istreambuf_iterator<_CharT> >::__type std::find(istreambuf_iterator<_CharT>, istreambuf_iterator<_CharT>, const _CharT2&)’
  435 |     find(istreambuf_iterator<_CharT> __first,
      |     ^~~~
/usr/include/c++/13/bits/streambuf_iterator.h:435:5: note:   template argument deduction/substitution failed:
/home/kavia/workspace/code-generation/app-gateway2/AppGateway/l0test/ServiceMock.h:233:32: note:   ‘std::_List_iterator<WPEFramework::Exchange::IAppGatewayResponder::INotification*>’ is not derived from ‘std::istreambuf_iterator<_CharT>’
  233 |             auto it = std::find(_notifications.begin(), _notifications.end(), notification);
      |                       ~~~~~~~~~^~~~~~~~~~~~~~~~~~~~~~~~~~~~~~~~~~~~~~~~~~~~~~~~~~~~~~~~~~~~
/home/kavia/workspace/code-generation/app-gateway2/AppGateway/l0test/AppGateway_Init_DeinitTests.cpp: At global scope:
/home/kavia/workspace/code-generation/app-gateway2/AppGateway/l0test/AppGateway_Init_DeinitTests.cpp:50:73: warning: converting to ‘const L0Test::ServiceMock::Config’ from initializer list would use explicit constructor ‘L0Test::ServiceMock::Config::Config(bool, bool, bool)’
   50 |     explicit PluginAndService(const L0Test::ServiceMock::Config& cfg = {})
      |                                                                         ^
/home/kavia/workspace/code-generation/app-gateway2/AppGateway/l0test/AppGateway_Init_DeinitTests.cpp:50:73: note: in C++11 and above a default constructor can be explicit
/home/kavia/workspace/code-generation/app-gateway2/AppGateway/l0test/AppGateway_Init_DeinitTests.cpp: In function ‘uint32_t Test_Initialize_WithValidConfig_Succeeds()’:
/home/kavia/workspace/code-generation/app-gateway2/AppGateway/l0test/AppGateway_Init_DeinitTests.cpp:93:22: warning: converting to ‘const L0Test::ServiceMock::Config’ from initializer list would use explicit constructor ‘L0Test::ServiceMock::Config::Config(bool, bool, bool)’
   93 |     PluginAndService ps;
      |                      ^~
/home/kavia/workspace/code-generation/app-gateway2/AppGateway/l0test/AppGateway_Init_DeinitTests.cpp:93:22: note: in C++11 and above a default constructor can be explicit
/home/kavia/workspace/code-generation/app-gateway2/AppGateway/l0test/AppGateway_Init_DeinitTests.cpp:50:66: note: in passing argument 1 of ‘{anonymous}::PluginAndService::PluginAndService(const L0Test::ServiceMock::Config&)’
   50 |     explicit PluginAndService(const L0Test::ServiceMock::Config& cfg = {})
      |                               ~~~~~~~~~~~~~~~~~~~~~~~~~~~~~~~~~~~^~~~~~~~
/home/kavia/workspace/code-generation/app-gateway2/AppGateway/l0test/AppGateway_Init_DeinitTests.cpp:100:60: error: expected primary-expression before ‘>’ token
  100 |     auto dispatcher = ps.plugin->QueryInterface<IDispatcher>();
      |                                                            ^
/home/kavia/workspace/code-generation/app-gateway2/AppGateway/l0test/AppGateway_Init_DeinitTests.cpp:100:62: error: expected primary-expression before ‘)’ token
  100 |     auto dispatcher = ps.plugin->QueryInterface<IDispatcher>();
      |                                                              ^
/home/kavia/workspace/code-generation/app-gateway2/AppGateway/l0test/AppGateway_Init_DeinitTests.cpp: In function ‘uint32_t Test_Initialize_Twice_Idempotent()’:
/home/kavia/workspace/code-generation/app-gateway2/AppGateway/l0test/AppGateway_Init_DeinitTests.cpp:122:22: warning: converting to ‘const L0Test::ServiceMock::Config’ from initializer list would use explicit constructor ‘L0Test::ServiceMock::Config::Config(bool, bool, bool)’
  122 |     PluginAndService ps;
      |                      ^~
/home/kavia/workspace/code-generation/app-gateway2/AppGateway/l0test/AppGateway_Init_DeinitTests.cpp:122:22: note: in C++11 and above a default constructor can be explicit
/home/kavia/workspace/code-generation/app-gateway2/AppGateway/l0test/AppGateway_Init_DeinitTests.cpp:50:66: note: in passing argument 1 of ‘{anonymous}::PluginAndService::PluginAndService(const L0Test::ServiceMock::Config&)’
   50 |     explicit PluginAndService(const L0Test::ServiceMock::Config& cfg = {})
      |                               ~~~~~~~~~~~~~~~~~~~~~~~~~~~~~~~~~~~^~~~~~~~
/home/kavia/workspace/code-generation/app-gateway2/AppGateway/l0test/AppGateway_Init_DeinitTests.cpp: In function ‘uint32_t Test_Deinitialize_Twice_NoCrash()’:
/home/kavia/workspace/code-generation/app-gateway2/AppGateway/l0test/AppGateway_Init_DeinitTests.cpp:149:22: warning: converting to ‘const L0Test::ServiceMock::Config’ from initializer list would use explicit constructor ‘L0Test::ServiceMock::Config::Config(bool, bool, bool)’
  149 |     PluginAndService ps;
      |                      ^~
/home/kavia/workspace/code-generation/app-gateway2/AppGateway/l0test/AppGateway_Init_DeinitTests.cpp:149:22: note: in C++11 and above a default constructor can be explicit
/home/kavia/workspace/code-generation/app-gateway2/AppGateway/l0test/AppGateway_Init_DeinitTests.cpp:50:66: note: in passing argument 1 of ‘{anonymous}::PluginAndService::PluginAndService(const L0Test::ServiceMock::Config&)’
   50 |     explicit PluginAndService(const L0Test::ServiceMock::Config& cfg = {})
      |                               ~~~~~~~~~~~~~~~~~~~~~~~~~~~~~~~~~~~^~~~~~~~
/home/kavia/workspace/code-generation/app-gateway2/AppGateway/l0test/AppGateway_Init_DeinitTests.cpp: In function ‘uint32_t Test_JsonRpc_Registration_And_Unregistration()’:
/home/kavia/workspace/code-generation/app-gateway2/AppGateway/l0test/AppGateway_Init_DeinitTests.cpp:168:22: warning: converting to ‘const L0Test::ServiceMock::Config’ from initializer list would use explicit constructor ‘L0Test::ServiceMock::Config::Config(bool, bool, bool)’
  168 |     PluginAndService ps;
      |                      ^~
/home/kavia/workspace/code-generation/app-gateway2/AppGateway/l0test/AppGateway_Init_DeinitTests.cpp:168:22: note: in C++11 and above a default constructor can be explicit
/home/kavia/workspace/code-generation/app-gateway2/AppGateway/l0test/AppGateway_Init_DeinitTests.cpp:50:66: note: in passing argument 1 of ‘{anonymous}::PluginAndService::PluginAndService(const L0Test::ServiceMock::Config&)’
   50 |     explicit PluginAndService(const L0Test::ServiceMock::Config& cfg = {})
      |                               ~~~~~~~~~~~~~~~~~~~~~~~~~~~~~~~~~~~^~~~~~~~
/home/kavia/workspace/code-generation/app-gateway2/AppGateway/l0test/AppGateway_Init_DeinitTests.cpp:173:60: error: expected primary-expression before ‘>’ token
  173 |     auto dispatcher = ps.plugin->QueryInterface<IDispatcher>();
      |                                                            ^
/home/kavia/workspace/code-generation/app-gateway2/AppGateway/l0test/AppGateway_Init_DeinitTests.cpp:173:62: error: expected primary-expression before ‘)’ token
  173 |     auto dispatcher = ps.plugin->QueryInterface<IDispatcher>();
      |                                                              ^
/home/kavia/workspace/code-generation/app-gateway2/AppGateway/l0test/AppGateway_Init_DeinitTests.cpp:189:61: error: expected primary-expression before ‘>’ token
  189 |     auto dispatcher2 = ps.plugin->QueryInterface<IDispatcher>();
      |                                                             ^
/home/kavia/workspace/code-generation/app-gateway2/AppGateway/l0test/AppGateway_Init_DeinitTests.cpp:189:63: error: expected primary-expression before ‘)’ token
  189 |     auto dispatcher2 = ps.plugin->QueryInterface<IDispatcher>();
      |                                                               ^
/home/kavia/workspace/code-generation/dependencies/install/include/WPEFramework/core/core.h: In instantiation of ‘static INTERFACE* WPEFramework::Core::Service<IMPLEMENTATION>::Create() [with INTERFACE = WPEFramework::PluginHost::IPlugin; IMPLEMENTATION = WPEFramework::Plugin::AppGateway]’:
/home/kavia/workspace/code-generation/app-gateway2/AppGateway/l0test/AppGateway_Init_DeinitTests.cpp:52:74:   required from here
/home/kavia/workspace/code-generation/dependencies/install/include/WPEFramework/core/core.h:192:16: error: invalid ‘static_cast’ from type ‘WPEFramework::Plugin::AppGateway*’ to type ‘WPEFramework::PluginHost::IPlugin*’
  192 |         return static_cast<INTERFACE*>(new IMPLEMENTATION());
      |                ^~~~~~~~~~~~~~~~~~~~~~~~~~~~~~~~~~~~~~~~~~~~~
/home/kavia/workspace/code-generation/app-gateway2/AppGateway/l0test/AppGateway_Init_DeinitTests.cpp: At global scope:
/home/kavia/workspace/code-generation/app-gateway2/AppGateway/l0test/AppGateway_Init_DeinitTests.cpp:25:13: warning: ‘void {anonymous}::ExpectTrue(TestResult&, bool, const std::string&)’ defined but not used [-Wunused-function]
   25 | static void ExpectTrue(TestResult& tr, const bool condition, const std::string& what) {
      |             ^~~~~~~~~~
[3/7] Building CXX object CMakeFiles/appgateway_l0test.dir/AppGatewayTest.cpp.o
FAILED: CMakeFiles/appgateway_l0test.dir/AppGatewayTest.cpp.o 
/usr/bin/c++ -DMODULE_NAME=AppGateway_L0Test -I/home/kavia/workspace/code-generation/app-gateway2/AppGateway/l0test -I/home/kavia/workspace/code-generation/app-gateway2/AppGateway/l0test/.. -I/home/kavia/workspace/code-generation/app-gateway2/AppGateway/l0test/../.. -I/home/kavia/workspace/code-generation/app-gateway2/AppGateway/l0test/../../helpers -I/home/kavia/workspace/code-generation/app-gateway2/AppGateway/l0test/../../../Supporting_Files -I/home/kavia/workspace/code-generation/app-gateway2/AppGateway/l0test/../../Supporting_Files -I/home/kavia/workspace/code-generation/app-gateway2/AppGateway/l0test/../../interfaces -I/home/kavia/workspace/code-generation/app-gateway2/AppGateway/l0test/../../interfaces/json -I/home/kavia/workspace/code-generation/dependencies/install/include -I/home/kavia/workspace/code-generation/dependencies/install/include/WPEFramework --coverage -O0 -g -O0 -g --coverage -Wall -Wextra -Wno-unused-parameter -o CMakeFiles/appgateway_l0test.dir/AppGatewayTest.cpp.o -c /home/kavia/workspace/code-generation/app-gateway2/AppGateway/l0test/AppGatewayTest.cpp
In file included from /home/kavia/workspace/code-generation/dependencies/install/include/plugins/IDispatcher.h:2,
                 from /home/kavia/workspace/code-generation/app-gateway2/AppGateway/l0test/AppGatewayTest.cpp:5:
/home/kavia/workspace/code-generation/dependencies/install/include/WPEFramework/plugins/IDispatcher.h:13:35: error: ‘string’ does not name a type; did you mean ‘stdin’?
   13 |                             const string& /*designator*/, const string& /*method*/,
      |                                   ^~~~~~
      |                                   stdin
/home/kavia/workspace/code-generation/dependencies/install/include/WPEFramework/plugins/IDispatcher.h:13:65: error: ‘string’ does not name a type; did you mean ‘stdin’?
   13 |                             const string& /*designator*/, const string& /*method*/,
      |                                                                 ^~~~~~
      |                                                                 stdin
/home/kavia/workspace/code-generation/dependencies/install/include/WPEFramework/plugins/IDispatcher.h:14:35: error: ‘string’ does not name a type; did you mean ‘stdin’?
   14 |                             const string& /*parameters*/, string& /*response*/)
      |                                   ^~~~~~
      |                                   stdin
/home/kavia/workspace/code-generation/dependencies/install/include/WPEFramework/plugins/IDispatcher.h:14:59: error: ‘string’ has not been declared
   14 |                             const string& /*parameters*/, string& /*response*/)
      |                                                           ^~~~~~
In file included from /home/kavia/workspace/code-generation/app-gateway2/AppGateway/l0test/AppGatewayTest.cpp:7:
/home/kavia/workspace/code-generation/app-gateway2/AppGateway/l0test/../AppGateway.h:40:54: error: expected class-name before ‘,’ token
   40 |         class AppGateway : public PluginHost::IPlugin, public PluginHost::JSONRPC {
      |                                                      ^
/home/kavia/workspace/code-generation/app-gateway2/AppGateway/l0test/../AppGateway.h:40:83: error: expected class-name before ‘{’ token
   40 |         class AppGateway : public PluginHost::IPlugin, public PluginHost::JSONRPC {
      |                                                                                   ^
/home/kavia/workspace/code-generation/app-gateway2/AppGateway/l0test/../AppGateway.h:55:13: error: ISO C++ forbids declaration of ‘BEGIN_INTERFACE_MAP’ with no type [-fpermissive]
   55 |             BEGIN_INTERFACE_MAP(AppGateway)
      |             ^~~~~~~~~~~~~~~~~~~
/home/kavia/workspace/code-generation/app-gateway2/AppGateway/l0test/../AppGateway.h:55:43: error: expected ‘;’ at end of member declaration
   55 |             BEGIN_INTERFACE_MAP(AppGateway)
      |                                           ^
      |                                            ;
/home/kavia/workspace/code-generation/app-gateway2/AppGateway/l0test/../AppGateway.h:56:29: error: ‘WPEFramework::PluginHost::IPlugin’ has not been declared
   56 |             INTERFACE_ENTRY(PluginHost::IPlugin)
      |                             ^~~~~~~~~~
/home/kavia/workspace/code-generation/app-gateway2/AppGateway/l0test/../AppGateway.h:56:13: error: ISO C++ forbids declaration of ‘INTERFACE_ENTRY’ with no type [-fpermissive]
   56 |             INTERFACE_ENTRY(PluginHost::IPlugin)
      |             ^~~~~~~~~~~~~~~
/home/kavia/workspace/code-generation/app-gateway2/AppGateway/l0test/../AppGateway.h:56:48: error: expected ‘;’ at end of member declaration
   56 |             INTERFACE_ENTRY(PluginHost::IPlugin)
      |                                                ^
      |                                                 ;
/home/kavia/workspace/code-generation/app-gateway2/AppGateway/l0test/../AppGateway.h:57:13: error: ISO C++ forbids declaration of ‘INTERFACE_ENTRY’ with no type [-fpermissive]
   57 |             INTERFACE_ENTRY(PluginHost::IDispatcher)
      |             ^~~~~~~~~~~~~~~
/home/kavia/workspace/code-generation/app-gateway2/AppGateway/l0test/../AppGateway.h:57:52: error: expected ‘;’ at end of member declaration
   57 |             INTERFACE_ENTRY(PluginHost::IDispatcher)
      |                                                    ^
      |                                                     ;
/home/kavia/workspace/code-generation/app-gateway2/AppGateway/l0test/../AppGateway.h:58:64: error: ‘mAppGateway’ has not been declared
   58 |             INTERFACE_AGGREGATE(Exchange::IAppGatewayResolver, mAppGateway)
      |                                                                ^~~~~~~~~~~
/home/kavia/workspace/code-generation/app-gateway2/AppGateway/l0test/../AppGateway.h:58:13: error: ISO C++ forbids declaration of ‘INTERFACE_AGGREGATE’ with no type [-fpermissive]
   58 |             INTERFACE_AGGREGATE(Exchange::IAppGatewayResolver, mAppGateway)
      |             ^~~~~~~~~~~~~~~~~~~
/home/kavia/workspace/code-generation/app-gateway2/AppGateway/l0test/../AppGateway.h:58:75: error: expected ‘;’ at end of member declaration
   58 |             INTERFACE_AGGREGATE(Exchange::IAppGatewayResolver, mAppGateway)
      |                                                                           ^
      |                                                                            ;
/home/kavia/workspace/code-generation/app-gateway2/AppGateway/l0test/../AppGateway.h:59:65: error: ‘mResponder’ has not been declared
   59 |             INTERFACE_AGGREGATE(Exchange::IAppGatewayResponder, mResponder)
      |                                                                 ^~~~~~~~~~
/home/kavia/workspace/code-generation/app-gateway2/AppGateway/l0test/../AppGateway.h:59:13: error: ISO C++ forbids declaration of ‘INTERFACE_AGGREGATE’ with no type [-fpermissive]
   59 |             INTERFACE_AGGREGATE(Exchange::IAppGatewayResponder, mResponder)
      |             ^~~~~~~~~~~~~~~~~~~
/home/kavia/workspace/code-generation/app-gateway2/AppGateway/l0test/../AppGateway.h:59:75: error: expected ‘;’ at end of member declaration
   59 |             INTERFACE_AGGREGATE(Exchange::IAppGatewayResponder, mResponder)
      |                                                                           ^
      |                                                                            ;
/home/kavia/workspace/code-generation/app-gateway2/AppGateway/l0test/../AppGateway.h:60:13: error: ‘END_INTERFACE_MAP’ does not name a type
   60 |             END_INTERFACE_MAP
      |             ^~~~~~~~~~~~~~~~~
/home/kavia/workspace/code-generation/app-gateway2/AppGateway/l0test/../AppGateway.h:60:13: note: the macro ‘END_INTERFACE_MAP’ had not yet been defined
In file included from /home/kavia/workspace/code-generation/dependencies/install/include/plugins/IShell.h:2,
                 from /home/kavia/workspace/code-generation/app-gateway2/AppGateway/l0test/ServiceMock.h:26,
                 from /home/kavia/workspace/code-generation/app-gateway2/AppGateway/l0test/AppGatewayTest.cpp:8:
/home/kavia/workspace/code-generation/dependencies/install/include/WPEFramework/plugins/IShell.h:157: note: it was later defined here
  157 | #define END_INTERFACE_MAP
      | 
/home/kavia/workspace/code-generation/app-gateway2/AppGateway/l0test/../AppGateway.h:51:34: error: ‘virtual const WPEFramework::string WPEFramework::Plugin::AppGateway::Initialize(WPEFramework::PluginHost::IShell*)’ marked ‘override’, but does not override
   51 |             virtual const string Initialize(PluginHost::IShell *service) override;
      |                                  ^~~~~~~~~~
/home/kavia/workspace/code-generation/app-gateway2/AppGateway/l0test/../AppGateway.h:52:26: error: ‘virtual void WPEFramework::Plugin::AppGateway::Deinitialize(WPEFramework::PluginHost::IShell*)’ marked ‘override’, but does not override
   52 |             virtual void Deinitialize(PluginHost::IShell *service) override;
      |                          ^~~~~~~~~~~~
/home/kavia/workspace/code-generation/app-gateway2/AppGateway/l0test/../AppGateway.h:53:28: error: ‘virtual WPEFramework::string WPEFramework::Plugin::AppGateway::Information() const’ marked ‘override’, but does not override
   53 |             virtual string Information() const override { return {}; }
      |                            ^~~~~~~~~~~
In file included from /home/kavia/workspace/code-generation/dependencies/install/include/core/core.h:2,
                 from /home/kavia/workspace/code-generation/app-gateway2/AppGateway/l0test/AppGatewayTest.cpp:4:
/home/kavia/workspace/code-generation/dependencies/install/include/WPEFramework/core/core.h:44:19: warning: ‘virtual void* WPEFramework::Core::IUnknown::QueryInterface(uint32_t)’ was hidden [-Woverloaded-virtual=]
   44 |     virtual void* QueryInterface(const uint32_t id) = 0;
      |                   ^~~~~~~~~~~~~~
/home/kavia/workspace/code-generation/dependencies/install/include/WPEFramework/plugins/IShell.h:130:16: note:   by ‘WPEFramework::PluginHost::IShell::QueryInterface()’
  130 |     INTERFACE* QueryInterface()
      |                ^~~~~~~~~~~~~~
/home/kavia/workspace/code-generation/app-gateway2/AppGateway/l0test/ServiceMock.h: In member function ‘virtual WPEFramework::Core::hresult L0Test::ResponderFake::Register(WPEFramework::Exchange::IAppGatewayResponder::INotification*)’:
/home/kavia/workspace/code-generation/app-gateway2/AppGateway/l0test/ServiceMock.h:221:26: error: no matching function for call to ‘find(std::__cxx11::list<WPEFramework::Exchange::IAppGatewayResponder::INotification*>::iterator, std::__cxx11::list<WPEFramework::Exchange::IAppGatewayResponder::INotification*>::iterator, WPEFramework::Exchange::IAppGatewayResponder::INotification*&)’
  221 |             if (std::find(_notifications.begin(), _notifications.end(), notification) == _notifications.end()) {
      |                 ~~~~~~~~~^~~~~~~~~~~~~~~~~~~~~~~~~~~~~~~~~~~~~~~~~~~~~~~~~~~~~~~~~~~~
In file included from /usr/include/c++/13/bits/locale_facets.h:48,
                 from /usr/include/c++/13/bits/basic_ios.h:37,
                 from /usr/include/c++/13/ios:46,
                 from /usr/include/c++/13/ostream:40,
                 from /usr/include/c++/13/iostream:41,
                 from /home/kavia/workspace/code-generation/app-gateway2/AppGateway/l0test/AppGatewayTest.cpp:1:
/usr/include/c++/13/bits/streambuf_iterator.h:435:5: note: candidate: ‘template<class _CharT2> typename __gnu_cxx::__enable_if<std::__is_char<_CharT2>::__value, std::istreambuf_iterator<_CharT> >::__type std::find(istreambuf_iterator<_CharT>, istreambuf_iterator<_CharT>, const _CharT2&)’
  435 |     find(istreambuf_iterator<_CharT> __first,
      |     ^~~~
/usr/include/c++/13/bits/streambuf_iterator.h:435:5: note:   template argument deduction/substitution failed:
/home/kavia/workspace/code-generation/app-gateway2/AppGateway/l0test/ServiceMock.h:221:26: note:   ‘std::_List_iterator<WPEFramework::Exchange::IAppGatewayResponder::INotification*>’ is not derived from ‘std::istreambuf_iterator<_CharT>’
  221 |             if (std::find(_notifications.begin(), _notifications.end(), notification) == _notifications.end()) {
      |                 ~~~~~~~~~^~~~~~~~~~~~~~~~~~~~~~~~~~~~~~~~~~~~~~~~~~~~~~~~~~~~~~~~~~~~
/home/kavia/workspace/code-generation/app-gateway2/AppGateway/l0test/ServiceMock.h: In member function ‘virtual WPEFramework::Core::hresult L0Test::ResponderFake::Unregister(WPEFramework::Exchange::IAppGatewayResponder::INotification*)’:
/home/kavia/workspace/code-generation/app-gateway2/AppGateway/l0test/ServiceMock.h:233:32: error: no matching function for call to ‘find(std::__cxx11::list<WPEFramework::Exchange::IAppGatewayResponder::INotification*>::iterator, std::__cxx11::list<WPEFramework::Exchange::IAppGatewayResponder::INotification*>::iterator, WPEFramework::Exchange::IAppGatewayResponder::INotification*&)’
  233 |             auto it = std::find(_notifications.begin(), _notifications.end(), notification);
      |                       ~~~~~~~~~^~~~~~~~~~~~~~~~~~~~~~~~~~~~~~~~~~~~~~~~~~~~~~~~~~~~~~~~~~~~
/usr/include/c++/13/bits/streambuf_iterator.h:435:5: note: candidate: ‘template<class _CharT2> typename __gnu_cxx::__enable_if<std::__is_char<_CharT2>::__value, std::istreambuf_iterator<_CharT> >::__type std::find(istreambuf_iterator<_CharT>, istreambuf_iterator<_CharT>, const _CharT2&)’
  435 |     find(istreambuf_iterator<_CharT> __first,
      |     ^~~~
/usr/include/c++/13/bits/streambuf_iterator.h:435:5: note:   template argument deduction/substitution failed:
/home/kavia/workspace/code-generation/app-gateway2/AppGateway/l0test/ServiceMock.h:233:32: note:   ‘std::_List_iterator<WPEFramework::Exchange::IAppGatewayResponder::INotification*>’ is not derived from ‘std::istreambuf_iterator<_CharT>’
  233 |             auto it = std::find(_notifications.begin(), _notifications.end(), notification);
      |                       ~~~~~~~~~^~~~~~~~~~~~~~~~~~~~~~~~~~~~~~~~~~~~~~~~~~~~~~~~~~~~~~~~~~~~
In file included from /home/kavia/workspace/code-generation/app-gateway2/AppGateway/l0test/AppGatewayTest.cpp:11:
/home/kavia/workspace/code-generation/app-gateway2/AppGateway/l0test/../../Supporting_Files/ContextUtils.h: At global scope:
/home/kavia/workspace/code-generation/app-gateway2/AppGateway/l0test/../../Supporting_Files/ContextUtils.h:36:115: error: ‘AppNotificationContext’ in ‘struct WPEFramework::Exchange::IAppNotifications’ does not name a type
   36 |         static Exchange::GatewayContext ConvertNotificationToAppGatewayContext(const Exchange::IAppNotifications::AppNotificationContext& notificationsContext){
      |                                                                                                                   ^~~~~~~~~~~~~~~~~~~~~~
/home/kavia/workspace/code-generation/app-gateway2/AppGateway/l0test/../../Supporting_Files/ContextUtils.h:47:119: error: ‘AppNotificationContext’ in ‘struct WPEFramework::Exchange::IAppNotifications’ does not name a type
   47 |         static Exchange::GatewayContext ConvertNotificationToLaunchDelegateContext(const Exchange::IAppNotifications::AppNotificationContext& notificationsContext){
      |                                                                                                                       ^~~~~~~~~~~~~~~~~~~~~~
/home/kavia/workspace/code-generation/app-gateway2/AppGateway/l0test/../../Supporting_Files/ContextUtils.h:57:45: error: ‘AppNotificationContext’ in ‘struct WPEFramework::Exchange::IAppNotifications’ does not name a type
   57 |         static Exchange::IAppNotifications::AppNotificationContext ConvertAppGatewayToNotificationContext(const Exchange::GatewayContext& appGatewayContext, const string& origin){
      |                                             ^~~~~~~~~~~~~~~~~~~~~~
/home/kavia/workspace/code-generation/app-gateway2/AppGateway/l0test/../../Supporting_Files/ContextUtils.h:68:44: error: ‘Context’ in ‘struct WPEFramework::Exchange::IApp2AppProvider’ does not name a type
   68 |         static Exchange::IApp2AppProvider::Context ConvertAppGatewayToProviderContext(const Exchange::GatewayContext& appGatewayContext, const string& origin){
      |                                            ^~~~~~~
/home/kavia/workspace/code-generation/app-gateway2/AppGateway/l0test/../../Supporting_Files/ContextUtils.h:78:110: error: ‘Context’ in ‘struct WPEFramework::Exchange::IApp2AppProvider’ does not name a type
   78 |         static Exchange::GatewayContext ConvertProviderToAppGatewayContext(const Exchange::IApp2AppProvider::Context& context){
      |                                                                                                              ^~~~~~~
/home/kavia/workspace/code-generation/app-gateway2/AppGateway/l0test/../../Supporting_Files/ContextUtils.h:87:114: error: ‘Context’ in ‘struct WPEFramework::Exchange::IApp2AppProvider’ does not name a type
   87 |         static Exchange::GatewayContext ConvertProviderToLaunchDelegateContext(const Exchange::IApp2AppProvider::Context& context){
      |                                                                                                                  ^~~~~~~
/home/kavia/workspace/code-generation/app-gateway2/AppGateway/l0test/../../Supporting_Files/ContextUtils.h: In static member function ‘static WPEFramework::Exchange::GatewayContext ContextUtils::ConvertNotificationToAppGatewayContext(const int&)’:
/home/kavia/workspace/code-generation/app-gateway2/AppGateway/l0test/../../Supporting_Files/ContextUtils.h:39:64: error: request for member ‘requestId’ in ‘notificationsContext’, which is of non-class type ‘const int’
   39 |             appGatewayContext.requestId = notificationsContext.requestId;
      |                                                                ^~~~~~~~~
/home/kavia/workspace/code-generation/app-gateway2/AppGateway/l0test/../../Supporting_Files/ContextUtils.h:40:67: error: request for member ‘connectionId’ in ‘notificationsContext’, which is of non-class type ‘const int’
   40 |             appGatewayContext.connectionId = notificationsContext.connectionId;
      |                                                                   ^~~~~~~~~~~~
/home/kavia/workspace/code-generation/app-gateway2/AppGateway/l0test/../../Supporting_Files/ContextUtils.h:41:60: error: request for member ‘appId’ in ‘notificationsContext’, which is of non-class type ‘const int’
   41 |             appGatewayContext.appId = notificationsContext.appId;
      |                                                            ^~~~~
/home/kavia/workspace/code-generation/app-gateway2/AppGateway/l0test/../../Supporting_Files/ContextUtils.h: In static member function ‘static WPEFramework::Exchange::GatewayContext ContextUtils::ConvertNotificationToLaunchDelegateContext(const int&)’:
/home/kavia/workspace/code-generation/app-gateway2/AppGateway/l0test/../../Supporting_Files/ContextUtils.h:50:68: error: request for member ‘requestId’ in ‘notificationsContext’, which is of non-class type ‘const int’
   50 |             launchDelegateContext.requestId = notificationsContext.requestId;
      |                                                                    ^~~~~~~~~
/home/kavia/workspace/code-generation/app-gateway2/AppGateway/l0test/../../Supporting_Files/ContextUtils.h:51:71: error: request for member ‘connectionId’ in ‘notificationsContext’, which is of non-class type ‘const int’
   51 |             launchDelegateContext.connectionId = notificationsContext.connectionId;
      |                                                                       ^~~~~~~~~~~~
/home/kavia/workspace/code-generation/app-gateway2/AppGateway/l0test/../../Supporting_Files/ContextUtils.h:52:64: error: request for member ‘appId’ in ‘notificationsContext’, which is of non-class type ‘const int’
   52 |             launchDelegateContext.appId = notificationsContext.appId;
      |                                                                ^~~~~
/home/kavia/workspace/code-generation/app-gateway2/AppGateway/l0test/../../Supporting_Files/ContextUtils.h: In static member function ‘static WPEFramework::Exchange::GatewayContext ContextUtils::ConvertProviderToAppGatewayContext(const int&)’:
/home/kavia/workspace/code-generation/app-gateway2/AppGateway/l0test/../../Supporting_Files/ContextUtils.h:81:51: error: request for member ‘requestId’ in ‘context’, which is of non-class type ‘const int’
   81 |             appGatewayContext.requestId = context.requestId;
      |                                                   ^~~~~~~~~
/home/kavia/workspace/code-generation/app-gateway2/AppGateway/l0test/../../Supporting_Files/ContextUtils.h:82:54: error: request for member ‘connectionId’ in ‘context’, which is of non-class type ‘const int’
   82 |             appGatewayContext.connectionId = context.connectionId;
      |                                                      ^~~~~~~~~~~~
/home/kavia/workspace/code-generation/app-gateway2/AppGateway/l0test/../../Supporting_Files/ContextUtils.h:83:47: error: request for member ‘appId’ in ‘context’, which is of non-class type ‘const int’
   83 |             appGatewayContext.appId = context.appId;
      |                                               ^~~~~
/home/kavia/workspace/code-generation/app-gateway2/AppGateway/l0test/../../Supporting_Files/ContextUtils.h: In static member function ‘static WPEFramework::Exchange::GatewayContext ContextUtils::ConvertProviderToLaunchDelegateContext(const int&)’:
/home/kavia/workspace/code-generation/app-gateway2/AppGateway/l0test/../../Supporting_Files/ContextUtils.h:90:55: error: request for member ‘requestId’ in ‘context’, which is of non-class type ‘const int’
   90 |             launchDelegateContext.requestId = context.requestId;
      |                                                       ^~~~~~~~~
/home/kavia/workspace/code-generation/app-gateway2/AppGateway/l0test/../../Supporting_Files/ContextUtils.h:91:58: error: request for member ‘connectionId’ in ‘context’, which is of non-class type ‘const int’
   91 |             launchDelegateContext.connectionId = context.connectionId;
      |                                                          ^~~~~~~~~~~~
/home/kavia/workspace/code-generation/app-gateway2/AppGateway/l0test/../../Supporting_Files/ContextUtils.h:92:51: error: request for member ‘appId’ in ‘context’, which is of non-class type ‘const int’
   92 |             launchDelegateContext.appId = context.appId;
      |                                                   ^~~~~
/home/kavia/workspace/code-generation/app-gateway2/AppGateway/l0test/AppGatewayTest.cpp: At global scope:
/home/kavia/workspace/code-generation/app-gateway2/AppGateway/l0test/AppGatewayTest.cpp:241:73: warning: converting to ‘const L0Test::ServiceMock::Config’ from initializer list would use explicit constructor ‘L0Test::ServiceMock::Config::Config(bool, bool, bool)’
  241 |     explicit PluginAndService(const L0Test::ServiceMock::Config& cfg = {})
      |                                                                         ^
/home/kavia/workspace/code-generation/app-gateway2/AppGateway/l0test/AppGatewayTest.cpp:241:73: note: in C++11 and above a default constructor can be explicit
/home/kavia/workspace/code-generation/app-gateway2/AppGateway/l0test/AppGatewayTest.cpp: In function ‘uint32_t Test_Initialize_Deinitialize_HappyPath()’:
/home/kavia/workspace/code-generation/app-gateway2/AppGateway/l0test/AppGatewayTest.cpp:277:22: warning: converting to ‘const L0Test::ServiceMock::Config’ from initializer list would use explicit constructor ‘L0Test::ServiceMock::Config::Config(bool, bool, bool)’
  277 |     PluginAndService ps;
      |                      ^~
/home/kavia/workspace/code-generation/app-gateway2/AppGateway/l0test/AppGatewayTest.cpp:277:22: note: in C++11 and above a default constructor can be explicit
/home/kavia/workspace/code-generation/app-gateway2/AppGateway/l0test/AppGatewayTest.cpp:241:66: note: in passing argument 1 of ‘{anonymous}::PluginAndService::PluginAndService(const L0Test::ServiceMock::Config&)’
  241 |     explicit PluginAndService(const L0Test::ServiceMock::Config& cfg = {})
      |                               ~~~~~~~~~~~~~~~~~~~~~~~~~~~~~~~~~~~^~~~~~~~
/home/kavia/workspace/code-generation/app-gateway2/AppGateway/l0test/AppGatewayTest.cpp:282:60: error: expected primary-expression before ‘>’ token
  282 |     auto dispatcher = ps.plugin->QueryInterface<IDispatcher>();
      |                                                            ^
/home/kavia/workspace/code-generation/app-gateway2/AppGateway/l0test/AppGatewayTest.cpp:282:62: error: expected primary-expression before ‘)’ token
  282 |     auto dispatcher = ps.plugin->QueryInterface<IDispatcher>();
      |                                                              ^
/home/kavia/workspace/code-generation/app-gateway2/AppGateway/l0test/AppGatewayTest.cpp: In function ‘uint32_t Test_JsonRpcResolve_Success()’:
/home/kavia/workspace/code-generation/app-gateway2/AppGateway/l0test/AppGatewayTest.cpp:295:22: warning: converting to ‘const L0Test::ServiceMock::Config’ from initializer list would use explicit constructor ‘L0Test::ServiceMock::Config::Config(bool, bool, bool)’
  295 |     PluginAndService ps;
      |                      ^~
/home/kavia/workspace/code-generation/app-gateway2/AppGateway/l0test/AppGatewayTest.cpp:295:22: note: in C++11 and above a default constructor can be explicit
/home/kavia/workspace/code-generation/app-gateway2/AppGateway/l0test/AppGatewayTest.cpp:241:66: note: in passing argument 1 of ‘{anonymous}::PluginAndService::PluginAndService(const L0Test::ServiceMock::Config&)’
  241 |     explicit PluginAndService(const L0Test::ServiceMock::Config& cfg = {})
      |                               ~~~~~~~~~~~~~~~~~~~~~~~~~~~~~~~~~~~^~~~~~~~
/home/kavia/workspace/code-generation/app-gateway2/AppGateway/l0test/AppGatewayTest.cpp:300:60: error: expected primary-expression before ‘>’ token
  300 |     auto dispatcher = ps.plugin->QueryInterface<IDispatcher>();
      |                                                            ^
/home/kavia/workspace/code-generation/app-gateway2/AppGateway/l0test/AppGatewayTest.cpp:300:62: error: expected primary-expression before ‘)’ token
  300 |     auto dispatcher = ps.plugin->QueryInterface<IDispatcher>();
      |                                                              ^
/home/kavia/workspace/code-generation/app-gateway2/AppGateway/l0test/AppGatewayTest.cpp: In function ‘uint32_t Test_DirectResolver_Success()’:
/home/kavia/workspace/code-generation/app-gateway2/AppGateway/l0test/AppGatewayTest.cpp:321:22: warning: converting to ‘const L0Test::ServiceMock::Config’ from initializer list would use explicit constructor ‘L0Test::ServiceMock::Config::Config(bool, bool, bool)’
  321 |     PluginAndService ps;
      |                      ^~
/home/kavia/workspace/code-generation/app-gateway2/AppGateway/l0test/AppGatewayTest.cpp:321:22: note: in C++11 and above a default constructor can be explicit
/home/kavia/workspace/code-generation/app-gateway2/AppGateway/l0test/AppGatewayTest.cpp:241:66: note: in passing argument 1 of ‘{anonymous}::PluginAndService::PluginAndService(const L0Test::ServiceMock::Config&)’
  241 |     explicit PluginAndService(const L0Test::ServiceMock::Config& cfg = {})
      |                               ~~~~~~~~~~~~~~~~~~~~~~~~~~~~~~~~~~~^~~~~~~~
/home/kavia/workspace/code-generation/app-gateway2/AppGateway/l0test/AppGatewayTest.cpp: In function ‘uint32_t Test_JsonRpcResolve_Error_NotPermitted()’:
/home/kavia/workspace/code-generation/app-gateway2/AppGateway/l0test/AppGatewayTest.cpp:352:22: warning: converting to ‘const L0Test::ServiceMock::Config’ from initializer list would use explicit constructor ‘L0Test::ServiceMock::Config::Config(bool, bool, bool)’
  352 |     PluginAndService ps;
      |                      ^~
/home/kavia/workspace/code-generation/app-gateway2/AppGateway/l0test/AppGatewayTest.cpp:352:22: note: in C++11 and above a default constructor can be explicit
/home/kavia/workspace/code-generation/app-gateway2/AppGateway/l0test/AppGatewayTest.cpp:241:66: note: in passing argument 1 of ‘{anonymous}::PluginAndService::PluginAndService(const L0Test::ServiceMock::Config&)’
  241 |     explicit PluginAndService(const L0Test::ServiceMock::Config& cfg = {})
      |                               ~~~~~~~~~~~~~~~~~~~~~~~~~~~~~~~~~~~^~~~~~~~
/home/kavia/workspace/code-generation/app-gateway2/AppGateway/l0test/AppGatewayTest.cpp:357:60: error: expected primary-expression before ‘>’ token
  357 |     auto dispatcher = ps.plugin->QueryInterface<IDispatcher>();
      |                                                            ^
/home/kavia/workspace/code-generation/app-gateway2/AppGateway/l0test/AppGatewayTest.cpp:357:62: error: expected primary-expression before ‘)’ token
  357 |     auto dispatcher = ps.plugin->QueryInterface<IDispatcher>();
      |                                                              ^
/home/kavia/workspace/code-generation/app-gateway2/AppGateway/l0test/AppGatewayTest.cpp: In function ‘uint32_t Test_JsonRpcResolve_Error_NotSupported()’:
/home/kavia/workspace/code-generation/app-gateway2/AppGateway/l0test/AppGatewayTest.cpp:375:22: warning: converting to ‘const L0Test::ServiceMock::Config’ from initializer list would use explicit constructor ‘L0Test::ServiceMock::Config::Config(bool, bool, bool)’
  375 |     PluginAndService ps;
      |                      ^~
/home/kavia/workspace/code-generation/app-gateway2/AppGateway/l0test/AppGatewayTest.cpp:375:22: note: in C++11 and above a default constructor can be explicit
/home/kavia/workspace/code-generation/app-gateway2/AppGateway/l0test/AppGatewayTest.cpp:241:66: note: in passing argument 1 of ‘{anonymous}::PluginAndService::PluginAndService(const L0Test::ServiceMock::Config&)’
  241 |     explicit PluginAndService(const L0Test::ServiceMock::Config& cfg = {})
      |                               ~~~~~~~~~~~~~~~~~~~~~~~~~~~~~~~~~~~^~~~~~~~
/home/kavia/workspace/code-generation/app-gateway2/AppGateway/l0test/AppGatewayTest.cpp:380:60: error: expected primary-expression before ‘>’ token
  380 |     auto dispatcher = ps.plugin->QueryInterface<IDispatcher>();
      |                                                            ^
/home/kavia/workspace/code-generation/app-gateway2/AppGateway/l0test/AppGatewayTest.cpp:380:62: error: expected primary-expression before ‘)’ token
  380 |     auto dispatcher = ps.plugin->QueryInterface<IDispatcher>();
      |                                                              ^
/home/kavia/workspace/code-generation/app-gateway2/AppGateway/l0test/AppGatewayTest.cpp: In function ‘uint32_t Test_JsonRpcResolve_Error_NotAvailable()’:
/home/kavia/workspace/code-generation/app-gateway2/AppGateway/l0test/AppGatewayTest.cpp:398:22: warning: converting to ‘const L0Test::ServiceMock::Config’ from initializer list would use explicit constructor ‘L0Test::ServiceMock::Config::Config(bool, bool, bool)’
  398 |     PluginAndService ps;
      |                      ^~
/home/kavia/workspace/code-generation/app-gateway2/AppGateway/l0test/AppGatewayTest.cpp:398:22: note: in C++11 and above a default constructor can be explicit
/home/kavia/workspace/code-generation/app-gateway2/AppGateway/l0test/AppGatewayTest.cpp:241:66: note: in passing argument 1 of ‘{anonymous}::PluginAndService::PluginAndService(const L0Test::ServiceMock::Config&)’
  241 |     explicit PluginAndService(const L0Test::ServiceMock::Config& cfg = {})
      |                               ~~~~~~~~~~~~~~~~~~~~~~~~~~~~~~~~~~~^~~~~~~~
/home/kavia/workspace/code-generation/app-gateway2/AppGateway/l0test/AppGatewayTest.cpp:403:60: error: expected primary-expression before ‘>’ token
  403 |     auto dispatcher = ps.plugin->QueryInterface<IDispatcher>();
      |                                                            ^
/home/kavia/workspace/code-generation/app-gateway2/AppGateway/l0test/AppGatewayTest.cpp:403:62: error: expected primary-expression before ‘)’ token
  403 |     auto dispatcher = ps.plugin->QueryInterface<IDispatcher>();
      |                                                              ^
/home/kavia/workspace/code-generation/app-gateway2/AppGateway/l0test/AppGatewayTest.cpp: In function ‘uint32_t Test_JsonRpcResolve_Error_MalformedInput()’:
/home/kavia/workspace/code-generation/app-gateway2/AppGateway/l0test/AppGatewayTest.cpp:421:22: warning: converting to ‘const L0Test::ServiceMock::Config’ from initializer list would use explicit constructor ‘L0Test::ServiceMock::Config::Config(bool, bool, bool)’
  421 |     PluginAndService ps;
      |                      ^~
/home/kavia/workspace/code-generation/app-gateway2/AppGateway/l0test/AppGatewayTest.cpp:421:22: note: in C++11 and above a default constructor can be explicit
/home/kavia/workspace/code-generation/app-gateway2/AppGateway/l0test/AppGatewayTest.cpp:241:66: note: in passing argument 1 of ‘{anonymous}::PluginAndService::PluginAndService(const L0Test::ServiceMock::Config&)’
  241 |     explicit PluginAndService(const L0Test::ServiceMock::Config& cfg = {})
      |                               ~~~~~~~~~~~~~~~~~~~~~~~~~~~~~~~~~~~^~~~~~~~
/home/kavia/workspace/code-generation/app-gateway2/AppGateway/l0test/AppGatewayTest.cpp:426:60: error: expected primary-expression before ‘>’ token
  426 |     auto dispatcher = ps.plugin->QueryInterface<IDispatcher>();
      |                                                            ^
/home/kavia/workspace/code-generation/app-gateway2/AppGateway/l0test/AppGatewayTest.cpp:426:62: error: expected primary-expression before ‘)’ token
  426 |     auto dispatcher = ps.plugin->QueryInterface<IDispatcher>();
      |                                                              ^
/home/kavia/workspace/code-generation/app-gateway2/AppGateway/l0test/AppGatewayTest.cpp: In function ‘uint32_t Test_JsonRpcResolve_Error_MissingHandler_WhenResolverMissing()’:
/home/kavia/workspace/code-generation/app-gateway2/AppGateway/l0test/AppGatewayTest.cpp:452:60: error: expected primary-expression before ‘>’ token
  452 |     auto dispatcher = ps.plugin->QueryInterface<IDispatcher>();
      |                                                            ^
/home/kavia/workspace/code-generation/app-gateway2/AppGateway/l0test/AppGatewayTest.cpp:452:62: error: expected primary-expression before ‘)’ token
  452 |     auto dispatcher = ps.plugin->QueryInterface<IDispatcher>();
      |                                                              ^
/home/kavia/workspace/code-generation/app-gateway2/AppGateway/l0test/AppGatewayTest.cpp: In function ‘uint32_t Test_ContextUtils_Conversions()’:
/home/kavia/workspace/code-generation/app-gateway2/AppGateway/l0test/AppGatewayTest.cpp:480:32: error: ‘ConvertAppGatewayToNotificationContext’ is not a member of ‘ContextUtils’
  480 |     auto notif = ContextUtils::ConvertAppGatewayToNotificationContext(gw, origin);
      |                                ^~~~~~~~~~~~~~~~~~~~~~~~~~~~~~~~~~~~~~
/home/kavia/workspace/code-generation/app-gateway2/AppGateway/l0test/AppGatewayTest.cpp:491:35: error: ‘ConvertAppGatewayToProviderContext’ is not a member of ‘ContextUtils’
  491 |     auto provider = ContextUtils::ConvertAppGatewayToProviderContext(gw, origin);
      |                                   ^~~~~~~~~~~~~~~~~~~~~~~~~~~~~~~~~~
/home/kavia/workspace/code-generation/dependencies/install/include/WPEFramework/core/core.h: In instantiation of ‘static INTERFACE* WPEFramework::Core::Service<IMPLEMENTATION>::Create() [with INTERFACE = WPEFramework::PluginHost::IPlugin; IMPLEMENTATION = WPEFramework::Plugin::AppGateway]’:
/home/kavia/workspace/code-generation/app-gateway2/AppGateway/l0test/AppGatewayTest.cpp:243:74:   required from here
/home/kavia/workspace/code-generation/dependencies/install/include/WPEFramework/core/core.h:192:16: error: invalid ‘static_cast’ from type ‘WPEFramework::Plugin::AppGateway*’ to type ‘WPEFramework::PluginHost::IPlugin*’
  192 |         return static_cast<INTERFACE*>(new IMPLEMENTATION());
      |                ^~~~~~~~~~~~~~~~~~~~~~~~~~~~~~~~~~~~~~~~~~~~~
[4/7] Building CXX object CMakeFiles/appgateway_l0test.dir/Responder_BehaviorTests.cpp.o
FAILED: CMakeFiles/appgateway_l0test.dir/Responder_BehaviorTests.cpp.o 
/usr/bin/c++ -DMODULE_NAME=AppGateway_L0Test -I/home/kavia/workspace/code-generation/app-gateway2/AppGateway/l0test -I/home/kavia/workspace/code-generation/app-gateway2/AppGateway/l0test/.. -I/home/kavia/workspace/code-generation/app-gateway2/AppGateway/l0test/../.. -I/home/kavia/workspace/code-generation/app-gateway2/AppGateway/l0test/../../helpers -I/home/kavia/workspace/code-generation/app-gateway2/AppGateway/l0test/../../../Supporting_Files -I/home/kavia/workspace/code-generation/app-gateway2/AppGateway/l0test/../../Supporting_Files -I/home/kavia/workspace/code-generation/app-gateway2/AppGateway/l0test/../../interfaces -I/home/kavia/workspace/code-generation/app-gateway2/AppGateway/l0test/../../interfaces/json -I/home/kavia/workspace/code-generation/dependencies/install/include -I/home/kavia/workspace/code-generation/dependencies/install/include/WPEFramework --coverage -O0 -g -O0 -g --coverage -Wall -Wextra -Wno-unused-parameter -o CMakeFiles/appgateway_l0test.dir/Responder_BehaviorTests.cpp.o -c /home/kavia/workspace/code-generation/app-gateway2/AppGateway/l0test/Responder_BehaviorTests.cpp
In file included from /home/kavia/workspace/code-generation/app-gateway2/AppGateway/l0test/Responder_BehaviorTests.cpp:6:
/home/kavia/workspace/code-generation/app-gateway2/AppGateway/l0test/../AppGateway.h:40:54: error: expected class-name before ‘,’ token
   40 |         class AppGateway : public PluginHost::IPlugin, public PluginHost::JSONRPC {
      |                                                      ^
/home/kavia/workspace/code-generation/app-gateway2/AppGateway/l0test/../AppGateway.h:40:83: error: expected class-name before ‘{’ token
   40 |         class AppGateway : public PluginHost::IPlugin, public PluginHost::JSONRPC {
      |                                                                                   ^
/home/kavia/workspace/code-generation/app-gateway2/AppGateway/l0test/../AppGateway.h:55:13: error: ISO C++ forbids declaration of ‘BEGIN_INTERFACE_MAP’ with no type [-fpermissive]
   55 |             BEGIN_INTERFACE_MAP(AppGateway)
      |             ^~~~~~~~~~~~~~~~~~~
/home/kavia/workspace/code-generation/app-gateway2/AppGateway/l0test/../AppGateway.h:55:43: error: expected ‘;’ at end of member declaration
   55 |             BEGIN_INTERFACE_MAP(AppGateway)
      |                                           ^
      |                                            ;
/home/kavia/workspace/code-generation/app-gateway2/AppGateway/l0test/../AppGateway.h:56:29: error: ‘WPEFramework::PluginHost::IPlugin’ has not been declared
   56 |             INTERFACE_ENTRY(PluginHost::IPlugin)
      |                             ^~~~~~~~~~
/home/kavia/workspace/code-generation/app-gateway2/AppGateway/l0test/../AppGateway.h:56:13: error: ISO C++ forbids declaration of ‘INTERFACE_ENTRY’ with no type [-fpermissive]
   56 |             INTERFACE_ENTRY(PluginHost::IPlugin)
      |             ^~~~~~~~~~~~~~~
/home/kavia/workspace/code-generation/app-gateway2/AppGateway/l0test/../AppGateway.h:56:48: error: expected ‘;’ at end of member declaration
   56 |             INTERFACE_ENTRY(PluginHost::IPlugin)
      |                                                ^
      |                                                 ;
/home/kavia/workspace/code-generation/app-gateway2/AppGateway/l0test/../AppGateway.h:57:29: error: ‘WPEFramework::PluginHost::IDispatcher’ has not been declared
   57 |             INTERFACE_ENTRY(PluginHost::IDispatcher)
      |                             ^~~~~~~~~~
/home/kavia/workspace/code-generation/app-gateway2/AppGateway/l0test/../AppGateway.h:57:13: error: ISO C++ forbids declaration of ‘INTERFACE_ENTRY’ with no type [-fpermissive]
   57 |             INTERFACE_ENTRY(PluginHost::IDispatcher)
      |             ^~~~~~~~~~~~~~~
/home/kavia/workspace/code-generation/app-gateway2/AppGateway/l0test/../AppGateway.h:57:52: error: expected ‘;’ at end of member declaration
   57 |             INTERFACE_ENTRY(PluginHost::IDispatcher)
      |                                                    ^
      |                                                     ;
/home/kavia/workspace/code-generation/app-gateway2/AppGateway/l0test/../AppGateway.h:57:13: error: ‘int WPEFramework::Plugin::AppGateway::INTERFACE_ENTRY(int)’ cannot be overloaded with ‘int WPEFramework::Plugin::AppGateway::INTERFACE_ENTRY(int)’
   57 |             INTERFACE_ENTRY(PluginHost::IDispatcher)
      |             ^~~~~~~~~~~~~~~
/home/kavia/workspace/code-generation/app-gateway2/AppGateway/l0test/../AppGateway.h:56:13: note: previous declaration ‘int WPEFramework::Plugin::AppGateway::INTERFACE_ENTRY(int)’
   56 |             INTERFACE_ENTRY(PluginHost::IPlugin)
      |             ^~~~~~~~~~~~~~~
/home/kavia/workspace/code-generation/app-gateway2/AppGateway/l0test/../AppGateway.h:58:64: error: ‘mAppGateway’ has not been declared
   58 |             INTERFACE_AGGREGATE(Exchange::IAppGatewayResolver, mAppGateway)
      |                                                                ^~~~~~~~~~~
/home/kavia/workspace/code-generation/app-gateway2/AppGateway/l0test/../AppGateway.h:58:13: error: ISO C++ forbids declaration of ‘INTERFACE_AGGREGATE’ with no type [-fpermissive]
   58 |             INTERFACE_AGGREGATE(Exchange::IAppGatewayResolver, mAppGateway)
      |             ^~~~~~~~~~~~~~~~~~~
/home/kavia/workspace/code-generation/app-gateway2/AppGateway/l0test/../AppGateway.h:58:75: error: expected ‘;’ at end of member declaration
   58 |             INTERFACE_AGGREGATE(Exchange::IAppGatewayResolver, mAppGateway)
      |                                                                           ^
      |                                                                            ;
/home/kavia/workspace/code-generation/app-gateway2/AppGateway/l0test/../AppGateway.h:59:65: error: ‘mResponder’ has not been declared
   59 |             INTERFACE_AGGREGATE(Exchange::IAppGatewayResponder, mResponder)
      |                                                                 ^~~~~~~~~~
/home/kavia/workspace/code-generation/app-gateway2/AppGateway/l0test/../AppGateway.h:59:13: error: ISO C++ forbids declaration of ‘INTERFACE_AGGREGATE’ with no type [-fpermissive]
   59 |             INTERFACE_AGGREGATE(Exchange::IAppGatewayResponder, mResponder)
      |             ^~~~~~~~~~~~~~~~~~~
/home/kavia/workspace/code-generation/app-gateway2/AppGateway/l0test/../AppGateway.h:59:75: error: expected ‘;’ at end of member declaration
   59 |             INTERFACE_AGGREGATE(Exchange::IAppGatewayResponder, mResponder)
      |                                                                           ^
      |                                                                            ;
/home/kavia/workspace/code-generation/app-gateway2/AppGateway/l0test/../AppGateway.h:60:13: error: ‘END_INTERFACE_MAP’ does not name a type
   60 |             END_INTERFACE_MAP
      |             ^~~~~~~~~~~~~~~~~
/home/kavia/workspace/code-generation/app-gateway2/AppGateway/l0test/../AppGateway.h:60:13: note: the macro ‘END_INTERFACE_MAP’ had not yet been defined
In file included from /home/kavia/workspace/code-generation/dependencies/install/include/plugins/IShell.h:2,
                 from /home/kavia/workspace/code-generation/app-gateway2/AppGateway/l0test/ServiceMock.h:26,
                 from /home/kavia/workspace/code-generation/app-gateway2/AppGateway/l0test/Responder_BehaviorTests.cpp:7:
/home/kavia/workspace/code-generation/dependencies/install/include/WPEFramework/plugins/IShell.h:157: note: it was later defined here
  157 | #define END_INTERFACE_MAP
      | 
/home/kavia/workspace/code-generation/app-gateway2/AppGateway/l0test/../AppGateway.h:51:34: error: ‘virtual const WPEFramework::string WPEFramework::Plugin::AppGateway::Initialize(WPEFramework::PluginHost::IShell*)’ marked ‘override’, but does not override
   51 |             virtual const string Initialize(PluginHost::IShell *service) override;
      |                                  ^~~~~~~~~~
/home/kavia/workspace/code-generation/app-gateway2/AppGateway/l0test/../AppGateway.h:52:26: error: ‘virtual void WPEFramework::Plugin::AppGateway::Deinitialize(WPEFramework::PluginHost::IShell*)’ marked ‘override’, but does not override
   52 |             virtual void Deinitialize(PluginHost::IShell *service) override;
      |                          ^~~~~~~~~~~~
/home/kavia/workspace/code-generation/app-gateway2/AppGateway/l0test/../AppGateway.h:53:28: error: ‘virtual WPEFramework::string WPEFramework::Plugin::AppGateway::Information() const’ marked ‘override’, but does not override
   53 |             virtual string Information() const override { return {}; }
      |                            ^~~~~~~~~~~
In file included from /home/kavia/workspace/code-generation/dependencies/install/include/core/core.h:2,
                 from /home/kavia/workspace/code-generation/app-gateway2/AppGateway/l0test/Responder_BehaviorTests.cpp:4:
/home/kavia/workspace/code-generation/dependencies/install/include/WPEFramework/core/core.h:44:19: warning: ‘virtual void* WPEFramework::Core::IUnknown::QueryInterface(uint32_t)’ was hidden [-Woverloaded-virtual=]
   44 |     virtual void* QueryInterface(const uint32_t id) = 0;
      |                   ^~~~~~~~~~~~~~
/home/kavia/workspace/code-generation/dependencies/install/include/WPEFramework/plugins/IShell.h:130:16: note:   by ‘WPEFramework::PluginHost::IShell::QueryInterface()’
  130 |     INTERFACE* QueryInterface()
      |                ^~~~~~~~~~~~~~
/home/kavia/workspace/code-generation/app-gateway2/AppGateway/l0test/ServiceMock.h: In member function ‘virtual WPEFramework::Core::hresult L0Test::ResponderFake::Register(WPEFramework::Exchange::IAppGatewayResponder::INotification*)’:
/home/kavia/workspace/code-generation/app-gateway2/AppGateway/l0test/ServiceMock.h:221:26: error: no matching function for call to ‘find(std::__cxx11::list<WPEFramework::Exchange::IAppGatewayResponder::INotification*>::iterator, std::__cxx11::list<WPEFramework::Exchange::IAppGatewayResponder::INotification*>::iterator, WPEFramework::Exchange::IAppGatewayResponder::INotification*&)’
  221 |             if (std::find(_notifications.begin(), _notifications.end(), notification) == _notifications.end()) {
      |                 ~~~~~~~~~^~~~~~~~~~~~~~~~~~~~~~~~~~~~~~~~~~~~~~~~~~~~~~~~~~~~~~~~~~~~
In file included from /usr/include/c++/13/bits/locale_facets.h:48,
                 from /usr/include/c++/13/bits/basic_ios.h:37,
                 from /usr/include/c++/13/ios:46,
                 from /usr/include/c++/13/ostream:40,
                 from /usr/include/c++/13/iostream:41,
                 from /home/kavia/workspace/code-generation/app-gateway2/AppGateway/l0test/Responder_BehaviorTests.cpp:1:
/usr/include/c++/13/bits/streambuf_iterator.h:435:5: note: candidate: ‘template<class _CharT2> typename __gnu_cxx::__enable_if<std::__is_char<_CharT2>::__value, std::istreambuf_iterator<_CharT> >::__type std::find(istreambuf_iterator<_CharT>, istreambuf_iterator<_CharT>, const _CharT2&)’
  435 |     find(istreambuf_iterator<_CharT> __first,
      |     ^~~~
/usr/include/c++/13/bits/streambuf_iterator.h:435:5: note:   template argument deduction/substitution failed:
/home/kavia/workspace/code-generation/app-gateway2/AppGateway/l0test/ServiceMock.h:221:26: note:   ‘std::_List_iterator<WPEFramework::Exchange::IAppGatewayResponder::INotification*>’ is not derived from ‘std::istreambuf_iterator<_CharT>’
  221 |             if (std::find(_notifications.begin(), _notifications.end(), notification) == _notifications.end()) {
      |                 ~~~~~~~~~^~~~~~~~~~~~~~~~~~~~~~~~~~~~~~~~~~~~~~~~~~~~~~~~~~~~~~~~~~~~
/home/kavia/workspace/code-generation/app-gateway2/AppGateway/l0test/ServiceMock.h: In member function ‘virtual WPEFramework::Core::hresult L0Test::ResponderFake::Unregister(WPEFramework::Exchange::IAppGatewayResponder::INotification*)’:
/home/kavia/workspace/code-generation/app-gateway2/AppGateway/l0test/ServiceMock.h:233:32: error: no matching function for call to ‘find(std::__cxx11::list<WPEFramework::Exchange::IAppGatewayResponder::INotification*>::iterator, std::__cxx11::list<WPEFramework::Exchange::IAppGatewayResponder::INotification*>::iterator, WPEFramework::Exchange::IAppGatewayResponder::INotification*&)’
  233 |             auto it = std::find(_notifications.begin(), _notifications.end(), notification);
      |                       ~~~~~~~~~^~~~~~~~~~~~~~~~~~~~~~~~~~~~~~~~~~~~~~~~~~~~~~~~~~~~~~~~~~~~
/usr/include/c++/13/bits/streambuf_iterator.h:435:5: note: candidate: ‘template<class _CharT2> typename __gnu_cxx::__enable_if<std::__is_char<_CharT2>::__value, std::istreambuf_iterator<_CharT> >::__type std::find(istreambuf_iterator<_CharT>, istreambuf_iterator<_CharT>, const _CharT2&)’
  435 |     find(istreambuf_iterator<_CharT> __first,
      |     ^~~~
/usr/include/c++/13/bits/streambuf_iterator.h:435:5: note:   template argument deduction/substitution failed:
/home/kavia/workspace/code-generation/app-gateway2/AppGateway/l0test/ServiceMock.h:233:32: note:   ‘std::_List_iterator<WPEFramework::Exchange::IAppGatewayResponder::INotification*>’ is not derived from ‘std::istreambuf_iterator<_CharT>’
  233 |             auto it = std::find(_notifications.begin(), _notifications.end(), notification);
      |                       ~~~~~~~~~^~~~~~~~~~~~~~~~~~~~~~~~~~~~~~~~~~~~~~~~~~~~~~~~~~~~~~~~~~~~
/home/kavia/workspace/code-generation/app-gateway2/AppGateway/l0test/Responder_BehaviorTests.cpp: At global scope:
/home/kavia/workspace/code-generation/app-gateway2/AppGateway/l0test/Responder_BehaviorTests.cpp:46:73: warning: converting to ‘const L0Test::ServiceMock::Config’ from initializer list would use explicit constructor ‘L0Test::ServiceMock::Config::Config(bool, bool, bool)’
   46 |     explicit PluginAndService(const L0Test::ServiceMock::Config& cfg = {})
      |                                                                         ^
/home/kavia/workspace/code-generation/app-gateway2/AppGateway/l0test/Responder_BehaviorTests.cpp:46:73: note: in C++11 and above a default constructor can be explicit
/home/kavia/workspace/code-generation/app-gateway2/AppGateway/l0test/Responder_BehaviorTests.cpp:80:39: error: ‘string’ does not name a type; did you mean ‘stdin’?
   80 |     void OnAppConnectionChanged(const string& appId, const uint32_t connectionId, const bool& connected) override {
      |                                       ^~~~~~
      |                                       stdin
/home/kavia/workspace/code-generation/app-gateway2/AppGateway/l0test/Responder_BehaviorTests.cpp:88:5: error: ‘string’ does not name a type; did you mean ‘stdin’?
   88 |     string lastAppId;
      |     ^~~~~~
      |     stdin
/home/kavia/workspace/code-generation/app-gateway2/AppGateway/l0test/Responder_BehaviorTests.cpp:80:10: error: ‘void {anonymous}::ConnChangeCollector::OnAppConnectionChanged(const int&, uint32_t, const bool&)’ marked ‘override’, but does not override
   80 |     void OnAppConnectionChanged(const string& appId, const uint32_t connectionId, const bool& connected) override {
      |          ^~~~~~~~~~~~~~~~~~~~~~
In file included from /home/kavia/workspace/code-generation/app-gateway2/AppGateway/l0test/../AppGateway.h:22:
/home/kavia/workspace/code-generation/app-gateway2/AppGateway/l0test/../../interfaces/IAppGateway.h:182:30: warning: ‘virtual void WPEFramework::Exchange::IAppGatewayResponder::INotification::OnAppConnectionChanged(const WPEFramework::string&, uint32_t, const bool&)’ was hidden [-Woverloaded-virtual=]
  182 |                 virtual void OnAppConnectionChanged(const string& appId, const uint32_t connectionId, const bool& connected) {};
      |                              ^~~~~~~~~~~~~~~~~~~~~~
/home/kavia/workspace/code-generation/app-gateway2/AppGateway/l0test/Responder_BehaviorTests.cpp:80:10: note:   by ‘void {anonymous}::ConnChangeCollector::OnAppConnectionChanged(const int&, uint32_t, const bool&)’
   80 |     void OnAppConnectionChanged(const string& appId, const uint32_t connectionId, const bool& connected) override {
      |          ^~~~~~~~~~~~~~~~~~~~~~
/home/kavia/workspace/code-generation/app-gateway2/AppGateway/l0test/Responder_BehaviorTests.cpp: In member function ‘void {anonymous}::ConnChangeCollector::OnAppConnectionChanged(const int&, uint32_t, const bool&)’:
/home/kavia/workspace/code-generation/app-gateway2/AppGateway/l0test/Responder_BehaviorTests.cpp:81:9: error: ‘lastAppId’ was not declared in this scope
   81 |         lastAppId = appId;
      |         ^~~~~~~~~
/home/kavia/workspace/code-generation/app-gateway2/AppGateway/l0test/Responder_BehaviorTests.cpp: In function ‘uint32_t Test_Responder_Register_Unregister_Notifications()’:
/home/kavia/workspace/code-generation/app-gateway2/AppGateway/l0test/Responder_BehaviorTests.cpp:107:22: warning: converting to ‘const L0Test::ServiceMock::Config’ from initializer list would use explicit constructor ‘L0Test::ServiceMock::Config::Config(bool, bool, bool)’
  107 |     PluginAndService ps;
      |                      ^~
/home/kavia/workspace/code-generation/app-gateway2/AppGateway/l0test/Responder_BehaviorTests.cpp:107:22: note: in C++11 and above a default constructor can be explicit
/home/kavia/workspace/code-generation/app-gateway2/AppGateway/l0test/Responder_BehaviorTests.cpp:46:66: note: in passing argument 1 of ‘{anonymous}::PluginAndService::PluginAndService(const L0Test::ServiceMock::Config&)’
   46 |     explicit PluginAndService(const L0Test::ServiceMock::Config& cfg = {})
      |                               ~~~~~~~~~~~~~~~~~~~~~~~~~~~~~~~~~~~^~~~~~~~
/home/kavia/workspace/code-generation/app-gateway2/AppGateway/l0test/Responder_BehaviorTests.cpp:126:39: error: ‘class {anonymous}::ConnChangeCollector’ has no member named ‘lastAppId’
  126 |             ExpectEqStr(tr, collector.lastAppId, "com.example.app", "AppId propagated to listener");
      |                                       ^~~~~~~~~
/home/kavia/workspace/code-generation/app-gateway2/AppGateway/l0test/Responder_BehaviorTests.cpp: In function ‘uint32_t Test_Responder_Respond_Success_And_Unavailable()’:
/home/kavia/workspace/code-generation/app-gateway2/AppGateway/l0test/Responder_BehaviorTests.cpp:151:22: warning: converting to ‘const L0Test::ServiceMock::Config’ from initializer list would use explicit constructor ‘L0Test::ServiceMock::Config::Config(bool, bool, bool)’
  151 |     PluginAndService ps;
      |                      ^~
/home/kavia/workspace/code-generation/app-gateway2/AppGateway/l0test/Responder_BehaviorTests.cpp:151:22: note: in C++11 and above a default constructor can be explicit
/home/kavia/workspace/code-generation/app-gateway2/AppGateway/l0test/Responder_BehaviorTests.cpp:46:66: note: in passing argument 1 of ‘{anonymous}::PluginAndService::PluginAndService(const L0Test::ServiceMock::Config&)’
   46 |     explicit PluginAndService(const L0Test::ServiceMock::Config& cfg = {})
      |                               ~~~~~~~~~~~~~~~~~~~~~~~~~~~~~~~~~~~^~~~~~~~
/home/kavia/workspace/code-generation/app-gateway2/AppGateway/l0test/Responder_BehaviorTests.cpp: In function ‘uint32_t Test_Responder_Emit_Success_And_Unavailable()’:
/home/kavia/workspace/code-generation/app-gateway2/AppGateway/l0test/Responder_BehaviorTests.cpp:186:22: warning: converting to ‘const L0Test::ServiceMock::Config’ from initializer list would use explicit constructor ‘L0Test::ServiceMock::Config::Config(bool, bool, bool)’
  186 |     PluginAndService ps;
      |                      ^~
/home/kavia/workspace/code-generation/app-gateway2/AppGateway/l0test/Responder_BehaviorTests.cpp:186:22: note: in C++11 and above a default constructor can be explicit
/home/kavia/workspace/code-generation/app-gateway2/AppGateway/l0test/Responder_BehaviorTests.cpp:46:66: note: in passing argument 1 of ‘{anonymous}::PluginAndService::PluginAndService(const L0Test::ServiceMock::Config&)’
   46 |     explicit PluginAndService(const L0Test::ServiceMock::Config& cfg = {})
      |                               ~~~~~~~~~~~~~~~~~~~~~~~~~~~~~~~~~~~^~~~~~~~
/home/kavia/workspace/code-generation/app-gateway2/AppGateway/l0test/Responder_BehaviorTests.cpp: In function ‘uint32_t Test_Responder_Request_Success_And_Unavailable()’:
/home/kavia/workspace/code-generation/app-gateway2/AppGateway/l0test/Responder_BehaviorTests.cpp:219:22: warning: converting to ‘const L0Test::ServiceMock::Config’ from initializer list would use explicit constructor ‘L0Test::ServiceMock::Config::Config(bool, bool, bool)’
  219 |     PluginAndService ps;
      |                      ^~
/home/kavia/workspace/code-generation/app-gateway2/AppGateway/l0test/Responder_BehaviorTests.cpp:219:22: note: in C++11 and above a default constructor can be explicit
/home/kavia/workspace/code-generation/app-gateway2/AppGateway/l0test/Responder_BehaviorTests.cpp:46:66: note: in passing argument 1 of ‘{anonymous}::PluginAndService::PluginAndService(const L0Test::ServiceMock::Config&)’
   46 |     explicit PluginAndService(const L0Test::ServiceMock::Config& cfg = {})
      |                               ~~~~~~~~~~~~~~~~~~~~~~~~~~~~~~~~~~~^~~~~~~~
/home/kavia/workspace/code-generation/app-gateway2/AppGateway/l0test/Responder_BehaviorTests.cpp: In function ‘uint32_t Test_Responder_GetGatewayConnectionContext_Known_And_Unknown()’:
/home/kavia/workspace/code-generation/app-gateway2/AppGateway/l0test/Responder_BehaviorTests.cpp:251:22: warning: converting to ‘const L0Test::ServiceMock::Config’ from initializer list would use explicit constructor ‘L0Test::ServiceMock::Config::Config(bool, bool, bool)’
  251 |     PluginAndService ps;
      |                      ^~
/home/kavia/workspace/code-generation/app-gateway2/AppGateway/l0test/Responder_BehaviorTests.cpp:251:22: note: in C++11 and above a default constructor can be explicit
/home/kavia/workspace/code-generation/app-gateway2/AppGateway/l0test/Responder_BehaviorTests.cpp:46:66: note: in passing argument 1 of ‘{anonymous}::PluginAndService::PluginAndService(const L0Test::ServiceMock::Config&)’
   46 |     explicit PluginAndService(const L0Test::ServiceMock::Config& cfg = {})
      |                               ~~~~~~~~~~~~~~~~~~~~~~~~~~~~~~~~~~~^~~~~~~~
/home/kavia/workspace/code-generation/dependencies/install/include/WPEFramework/core/core.h: In instantiation of ‘static INTERFACE* WPEFramework::Core::Service<IMPLEMENTATION>::Create() [with INTERFACE = WPEFramework::PluginHost::IPlugin; IMPLEMENTATION = WPEFramework::Plugin::AppGateway]’:
/home/kavia/workspace/code-generation/app-gateway2/AppGateway/l0test/Responder_BehaviorTests.cpp:48:74:   required from here
/home/kavia/workspace/code-generation/dependencies/install/include/WPEFramework/core/core.h:192:16: error: invalid ‘static_cast’ from type ‘WPEFramework::Plugin::AppGateway*’ to type ‘WPEFramework::PluginHost::IPlugin*’
  192 |         return static_cast<INTERFACE*>(new IMPLEMENTATION());
      |                ^~~~~~~~~~~~~~~~~~~~~~~~~~~~~~~~~~~~~~~~~~~~~
[5/7] Building CXX object CMakeFiles/appgateway_l0test.dir/ContextUtils_ConversionTests.cpp.o
FAILED: CMakeFiles/appgateway_l0test.dir/ContextUtils_ConversionTests.cpp.o 
/usr/bin/c++ -DMODULE_NAME=AppGateway_L0Test -I/home/kavia/workspace/code-generation/app-gateway2/AppGateway/l0test -I/home/kavia/workspace/code-generation/app-gateway2/AppGateway/l0test/.. -I/home/kavia/workspace/code-generation/app-gateway2/AppGateway/l0test/../.. -I/home/kavia/workspace/code-generation/app-gateway2/AppGateway/l0test/../../helpers -I/home/kavia/workspace/code-generation/app-gateway2/AppGateway/l0test/../../../Supporting_Files -I/home/kavia/workspace/code-generation/app-gateway2/AppGateway/l0test/../../Supporting_Files -I/home/kavia/workspace/code-generation/app-gateway2/AppGateway/l0test/../../interfaces -I/home/kavia/workspace/code-generation/app-gateway2/AppGateway/l0test/../../interfaces/json -I/home/kavia/workspace/code-generation/dependencies/install/include -I/home/kavia/workspace/code-generation/dependencies/install/include/WPEFramework --coverage -O0 -g -O0 -g --coverage -Wall -Wextra -Wno-unused-parameter -o CMakeFiles/appgateway_l0test.dir/ContextUtils_ConversionTests.cpp.o -c /home/kavia/workspace/code-generation/app-gateway2/AppGateway/l0test/ContextUtils_ConversionTests.cpp
In file included from /home/kavia/workspace/code-generation/dependencies/install/include/plugins/IDispatcher.h:2,
                 from /home/kavia/workspace/code-generation/app-gateway2/AppGateway/l0test/ContextUtils_ConversionTests.cpp:6:
/home/kavia/workspace/code-generation/dependencies/install/include/WPEFramework/plugins/IDispatcher.h:13:35: error: ‘string’ does not name a type; did you mean ‘stdin’?
   13 |                             const string& /*designator*/, const string& /*method*/,
      |                                   ^~~~~~
      |                                   stdin
/home/kavia/workspace/code-generation/dependencies/install/include/WPEFramework/plugins/IDispatcher.h:13:65: error: ‘string’ does not name a type; did you mean ‘stdin’?
   13 |                             const string& /*designator*/, const string& /*method*/,
      |                                                                 ^~~~~~
      |                                                                 stdin
/home/kavia/workspace/code-generation/dependencies/install/include/WPEFramework/plugins/IDispatcher.h:14:35: error: ‘string’ does not name a type; did you mean ‘stdin’?
   14 |                             const string& /*parameters*/, string& /*response*/)
      |                                   ^~~~~~
      |                                   stdin
/home/kavia/workspace/code-generation/dependencies/install/include/WPEFramework/plugins/IDispatcher.h:14:59: error: ‘string’ has not been declared
   14 |                             const string& /*parameters*/, string& /*response*/)
      |                                                           ^~~~~~
In file included from /home/kavia/workspace/code-generation/app-gateway2/AppGateway/l0test/ContextUtils_ConversionTests.cpp:8:
/home/kavia/workspace/code-generation/app-gateway2/AppGateway/l0test/../AppGateway.h:40:54: error: expected class-name before ‘,’ token
   40 |         class AppGateway : public PluginHost::IPlugin, public PluginHost::JSONRPC {
      |                                                      ^
/home/kavia/workspace/code-generation/app-gateway2/AppGateway/l0test/../AppGateway.h:40:83: error: expected class-name before ‘{’ token
   40 |         class AppGateway : public PluginHost::IPlugin, public PluginHost::JSONRPC {
      |                                                                                   ^
/home/kavia/workspace/code-generation/app-gateway2/AppGateway/l0test/../AppGateway.h:55:13: error: ISO C++ forbids declaration of ‘BEGIN_INTERFACE_MAP’ with no type [-fpermissive]
   55 |             BEGIN_INTERFACE_MAP(AppGateway)
      |             ^~~~~~~~~~~~~~~~~~~
/home/kavia/workspace/code-generation/app-gateway2/AppGateway/l0test/../AppGateway.h:55:43: error: expected ‘;’ at end of member declaration
   55 |             BEGIN_INTERFACE_MAP(AppGateway)
      |                                           ^
      |                                            ;
/home/kavia/workspace/code-generation/app-gateway2/AppGateway/l0test/../AppGateway.h:56:29: error: ‘WPEFramework::PluginHost::IPlugin’ has not been declared
   56 |             INTERFACE_ENTRY(PluginHost::IPlugin)
      |                             ^~~~~~~~~~
/home/kavia/workspace/code-generation/app-gateway2/AppGateway/l0test/../AppGateway.h:56:13: error: ISO C++ forbids declaration of ‘INTERFACE_ENTRY’ with no type [-fpermissive]
   56 |             INTERFACE_ENTRY(PluginHost::IPlugin)
      |             ^~~~~~~~~~~~~~~
/home/kavia/workspace/code-generation/app-gateway2/AppGateway/l0test/../AppGateway.h:56:48: error: expected ‘;’ at end of member declaration
   56 |             INTERFACE_ENTRY(PluginHost::IPlugin)
      |                                                ^
      |                                                 ;
/home/kavia/workspace/code-generation/app-gateway2/AppGateway/l0test/../AppGateway.h:57:13: error: ISO C++ forbids declaration of ‘INTERFACE_ENTRY’ with no type [-fpermissive]
   57 |             INTERFACE_ENTRY(PluginHost::IDispatcher)
      |             ^~~~~~~~~~~~~~~
/home/kavia/workspace/code-generation/app-gateway2/AppGateway/l0test/../AppGateway.h:57:52: error: expected ‘;’ at end of member declaration
   57 |             INTERFACE_ENTRY(PluginHost::IDispatcher)
      |                                                    ^
      |                                                     ;
/home/kavia/workspace/code-generation/app-gateway2/AppGateway/l0test/../AppGateway.h:58:64: error: ‘mAppGateway’ has not been declared
   58 |             INTERFACE_AGGREGATE(Exchange::IAppGatewayResolver, mAppGateway)
      |                                                                ^~~~~~~~~~~
/home/kavia/workspace/code-generation/app-gateway2/AppGateway/l0test/../AppGateway.h:58:13: error: ISO C++ forbids declaration of ‘INTERFACE_AGGREGATE’ with no type [-fpermissive]
   58 |             INTERFACE_AGGREGATE(Exchange::IAppGatewayResolver, mAppGateway)
      |             ^~~~~~~~~~~~~~~~~~~
/home/kavia/workspace/code-generation/app-gateway2/AppGateway/l0test/../AppGateway.h:58:75: error: expected ‘;’ at end of member declaration
   58 |             INTERFACE_AGGREGATE(Exchange::IAppGatewayResolver, mAppGateway)
      |                                                                           ^
      |                                                                            ;
/home/kavia/workspace/code-generation/app-gateway2/AppGateway/l0test/../AppGateway.h:59:65: error: ‘mResponder’ has not been declared
   59 |             INTERFACE_AGGREGATE(Exchange::IAppGatewayResponder, mResponder)
      |                                                                 ^~~~~~~~~~
/home/kavia/workspace/code-generation/app-gateway2/AppGateway/l0test/../AppGateway.h:59:13: error: ISO C++ forbids declaration of ‘INTERFACE_AGGREGATE’ with no type [-fpermissive]
   59 |             INTERFACE_AGGREGATE(Exchange::IAppGatewayResponder, mResponder)
      |             ^~~~~~~~~~~~~~~~~~~
/home/kavia/workspace/code-generation/app-gateway2/AppGateway/l0test/../AppGateway.h:59:75: error: expected ‘;’ at end of member declaration
   59 |             INTERFACE_AGGREGATE(Exchange::IAppGatewayResponder, mResponder)
      |                                                                           ^
      |                                                                            ;
/home/kavia/workspace/code-generation/app-gateway2/AppGateway/l0test/../AppGateway.h:60:13: error: ‘END_INTERFACE_MAP’ does not name a type
   60 |             END_INTERFACE_MAP
      |             ^~~~~~~~~~~~~~~~~
/home/kavia/workspace/code-generation/app-gateway2/AppGateway/l0test/../AppGateway.h:60:13: note: the macro ‘END_INTERFACE_MAP’ had not yet been defined
In file included from /home/kavia/workspace/code-generation/dependencies/install/include/plugins/IShell.h:2,
                 from /home/kavia/workspace/code-generation/app-gateway2/AppGateway/l0test/ServiceMock.h:26,
                 from /home/kavia/workspace/code-generation/app-gateway2/AppGateway/l0test/ContextUtils_ConversionTests.cpp:9:
/home/kavia/workspace/code-generation/dependencies/install/include/WPEFramework/plugins/IShell.h:157: note: it was later defined here
  157 | #define END_INTERFACE_MAP
      | 
/home/kavia/workspace/code-generation/app-gateway2/AppGateway/l0test/../AppGateway.h:51:34: error: ‘virtual const WPEFramework::string WPEFramework::Plugin::AppGateway::Initialize(WPEFramework::PluginHost::IShell*)’ marked ‘override’, but does not override
   51 |             virtual const string Initialize(PluginHost::IShell *service) override;
      |                                  ^~~~~~~~~~
/home/kavia/workspace/code-generation/app-gateway2/AppGateway/l0test/../AppGateway.h:52:26: error: ‘virtual void WPEFramework::Plugin::AppGateway::Deinitialize(WPEFramework::PluginHost::IShell*)’ marked ‘override’, but does not override
   52 |             virtual void Deinitialize(PluginHost::IShell *service) override;
      |                          ^~~~~~~~~~~~
/home/kavia/workspace/code-generation/app-gateway2/AppGateway/l0test/../AppGateway.h:53:28: error: ‘virtual WPEFramework::string WPEFramework::Plugin::AppGateway::Information() const’ marked ‘override’, but does not override
   53 |             virtual string Information() const override { return {}; }
      |                            ^~~~~~~~~~~
In file included from /home/kavia/workspace/code-generation/dependencies/install/include/core/core.h:2,
                 from /home/kavia/workspace/code-generation/app-gateway2/AppGateway/l0test/ContextUtils_ConversionTests.cpp:5:
/home/kavia/workspace/code-generation/dependencies/install/include/WPEFramework/core/core.h:44:19: warning: ‘virtual void* WPEFramework::Core::IUnknown::QueryInterface(uint32_t)’ was hidden [-Woverloaded-virtual=]
   44 |     virtual void* QueryInterface(const uint32_t id) = 0;
      |                   ^~~~~~~~~~~~~~
/home/kavia/workspace/code-generation/dependencies/install/include/WPEFramework/plugins/IShell.h:130:16: note:   by ‘WPEFramework::PluginHost::IShell::QueryInterface()’
  130 |     INTERFACE* QueryInterface()
      |                ^~~~~~~~~~~~~~
/home/kavia/workspace/code-generation/app-gateway2/AppGateway/l0test/ServiceMock.h: In member function ‘virtual WPEFramework::Core::hresult L0Test::ResponderFake::Register(WPEFramework::Exchange::IAppGatewayResponder::INotification*)’:
/home/kavia/workspace/code-generation/app-gateway2/AppGateway/l0test/ServiceMock.h:221:26: error: no matching function for call to ‘find(std::__cxx11::list<WPEFramework::Exchange::IAppGatewayResponder::INotification*>::iterator, std::__cxx11::list<WPEFramework::Exchange::IAppGatewayResponder::INotification*>::iterator, WPEFramework::Exchange::IAppGatewayResponder::INotification*&)’
  221 |             if (std::find(_notifications.begin(), _notifications.end(), notification) == _notifications.end()) {
      |                 ~~~~~~~~~^~~~~~~~~~~~~~~~~~~~~~~~~~~~~~~~~~~~~~~~~~~~~~~~~~~~~~~~~~~~
In file included from /usr/include/c++/13/bits/locale_facets.h:48,
                 from /usr/include/c++/13/bits/basic_ios.h:37,
                 from /usr/include/c++/13/ios:46,
                 from /usr/include/c++/13/ostream:40,
                 from /usr/include/c++/13/iostream:41,
                 from /home/kavia/workspace/code-generation/app-gateway2/AppGateway/l0test/ContextUtils_ConversionTests.cpp:1:
/usr/include/c++/13/bits/streambuf_iterator.h:435:5: note: candidate: ‘template<class _CharT2> typename __gnu_cxx::__enable_if<std::__is_char<_CharT2>::__value, std::istreambuf_iterator<_CharT> >::__type std::find(istreambuf_iterator<_CharT>, istreambuf_iterator<_CharT>, const _CharT2&)’
  435 |     find(istreambuf_iterator<_CharT> __first,
      |     ^~~~
/usr/include/c++/13/bits/streambuf_iterator.h:435:5: note:   template argument deduction/substitution failed:
/home/kavia/workspace/code-generation/app-gateway2/AppGateway/l0test/ServiceMock.h:221:26: note:   ‘std::_List_iterator<WPEFramework::Exchange::IAppGatewayResponder::INotification*>’ is not derived from ‘std::istreambuf_iterator<_CharT>’
  221 |             if (std::find(_notifications.begin(), _notifications.end(), notification) == _notifications.end()) {
      |                 ~~~~~~~~~^~~~~~~~~~~~~~~~~~~~~~~~~~~~~~~~~~~~~~~~~~~~~~~~~~~~~~~~~~~~
/home/kavia/workspace/code-generation/app-gateway2/AppGateway/l0test/ServiceMock.h: In member function ‘virtual WPEFramework::Core::hresult L0Test::ResponderFake::Unregister(WPEFramework::Exchange::IAppGatewayResponder::INotification*)’:
/home/kavia/workspace/code-generation/app-gateway2/AppGateway/l0test/ServiceMock.h:233:32: error: no matching function for call to ‘find(std::__cxx11::list<WPEFramework::Exchange::IAppGatewayResponder::INotification*>::iterator, std::__cxx11::list<WPEFramework::Exchange::IAppGatewayResponder::INotification*>::iterator, WPEFramework::Exchange::IAppGatewayResponder::INotification*&)’
  233 |             auto it = std::find(_notifications.begin(), _notifications.end(), notification);
      |                       ~~~~~~~~~^~~~~~~~~~~~~~~~~~~~~~~~~~~~~~~~~~~~~~~~~~~~~~~~~~~~~~~~~~~~
/usr/include/c++/13/bits/streambuf_iterator.h:435:5: note: candidate: ‘template<class _CharT2> typename __gnu_cxx::__enable_if<std::__is_char<_CharT2>::__value, std::istreambuf_iterator<_CharT> >::__type std::find(istreambuf_iterator<_CharT>, istreambuf_iterator<_CharT>, const _CharT2&)’
  435 |     find(istreambuf_iterator<_CharT> __first,
      |     ^~~~
/usr/include/c++/13/bits/streambuf_iterator.h:435:5: note:   template argument deduction/substitution failed:
/home/kavia/workspace/code-generation/app-gateway2/AppGateway/l0test/ServiceMock.h:233:32: note:   ‘std::_List_iterator<WPEFramework::Exchange::IAppGatewayResponder::INotification*>’ is not derived from ‘std::istreambuf_iterator<_CharT>’
  233 |             auto it = std::find(_notifications.begin(), _notifications.end(), notification);
      |                       ~~~~~~~~~^~~~~~~~~~~~~~~~~~~~~~~~~~~~~~~~~~~~~~~~~~~~~~~~~~~~~~~~~~~~
In file included from /home/kavia/workspace/code-generation/app-gateway2/AppGateway/l0test/ContextUtils_ConversionTests.cpp:12:
/home/kavia/workspace/code-generation/app-gateway2/AppGateway/l0test/../../Supporting_Files/ContextUtils.h: At global scope:
/home/kavia/workspace/code-generation/app-gateway2/AppGateway/l0test/../../Supporting_Files/ContextUtils.h:36:115: error: ‘AppNotificationContext’ in ‘struct WPEFramework::Exchange::IAppNotifications’ does not name a type
   36 |         static Exchange::GatewayContext ConvertNotificationToAppGatewayContext(const Exchange::IAppNotifications::AppNotificationContext& notificationsContext){
      |                                                                                                                   ^~~~~~~~~~~~~~~~~~~~~~
/home/kavia/workspace/code-generation/app-gateway2/AppGateway/l0test/../../Supporting_Files/ContextUtils.h:47:119: error: ‘AppNotificationContext’ in ‘struct WPEFramework::Exchange::IAppNotifications’ does not name a type
   47 |         static Exchange::GatewayContext ConvertNotificationToLaunchDelegateContext(const Exchange::IAppNotifications::AppNotificationContext& notificationsContext){
      |                                                                                                                       ^~~~~~~~~~~~~~~~~~~~~~
/home/kavia/workspace/code-generation/app-gateway2/AppGateway/l0test/../../Supporting_Files/ContextUtils.h:57:45: error: ‘AppNotificationContext’ in ‘struct WPEFramework::Exchange::IAppNotifications’ does not name a type
   57 |         static Exchange::IAppNotifications::AppNotificationContext ConvertAppGatewayToNotificationContext(const Exchange::GatewayContext& appGatewayContext, const string& origin){
      |                                             ^~~~~~~~~~~~~~~~~~~~~~
/home/kavia/workspace/code-generation/app-gateway2/AppGateway/l0test/../../Supporting_Files/ContextUtils.h:68:44: error: ‘Context’ in ‘struct WPEFramework::Exchange::IApp2AppProvider’ does not name a type
   68 |         static Exchange::IApp2AppProvider::Context ConvertAppGatewayToProviderContext(const Exchange::GatewayContext& appGatewayContext, const string& origin){
      |                                            ^~~~~~~
/home/kavia/workspace/code-generation/app-gateway2/AppGateway/l0test/../../Supporting_Files/ContextUtils.h:78:110: error: ‘Context’ in ‘struct WPEFramework::Exchange::IApp2AppProvider’ does not name a type
   78 |         static Exchange::GatewayContext ConvertProviderToAppGatewayContext(const Exchange::IApp2AppProvider::Context& context){
      |                                                                                                              ^~~~~~~
/home/kavia/workspace/code-generation/app-gateway2/AppGateway/l0test/../../Supporting_Files/ContextUtils.h:87:114: error: ‘Context’ in ‘struct WPEFramework::Exchange::IApp2AppProvider’ does not name a type
   87 |         static Exchange::GatewayContext ConvertProviderToLaunchDelegateContext(const Exchange::IApp2AppProvider::Context& context){
      |                                                                                                                  ^~~~~~~
/home/kavia/workspace/code-generation/app-gateway2/AppGateway/l0test/../../Supporting_Files/ContextUtils.h: In static member function ‘static WPEFramework::Exchange::GatewayContext ContextUtils::ConvertNotificationToAppGatewayContext(const int&)’:
/home/kavia/workspace/code-generation/app-gateway2/AppGateway/l0test/../../Supporting_Files/ContextUtils.h:39:64: error: request for member ‘requestId’ in ‘notificationsContext’, which is of non-class type ‘const int’
   39 |             appGatewayContext.requestId = notificationsContext.requestId;
      |                                                                ^~~~~~~~~
/home/kavia/workspace/code-generation/app-gateway2/AppGateway/l0test/../../Supporting_Files/ContextUtils.h:40:67: error: request for member ‘connectionId’ in ‘notificationsContext’, which is of non-class type ‘const int’
   40 |             appGatewayContext.connectionId = notificationsContext.connectionId;
      |                                                                   ^~~~~~~~~~~~
/home/kavia/workspace/code-generation/app-gateway2/AppGateway/l0test/../../Supporting_Files/ContextUtils.h:41:60: error: request for member ‘appId’ in ‘notificationsContext’, which is of non-class type ‘const int’
   41 |             appGatewayContext.appId = notificationsContext.appId;
      |                                                            ^~~~~
/home/kavia/workspace/code-generation/app-gateway2/AppGateway/l0test/../../Supporting_Files/ContextUtils.h: In static member function ‘static WPEFramework::Exchange::GatewayContext ContextUtils::ConvertNotificationToLaunchDelegateContext(const int&)’:
/home/kavia/workspace/code-generation/app-gateway2/AppGateway/l0test/../../Supporting_Files/ContextUtils.h:50:68: error: request for member ‘requestId’ in ‘notificationsContext’, which is of non-class type ‘const int’
   50 |             launchDelegateContext.requestId = notificationsContext.requestId;
      |                                                                    ^~~~~~~~~
/home/kavia/workspace/code-generation/app-gateway2/AppGateway/l0test/../../Supporting_Files/ContextUtils.h:51:71: error: request for member ‘connectionId’ in ‘notificationsContext’, which is of non-class type ‘const int’
   51 |             launchDelegateContext.connectionId = notificationsContext.connectionId;
      |                                                                       ^~~~~~~~~~~~
/home/kavia/workspace/code-generation/app-gateway2/AppGateway/l0test/../../Supporting_Files/ContextUtils.h:52:64: error: request for member ‘appId’ in ‘notificationsContext’, which is of non-class type ‘const int’
   52 |             launchDelegateContext.appId = notificationsContext.appId;
      |                                                                ^~~~~
/home/kavia/workspace/code-generation/app-gateway2/AppGateway/l0test/../../Supporting_Files/ContextUtils.h: In static member function ‘static WPEFramework::Exchange::GatewayContext ContextUtils::ConvertProviderToAppGatewayContext(const int&)’:
/home/kavia/workspace/code-generation/app-gateway2/AppGateway/l0test/../../Supporting_Files/ContextUtils.h:81:51: error: request for member ‘requestId’ in ‘context’, which is of non-class type ‘const int’
   81 |             appGatewayContext.requestId = context.requestId;
      |                                                   ^~~~~~~~~
/home/kavia/workspace/code-generation/app-gateway2/AppGateway/l0test/../../Supporting_Files/ContextUtils.h:82:54: error: request for member ‘connectionId’ in ‘context’, which is of non-class type ‘const int’
   82 |             appGatewayContext.connectionId = context.connectionId;
      |                                                      ^~~~~~~~~~~~
/home/kavia/workspace/code-generation/app-gateway2/AppGateway/l0test/../../Supporting_Files/ContextUtils.h:83:47: error: request for member ‘appId’ in ‘context’, which is of non-class type ‘const int’
   83 |             appGatewayContext.appId = context.appId;
      |                                               ^~~~~
/home/kavia/workspace/code-generation/app-gateway2/AppGateway/l0test/../../Supporting_Files/ContextUtils.h: In static member function ‘static WPEFramework::Exchange::GatewayContext ContextUtils::ConvertProviderToLaunchDelegateContext(const int&)’:
/home/kavia/workspace/code-generation/app-gateway2/AppGateway/l0test/../../Supporting_Files/ContextUtils.h:90:55: error: request for member ‘requestId’ in ‘context’, which is of non-class type ‘const int’
   90 |             launchDelegateContext.requestId = context.requestId;
      |                                                       ^~~~~~~~~
/home/kavia/workspace/code-generation/app-gateway2/AppGateway/l0test/../../Supporting_Files/ContextUtils.h:91:58: error: request for member ‘connectionId’ in ‘context’, which is of non-class type ‘const int’
   91 |             launchDelegateContext.connectionId = context.connectionId;
      |                                                          ^~~~~~~~~~~~
/home/kavia/workspace/code-generation/app-gateway2/AppGateway/l0test/../../Supporting_Files/ContextUtils.h:92:51: error: request for member ‘appId’ in ‘context’, which is of non-class type ‘const int’
   92 |             launchDelegateContext.appId = context.appId;
      |                                                   ^~~~~
/home/kavia/workspace/code-generation/app-gateway2/AppGateway/l0test/ContextUtils_ConversionTests.cpp: At global scope:
/home/kavia/workspace/code-generation/app-gateway2/AppGateway/l0test/ContextUtils_ConversionTests.cpp:67:73: warning: converting to ‘const L0Test::ServiceMock::Config’ from initializer list would use explicit constructor ‘L0Test::ServiceMock::Config::Config(bool, bool, bool)’
   67 |     explicit PluginAndService(const L0Test::ServiceMock::Config& cfg = {})
      |                                                                         ^
/home/kavia/workspace/code-generation/app-gateway2/AppGateway/l0test/ContextUtils_ConversionTests.cpp:67:73: note: in C++11 and above a default constructor can be explicit
/home/kavia/workspace/code-generation/app-gateway2/AppGateway/l0test/ContextUtils_ConversionTests.cpp: In function ‘uint32_t Test_ContextUtils_BoundaryValues_Conversions()’:
/home/kavia/workspace/code-generation/app-gateway2/AppGateway/l0test/ContextUtils_ConversionTests.cpp:105:36: error: ‘ConvertAppGatewayToNotificationContext’ is not a member of ‘ContextUtils’
  105 |         auto notif = ContextUtils::ConvertAppGatewayToNotificationContext(gw, origin);
      |                                    ^~~~~~~~~~~~~~~~~~~~~~~~~~~~~~~~~~~~~~
/home/kavia/workspace/code-generation/app-gateway2/AppGateway/l0test/ContextUtils_ConversionTests.cpp:116:39: error: ‘ConvertAppGatewayToProviderContext’ is not a member of ‘ContextUtils’
  116 |         auto provider = ContextUtils::ConvertAppGatewayToProviderContext(gw, origin);
      |                                       ^~~~~~~~~~~~~~~~~~~~~~~~~~~~~~~~~~
/home/kavia/workspace/code-generation/app-gateway2/AppGateway/l0test/ContextUtils_ConversionTests.cpp:137:36: error: ‘ConvertAppGatewayToNotificationContext’ is not a member of ‘ContextUtils’
  137 |         auto notif = ContextUtils::ConvertAppGatewayToNotificationContext(gw, origin);
      |                                    ^~~~~~~~~~~~~~~~~~~~~~~~~~~~~~~~~~~~~~
/home/kavia/workspace/code-generation/app-gateway2/AppGateway/l0test/ContextUtils_ConversionTests.cpp:148:39: error: ‘ConvertAppGatewayToProviderContext’ is not a member of ‘ContextUtils’
  148 |         auto provider = ContextUtils::ConvertAppGatewayToProviderContext(gw, origin);
      |                                       ^~~~~~~~~~~~~~~~~~~~~~~~~~~~~~~~~~
/home/kavia/workspace/code-generation/app-gateway2/AppGateway/l0test/ContextUtils_ConversionTests.cpp:169:36: error: ‘ConvertAppGatewayToNotificationContext’ is not a member of ‘ContextUtils’
  169 |         auto notif = ContextUtils::ConvertAppGatewayToNotificationContext(gw, origin);
      |                                    ^~~~~~~~~~~~~~~~~~~~~~~~~~~~~~~~~~~~~~
/home/kavia/workspace/code-generation/app-gateway2/AppGateway/l0test/ContextUtils_ConversionTests.cpp:175:39: error: ‘ConvertAppGatewayToProviderContext’ is not a member of ‘ContextUtils’
  175 |         auto provider = ContextUtils::ConvertAppGatewayToProviderContext(gw, origin);
      |                                       ^~~~~~~~~~~~~~~~~~~~~~~~~~~~~~~~~~
/home/kavia/workspace/code-generation/app-gateway2/AppGateway/l0test/ContextUtils_ConversionTests.cpp: In function ‘uint32_t Test_Json_Boundary_RequestId_ConnectionId()’:
/home/kavia/workspace/code-generation/app-gateway2/AppGateway/l0test/ContextUtils_ConversionTests.cpp:201:22: warning: converting to ‘const L0Test::ServiceMock::Config’ from initializer list would use explicit constructor ‘L0Test::ServiceMock::Config::Config(bool, bool, bool)’
  201 |     PluginAndService ps;
      |                      ^~
/home/kavia/workspace/code-generation/app-gateway2/AppGateway/l0test/ContextUtils_ConversionTests.cpp:201:22: note: in C++11 and above a default constructor can be explicit
/home/kavia/workspace/code-generation/app-gateway2/AppGateway/l0test/ContextUtils_ConversionTests.cpp:67:66: note: in passing argument 1 of ‘{anonymous}::PluginAndService::PluginAndService(const L0Test::ServiceMock::Config&)’
   67 |     explicit PluginAndService(const L0Test::ServiceMock::Config& cfg = {})
      |                               ~~~~~~~~~~~~~~~~~~~~~~~~~~~~~~~~~~~^~~~~~~~
/home/kavia/workspace/code-generation/app-gateway2/AppGateway/l0test/ContextUtils_ConversionTests.cpp:205:60: error: expected primary-expression before ‘>’ token
  205 |     auto dispatcher = ps.plugin->QueryInterface<IDispatcher>();
      |                                                            ^
/home/kavia/workspace/code-generation/app-gateway2/AppGateway/l0test/ContextUtils_ConversionTests.cpp:205:62: error: expected primary-expression before ‘)’ token
  205 |     auto dispatcher = ps.plugin->QueryInterface<IDispatcher>();
      |                                                              ^
/home/kavia/workspace/code-generation/app-gateway2/AppGateway/l0test/ContextUtils_ConversionTests.cpp: In function ‘uint32_t Test_Json_Params_Empty_Equals_EmptyObject()’:
/home/kavia/workspace/code-generation/app-gateway2/AppGateway/l0test/ContextUtils_ConversionTests.cpp:246:22: warning: converting to ‘const L0Test::ServiceMock::Config’ from initializer list would use explicit constructor ‘L0Test::ServiceMock::Config::Config(bool, bool, bool)’
  246 |     PluginAndService ps;
      |                      ^~
/home/kavia/workspace/code-generation/app-gateway2/AppGateway/l0test/ContextUtils_ConversionTests.cpp:246:22: note: in C++11 and above a default constructor can be explicit
/home/kavia/workspace/code-generation/app-gateway2/AppGateway/l0test/ContextUtils_ConversionTests.cpp:67:66: note: in passing argument 1 of ‘{anonymous}::PluginAndService::PluginAndService(const L0Test::ServiceMock::Config&)’
   67 |     explicit PluginAndService(const L0Test::ServiceMock::Config& cfg = {})
      |                               ~~~~~~~~~~~~~~~~~~~~~~~~~~~~~~~~~~~^~~~~~~~
/home/kavia/workspace/code-generation/app-gateway2/AppGateway/l0test/ContextUtils_ConversionTests.cpp:250:60: error: expected primary-expression before ‘>’ token
  250 |     auto dispatcher = ps.plugin->QueryInterface<IDispatcher>();
      |                                                            ^
/home/kavia/workspace/code-generation/app-gateway2/AppGateway/l0test/ContextUtils_ConversionTests.cpp:250:62: error: expected primary-expression before ‘)’ token
  250 |     auto dispatcher = ps.plugin->QueryInterface<IDispatcher>();
      |                                                              ^
/home/kavia/workspace/code-generation/app-gateway2/AppGateway/l0test/ContextUtils_ConversionTests.cpp: In function ‘uint32_t Test_Json_EmptyAppId_BadRequest()’:
/home/kavia/workspace/code-generation/app-gateway2/AppGateway/l0test/ContextUtils_ConversionTests.cpp:283:22: warning: converting to ‘const L0Test::ServiceMock::Config’ from initializer list would use explicit constructor ‘L0Test::ServiceMock::Config::Config(bool, bool, bool)’
  283 |     PluginAndService ps;
      |                      ^~
/home/kavia/workspace/code-generation/app-gateway2/AppGateway/l0test/ContextUtils_ConversionTests.cpp:283:22: note: in C++11 and above a default constructor can be explicit
/home/kavia/workspace/code-generation/app-gateway2/AppGateway/l0test/ContextUtils_ConversionTests.cpp:67:66: note: in passing argument 1 of ‘{anonymous}::PluginAndService::PluginAndService(const L0Test::ServiceMock::Config&)’
   67 |     explicit PluginAndService(const L0Test::ServiceMock::Config& cfg = {})
      |                               ~~~~~~~~~~~~~~~~~~~~~~~~~~~~~~~~~~~^~~~~~~~
/home/kavia/workspace/code-generation/app-gateway2/AppGateway/l0test/ContextUtils_ConversionTests.cpp:287:60: error: expected primary-expression before ‘>’ token
  287 |     auto dispatcher = ps.plugin->QueryInterface<IDispatcher>();
      |                                                            ^
/home/kavia/workspace/code-generation/app-gateway2/AppGateway/l0test/ContextUtils_ConversionTests.cpp:287:62: error: expected primary-expression before ‘)’ token
  287 |     auto dispatcher = ps.plugin->QueryInterface<IDispatcher>();
      |                                                              ^
/home/kavia/workspace/code-generation/dependencies/install/include/WPEFramework/core/core.h: In instantiation of ‘static INTERFACE* WPEFramework::Core::Service<IMPLEMENTATION>::Create() [with INTERFACE = WPEFramework::PluginHost::IPlugin; IMPLEMENTATION = WPEFramework::Plugin::AppGateway]’:
/home/kavia/workspace/code-generation/app-gateway2/AppGateway/l0test/ContextUtils_ConversionTests.cpp:69:74:   required from here
/home/kavia/workspace/code-generation/dependencies/install/include/WPEFramework/core/core.h:192:16: error: invalid ‘static_cast’ from type ‘WPEFramework::Plugin::AppGateway*’ to type ‘WPEFramework::PluginHost::IPlugin*’
  192 |         return static_cast<INTERFACE*>(new IMPLEMENTATION());
      |                ^~~~~~~~~~~~~~~~~~~~~~~~~~~~~~~~~~~~~~~~~~~~~
[6/7] Building CXX object CMakeFiles/appgateway_l0test.dir/Resolver_Configure_And_ResolveTests.cpp.o
FAILED: CMakeFiles/appgateway_l0test.dir/Resolver_Configure_And_ResolveTests.cpp.o 
/usr/bin/c++ -DMODULE_NAME=AppGateway_L0Test -I/home/kavia/workspace/code-generation/app-gateway2/AppGateway/l0test -I/home/kavia/workspace/code-generation/app-gateway2/AppGateway/l0test/.. -I/home/kavia/workspace/code-generation/app-gateway2/AppGateway/l0test/../.. -I/home/kavia/workspace/code-generation/app-gateway2/AppGateway/l0test/../../helpers -I/home/kavia/workspace/code-generation/app-gateway2/AppGateway/l0test/../../../Supporting_Files -I/home/kavia/workspace/code-generation/app-gateway2/AppGateway/l0test/../../Supporting_Files -I/home/kavia/workspace/code-generation/app-gateway2/AppGateway/l0test/../../interfaces -I/home/kavia/workspace/code-generation/app-gateway2/AppGateway/l0test/../../interfaces/json -I/home/kavia/workspace/code-generation/dependencies/install/include -I/home/kavia/workspace/code-generation/dependencies/install/include/WPEFramework --coverage -O0 -g -O0 -g --coverage -Wall -Wextra -Wno-unused-parameter -o CMakeFiles/appgateway_l0test.dir/Resolver_Configure_And_ResolveTests.cpp.o -c /home/kavia/workspace/code-generation/app-gateway2/AppGateway/l0test/Resolver_Configure_And_ResolveTests.cpp
In file included from /home/kavia/workspace/code-generation/app-gateway2/AppGateway/l0test/../AppGatewayImplementation.h:23,
                 from /home/kavia/workspace/code-generation/app-gateway2/AppGateway/l0test/Resolver_Configure_And_ResolveTests.cpp:13:
/home/kavia/workspace/code-generation/app-gateway2/AppGateway/l0test/../Resolver.h:56:13: error: ‘JsonValue’ does not name a type
   56 |             JsonValue additionalContext;
      |             ^~~~~~~~~
/home/kavia/workspace/code-generation/app-gateway2/AppGateway/l0test/../Resolver.h:89:60: error: ‘JsonValue’ has not been declared
   89 |             bool HasIncludeContext(const std::string &key, JsonValue& additionalContext);
      |                                                            ^~~~~~~~~
/home/kavia/workspace/code-generation/app-gateway2/AppGateway/l0test/../Resolver.h:102:13: error: ‘JsonValue’ does not name a type
  102 |             JsonValue ExtractAdditionalContext(JsonObject &obj, const char *fieldName);
      |             ^~~~~~~~~
In file included from /home/kavia/workspace/code-generation/app-gateway2/AppGateway/l0test/../AppGatewayImplementation.h:28:
/home/kavia/workspace/code-generation/app-gateway2/AppGateway/l0test/../../Supporting_Files/ContextUtils.h:36:115: error: ‘AppNotificationContext’ in ‘struct WPEFramework::Exchange::IAppNotifications’ does not name a type
   36 |         static Exchange::GatewayContext ConvertNotificationToAppGatewayContext(const Exchange::IAppNotifications::AppNotificationContext& notificationsContext){
      |                                                                                                                   ^~~~~~~~~~~~~~~~~~~~~~
/home/kavia/workspace/code-generation/app-gateway2/AppGateway/l0test/../../Supporting_Files/ContextUtils.h:47:119: error: ‘AppNotificationContext’ in ‘struct WPEFramework::Exchange::IAppNotifications’ does not name a type
   47 |         static Exchange::GatewayContext ConvertNotificationToLaunchDelegateContext(const Exchange::IAppNotifications::AppNotificationContext& notificationsContext){
      |                                                                                                                       ^~~~~~~~~~~~~~~~~~~~~~
/home/kavia/workspace/code-generation/app-gateway2/AppGateway/l0test/../../Supporting_Files/ContextUtils.h:57:45: error: ‘AppNotificationContext’ in ‘struct WPEFramework::Exchange::IAppNotifications’ does not name a type
   57 |         static Exchange::IAppNotifications::AppNotificationContext ConvertAppGatewayToNotificationContext(const Exchange::GatewayContext& appGatewayContext, const string& origin){
      |                                             ^~~~~~~~~~~~~~~~~~~~~~
/home/kavia/workspace/code-generation/app-gateway2/AppGateway/l0test/../../Supporting_Files/ContextUtils.h:68:44: error: ‘Context’ in ‘struct WPEFramework::Exchange::IApp2AppProvider’ does not name a type
   68 |         static Exchange::IApp2AppProvider::Context ConvertAppGatewayToProviderContext(const Exchange::GatewayContext& appGatewayContext, const string& origin){
      |                                            ^~~~~~~
/home/kavia/workspace/code-generation/app-gateway2/AppGateway/l0test/../../Supporting_Files/ContextUtils.h:78:110: error: ‘Context’ in ‘struct WPEFramework::Exchange::IApp2AppProvider’ does not name a type
   78 |         static Exchange::GatewayContext ConvertProviderToAppGatewayContext(const Exchange::IApp2AppProvider::Context& context){
      |                                                                                                              ^~~~~~~
/home/kavia/workspace/code-generation/app-gateway2/AppGateway/l0test/../../Supporting_Files/ContextUtils.h:87:114: error: ‘Context’ in ‘struct WPEFramework::Exchange::IApp2AppProvider’ does not name a type
   87 |         static Exchange::GatewayContext ConvertProviderToLaunchDelegateContext(const Exchange::IApp2AppProvider::Context& context){
      |                                                                                                                  ^~~~~~~
/home/kavia/workspace/code-generation/app-gateway2/AppGateway/l0test/../../Supporting_Files/ContextUtils.h: In static member function ‘static WPEFramework::Exchange::GatewayContext ContextUtils::ConvertNotificationToAppGatewayContext(const int&)’:
/home/kavia/workspace/code-generation/app-gateway2/AppGateway/l0test/../../Supporting_Files/ContextUtils.h:39:64: error: request for member ‘requestId’ in ‘notificationsContext’, which is of non-class type ‘const int’
   39 |             appGatewayContext.requestId = notificationsContext.requestId;
      |                                                                ^~~~~~~~~
/home/kavia/workspace/code-generation/app-gateway2/AppGateway/l0test/../../Supporting_Files/ContextUtils.h:40:67: error: request for member ‘connectionId’ in ‘notificationsContext’, which is of non-class type ‘const int’
   40 |             appGatewayContext.connectionId = notificationsContext.connectionId;
      |                                                                   ^~~~~~~~~~~~
/home/kavia/workspace/code-generation/app-gateway2/AppGateway/l0test/../../Supporting_Files/ContextUtils.h:41:60: error: request for member ‘appId’ in ‘notificationsContext’, which is of non-class type ‘const int’
   41 |             appGatewayContext.appId = notificationsContext.appId;
      |                                                            ^~~~~
/home/kavia/workspace/code-generation/app-gateway2/AppGateway/l0test/../../Supporting_Files/ContextUtils.h: In static member function ‘static WPEFramework::Exchange::GatewayContext ContextUtils::ConvertNotificationToLaunchDelegateContext(const int&)’:
/home/kavia/workspace/code-generation/app-gateway2/AppGateway/l0test/../../Supporting_Files/ContextUtils.h:50:68: error: request for member ‘requestId’ in ‘notificationsContext’, which is of non-class type ‘const int’
   50 |             launchDelegateContext.requestId = notificationsContext.requestId;
      |                                                                    ^~~~~~~~~
/home/kavia/workspace/code-generation/app-gateway2/AppGateway/l0test/../../Supporting_Files/ContextUtils.h:51:71: error: request for member ‘connectionId’ in ‘notificationsContext’, which is of non-class type ‘const int’
   51 |             launchDelegateContext.connectionId = notificationsContext.connectionId;
      |                                                                       ^~~~~~~~~~~~
/home/kavia/workspace/code-generation/app-gateway2/AppGateway/l0test/../../Supporting_Files/ContextUtils.h:52:64: error: request for member ‘appId’ in ‘notificationsContext’, which is of non-class type ‘const int’
   52 |             launchDelegateContext.appId = notificationsContext.appId;
      |                                                                ^~~~~
/home/kavia/workspace/code-generation/app-gateway2/AppGateway/l0test/../../Supporting_Files/ContextUtils.h: In static member function ‘static WPEFramework::Exchange::GatewayContext ContextUtils::ConvertProviderToAppGatewayContext(const int&)’:
/home/kavia/workspace/code-generation/app-gateway2/AppGateway/l0test/../../Supporting_Files/ContextUtils.h:81:51: error: request for member ‘requestId’ in ‘context’, which is of non-class type ‘const int’
   81 |             appGatewayContext.requestId = context.requestId;
      |                                                   ^~~~~~~~~
/home/kavia/workspace/code-generation/app-gateway2/AppGateway/l0test/../../Supporting_Files/ContextUtils.h:82:54: error: request for member ‘connectionId’ in ‘context’, which is of non-class type ‘const int’
   82 |             appGatewayContext.connectionId = context.connectionId;
      |                                                      ^~~~~~~~~~~~
/home/kavia/workspace/code-generation/app-gateway2/AppGateway/l0test/../../Supporting_Files/ContextUtils.h:83:47: error: request for member ‘appId’ in ‘context’, which is of non-class type ‘const int’
   83 |             appGatewayContext.appId = context.appId;
      |                                               ^~~~~
/home/kavia/workspace/code-generation/app-gateway2/AppGateway/l0test/../../Supporting_Files/ContextUtils.h: In static member function ‘static WPEFramework::Exchange::GatewayContext ContextUtils::ConvertProviderToLaunchDelegateContext(const int&)’:
/home/kavia/workspace/code-generation/app-gateway2/AppGateway/l0test/../../Supporting_Files/ContextUtils.h:90:55: error: request for member ‘requestId’ in ‘context’, which is of non-class type ‘const int’
   90 |             launchDelegateContext.requestId = context.requestId;
      |                                                       ^~~~~~~~~
/home/kavia/workspace/code-generation/app-gateway2/AppGateway/l0test/../../Supporting_Files/ContextUtils.h:91:58: error: request for member ‘connectionId’ in ‘context’, which is of non-class type ‘const int’
   91 |             launchDelegateContext.connectionId = context.connectionId;
      |                                                          ^~~~~~~~~~~~
/home/kavia/workspace/code-generation/app-gateway2/AppGateway/l0test/../../Supporting_Files/ContextUtils.h:92:51: error: request for member ‘appId’ in ‘context’, which is of non-class type ‘const int’
   92 |             launchDelegateContext.appId = context.appId;
      |                                                   ^~~~~
/home/kavia/workspace/code-generation/app-gateway2/AppGateway/l0test/../AppGatewayImplementation.h: At global scope:
/home/kavia/workspace/code-generation/app-gateway2/AppGateway/l0test/../AppGatewayImplementation.h:48:9: error: ISO C++ forbids declaration of ‘BEGIN_INTERFACE_MAP’ with no type [-fpermissive]
   48 |         BEGIN_INTERFACE_MAP(AppGatewayImplementation)
      |         ^~~~~~~~~~~~~~~~~~~
/home/kavia/workspace/code-generation/app-gateway2/AppGateway/l0test/../AppGatewayImplementation.h:48:53: error: expected ‘;’ at end of member declaration
   48 |         BEGIN_INTERFACE_MAP(AppGatewayImplementation)
      |                                                     ^
      |                                                      ;
/home/kavia/workspace/code-generation/app-gateway2/AppGateway/l0test/../AppGatewayImplementation.h:49:9: error: ISO C++ forbids declaration of ‘INTERFACE_ENTRY’ with no type [-fpermissive]
   49 |         INTERFACE_ENTRY(Exchange::IConfiguration)
      |         ^~~~~~~~~~~~~~~
/home/kavia/workspace/code-generation/app-gateway2/AppGateway/l0test/../AppGatewayImplementation.h:49:49: error: expected ‘;’ at end of member declaration
   49 |         INTERFACE_ENTRY(Exchange::IConfiguration)
      |                                                 ^
      |                                                  ;
/home/kavia/workspace/code-generation/app-gateway2/AppGateway/l0test/../AppGatewayImplementation.h:50:9: error: ISO C++ forbids declaration of ‘INTERFACE_ENTRY’ with no type [-fpermissive]
   50 |         INTERFACE_ENTRY(Exchange::IAppGatewayResolver)
      |         ^~~~~~~~~~~~~~~
/home/kavia/workspace/code-generation/app-gateway2/AppGateway/l0test/../AppGatewayImplementation.h:50:54: error: expected ‘;’ at end of member declaration
   50 |         INTERFACE_ENTRY(Exchange::IAppGatewayResolver)
      |                                                      ^
      |                                                       ;
/home/kavia/workspace/code-generation/app-gateway2/AppGateway/l0test/../AppGatewayImplementation.h:51:9: error: ‘END_INTERFACE_MAP’ does not name a type
   51 |         END_INTERFACE_MAP
      |         ^~~~~~~~~~~~~~~~~
/home/kavia/workspace/code-generation/app-gateway2/AppGateway/l0test/../AppGatewayImplementation.h:51:9: note: the macro ‘END_INTERFACE_MAP’ had not yet been defined
In file included from /home/kavia/workspace/code-generation/dependencies/install/include/plugins/IShell.h:2,
                 from /home/kavia/workspace/code-generation/app-gateway2/AppGateway/l0test/ServiceMock.h:26,
                 from /home/kavia/workspace/code-generation/app-gateway2/AppGateway/l0test/Resolver_Configure_And_ResolveTests.cpp:17:
/home/kavia/workspace/code-generation/dependencies/install/include/WPEFramework/plugins/IShell.h:157: note: it was later defined here
  157 | #define END_INTERFACE_MAP
      | 
/home/kavia/workspace/code-generation/app-gateway2/AppGateway/l0test/../AppGatewayImplementation.h: In static member function ‘static WPEFramework::Core::ProxyType<WPEFramework::Core::IDispatch> WPEFramework::Plugin::AppGatewayImplementation::RespondJob::Create(WPEFramework::Plugin::AppGatewayImplementation*, const WPEFramework::Plugin::Context&, const std::string&, const std::string&)’:
/home/kavia/workspace/code-generation/app-gateway2/AppGateway/l0test/../AppGatewayImplementation.h:86:127: error: no matching function for call to ‘WPEFramework::Core::ProxyType<WPEFramework::Core::IDispatch>::ProxyType(WPEFramework::Core::ProxyType<WPEFramework::Plugin::AppGatewayImplementation::RespondJob>)’
   86 |                 return (Core::ProxyType<Core::IDispatch>(Core::ProxyType<RespondJob>::Create(parent, context, payload, origin)));
      |                                                                                                                               ^
In file included from /home/kavia/workspace/code-generation/dependencies/install/include/core/core.h:2,
                 from /home/kavia/workspace/code-generation/app-gateway2/AppGateway/l0test/Resolver_Configure_And_ResolveTests.cpp:10:
/home/kavia/workspace/code-generation/dependencies/install/include/WPEFramework/core/core.h:166:5: note: candidate: ‘constexpr WPEFramework::Core::ProxyType<T>::ProxyType() [with T = WPEFramework::Core::IDispatch]’
  166 |     ProxyType() = default;
      |     ^~~~~~~~~
/home/kavia/workspace/code-generation/dependencies/install/include/WPEFramework/core/core.h:166:5: note:   candidate expects 0 arguments, 1 provided
/home/kavia/workspace/code-generation/dependencies/install/include/WPEFramework/core/core.h:164:7: note: candidate: ‘WPEFramework::Core::ProxyType<WPEFramework::Core::IDispatch>::ProxyType(const WPEFramework::Core::ProxyType<WPEFramework::Core::IDispatch>&)’
  164 | class ProxyType {
      |       ^~~~~~~~~
/home/kavia/workspace/code-generation/dependencies/install/include/WPEFramework/core/core.h:164:7: note:   no known conversion for argument 1 from ‘WPEFramework::Core::ProxyType<WPEFramework::Plugin::AppGatewayImplementation::RespondJob>’ to ‘const WPEFramework::Core::ProxyType<WPEFramework::Core::IDispatch>&’
/home/kavia/workspace/code-generation/dependencies/install/include/WPEFramework/core/core.h:164:7: note: candidate: ‘WPEFramework::Core::ProxyType<WPEFramework::Core::IDispatch>::ProxyType(WPEFramework::Core::ProxyType<WPEFramework::Core::IDispatch>&&)’
/home/kavia/workspace/code-generation/dependencies/install/include/WPEFramework/core/core.h:164:7: note:   no known conversion for argument 1 from ‘WPEFramework::Core::ProxyType<WPEFramework::Plugin::AppGatewayImplementation::RespondJob>’ to ‘WPEFramework::Core::ProxyType<WPEFramework::Core::IDispatch>&&’
/home/kavia/workspace/code-generation/app-gateway2/AppGateway/l0test/../AppGatewayImplementation.h: In member function ‘void WPEFramework::Plugin::AppGatewayImplementation::ReturnMessageInSocket(const WPEFramework::Plugin::Context&, WPEFramework::string)’:
/home/kavia/workspace/code-generation/app-gateway2/AppGateway/l0test/../AppGatewayImplementation.h:109:48: error: invalid use of incomplete type ‘struct WPEFramework::PluginHost::IShell’
  109 |                 mAppGatewayResponder = mService->QueryInterface<Exchange::IAppGatewayResponder>();
      |                                                ^~
In file included from /home/kavia/workspace/code-generation/dependencies/install/include/plugins/plugins.h:2,
                 from /home/kavia/workspace/code-generation/app-gateway2/AppGateway/l0test/../Module.h:25,
                 from /home/kavia/workspace/code-generation/app-gateway2/AppGateway/l0test/../AppGatewayImplementation.h:22:
/home/kavia/workspace/code-generation/dependencies/install/include/WPEFramework/plugins/plugins.h:8:12: note: forward declaration of ‘struct WPEFramework::PluginHost::IShell’
    8 |     struct IShell;
      |            ^~~~~~
/home/kavia/workspace/code-generation/app-gateway2/AppGateway/l0test/../AppGatewayImplementation.h:109:95: error: expected primary-expression before ‘>’ token
  109 |                 mAppGatewayResponder = mService->QueryInterface<Exchange::IAppGatewayResponder>();
      |                                                                                               ^
/home/kavia/workspace/code-generation/app-gateway2/AppGateway/l0test/../AppGatewayImplementation.h:109:97: error: expected primary-expression before ‘)’ token
  109 |                 mAppGatewayResponder = mService->QueryInterface<Exchange::IAppGatewayResponder>();
      |                                                                                                 ^
In file included from /home/kavia/workspace/code-generation/app-gateway2/AppGateway/l0test/Resolver_Configure_And_ResolveTests.cpp:15:
/home/kavia/workspace/code-generation/app-gateway2/AppGateway/l0test/../AppGateway.h: At global scope:
/home/kavia/workspace/code-generation/app-gateway2/AppGateway/l0test/../AppGateway.h:40:54: error: expected class-name before ‘,’ token
   40 |         class AppGateway : public PluginHost::IPlugin, public PluginHost::JSONRPC {
      |                                                      ^
/home/kavia/workspace/code-generation/app-gateway2/AppGateway/l0test/../AppGateway.h:40:83: error: expected class-name before ‘{’ token
   40 |         class AppGateway : public PluginHost::IPlugin, public PluginHost::JSONRPC {
      |                                                                                   ^
/home/kavia/workspace/code-generation/app-gateway2/AppGateway/l0test/../AppGateway.h:55:13: error: ISO C++ forbids declaration of ‘BEGIN_INTERFACE_MAP’ with no type [-fpermissive]
   55 |             BEGIN_INTERFACE_MAP(AppGateway)
      |             ^~~~~~~~~~~~~~~~~~~
/home/kavia/workspace/code-generation/app-gateway2/AppGateway/l0test/../AppGateway.h:55:43: error: expected ‘;’ at end of member declaration
   55 |             BEGIN_INTERFACE_MAP(AppGateway)
      |                                           ^
      |                                            ;
/home/kavia/workspace/code-generation/app-gateway2/AppGateway/l0test/../AppGateway.h:56:29: error: ‘WPEFramework::PluginHost::IPlugin’ has not been declared
   56 |             INTERFACE_ENTRY(PluginHost::IPlugin)
      |                             ^~~~~~~~~~
/home/kavia/workspace/code-generation/app-gateway2/AppGateway/l0test/../AppGateway.h:56:13: error: ISO C++ forbids declaration of ‘INTERFACE_ENTRY’ with no type [-fpermissive]
   56 |             INTERFACE_ENTRY(PluginHost::IPlugin)
      |             ^~~~~~~~~~~~~~~
/home/kavia/workspace/code-generation/app-gateway2/AppGateway/l0test/../AppGateway.h:56:48: error: expected ‘;’ at end of member declaration
   56 |             INTERFACE_ENTRY(PluginHost::IPlugin)
      |                                                ^
      |                                                 ;
/home/kavia/workspace/code-generation/app-gateway2/AppGateway/l0test/../AppGateway.h:57:29: error: ‘WPEFramework::PluginHost::IDispatcher’ has not been declared
   57 |             INTERFACE_ENTRY(PluginHost::IDispatcher)
      |                             ^~~~~~~~~~
/home/kavia/workspace/code-generation/app-gateway2/AppGateway/l0test/../AppGateway.h:57:13: error: ISO C++ forbids declaration of ‘INTERFACE_ENTRY’ with no type [-fpermissive]
   57 |             INTERFACE_ENTRY(PluginHost::IDispatcher)
      |             ^~~~~~~~~~~~~~~
/home/kavia/workspace/code-generation/app-gateway2/AppGateway/l0test/../AppGateway.h:57:52: error: expected ‘;’ at end of member declaration
   57 |             INTERFACE_ENTRY(PluginHost::IDispatcher)
      |                                                    ^
      |                                                     ;
/home/kavia/workspace/code-generation/app-gateway2/AppGateway/l0test/../AppGateway.h:57:13: error: ‘int WPEFramework::Plugin::AppGateway::INTERFACE_ENTRY(int)’ cannot be overloaded with ‘int WPEFramework::Plugin::AppGateway::INTERFACE_ENTRY(int)’
   57 |             INTERFACE_ENTRY(PluginHost::IDispatcher)
      |             ^~~~~~~~~~~~~~~
/home/kavia/workspace/code-generation/app-gateway2/AppGateway/l0test/../AppGateway.h:56:13: note: previous declaration ‘int WPEFramework::Plugin::AppGateway::INTERFACE_ENTRY(int)’
   56 |             INTERFACE_ENTRY(PluginHost::IPlugin)
      |             ^~~~~~~~~~~~~~~
/home/kavia/workspace/code-generation/app-gateway2/AppGateway/l0test/../AppGateway.h:58:64: error: ‘mAppGateway’ has not been declared
   58 |             INTERFACE_AGGREGATE(Exchange::IAppGatewayResolver, mAppGateway)
      |                                                                ^~~~~~~~~~~
/home/kavia/workspace/code-generation/app-gateway2/AppGateway/l0test/../AppGateway.h:58:13: error: ISO C++ forbids declaration of ‘INTERFACE_AGGREGATE’ with no type [-fpermissive]
   58 |             INTERFACE_AGGREGATE(Exchange::IAppGatewayResolver, mAppGateway)
      |             ^~~~~~~~~~~~~~~~~~~
/home/kavia/workspace/code-generation/app-gateway2/AppGateway/l0test/../AppGateway.h:58:75: error: expected ‘;’ at end of member declaration
   58 |             INTERFACE_AGGREGATE(Exchange::IAppGatewayResolver, mAppGateway)
      |                                                                           ^
      |                                                                            ;
/home/kavia/workspace/code-generation/app-gateway2/AppGateway/l0test/../AppGateway.h:59:65: error: ‘mResponder’ has not been declared
   59 |             INTERFACE_AGGREGATE(Exchange::IAppGatewayResponder, mResponder)
      |                                                                 ^~~~~~~~~~
/home/kavia/workspace/code-generation/app-gateway2/AppGateway/l0test/../AppGateway.h:59:13: error: ISO C++ forbids declaration of ‘INTERFACE_AGGREGATE’ with no type [-fpermissive]
   59 |             INTERFACE_AGGREGATE(Exchange::IAppGatewayResponder, mResponder)
      |             ^~~~~~~~~~~~~~~~~~~
/home/kavia/workspace/code-generation/app-gateway2/AppGateway/l0test/../AppGateway.h:59:75: error: expected ‘;’ at end of member declaration
   59 |             INTERFACE_AGGREGATE(Exchange::IAppGatewayResponder, mResponder)
      |                                                                           ^
      |                                                                            ;
/home/kavia/workspace/code-generation/app-gateway2/AppGateway/l0test/../AppGateway.h:60:13: error: ‘END_INTERFACE_MAP’ does not name a type
   60 |             END_INTERFACE_MAP
      |             ^~~~~~~~~~~~~~~~~
/home/kavia/workspace/code-generation/app-gateway2/AppGateway/l0test/../AppGateway.h:60:13: note: the macro ‘END_INTERFACE_MAP’ had not yet been defined
/home/kavia/workspace/code-generation/dependencies/install/include/WPEFramework/plugins/IShell.h:157: note: it was later defined here
  157 | #define END_INTERFACE_MAP
      | 
/home/kavia/workspace/code-generation/app-gateway2/AppGateway/l0test/../AppGateway.h:51:34: error: ‘virtual const WPEFramework::string WPEFramework::Plugin::AppGateway::Initialize(WPEFramework::PluginHost::IShell*)’ marked ‘override’, but does not override
   51 |             virtual const string Initialize(PluginHost::IShell *service) override;
      |                                  ^~~~~~~~~~
/home/kavia/workspace/code-generation/app-gateway2/AppGateway/l0test/../AppGateway.h:52:26: error: ‘virtual void WPEFramework::Plugin::AppGateway::Deinitialize(WPEFramework::PluginHost::IShell*)’ marked ‘override’, but does not override
   52 |             virtual void Deinitialize(PluginHost::IShell *service) override;
      |                          ^~~~~~~~~~~~
/home/kavia/workspace/code-generation/app-gateway2/AppGateway/l0test/../AppGateway.h:53:28: error: ‘virtual WPEFramework::string WPEFramework::Plugin::AppGateway::Information() const’ marked ‘override’, but does not override
   53 |             virtual string Information() const override { return {}; }
      |                            ^~~~~~~~~~~
/home/kavia/workspace/code-generation/dependencies/install/include/WPEFramework/core/core.h:44:19: warning: ‘virtual void* WPEFramework::Core::IUnknown::QueryInterface(uint32_t)’ was hidden [-Woverloaded-virtual=]
   44 |     virtual void* QueryInterface(const uint32_t id) = 0;
      |                   ^~~~~~~~~~~~~~
/home/kavia/workspace/code-generation/dependencies/install/include/WPEFramework/plugins/IShell.h:130:16: note:   by ‘WPEFramework::PluginHost::IShell::QueryInterface()’
  130 |     INTERFACE* QueryInterface()
      |                ^~~~~~~~~~~~~~
/home/kavia/workspace/code-generation/app-gateway2/AppGateway/l0test/ServiceMock.h: In member function ‘virtual WPEFramework::Core::hresult L0Test::ResponderFake::Register(WPEFramework::Exchange::IAppGatewayResponder::INotification*)’:
/home/kavia/workspace/code-generation/app-gateway2/AppGateway/l0test/ServiceMock.h:221:26: error: no matching function for call to ‘find(std::__cxx11::list<WPEFramework::Exchange::IAppGatewayResponder::INotification*>::iterator, std::__cxx11::list<WPEFramework::Exchange::IAppGatewayResponder::INotification*>::iterator, WPEFramework::Exchange::IAppGatewayResponder::INotification*&)’
  221 |             if (std::find(_notifications.begin(), _notifications.end(), notification) == _notifications.end()) {
      |                 ~~~~~~~~~^~~~~~~~~~~~~~~~~~~~~~~~~~~~~~~~~~~~~~~~~~~~~~~~~~~~~~~~~~~~
In file included from /usr/include/c++/13/bits/locale_facets.h:48,
                 from /usr/include/c++/13/bits/basic_ios.h:37,
                 from /usr/include/c++/13/ios:46,
                 from /usr/include/c++/13/ostream:40,
                 from /usr/include/c++/13/iostream:41,
                 from /home/kavia/workspace/code-generation/app-gateway2/AppGateway/l0test/Resolver_Configure_And_ResolveTests.cpp:1:
/usr/include/c++/13/bits/streambuf_iterator.h:435:5: note: candidate: ‘template<class _CharT2> typename __gnu_cxx::__enable_if<std::__is_char<_CharT2>::__value, std::istreambuf_iterator<_CharT> >::__type std::find(istreambuf_iterator<_CharT>, istreambuf_iterator<_CharT>, const _CharT2&)’
  435 |     find(istreambuf_iterator<_CharT> __first,
      |     ^~~~
/usr/include/c++/13/bits/streambuf_iterator.h:435:5: note:   template argument deduction/substitution failed:
/home/kavia/workspace/code-generation/app-gateway2/AppGateway/l0test/ServiceMock.h:221:26: note:   ‘std::_List_iterator<WPEFramework::Exchange::IAppGatewayResponder::INotification*>’ is not derived from ‘std::istreambuf_iterator<_CharT>’
  221 |             if (std::find(_notifications.begin(), _notifications.end(), notification) == _notifications.end()) {
      |                 ~~~~~~~~~^~~~~~~~~~~~~~~~~~~~~~~~~~~~~~~~~~~~~~~~~~~~~~~~~~~~~~~~~~~~
/home/kavia/workspace/code-generation/app-gateway2/AppGateway/l0test/ServiceMock.h: In member function ‘virtual WPEFramework::Core::hresult L0Test::ResponderFake::Unregister(WPEFramework::Exchange::IAppGatewayResponder::INotification*)’:
/home/kavia/workspace/code-generation/app-gateway2/AppGateway/l0test/ServiceMock.h:233:32: error: no matching function for call to ‘find(std::__cxx11::list<WPEFramework::Exchange::IAppGatewayResponder::INotification*>::iterator, std::__cxx11::list<WPEFramework::Exchange::IAppGatewayResponder::INotification*>::iterator, WPEFramework::Exchange::IAppGatewayResponder::INotification*&)’
  233 |             auto it = std::find(_notifications.begin(), _notifications.end(), notification);
      |                       ~~~~~~~~~^~~~~~~~~~~~~~~~~~~~~~~~~~~~~~~~~~~~~~~~~~~~~~~~~~~~~~~~~~~~
/usr/include/c++/13/bits/streambuf_iterator.h:435:5: note: candidate: ‘template<class _CharT2> typename __gnu_cxx::__enable_if<std::__is_char<_CharT2>::__value, std::istreambuf_iterator<_CharT> >::__type std::find(istreambuf_iterator<_CharT>, istreambuf_iterator<_CharT>, const _CharT2&)’
  435 |     find(istreambuf_iterator<_CharT> __first,
      |     ^~~~
/usr/include/c++/13/bits/streambuf_iterator.h:435:5: note:   template argument deduction/substitution failed:
/home/kavia/workspace/code-generation/app-gateway2/AppGateway/l0test/ServiceMock.h:233:32: note:   ‘std::_List_iterator<WPEFramework::Exchange::IAppGatewayResponder::INotification*>’ is not derived from ‘std::istreambuf_iterator<_CharT>’
  233 |             auto it = std::find(_notifications.begin(), _notifications.end(), notification);
      |                       ~~~~~~~~~^~~~~~~~~~~~~~~~~~~~~~~~~~~~~~~~~~~~~~~~~~~~~~~~~~~~~~~~~~~~
/home/kavia/workspace/code-generation/app-gateway2/AppGateway/l0test/Resolver_Configure_And_ResolveTests.cpp: At global scope:
/home/kavia/workspace/code-generation/app-gateway2/AppGateway/l0test/Resolver_Configure_And_ResolveTests.cpp:82:10: error: ‘bool {anonymous}::SimpleStringIterator::Previous(WPEFramework::string&)’ marked ‘override’, but does not override
   82 |     bool Previous(string& out) override {
      |          ^~~~~~~~
/home/kavia/workspace/code-generation/app-gateway2/AppGateway/l0test/Resolver_Configure_And_ResolveTests.cpp:90:10: error: ‘void {anonymous}::SimpleStringIterator::Reset(uint32_t)’ marked ‘override’, but does not override
   90 |     void Reset(const uint32_t position) override {
      |          ^~~~~
/home/kavia/workspace/code-generation/app-gateway2/AppGateway/l0test/Resolver_Configure_And_ResolveTests.cpp:99:10: error: ‘bool {anonymous}::SimpleStringIterator::IsValid() const’ marked ‘override’, but does not override
   99 |     bool IsValid() const override {
      |          ^~~~~~~
/home/kavia/workspace/code-generation/app-gateway2/AppGateway/l0test/Resolver_Configure_And_ResolveTests.cpp:102:14: error: ‘uint32_t {anonymous}::SimpleStringIterator::Count() const’ marked ‘override’, but does not override
  102 |     uint32_t Count() const override {
      |              ^~~~~
/home/kavia/workspace/code-generation/app-gateway2/AppGateway/l0test/Resolver_Configure_And_ResolveTests.cpp:105:12: error: ‘WPEFramework::string {anonymous}::SimpleStringIterator::Current() const’ marked ‘override’, but does not override
  105 |     string Current() const override {
      |            ^~~~~~~
/home/kavia/workspace/code-generation/app-gateway2/AppGateway/l0test/Resolver_Configure_And_ResolveTests.cpp:191:73: warning: converting to ‘const L0Test::ServiceMock::Config’ from initializer list would use explicit constructor ‘L0Test::ServiceMock::Config::Config(bool, bool, bool)’
  191 |     explicit PluginAndService(const L0Test::ServiceMock::Config& cfg = {})
      |                                                                         ^
/home/kavia/workspace/code-generation/app-gateway2/AppGateway/l0test/Resolver_Configure_And_ResolveTests.cpp:191:73: note: in C++11 and above a default constructor can be explicit
/home/kavia/workspace/code-generation/app-gateway2/AppGateway/l0test/Resolver_Configure_And_ResolveTests.cpp: In constructor ‘{anonymous}::PluginAndService::PluginAndService(const L0Test::ServiceMock::Config&)’:
/home/kavia/workspace/code-generation/app-gateway2/AppGateway/l0test/Resolver_Configure_And_ResolveTests.cpp:193:56: error: template argument 1 is invalid
  193 |         , plugin(WPEFramework::Core::Service<AppGateway>::Create<IPlugin>()) {
      |                                                        ^
/home/kavia/workspace/code-generation/app-gateway2/AppGateway/l0test/Resolver_Configure_And_ResolveTests.cpp:193:73: error: expected primary-expression before ‘>’ token
  193 |         , plugin(WPEFramework::Core::Service<AppGateway>::Create<IPlugin>()) {
      |                                                                         ^
/home/kavia/workspace/code-generation/app-gateway2/AppGateway/l0test/Resolver_Configure_And_ResolveTests.cpp:193:75: error: expected primary-expression before ‘)’ token
  193 |         , plugin(WPEFramework::Core::Service<AppGateway>::Create<IPlugin>()) {
      |                                                                           ^
/home/kavia/workspace/code-generation/app-gateway2/AppGateway/l0test/Resolver_Configure_And_ResolveTests.cpp: In function ‘uint32_t Test_Resolver_Configure_WithBaseOnly_LoadsOK()’:
/home/kavia/workspace/code-generation/app-gateway2/AppGateway/l0test/Resolver_Configure_And_ResolveTests.cpp:208:22: warning: converting to ‘const L0Test::ServiceMock::Config’ from initializer list would use explicit constructor ‘L0Test::ServiceMock::Config::Config(bool, bool, bool)’
  208 |     PluginAndService ps;
      |                      ^~
/home/kavia/workspace/code-generation/app-gateway2/AppGateway/l0test/Resolver_Configure_And_ResolveTests.cpp:208:22: note: in C++11 and above a default constructor can be explicit
/home/kavia/workspace/code-generation/app-gateway2/AppGateway/l0test/Resolver_Configure_And_ResolveTests.cpp:191:66: note: in passing argument 1 of ‘{anonymous}::PluginAndService::PluginAndService(const L0Test::ServiceMock::Config&)’
  191 |     explicit PluginAndService(const L0Test::ServiceMock::Config& cfg = {})
      |                               ~~~~~~~~~~~~~~~~~~~~~~~~~~~~~~~~~~~^~~~~~~~
/home/kavia/workspace/code-generation/dependencies/install/include/WPEFramework/core/core.h: In instantiation of ‘static WPEFramework::Core::ProxyType<T> WPEFramework::Core::ProxyType<T>::Create(Args&& ...) [with Args = {WPEFramework::Plugin::AppGatewayImplementation*&, const WPEFramework::Exchange::GatewayContext&, const std::__cxx11::basic_string<char, std::char_traits<char>, std::allocator<char> >&, const std::__cxx11::basic_string<char, std::char_traits<char>, std::allocator<char> >&}; T = WPEFramework::Plugin::AppGatewayImplementation::RespondJob]’:
/home/kavia/workspace/code-generation/app-gateway2/AppGateway/l0test/../AppGatewayImplementation.h:86:93:   required from here
/home/kavia/workspace/code-generation/dependencies/install/include/WPEFramework/core/core.h:172:24: error: ‘WPEFramework::Plugin::AppGatewayImplementation::RespondJob::RespondJob(WPEFramework::Plugin::AppGatewayImplementation*, const WPEFramework::Plugin::Context&, const std::string&, const std::string&)’ is protected within this context
  172 |         out._ptr.reset(new T(std::forward<Args>(args)...));
      |                        ^~~~~~~~~~~~~~~~~~~~~~~~~~~~~~~~~~
/home/kavia/workspace/code-generation/app-gateway2/AppGateway/l0test/../AppGatewayImplementation.h:65:13: note: declared protected here
   65 |             RespondJob(AppGatewayImplementation *parent,
      |             ^~~~~~~~~~
/home/kavia/workspace/code-generation/dependencies/install/include/WPEFramework/core/core.h: In instantiation of ‘static INTERFACE* WPEFramework::Core::Service<IMPLEMENTATION>::Create() [with INTERFACE = WPEFramework::Exchange::IAppGatewayResolver; IMPLEMENTATION = WPEFramework::Plugin::AppGatewayImplementation]’:
/home/kavia/workspace/code-generation/app-gateway2/AppGateway/l0test/Resolver_Configure_And_ResolveTests.cpp:284:137:   required from here
/home/kavia/workspace/code-generation/dependencies/install/include/WPEFramework/core/core.h:192:40: error: invalid new-expression of abstract class type ‘WPEFramework::Plugin::AppGatewayImplementation’
  192 |         return static_cast<INTERFACE*>(new IMPLEMENTATION());
      |                                        ^~~~~~~~~~~~~~~~~~~~
/home/kavia/workspace/code-generation/app-gateway2/AppGateway/l0test/../AppGatewayImplementation.h:37:11: note:   because the following virtual functions are pure within ‘WPEFramework::Plugin::AppGatewayImplementation’:
   37 |     class AppGatewayImplementation : public Exchange::IAppGatewayResolver, public Exchange::IConfiguration
      |           ^~~~~~~~~~~~~~~~~~~~~~~~
/home/kavia/workspace/code-generation/dependencies/install/include/WPEFramework/core/core.h:42:22: note:     ‘virtual uint32_t WPEFramework::Core::IUnknown::AddRef() const’
   42 |     virtual uint32_t AddRef() const = 0;
      |                      ^~~~~~
/home/kavia/workspace/code-generation/dependencies/install/include/WPEFramework/core/core.h:43:22: note:     ‘virtual uint32_t WPEFramework::Core::IUnknown::Release() const’
   43 |     virtual uint32_t Release() const = 0;
      |                      ^~~~~~~
/home/kavia/workspace/code-generation/dependencies/install/include/WPEFramework/core/core.h:44:19: note:     ‘virtual void* WPEFramework::Core::IUnknown::QueryInterface(uint32_t)’
   44 |     virtual void* QueryInterface(const uint32_t id) = 0;
      |                   ^~~~~~~~~~~~~~
/home/kavia/workspace/code-generation/dependencies/install/include/WPEFramework/core/core.h:42:22: note:     ‘virtual uint32_t WPEFramework::Core::IUnknown::AddRef() const’
   42 |     virtual uint32_t AddRef() const = 0;
      |                      ^~~~~~
/home/kavia/workspace/code-generation/dependencies/install/include/WPEFramework/core/core.h:43:22: note:     ‘virtual uint32_t WPEFramework::Core::IUnknown::Release() const’
   43 |     virtual uint32_t Release() const = 0;
      |                      ^~~~~~~
/home/kavia/workspace/code-generation/dependencies/install/include/WPEFramework/core/core.h:44:19: note:     ‘virtual void* WPEFramework::Core::IUnknown::QueryInterface(uint32_t)’
   44 |     virtual void* QueryInterface(const uint32_t id) = 0;
      |                   ^~~~~~~~~~~~~~
In file included from /home/kavia/workspace/code-generation/app-gateway2/AppGateway/l0test/../AppGatewayImplementation.h:24:
/home/kavia/workspace/code-generation/app-gateway2/AppGateway/l0test/../../interfaces/IAppGateway.h:69:35: note:     ‘virtual WPEFramework::Core::hresult WPEFramework::Exchange::IAppGatewayResolver::Configure(IStringIterator* const&)’
   69 |             virtual Core::hresult Configure(IStringIterator *const& paths /* @in */) = 0;
      |                                   ^~~~~~~~~
/home/kavia/workspace/code-generation/app-gateway2/AppGateway/l0test/Resolver_Configure_And_ResolveTests.cpp: At global scope:
/home/kavia/workspace/code-generation/app-gateway2/AppGateway/l0test/Resolver_Configure_And_ResolveTests.cpp:42:13: warning: ‘void {anonymous}::ExpectNotEmpty(TestResult&, const std::string&, const std::string&)’ defined but not used [-Wunused-function]
   42 | static void ExpectNotEmpty(TestResult& tr, const std::string& s, const std::string& what) {
      |             ^~~~~~~~~~~~~~
ninja: build stopped: subcommand failed.
