[run_coverage] ROOT=/home/kavia/workspace/code-generation/app-gateway2
[run_coverage] TEST_SRC_DIR=/home/kavia/workspace/code-generation/app-gateway2/tests/l0/appgateway/l0test
[run_coverage] BUILD_DIR=/home/kavia/workspace/code-generation/app-gateway2/build/tests_l0_appgateway
[run_coverage] INSTALL_PREFIX=/home/kavia/workspace/code-generation/app-gateway2/dependencies/install
[run_coverage] COVERAGE_DIR=/home/kavia/workspace/code-generation/app-gateway2/tests/l0/appgateway/coverage
[run_coverage] === Tool checks ===
[run_coverage] === Ensure runtime test configs ===
[ensure_test_configs] Installed /etc/app-gateway/resolution.base.json from /home/kavia/workspace/code-generation/app-gateway2/plugin/AppGateway/resolutions/resolution.base.json
[run_coverage] === Input checks ===
[run_coverage] === Build AppGateway plugin (ensure up-to-date) ===
[build_plugin_appgateway] ROOT=/home/kavia/workspace/code-generation/app-gateway2
[build_plugin_appgateway] PLUGIN_SRC=/home/kavia/workspace/code-generation/app-gateway2/plugin/AppGateway
[build_plugin_appgateway] BUILD_DIR=/home/kavia/workspace/code-generation/app-gateway2/build/plugin_appgateway
[build_plugin_appgateway] INSTALL_PREFIX=/home/kavia/workspace/code-generation/app-gateway2/dependencies/install
[build_plugin_appgateway] CMAKE_PREFIX_PATH=/home/kavia/workspace/code-generation/app-gateway2/dependencies/install
[build_plugin_appgateway] PKG_CONFIG_PATH=/home/kavia/workspace/code-generation/app-gateway2/dependencies/install/lib/pkgconfig
[build_plugin_appgateway] Thunder CMake modules dir: /home/kavia/workspace/code-generation/app-gateway2/dependencies/install/include/WPEFramework/Modules
[build_plugin_appgateway] Extra helper include not found (continuing): /home/kavia/workspace/code-generation/app-gateway2/dependencies/entservices-infra/helpers
[build_plugin_appgateway] Extra local helpers include: /home/kavia/workspace/code-generation/app-gateway2/helpers
[build_plugin_appgateway] Configuring...
Setup WPEFrameworkAppGateway v1.0.0
-- Assuming:
-- Plugin: AppGateway
-- Classname: AppGateway
-- Component: AppGateway
-- Writing configuration for AppGateway using config_generator
ConfigGenerator: Writing Config JSON
-- Configuring done (0.1s)
-- Generating done (0.0s)
-- Build files have been written to: /home/kavia/workspace/code-generation/app-gateway2/build/plugin_appgateway
[build_plugin_appgateway] Building...
[1/5] Building CXX object CMakeFiles/WPEFrameworkAppGateway.dir/Resolver.o
FAILED: CMakeFiles/WPEFrameworkAppGateway.dir/Resolver.o
/usr/bin/c++ ... -c /home/kavia/workspace/code-generation/app-gateway2/plugin/AppGateway/Resolver.cpp
In file included from /home/kavia/workspace/code-generation/app-gateway2/plugin/AppGateway/Resolver.cpp:20:
/home/kavia/workspace/code-generation/app-gateway2/plugin/AppGateway/Resolver.h:24:10: fatal error: StringUtils.h: No such file or directory
   24 | #include "StringUtils.h"
      |          ^~~~~~~~~~~~~~~
compilation terminated.
[2/5] Building CXX object CMakeFiles/WPEFrameworkAppGateway.dir/AppGatewayImplementation.o
FAILED: CMakeFiles/WPEFrameworkAppGateway.dir/AppGatewayImplementation.o
/usr/bin/c++ ... -c /home/kavia/workspace/code-generation/app-gateway2/plugin/AppGateway/AppGatewayImplementation.cpp
In file included from /home/kavia/workspace/code-generation/app-gateway2/plugin/AppGateway/AppGatewayImplementation.h:23,
                 from /home/kavia/workspace/code-generation/app-gateway2/plugin/AppGateway/AppGatewayImplementation.cpp:23:
/home/kavia/workspace/code-generation/app-gateway2/plugin/AppGateway/Resolver.h:24:10: fatal error: StringUtils.h: No such file or directory
   24 | #include "StringUtils.h"
      |          ^~~~~~~~~~~~~~~
compilation terminated.
[3/5] Building CXX object CMakeFiles/WPEFrameworkAppGateway.dir/AppGatewayResponderImplementation.o
FAILED: CMakeFiles/WPEFrameworkAppGateway.dir/AppGatewayResponderImplementation.o
/usr/bin/c++ ... -c /home/kavia/workspace/code-generation/app-gateway2/plugin/AppGateway/AppGatewayResponderImplementation.cpp
In file included from /home/kavia/workspace/code-generation/app-gateway2/plugin/AppGateway/AppGatewayResponderImplementation.cpp:24:
/home/kavia/workspace/code-generation/app-gateway2/plugin/AppGateway/AppGatewayResponderImplementation.h:26:10: fatal error: ContextUtils.h: No such file or directory
   26 | #include "ContextUtils.h"
      |          ^~~~~~~~~~~~~~~~
compilation terminated.
ninja: build stopped: subcommand failed.
[build_plugin_appgateway] Build failed; capturing first 50 lines of errors into /home/kavia/workspace/code-generation/app-gateway2/tests/l0/appgateway/coverage/build_plugin_appgateway_errors.latest.txt
