[run_coverage] ROOT=/home/kavia/workspace/code-generation/app-gateway2
[run_coverage] TEST_SRC_DIR=/home/kavia/workspace/code-generation/app-gateway2/tests/l0/appgateway/l0test
[run_coverage] BUILD_DIR=/home/kavia/workspace/code-generation/app-gateway2/build/tests_l0_appgateway
[run_coverage] INSTALL_PREFIX=/home/kavia/workspace/code-generation/app-gateway2/dependencies/install
[run_coverage] COVERAGE_DIR=/home/kavia/workspace/code-generation/app-gateway2/tests/l0/appgateway/coverage

[run_coverage] ===== Tool checks =====

[run_coverage] ===== Input checks =====
[run_coverage] Using AppGateway plugin .so: /home/kavia/workspace/code-generation/app-gateway2/dependencies/install/lib/plugins/libWPEFrameworkAppGateway.so

[run_coverage] ===== Coverage flags =====
[run_coverage] CMAKE_PREFIX_PATH=/home/kavia/workspace/code-generation/app-gateway2/dependencies/install
[run_coverage] PKG_CONFIG_PATH=/home/kavia/workspace/code-generation/app-gateway2/dependencies/install/lib/pkgconfig
[run_coverage] CXXFLAGS=--coverage -O0 -g
[run_coverage] LDFLAGS=--coverage

[run_coverage] ===== Clean build directory =====

[run_coverage] ===== Prepare Real-plugin link path (optional) =====
[run_coverage] Symlinked for CMake probe:
[run_coverage]   /home/kavia/workspace/code-generation/app-gateway2/build/AppGateway/libWPEFrameworkAppGateway.so -> /home/kavia/workspace/code-generation/app-gateway2/dependencies/install/lib/plugins/libWPEFrameworkAppGateway.so

[run_coverage] ===== Configure (Ninja) and build =====
-- The CXX compiler identification is unknown
-- Detecting CXX compiler ABI info
-- Detecting CXX compiler ABI info - done
-- Check for working CXX compiler: /usr/bin/c++ - skipped
-- Using PREFIX='/home/kavia/workspace/code-generation/app-gateway2/dependencies/install'
-- AppGateway l0test: Using local interfaces stub: /home/kavia/workspace/code-generation/app-gateway2/tests/l0/appgateway/l0test/../../../../interfaces/IAppGateway.h
-- Performing Test CMAKE_HAVE_LIBC_PTHREAD
-- Performing Test CMAKE_HAVE_LIBC_PTHREAD - Success
-- Found Threads: TRUE  
-- Linking against built AppGateway plugin: /home/kavia/workspace/code-generation/app-gateway2/build/tests_l0_appgateway/../AppGateway/libWPEFrameworkAppGateway.so
-- Configuring done (0.4s)
-- Generating done (0.0s)
-- Build files have been written to: /home/kavia/workspace/code-generation/app-gateway2/build/tests_l0_appgateway
[1/7] Building CXX object CMakeFiles/appgateway_l0test.dir/ContextUtils_ConversionTests.cpp.o
FAILED: CMakeFiles/appgateway_l0test.dir/ContextUtils_ConversionTests.cpp.o 
/usr/bin/c++ -DMODULE_NAME=AppGateway_L0Test -I/home/kavia/workspace/code-generation/app-gateway2/tests/l0/appgateway/l0test -I/home/kavia/workspace/code-generation/app-gateway2/tests/l0/appgateway/l0test/../../../../plugin/AppGateway -I/home/kavia/workspace/code-generation/app-gateway2/tests/l0/appgateway/l0test/../../../../helpers -I/home/kavia/workspace/code-generation/app-gateway2/tests/l0/appgateway/l0test/../../../../interfaces -I/home/kavia/workspace/code-generation/app-gateway2/tests/l0/appgateway/l0test/../../../../interfaces/json -I/home/kavia/workspace/code-generation/app-gateway2/dependencies/install/include -I/home/kavia/workspace/code-generation/app-gateway2/dependencies/install/include/WPEFramework --coverage -O0 -g -O0 -g --coverage -Wall -Wextra -Wno-unused-parameter -o CMakeFiles/appgateway_l0test.dir/ContextUtils_ConversionTests.cpp.o -c /home/kavia/workspace/code-generation/app-gateway2/tests/l0/appgateway/l0test/ContextUtils_ConversionTests.cpp
/home/kavia/workspace/code-generation/app-gateway2/tests/l0/appgateway/l0test/ContextUtils_ConversionTests.cpp:8:10: fatal error: ../AppGateway.h: No such file or directory
    8 | #include "../AppGateway.h"
      |          ^~~~~~~~~~~~~~~~~
compilation terminated.
[2/7] Building CXX object CMakeFiles/appgateway_l0test.dir/AppGateway_JsonRpcResolveTests.cpp.o
FAILED: CMakeFiles/appgateway_l0test.dir/AppGateway_JsonRpcResolveTests.cpp.o 
/usr/bin/c++ -DMODULE_NAME=AppGateway_L0Test -I/home/kavia/workspace/code-generation/app-gateway2/tests/l0/appgateway/l0test -I/home/kavia/workspace/code-generation/app-gateway2/tests/l0/appgateway/l0test/../../../../plugin/AppGateway -I/home/kavia/workspace/code-generation/app-gateway2/tests/l0/appgateway/l0test/../../../../helpers -I/home/kavia/workspace/code-generation/app-gateway2/tests/l0/appgateway/l0test/../../../../interfaces -I/home/kavia/workspace/code-generation/app-gateway2/tests/l0/appgateway/l0test/../../../../interfaces/json -I/home/kavia/workspace/code-generation/app-gateway2/dependencies/install/include -I/home/kavia/workspace/code-generation/app-gateway2/dependencies/install/include/WPEFramework --coverage -O0 -g -O0 -g --coverage -Wall -Wextra -Wno-unused-parameter -o CMakeFiles/appgateway_l0test.dir/AppGateway_JsonRpcResolveTests.cpp.o -c /home/kavia/workspace/code-generation/app-gateway2/tests/l0/appgateway/l0test/AppGateway_JsonRpcResolveTests.cpp
/home/kavia/workspace/code-generation/app-gateway2/tests/l0/appgateway/l0test/AppGateway_JsonRpcResolveTests.cpp:8:10: fatal error: ../AppGateway.h: No such file or directory
    8 | #include "../AppGateway.h"
      |          ^~~~~~~~~~~~~~~~~
compilation terminated.
[3/7] Building CXX object CMakeFiles/appgateway_l0test.dir/Responder_BehaviorTests.cpp.o
FAILED: CMakeFiles/appgateway_l0test.dir/Responder_BehaviorTests.cpp.o 
/usr/bin/c++ -DMODULE_NAME=AppGateway_L0Test -I/home/kavia/workspace/code-generation/app-gateway2/tests/l0/appgateway/l0test -I/home/kavia/workspace/code-generation/app-gateway2/tests/l0/appgateway/l0test/../../../../plugin/AppGateway -I/home/kavia/workspace/code-generation/app-gateway2/tests/l0/appgateway/l0test/../../../../helpers -I/home/kavia/workspace/code-generation/app-gateway2/tests/l0/appgateway/l0test/../../../../interfaces -I/home/kavia/workspace/code-generation/app-gateway2/tests/l0/appgateway/l0test/../../../../interfaces/json -I/home/kavia/workspace/code-generation/app-gateway2/dependencies/install/include -I/home/kavia/workspace/code-generation/app-gateway2/dependencies/install/include/WPEFramework --coverage -O0 -g -O0 -g --coverage -Wall -Wextra -Wno-unused-parameter -o CMakeFiles/appgateway_l0test.dir/Responder_BehaviorTests.cpp.o -c /home/kavia/workspace/code-generation/app-gateway2/tests/l0/appgateway/l0test/Responder_BehaviorTests.cpp
/home/kavia/workspace/code-generation/app-gateway2/tests/l0/appgateway/l0test/Responder_BehaviorTests.cpp:6:10: fatal error: ../AppGateway.h: No such file or directory
    6 | #include "../AppGateway.h"
      |          ^~~~~~~~~~~~~~~~~
compilation terminated.
[4/7] Building CXX object CMakeFiles/appgateway_l0test.dir/Resolver_Configure_And_ResolveTests.cpp.o
FAILED: CMakeFiles/appgateway_l0test.dir/Resolver_Configure_And_ResolveTests.cpp.o 
/usr/bin/c++ -DMODULE_NAME=AppGateway_L0Test -I/home/kavia/workspace/code-generation/app-gateway2/tests/l0/appgateway/l0test -I/home/kavia/workspace/code-generation/app-gateway2/tests/l0/appgateway/l0test/../../../../plugin/AppGateway -I/home/kavia/workspace/code-generation/app-gateway2/tests/l0/appgateway/l0test/../../../../helpers -I/home/kavia/workspace/code-generation/app-gateway2/tests/l0/appgateway/l0test/../../../../interfaces -I/home/kavia/workspace/code-generation/app-gateway2/tests/l0/appgateway/l0test/../../../../interfaces/json -I/home/kavia/workspace/code-generation/app-gateway2/dependencies/install/include -I/home/kavia/workspace/code-generation/app-gateway2/dependencies/install/include/WPEFramework --coverage -O0 -g -O0 -g --coverage -Wall -Wextra -Wno-unused-parameter -o CMakeFiles/appgateway_l0test.dir/Resolver_Configure_And_ResolveTests.cpp.o -c /home/kavia/workspace/code-generation/app-gateway2/tests/l0/appgateway/l0test/Resolver_Configure_And_ResolveTests.cpp
/home/kavia/workspace/code-generation/app-gateway2/tests/l0/appgateway/l0test/Resolver_Configure_And_ResolveTests.cpp:13:10: fatal error: ../AppGatewayImplementation.h: No such file or directory
   13 | #include "../AppGatewayImplementation.h"
      |          ^~~~~~~~~~~~~~~~~~~~~~~~~~~~~~~
compilation terminated.
[5/7] Building CXX object CMakeFiles/appgateway_l0test.dir/AppGatewayTest.cpp.o
FAILED: CMakeFiles/appgateway_l0test.dir/AppGatewayTest.cpp.o 
/usr/bin/c++ -DMODULE_NAME=AppGateway_L0Test -I/home/kavia/workspace/code-generation/app-gateway2/tests/l0/appgateway/l0test -I/home/kavia/workspace/code-generation/app-gateway2/tests/l0/appgateway/l0test/../../../../plugin/AppGateway -I/home/kavia/workspace/code-generation/app-gateway2/tests/l0/appgateway/l0test/../../../../helpers -I/home/kavia/workspace/code-generation/app-gateway2/tests/l0/appgateway/l0test/../../../../interfaces -I/home/kavia/workspace/code-generation/app-gateway2/tests/l0/appgateway/l0test/../../../../interfaces/json -I/home/kavia/workspace/code-generation/app-gateway2/dependencies/install/include -I/home/kavia/workspace/code-generation/app-gateway2/dependencies/install/include/WPEFramework --coverage -O0 -g -O0 -g --coverage -Wall -Wextra -Wno-unused-parameter -o CMakeFiles/appgateway_l0test.dir/AppGatewayTest.cpp.o -c /home/kavia/workspace/code-generation/app-gateway2/tests/l0/appgateway/l0test/AppGatewayTest.cpp
In file included from /home/kavia/workspace/code-generation/app-gateway2/tests/l0/appgateway/l0test/AppGatewayTest.cpp:8:
/home/kavia/workspace/code-generation/app-gateway2/tests/l0/appgateway/l0test/ServiceMock.h:23:10: fatal error: ../Module.h: No such file or directory
   23 | #include "../Module.h"
      |          ^~~~~~~~~~~~~
compilation terminated.
[6/7] Building CXX object CMakeFiles/appgateway_l0test.dir/AppGateway_Init_DeinitTests.cpp.o
FAILED: CMakeFiles/appgateway_l0test.dir/AppGateway_Init_DeinitTests.cpp.o 
/usr/bin/c++ -DMODULE_NAME=AppGateway_L0Test -I/home/kavia/workspace/code-generation/app-gateway2/tests/l0/appgateway/l0test -I/home/kavia/workspace/code-generation/app-gateway2/tests/l0/appgateway/l0test/../../../../plugin/AppGateway -I/home/kavia/workspace/code-generation/app-gateway2/tests/l0/appgateway/l0test/../../../../helpers -I/home/kavia/workspace/code-generation/app-gateway2/tests/l0/appgateway/l0test/../../../../interfaces -I/home/kavia/workspace/code-generation/app-gateway2/tests/l0/appgateway/l0test/../../../../interfaces/json -I/home/kavia/workspace/code-generation/app-gateway2/dependencies/install/include -I/home/kavia/workspace/code-generation/app-gateway2/dependencies/install/include/WPEFramework --coverage -O0 -g -O0 -g --coverage -Wall -Wextra -Wno-unused-parameter -o CMakeFiles/appgateway_l0test.dir/AppGateway_Init_DeinitTests.cpp.o -c /home/kavia/workspace/code-generation/app-gateway2/tests/l0/appgateway/l0test/AppGateway_Init_DeinitTests.cpp
/home/kavia/workspace/code-generation/app-gateway2/tests/l0/appgateway/l0test/AppGateway_Init_DeinitTests.cpp:8:10: fatal error: ../AppGateway.h: No such file or directory
    8 | #include "../AppGateway.h"
      |          ^~~~~~~~~~~~~~~~~
compilation terminated.
ninja: build stopped: subcommand failed.
