TN:
SF:/home/kavia/workspace/code-generation/app-gateway2/helpers/rdkservices-comcast/helpers/ContextUtils.h
FN:77,80,_ZN12ContextUtils15IsOriginGatewayERKNSt7__cxx1112basic_stringIcSt11char_traitsIcESaIcEEE
FNDA:0,_ZN12ContextUtils15IsOriginGatewayERKNSt7__cxx1112basic_stringIcSt11char_traitsIcESaIcEEE
FNF:1
FNH:0
DA:77,0
DA:79,0
LF:2
LH:0
end_of_record
TN:
SF:/home/kavia/workspace/code-generation/app-gateway2/helpers/rdkservices-comcast/helpers/ObjectUtils.h
FN:28,41,_ZN11ObjectUtils15HasBooleanEntryERKN12WPEFramework4Core4JSON16VariantContainerERKNSt7__cxx1112basic_stringIcSt11char_traitsIcESaIcEEERb
FNDA:1,_ZN11ObjectUtils15HasBooleanEntryERKN12WPEFramework4Core4JSON16VariantContainerERKNSt7__cxx1112basic_stringIcSt11char_traitsIcESaIcEEERb
FNF:1
FNH:1
DA:28,1
DA:29,1
DA:30,0
DA:32,1
DA:33,1
DA:34,0
DA:35,1
DA:37,1
DA:38,1
DA:40,0
LF:10
LH:7
end_of_record
TN:
SF:/home/kavia/workspace/code-generation/app-gateway2/helpers/rdkservices-comcast/helpers/StreamJSONOneShot.h
FN:104,110,_ZN12WPEFramework4Core21StreamJSONOneShotTypeINS_3Web9WebSocket20HWebSocketServerTypeINS0_12SocketStreamEEERN26WebSocketConnectionManager17JSONObjectFactoryENS0_4JSON8IElementEE16DeserializerImplC2ERSC_S9_
FN:112,114,_ZNK12WPEFramework4Core21StreamJSONOneShotTypeINS_3Web9WebSocket20HWebSocketServerTypeINS0_12SocketStreamEEERN26WebSocketConnectionManager17JSONObjectFactoryENS0_4JSON8IElementEE16DeserializerImpl6IsIdleEv
FN:117,137,_ZN12WPEFramework4Core21StreamJSONOneShotTypeINS_3Web9WebSocket20HWebSocketServerTypeINS0_12SocketStreamEEERN26WebSocketConnectionManager17JSONObjectFactoryENS0_4JSON8IElementEE16DeserializerImpl11DeserializeEPKht
FN:140,143,_ZN12WPEFramework4Core21StreamJSONOneShotTypeINS_3Web9WebSocket20HWebSocketServerTypeINS0_12SocketStreamEEERN26WebSocketConnectionManager17JSONObjectFactoryENS0_4JSON8IElementEE16DeserializerImpl11DeserializeERKNS0_9ProxyTypeISB_EEPKht
FN:169,172,_ZN12WPEFramework4Core21StreamJSONOneShotTypeINS_3Web9WebSocket20HWebSocketServerTypeINS0_12SocketStreamEEERN26WebSocketConnectionManager17JSONObjectFactoryENS0_4JSON8IElementEE11HandlerTypeC2IJbbbiNS0_6NodeIdEiiEEERSC_DpT_
FN:174,174,_ZN12WPEFramework4Core21StreamJSONOneShotTypeINS_3Web9WebSocket20HWebSocketServerTypeINS0_12SocketStreamEEERN26WebSocketConnectionManager17JSONObjectFactoryENS0_4JSON8IElementEE11HandlerTypeD0Ev
FN:174,174,_ZN12WPEFramework4Core21StreamJSONOneShotTypeINS_3Web9WebSocket20HWebSocketServerTypeINS0_12SocketStreamEEERN26WebSocketConnectionManager17JSONObjectFactoryENS0_4JSON8IElementEE11HandlerTypeD2Ev
FN:178,180,_ZN12WPEFramework4Core21StreamJSONOneShotTypeINS_3Web9WebSocket20HWebSocketServerTypeINS0_12SocketStreamEEERN26WebSocketConnectionManager17JSONObjectFactoryENS0_4JSON8IElementEE11HandlerType8SendDataEPht
FN:182,184,_ZN12WPEFramework4Core21StreamJSONOneShotTypeINS_3Web9WebSocket20HWebSocketServerTypeINS0_12SocketStreamEEERN26WebSocketConnectionManager17JSONObjectFactoryENS0_4JSON8IElementEE11HandlerType11ReceiveDataEPht
FN:186,188,_ZN12WPEFramework4Core21StreamJSONOneShotTypeINS_3Web9WebSocket20HWebSocketServerTypeINS0_12SocketStreamEEERN26WebSocketConnectionManager17JSONObjectFactoryENS0_4JSON8IElementEE11HandlerType11StateChangeEv
FN:190,192,_ZNK12WPEFramework4Core21StreamJSONOneShotTypeINS_3Web9WebSocket20HWebSocketServerTypeINS0_12SocketStreamEEERN26WebSocketConnectionManager17JSONObjectFactoryENS0_4JSON8IElementEE11HandlerType6IsIdleEv
FN:205,209,_ZN12WPEFramework4Core21StreamJSONOneShotTypeINS_3Web9WebSocket20HWebSocketServerTypeINS0_12SocketStreamEEERN26WebSocketConnectionManager17JSONObjectFactoryENS0_4JSON8IElementEEC2IJbbbiNS0_6NodeIdEiiEEEhS9_DpT_
FN:220,222,_ZN12WPEFramework4Core21StreamJSONOneShotTypeINS_3Web9WebSocket20HWebSocketServerTypeINS0_12SocketStreamEEERN26WebSocketConnectionManager17JSONObjectFactoryENS0_4JSON8IElementEED0Ev
FN:220,222,_ZN12WPEFramework4Core21StreamJSONOneShotTypeINS_3Web9WebSocket20HWebSocketServerTypeINS0_12SocketStreamEEERN26WebSocketConnectionManager17JSONObjectFactoryENS0_4JSON8IElementEED2Ev
FN:225,225,_ZN12WPEFramework4Core21StreamJSONOneShotTypeINS_3Web9WebSocket20HWebSocketServerTypeINS0_12SocketStreamEEERN26WebSocketConnectionManager17JSONObjectFactoryENS0_4JSON8IElementEE4LinkEv
FN:231,237,_ZN12WPEFramework4Core21StreamJSONOneShotTypeINS_3Web9WebSocket20HWebSocketServerTypeINS0_12SocketStreamEEERN26WebSocketConnectionManager17JSONObjectFactoryENS0_4JSON8IElementEE6SubmitERKNS0_9ProxyTypeISB_EE
FN:239,239,_ZN12WPEFramework4Core21StreamJSONOneShotTypeINS_3Web9WebSocket20HWebSocketServerTypeINS0_12SocketStreamEEERN26WebSocketConnectionManager17JSONObjectFactoryENS0_4JSON8IElementEE4OpenEj
FN:240,240,_ZN12WPEFramework4Core21StreamJSONOneShotTypeINS_3Web9WebSocket20HWebSocketServerTypeINS0_12SocketStreamEEERN26WebSocketConnectionManager17JSONObjectFactoryENS0_4JSON8IElementEE5CloseEj
FN:241,241,_ZNK12WPEFramework4Core21StreamJSONOneShotTypeINS_3Web9WebSocket20HWebSocketServerTypeINS0_12SocketStreamEEERN26WebSocketConnectionManager17JSONObjectFactoryENS0_4JSON8IElementEE6IsOpenEv
FN:242,242,_ZNK12WPEFramework4Core21StreamJSONOneShotTypeINS_3Web9WebSocket20HWebSocketServerTypeINS0_12SocketStreamEEERN26WebSocketConnectionManager17JSONObjectFactoryENS0_4JSON8IElementEE8IsClosedEv
FN:243,243,_ZNK12WPEFramework4Core21StreamJSONOneShotTypeINS_3Web9WebSocket20HWebSocketServerTypeINS0_12SocketStreamEEERN26WebSocketConnectionManager17JSONObjectFactoryENS0_4JSON8IElementEE11IsSuspendedEv
FN:246,248,_ZN12WPEFramework4Core21StreamJSONOneShotTypeINS_3Web9WebSocket20HWebSocketServerTypeINS0_12SocketStreamEEERN26WebSocketConnectionManager17JSONObjectFactoryENS0_4JSON8IElementEE8SendDataEPht
FN:250,252,_ZN12WPEFramework4Core21StreamJSONOneShotTypeINS_3Web9WebSocket20HWebSocketServerTypeINS0_12SocketStreamEEERN26WebSocketConnectionManager17JSONObjectFactoryENS0_4JSON8IElementEE11ReceiveDataEPht
FN:254,256,_ZNK12WPEFramework4Core21StreamJSONOneShotTypeINS_3Web9WebSocket20HWebSocketServerTypeINS0_12SocketStreamEEERN26WebSocketConnectionManager17JSONObjectFactoryENS0_4JSON8IElementEE6IsIdleEv
FN:28,34,_ZN12WPEFramework4Core21StreamJSONOneShotTypeINS_3Web9WebSocket20HWebSocketServerTypeINS0_12SocketStreamEEERN26WebSocketConnectionManager17JSONObjectFactoryENS0_4JSON8IElementEE14SerializerImplC2ERSC_h
FN:36,38,_ZN12WPEFramework4Core21StreamJSONOneShotTypeINS_3Web9WebSocket20HWebSocketServerTypeINS0_12SocketStreamEEERN26WebSocketConnectionManager17JSONObjectFactoryENS0_4JSON8IElementEE14SerializerImplD2Ev
FN:40,42,_ZNK12WPEFramework4Core21StreamJSONOneShotTypeINS_3Web9WebSocket20HWebSocketServerTypeINS0_12SocketStreamEEERN26WebSocketConnectionManager17JSONObjectFactoryENS0_4JSON8IElementEE14SerializerImpl6IsIdleEv
FN:44,50,_ZN12WPEFramework4Core21StreamJSONOneShotTypeINS_3Web9WebSocket20HWebSocketServerTypeINS0_12SocketStreamEEERN26WebSocketConnectionManager17JSONObjectFactoryENS0_4JSON8IElementEE14SerializerImpl6SubmitERKNS0_9ProxyTypeISB_EE
FN:52,69,_ZNK12WPEFramework4Core21StreamJSONOneShotTypeINS_3Web9WebSocket20HWebSocketServerTypeINS0_12SocketStreamEEERN26WebSocketConnectionManager17JSONObjectFactoryENS0_4JSON8IElementEE14SerializerImpl9SerializeEPht
FN:73,76,_ZNK12WPEFramework4Core21StreamJSONOneShotTypeINS_3Web9WebSocket20HWebSocketServerTypeINS0_12SocketStreamEEERN26WebSocketConnectionManager17JSONObjectFactoryENS0_4JSON8IElementEE14SerializerImpl9SerializeERKNS0_9ProxyTypeISB_EEPht
FNDA:0,_ZN12WPEFramework4Core21StreamJSONOneShotTypeINS_3Web9WebSocket20HWebSocketServerTypeINS0_12SocketStreamEEERN26WebSocketConnectionManager17JSONObjectFactoryENS0_4JSON8IElementEE16DeserializerImplC2ERSC_S9_
FNDA:0,_ZNK12WPEFramework4Core21StreamJSONOneShotTypeINS_3Web9WebSocket20HWebSocketServerTypeINS0_12SocketStreamEEERN26WebSocketConnectionManager17JSONObjectFactoryENS0_4JSON8IElementEE16DeserializerImpl6IsIdleEv
FNDA:0,_ZN12WPEFramework4Core21StreamJSONOneShotTypeINS_3Web9WebSocket20HWebSocketServerTypeINS0_12SocketStreamEEERN26WebSocketConnectionManager17JSONObjectFactoryENS0_4JSON8IElementEE16DeserializerImpl11DeserializeEPKht
FNDA:0,_ZN12WPEFramework4Core21StreamJSONOneShotTypeINS_3Web9WebSocket20HWebSocketServerTypeINS0_12SocketStreamEEERN26WebSocketConnectionManager17JSONObjectFactoryENS0_4JSON8IElementEE16DeserializerImpl11DeserializeERKNS0_9ProxyTypeISB_EEPKht
FNDA:0,_ZN12WPEFramework4Core21StreamJSONOneShotTypeINS_3Web9WebSocket20HWebSocketServerTypeINS0_12SocketStreamEEERN26WebSocketConnectionManager17JSONObjectFactoryENS0_4JSON8IElementEE11HandlerTypeC2IJbbbiNS0_6NodeIdEiiEEERSC_DpT_
FNDA:0,_ZN12WPEFramework4Core21StreamJSONOneShotTypeINS_3Web9WebSocket20HWebSocketServerTypeINS0_12SocketStreamEEERN26WebSocketConnectionManager17JSONObjectFactoryENS0_4JSON8IElementEE11HandlerTypeD0Ev
FNDA:0,_ZN12WPEFramework4Core21StreamJSONOneShotTypeINS_3Web9WebSocket20HWebSocketServerTypeINS0_12SocketStreamEEERN26WebSocketConnectionManager17JSONObjectFactoryENS0_4JSON8IElementEE11HandlerTypeD2Ev
FNDA:0,_ZN12WPEFramework4Core21StreamJSONOneShotTypeINS_3Web9WebSocket20HWebSocketServerTypeINS0_12SocketStreamEEERN26WebSocketConnectionManager17JSONObjectFactoryENS0_4JSON8IElementEE11HandlerType8SendDataEPht
FNDA:0,_ZN12WPEFramework4Core21StreamJSONOneShotTypeINS_3Web9WebSocket20HWebSocketServerTypeINS0_12SocketStreamEEERN26WebSocketConnectionManager17JSONObjectFactoryENS0_4JSON8IElementEE11HandlerType11ReceiveDataEPht
FNDA:0,_ZN12WPEFramework4Core21StreamJSONOneShotTypeINS_3Web9WebSocket20HWebSocketServerTypeINS0_12SocketStreamEEERN26WebSocketConnectionManager17JSONObjectFactoryENS0_4JSON8IElementEE11HandlerType11StateChangeEv
FNDA:0,_ZNK12WPEFramework4Core21StreamJSONOneShotTypeINS_3Web9WebSocket20HWebSocketServerTypeINS0_12SocketStreamEEERN26WebSocketConnectionManager17JSONObjectFactoryENS0_4JSON8IElementEE11HandlerType6IsIdleEv
FNDA:0,_ZN12WPEFramework4Core21StreamJSONOneShotTypeINS_3Web9WebSocket20HWebSocketServerTypeINS0_12SocketStreamEEERN26WebSocketConnectionManager17JSONObjectFactoryENS0_4JSON8IElementEEC2IJbbbiNS0_6NodeIdEiiEEEhS9_DpT_
FNDA:0,_ZN12WPEFramework4Core21StreamJSONOneShotTypeINS_3Web9WebSocket20HWebSocketServerTypeINS0_12SocketStreamEEERN26WebSocketConnectionManager17JSONObjectFactoryENS0_4JSON8IElementEED0Ev
FNDA:0,_ZN12WPEFramework4Core21StreamJSONOneShotTypeINS_3Web9WebSocket20HWebSocketServerTypeINS0_12SocketStreamEEERN26WebSocketConnectionManager17JSONObjectFactoryENS0_4JSON8IElementEED2Ev
FNDA:0,_ZN12WPEFramework4Core21StreamJSONOneShotTypeINS_3Web9WebSocket20HWebSocketServerTypeINS0_12SocketStreamEEERN26WebSocketConnectionManager17JSONObjectFactoryENS0_4JSON8IElementEE4LinkEv
FNDA:0,_ZN12WPEFramework4Core21StreamJSONOneShotTypeINS_3Web9WebSocket20HWebSocketServerTypeINS0_12SocketStreamEEERN26WebSocketConnectionManager17JSONObjectFactoryENS0_4JSON8IElementEE6SubmitERKNS0_9ProxyTypeISB_EE
FNDA:0,_ZN12WPEFramework4Core21StreamJSONOneShotTypeINS_3Web9WebSocket20HWebSocketServerTypeINS0_12SocketStreamEEERN26WebSocketConnectionManager17JSONObjectFactoryENS0_4JSON8IElementEE4OpenEj
FNDA:0,_ZN12WPEFramework4Core21StreamJSONOneShotTypeINS_3Web9WebSocket20HWebSocketServerTypeINS0_12SocketStreamEEERN26WebSocketConnectionManager17JSONObjectFactoryENS0_4JSON8IElementEE5CloseEj
FNDA:0,_ZNK12WPEFramework4Core21StreamJSONOneShotTypeINS_3Web9WebSocket20HWebSocketServerTypeINS0_12SocketStreamEEERN26WebSocketConnectionManager17JSONObjectFactoryENS0_4JSON8IElementEE6IsOpenEv
FNDA:0,_ZNK12WPEFramework4Core21StreamJSONOneShotTypeINS_3Web9WebSocket20HWebSocketServerTypeINS0_12SocketStreamEEERN26WebSocketConnectionManager17JSONObjectFactoryENS0_4JSON8IElementEE8IsClosedEv
FNDA:0,_ZNK12WPEFramework4Core21StreamJSONOneShotTypeINS_3Web9WebSocket20HWebSocketServerTypeINS0_12SocketStreamEEERN26WebSocketConnectionManager17JSONObjectFactoryENS0_4JSON8IElementEE11IsSuspendedEv
FNDA:0,_ZN12WPEFramework4Core21StreamJSONOneShotTypeINS_3Web9WebSocket20HWebSocketServerTypeINS0_12SocketStreamEEERN26WebSocketConnectionManager17JSONObjectFactoryENS0_4JSON8IElementEE8SendDataEPht
FNDA:0,_ZN12WPEFramework4Core21StreamJSONOneShotTypeINS_3Web9WebSocket20HWebSocketServerTypeINS0_12SocketStreamEEERN26WebSocketConnectionManager17JSONObjectFactoryENS0_4JSON8IElementEE11ReceiveDataEPht
FNDA:0,_ZNK12WPEFramework4Core21StreamJSONOneShotTypeINS_3Web9WebSocket20HWebSocketServerTypeINS0_12SocketStreamEEERN26WebSocketConnectionManager17JSONObjectFactoryENS0_4JSON8IElementEE6IsIdleEv
FNDA:0,_ZN12WPEFramework4Core21StreamJSONOneShotTypeINS_3Web9WebSocket20HWebSocketServerTypeINS0_12SocketStreamEEERN26WebSocketConnectionManager17JSONObjectFactoryENS0_4JSON8IElementEE14SerializerImplC2ERSC_h
FNDA:0,_ZN12WPEFramework4Core21StreamJSONOneShotTypeINS_3Web9WebSocket20HWebSocketServerTypeINS0_12SocketStreamEEERN26WebSocketConnectionManager17JSONObjectFactoryENS0_4JSON8IElementEE14SerializerImplD2Ev
FNDA:0,_ZNK12WPEFramework4Core21StreamJSONOneShotTypeINS_3Web9WebSocket20HWebSocketServerTypeINS0_12SocketStreamEEERN26WebSocketConnectionManager17JSONObjectFactoryENS0_4JSON8IElementEE14SerializerImpl6IsIdleEv
FNDA:0,_ZN12WPEFramework4Core21StreamJSONOneShotTypeINS_3Web9WebSocket20HWebSocketServerTypeINS0_12SocketStreamEEERN26WebSocketConnectionManager17JSONObjectFactoryENS0_4JSON8IElementEE14SerializerImpl6SubmitERKNS0_9ProxyTypeISB_EE
FNDA:0,_ZNK12WPEFramework4Core21StreamJSONOneShotTypeINS_3Web9WebSocket20HWebSocketServerTypeINS0_12SocketStreamEEERN26WebSocketConnectionManager17JSONObjectFactoryENS0_4JSON8IElementEE14SerializerImpl9SerializeEPht
FNDA:0,_ZNK12WPEFramework4Core21StreamJSONOneShotTypeINS_3Web9WebSocket20HWebSocketServerTypeINS0_12SocketStreamEEERN26WebSocketConnectionManager17JSONObjectFactoryENS0_4JSON8IElementEE14SerializerImpl9SerializeERKNS0_9ProxyTypeISB_EEPht
FNF:30
FNH:0
DA:28,0
DA:29,0
DA:30,0
DA:31,0
DA:32,0
DA:34,0
DA:36,0
DA:37,0
DA:38,0
DA:40,0
DA:41,0
DA:44,0
DA:45,0
DA:46,0
DA:47,0
DA:48,0
DA:49,0
DA:52,0
DA:53,0
DA:55,0
DA:56,0
DA:57,0
DA:59,0
DA:60,0
DA:61,0
DA:62,0
DA:63,0
DA:64,0
DA:66,0
DA:68,0
DA:73,0
DA:75,0
DA:104,0
DA:105,0
DA:106,0
DA:107,0
DA:108,0
DA:110,0
DA:112,0
DA:113,0
DA:117,0
DA:118,0
DA:120,0
DA:121,0
DA:122,0
DA:125,0
DA:126,0
DA:130,0
DA:131,0
DA:132,0
DA:136,0
DA:140,0
DA:142,0
DA:169,0
DA:171,0
DA:172,0
DA:174,0
DA:178,0
DA:179,0
DA:182,0
DA:183,0
DA:186,0
DA:187,0
DA:188,0
DA:190,0
DA:191,0
DA:205,0
DA:206,0
DA:207,0
DA:208,0
DA:209,0
DA:220,0
DA:221,0
DA:222,0
DA:225,0
DA:231,0
DA:232,0
DA:233,0
DA:234,0
DA:237,0
DA:239,0
DA:240,0
DA:241,0
DA:242,0
DA:243,0
DA:246,0
DA:247,0
DA:250,0
DA:251,0
DA:254,0
DA:255,0
LF:91
LH:0
end_of_record
TN:
SF:/home/kavia/workspace/code-generation/app-gateway2/helpers/rdkservices-comcast/helpers/StringUtils.h
FN:30,35,_ZN11StringUtils7toLowerERKNSt7__cxx1112basic_stringIcSt11char_traitsIcESaIcEEE
FN:33,33,_ZZN11StringUtils7toLowerERKNSt7__cxx1112basic_stringIcSt11char_traitsIcESaIcEEEENKUlhE_clEh
FN:37,41,_ZN11StringUtils16rfindInsensitiveERKNSt7__cxx1112basic_stringIcSt11char_traitsIcESaIcEEES7_
FNDA:1081,_ZN11StringUtils7toLowerERKNSt7__cxx1112basic_stringIcSt11char_traitsIcESaIcEEE
FNDA:28091,_ZZN11StringUtils7toLowerERKNSt7__cxx1112basic_stringIcSt11char_traitsIcESaIcEEEENKUlhE_clEh
FNDA:11,_ZN11StringUtils16rfindInsensitiveERKNSt7__cxx1112basic_stringIcSt11char_traitsIcESaIcEEES7_
FNF:3
FNH:3
DA:30,1081
DA:31,1081
DA:32,1081
DA:33,28091
DA:34,1081
DA:37,11
DA:38,11
DA:39,11
DA:40,22
DA:41,11
LF:10
LH:10
end_of_record
TN:
SF:/home/kavia/workspace/code-generation/app-gateway2/helpers/rdkservices-comcast/helpers/UtilsConnections.h
FN:29,56,_ZN12WPEFramework5Utils12ResolveQueryERKNSt7__cxx1112basic_stringIcSt11char_traitsIcESaIcEEES8_
FNDA:0,_ZN12WPEFramework5Utils12ResolveQueryERKNSt7__cxx1112basic_stringIcSt11char_traitsIcESaIcEEES8_
FNF:1
FNH:0
DA:29,0
DA:32,0
DA:34,0
DA:35,0
DA:39,0
DA:40,0
DA:42,0
DA:43,0
DA:46,0
DA:48,0
DA:50,0
DA:51,0
DA:54,0
DA:55,0
DA:56,0
LF:15
LH:0
end_of_record
TN:
SF:/home/kavia/workspace/code-generation/app-gateway2/helpers/rdkservices-comcast/helpers/UtilsFirebolt.h
FN:140,147,_ZN10ErrorUtils33GetErrorMessageForFrameworkErrorsERKjRKNSt7__cxx1112basic_stringIcSt11char_traitsIcESaIcEEE
FN:189,193,_ZN10ErrorUtils12NotSupportedERNSt7__cxx1112basic_stringIcSt11char_traitsIcESaIcEEE
FN:195,198,_ZN10ErrorUtils12NotAvailableERNSt7__cxx1112basic_stringIcSt11char_traitsIcESaIcEEE
FN:200,204,_ZN10ErrorUtils12NotPermittedERNSt7__cxx1112basic_stringIcSt11char_traitsIcESaIcEEE
FN:222,224,_ZN10ErrorUtils16CustomInitializeERKNSt7__cxx1112basic_stringIcSt11char_traitsIcESaIcEEERS5_
FN:226,229,_ZN10ErrorUtils14CustomInternalERKNSt7__cxx1112basic_stringIcSt11char_traitsIcESaIcEEERS5_
FN:231,234,_ZN10ErrorUtils16CustomBadRequestERKNSt7__cxx1112basic_stringIcSt11char_traitsIcESaIcEEERS5_
FNDA:4,_ZN10ErrorUtils33GetErrorMessageForFrameworkErrorsERKjRKNSt7__cxx1112basic_stringIcSt11char_traitsIcESaIcEEE
FNDA:1,_ZN10ErrorUtils12NotSupportedERNSt7__cxx1112basic_stringIcSt11char_traitsIcESaIcEEE
FNDA:1,_ZN10ErrorUtils12NotAvailableERNSt7__cxx1112basic_stringIcSt11char_traitsIcESaIcEEE
FNDA:1,_ZN10ErrorUtils12NotPermittedERNSt7__cxx1112basic_stringIcSt11char_traitsIcESaIcEEE
FNDA:0,_ZN10ErrorUtils16CustomInitializeERKNSt7__cxx1112basic_stringIcSt11char_traitsIcESaIcEEERS5_
FNDA:0,_ZN10ErrorUtils14CustomInternalERKNSt7__cxx1112basic_stringIcSt11char_traitsIcESaIcEEERS5_
FNDA:1,_ZN10ErrorUtils16CustomBadRequestERKNSt7__cxx1112basic_stringIcSt11char_traitsIcESaIcEEERS5_
FNF:7
FNH:5
DA:140,4
DA:141,4
DA:142,4
DA:143,4
DA:144,4
DA:145,4
DA:146,8
DA:147,4
DA:189,1
DA:192,1
DA:193,1
DA:195,1
DA:197,1
DA:198,1
DA:200,1
DA:203,1
DA:204,1
DA:222,0
DA:223,0
DA:224,0
DA:226,0
DA:228,0
DA:229,0
DA:231,1
DA:233,1
DA:234,1
LF:26
LH:20
end_of_record
TN:
SF:/home/kavia/workspace/code-generation/app-gateway2/helpers/rdkservices-comcast/helpers/UtilsJsonrpcDirectLink.h
FN:103,111,_ZN12WPEFramework5Utils17JSONRPCDirectLinkC2EPNS_10PluginHost6IShellERKNSt7__cxx1112basic_stringIcSt11char_traitsIcESaIcEEESC_
FN:118,124,_ZN12WPEFramework5Utils17JSONRPCDirectLinkD2Ev
FN:127,192,_ZN12WPEFramework5Utils17JSONRPCDirectLink6InvokeINSt7__cxx1112basic_stringIcSt11char_traitsIcESaIcEEES8_EEjRKS8_RKT_RT0_
FN:136,136,_ZZN12WPEFramework5Utils17JSONRPCDirectLink6InvokeINSt7__cxx1112basic_stringIcSt11char_traitsIcESaIcEEES8_EEjRKS8_RKT_RT0_ENKUlS8_E_clES8_
FN:195,206,_ZN12WPEFramework5Utils26GetThunderControllerClientEPNS_10PluginHost6IShellENSt7__cxx1112basic_stringIcSt11char_traitsIcESaIcEEE
FN:29,57,_ZN12WPEFramework5Utils23GetThunderSecurityTokenEPNS_10PluginHost6IShellERNSt7__cxx1112basic_stringIcSt11char_traitsIcESaIcEEE
FN:67,71,_ZNK12WPEFramework5Utils17JSONRPCDirectLink8ToStringERNSt7__cxx1112basic_stringIcSt11char_traitsIcESaIcEEERKS7_
FN:85,89,_ZNK12WPEFramework5Utils17JSONRPCDirectLink10FromStringERNSt7__cxx1112basic_stringIcSt11char_traitsIcESaIcEEERKS7_
FNDA:0,_ZN12WPEFramework5Utils17JSONRPCDirectLinkC2EPNS_10PluginHost6IShellERKNSt7__cxx1112basic_stringIcSt11char_traitsIcESaIcEEESC_
FNDA:0,_ZN12WPEFramework5Utils17JSONRPCDirectLinkD2Ev
FNDA:0,_ZN12WPEFramework5Utils17JSONRPCDirectLink6InvokeINSt7__cxx1112basic_stringIcSt11char_traitsIcESaIcEEES8_EEjRKS8_RKT_RT0_
FNDA:0,_ZZN12WPEFramework5Utils17JSONRPCDirectLink6InvokeINSt7__cxx1112basic_stringIcSt11char_traitsIcESaIcEEES8_EEjRKS8_RKT_RT0_ENKUlS8_E_clES8_
FNDA:0,_ZN12WPEFramework5Utils26GetThunderControllerClientEPNS_10PluginHost6IShellENSt7__cxx1112basic_stringIcSt11char_traitsIcESaIcEEE
FNDA:0,_ZN12WPEFramework5Utils23GetThunderSecurityTokenEPNS_10PluginHost6IShellERNSt7__cxx1112basic_stringIcSt11char_traitsIcESaIcEEE
FNDA:0,_ZNK12WPEFramework5Utils17JSONRPCDirectLink8ToStringERNSt7__cxx1112basic_stringIcSt11char_traitsIcESaIcEEERKS7_
FNDA:0,_ZNK12WPEFramework5Utils17JSONRPCDirectLink10FromStringERNSt7__cxx1112basic_stringIcSt11char_traitsIcESaIcEEERKS7_
FNF:8
FNH:0
DA:29,0
DA:31,0
DA:32,0
DA:33,0
DA:35,0
DA:36,0
DA:37,0
DA:38,0
DA:39,0
DA:41,0
DA:42,0
DA:46,0
DA:48,0
DA:49,0
DA:52,0
DA:53,0
DA:56,0
DA:67,0
DA:69,0
DA:70,0
DA:85,0
DA:87,0
DA:88,0
DA:103,0
DA:104,0
DA:105,0
DA:107,0
DA:109,0
DA:111,0
DA:118,0
DA:120,0
DA:122,0
DA:124,0
DA:127,0
DA:136,0
DA:137,0
DA:138,0
DA:140,0
DA:143,0
DA:144,0
DA:146,0
DA:149,0
DA:150,0
DA:152,0
DA:155,0
DA:157,0
DA:158,0
DA:161,0
DA:162,0
DA:163,0
DA:164,0
DA:165,0
DA:167,0
DA:170,0
DA:171,0
DA:173,0
DA:175,0
DA:177,0
DA:179,0
DA:181,0
DA:184,0
DA:186,0
DA:191,0
DA:192,0
DA:195,0
DA:197,0
DA:200,0
DA:201,0
DA:202,0
DA:205,0
LF:70
LH:0
end_of_record
TN:
SF:/home/kavia/workspace/code-generation/app-gateway2/helpers/rdkservices-comcast/helpers/WebSocketLink.h
FN:1000,1004,_ZN12WPEFramework3Web9WebSocket20HWebSocketServerTypeINS_4Core12SocketStreamEE7HandlerIS4_E4SendERKNS3_9ProxyTypeINS0_8ResponseEEE
FN:1005,1009,_ZN12WPEFramework3Web9WebSocket20HWebSocketServerTypeINS_4Core12SocketStreamEE7HandlerIS4_E8LinkBodyERNS3_9ProxyTypeINS0_7RequestEEE
FN:1021,1024,_ZN12WPEFramework3Web9WebSocket20HWebSocketServerTypeINS_4Core12SocketStreamEEC2IJRbRiRNS3_6NodeIdES8_S8_EEEbbDpOT_
FN:1025,1025,_ZN12WPEFramework3Web9WebSocket20HWebSocketServerTypeINS_4Core12SocketStreamEED0Ev
FN:1025,1025,_ZN12WPEFramework3Web9WebSocket20HWebSocketServerTypeINS_4Core12SocketStreamEED2Ev
FN:1036,1039,_ZNK12WPEFramework3Web9WebSocket20HWebSocketServerTypeINS_4Core12SocketStreamEE6IsOpenEv
FN:1040,1043,_ZNK12WPEFramework3Web9WebSocket20HWebSocketServerTypeINS_4Core12SocketStreamEE8IsClosedEv
FN:1056,1059,_ZNK12WPEFramework3Web9WebSocket20HWebSocketServerTypeINS_4Core12SocketStreamEE11IsSuspendedEv
FN:1080,1084,_ZN12WPEFramework3Web9WebSocket20HWebSocketServerTypeINS_4Core12SocketStreamEE4OpenEj
FN:1085,1088,_ZN12WPEFramework3Web9WebSocket20HWebSocketServerTypeINS_4Core12SocketStreamEE5CloseEj
FN:1090,1093,_ZNK12WPEFramework3Web9WebSocket20HWebSocketServerTypeINS_4Core12SocketStreamEE5QueryB5cxx11Ev
FN:1094,1097,_ZN12WPEFramework3Web9WebSocket20HWebSocketServerTypeINS_4Core12SocketStreamEE7TriggerEv
FN:117,147,_ZN12WPEFramework3Web9WebSocket18HWebSocketLinkTypeINS_4Core12SocketStreamENS0_7RequestENS0_8ResponseERNS1_16RequestAllocatorEE11HandlerTypeIS4_E14SerializerImpl10SerializedERKS6_
FN:167,172,_ZN12WPEFramework3Web9WebSocket18HWebSocketLinkTypeINS_4Core12SocketStreamENS0_7RequestENS0_8ResponseERNS1_16RequestAllocatorEE11HandlerTypeIS4_E16DeserializerImplC2ERSB_S8_
FN:173,173,_ZN12WPEFramework3Web9WebSocket18HWebSocketLinkTypeINS_4Core12SocketStreamENS0_7RequestENS0_8ResponseERNS1_16RequestAllocatorEE11HandlerTypeIS4_E16DeserializerImplD0Ev
FN:173,173,_ZN12WPEFramework3Web9WebSocket18HWebSocketLinkTypeINS_4Core12SocketStreamENS0_7RequestENS0_8ResponseERNS1_16RequestAllocatorEE11HandlerTypeIS4_E16DeserializerImplD2Ev
FN:176,179,_ZNK12WPEFramework3Web9WebSocket18HWebSocketLinkTypeINS_4Core12SocketStreamENS0_7RequestENS0_8ResponseERNS1_16RequestAllocatorEE11HandlerTypeIS4_E16DeserializerImpl6IsIdleEv
FN:180,188,_ZN12WPEFramework3Web9WebSocket18HWebSocketLinkTypeINS_4Core12SocketStreamENS0_7RequestENS0_8ResponseERNS1_16RequestAllocatorEE11HandlerTypeIS4_E16DeserializerImpl12DeserializedERS5_
FN:189,200,_ZN12WPEFramework3Web9WebSocket18HWebSocketLinkTypeINS_4Core12SocketStreamENS0_7RequestENS0_8ResponseERNS1_16RequestAllocatorEE11HandlerTypeIS4_E16DeserializerImpl7ElementEv
FN:201,207,_ZN12WPEFramework3Web9WebSocket18HWebSocketLinkTypeINS_4Core12SocketStreamENS0_7RequestENS0_8ResponseERNS1_16RequestAllocatorEE11HandlerTypeIS4_E16DeserializerImpl8LinkBodyERS5_
FN:239,254,_ZN12WPEFramework3Web9WebSocket18HWebSocketLinkTypeINS_4Core12SocketStreamENS0_7RequestENS0_8ResponseERNS1_16RequestAllocatorEE11HandlerTypeIS4_EC2IJRbRiRNS3_6NodeIdESE_SE_EEERS9_bbhS8_DpOT_
FN:256,256,_ZN12WPEFramework3Web9WebSocket18HWebSocketLinkTypeINS_4Core12SocketStreamENS0_7RequestENS0_8ResponseERNS1_16RequestAllocatorEE11HandlerTypeIS4_ED0Ev
FN:256,256,_ZN12WPEFramework3Web9WebSocket18HWebSocketLinkTypeINS_4Core12SocketStreamENS0_7RequestENS0_8ResponseERNS1_16RequestAllocatorEE11HandlerTypeIS4_ED2Ev
FN:259,262,_ZNK12WPEFramework3Web9WebSocket18HWebSocketLinkTypeINS_4Core12SocketStreamENS0_7RequestENS0_8ResponseERNS1_16RequestAllocatorEE11HandlerTypeIS4_E6IsOpenEv
FN:263,266,_ZNK12WPEFramework3Web9WebSocket18HWebSocketLinkTypeINS_4Core12SocketStreamENS0_7RequestENS0_8ResponseERNS1_16RequestAllocatorEE11HandlerTypeIS4_E11IsSuspendedEv
FN:267,270,_ZNK12WPEFramework3Web9WebSocket18HWebSocketLinkTypeINS_4Core12SocketStreamENS0_7RequestENS0_8ResponseERNS1_16RequestAllocatorEE11HandlerTypeIS4_E8IsClosedEv
FN:279,282,_ZNK12WPEFramework3Web9WebSocket18HWebSocketLinkTypeINS_4Core12SocketStreamENS0_7RequestENS0_8ResponseERNS1_16RequestAllocatorEE11HandlerTypeIS4_E11IsWebSocketEv
FN:299,302,_ZNK12WPEFramework3Web9WebSocket18HWebSocketLinkTypeINS_4Core12SocketStreamENS0_7RequestENS0_8ResponseERNS1_16RequestAllocatorEE11HandlerTypeIS4_E5QueryB5cxx11Ev
FN:366,387,_ZN12WPEFramework3Web9WebSocket18HWebSocketLinkTypeINS_4Core12SocketStreamENS0_7RequestENS0_8ResponseERNS1_16RequestAllocatorEE11HandlerTypeIS4_E5CloseEj
FN:390,415,_ZN12WPEFramework3Web9WebSocket18HWebSocketLinkTypeINS_4Core12SocketStreamENS0_7RequestENS0_8ResponseERNS1_16RequestAllocatorEE11HandlerTypeIS4_E8SendDataEPht
FN:416,533,_ZN12WPEFramework3Web9WebSocket18HWebSocketLinkTypeINS_4Core12SocketStreamENS0_7RequestENS0_8ResponseERNS1_16RequestAllocatorEE11HandlerTypeIS4_E11ReceiveDataEPht
FN:536,548,_ZN12WPEFramework3Web9WebSocket18HWebSocketLinkTypeINS_4Core12SocketStreamENS0_7RequestENS0_8ResponseERNS1_16RequestAllocatorEE11HandlerTypeIS4_E11StateChangeEv
FN:573,576,_ZNK12WPEFramework3Web9WebSocket18HWebSocketLinkTypeINS_4Core12SocketStreamENS0_7RequestENS0_8ResponseERNS1_16RequestAllocatorEE11HandlerTypeIS4_E5StateEv
FN:577,603,_ZN12WPEFramework3Web9WebSocket18HWebSocketLinkTypeINS_4Core12SocketStreamENS0_7RequestENS0_8ResponseERNS1_16RequestAllocatorEE11HandlerTypeIS4_E13CheckForCloseEj
FN:60,66,_ZN12WPEFramework3Web9WebSocket18HWebSocketLinkTypeINS_4Core12SocketStreamENS0_7RequestENS0_8ResponseERNS1_16RequestAllocatorEE11HandlerTypeIS4_E14SerializerImplC2ERSB_h
FN:604,607,_ZN12WPEFramework3Web9WebSocket18HWebSocketLinkTypeINS_4Core12SocketStreamENS0_7RequestENS0_8ResponseERNS1_16RequestAllocatorEE11HandlerTypeIS4_E10SerializedERKNS3_9ProxyTypeIS6_EE
FN:608,611,_ZN12WPEFramework3Web9WebSocket18HWebSocketLinkTypeINS_4Core12SocketStreamENS0_7RequestENS0_8ResponseERNS1_16RequestAllocatorEE11HandlerTypeIS4_E12DeserializedERNS3_9ProxyTypeIS5_EE
FN:612,617,_ZN12WPEFramework3Web9WebSocket18HWebSocketLinkTypeINS_4Core12SocketStreamENS0_7RequestENS0_8ResponseERNS1_16RequestAllocatorEE11HandlerTypeIS4_E8LinkBodyERNS3_9ProxyTypeIS5_EE
FN:618,621,_ZN12WPEFramework3Web9WebSocket18HWebSocketLinkTypeINS_4Core12SocketStreamENS0_7RequestENS0_8ResponseERNS1_16RequestAllocatorEE11HandlerTypeIS4_E16UpgradeCompletedEv
FN:633,686,_ZN12WPEFramework3Web9WebSocket18HWebSocketLinkTypeINS_4Core12SocketStreamENS0_7RequestENS0_8ResponseERNS1_16RequestAllocatorEE11HandlerTypeIS4_E17ReceivedWebSocketERNS3_9ProxyTypeIS5_EERK17TemplateIntToTypeILj1EE
FN:67,67,_ZN12WPEFramework3Web9WebSocket18HWebSocketLinkTypeINS_4Core12SocketStreamENS0_7RequestENS0_8ResponseERNS1_16RequestAllocatorEE11HandlerTypeIS4_E14SerializerImplD0Ev
FN:67,67,_ZN12WPEFramework3Web9WebSocket18HWebSocketLinkTypeINS_4Core12SocketStreamENS0_7RequestENS0_8ResponseERNS1_16RequestAllocatorEE11HandlerTypeIS4_E14SerializerImplD2Ev
FN:687,701,_ZN12WPEFramework3Web9WebSocket18HWebSocketLinkTypeINS_4Core12SocketStreamENS0_7RequestENS0_8ResponseERNS1_16RequestAllocatorEE11HandlerTypeIS4_E16UpgradeCompletedERK17TemplateIntToTypeILj1EE
FN:70,73,_ZNK12WPEFramework3Web9WebSocket18HWebSocketLinkTypeINS_4Core12SocketStreamENS0_7RequestENS0_8ResponseERNS1_16RequestAllocatorEE11HandlerTypeIS4_E14SerializerImpl6IsIdleEv
FN:74,91,_ZN12WPEFramework3Web9WebSocket18HWebSocketLinkTypeINS_4Core12SocketStreamENS0_7RequestENS0_8ResponseERNS1_16RequestAllocatorEE11HandlerTypeIS4_E14SerializerImpl6SubmitERKNS3_9ProxyTypeIS6_EE
FN:806,809,_ZN12WPEFramework3Web9WebSocket18HWebSocketLinkTypeINS_4Core12SocketStreamENS0_7RequestENS0_8ResponseERNS1_16RequestAllocatorEEC2IJRbRiRNS3_6NodeIdESC_SC_EEEbbhS8_DpOT_
FN:811,811,_ZN12WPEFramework3Web9WebSocket18HWebSocketLinkTypeINS_4Core12SocketStreamENS0_7RequestENS0_8ResponseERNS1_16RequestAllocatorEED0Ev
FN:811,811,_ZN12WPEFramework3Web9WebSocket18HWebSocketLinkTypeINS_4Core12SocketStreamENS0_7RequestENS0_8ResponseERNS1_16RequestAllocatorEED2Ev
FN:830,833,_ZNK12WPEFramework3Web9WebSocket18HWebSocketLinkTypeINS_4Core12SocketStreamENS0_7RequestENS0_8ResponseERNS1_16RequestAllocatorEE6IsOpenEv
FN:834,837,_ZNK12WPEFramework3Web9WebSocket18HWebSocketLinkTypeINS_4Core12SocketStreamENS0_7RequestENS0_8ResponseERNS1_16RequestAllocatorEE11IsSuspendedEv
FN:838,841,_ZNK12WPEFramework3Web9WebSocket18HWebSocketLinkTypeINS_4Core12SocketStreamENS0_7RequestENS0_8ResponseERNS1_16RequestAllocatorEE8IsClosedEv
FN:850,853,_ZNK12WPEFramework3Web9WebSocket18HWebSocketLinkTypeINS_4Core12SocketStreamENS0_7RequestENS0_8ResponseERNS1_16RequestAllocatorEE11IsWebSocketEv
FN:886,889,_ZNK12WPEFramework3Web9WebSocket18HWebSocketLinkTypeINS_4Core12SocketStreamENS0_7RequestENS0_8ResponseERNS1_16RequestAllocatorEE5QueryB5cxx11Ev
FN:906,910,_ZN12WPEFramework3Web9WebSocket18HWebSocketLinkTypeINS_4Core12SocketStreamENS0_7RequestENS0_8ResponseERNS1_16RequestAllocatorEE4OpenEj
FN:911,914,_ZN12WPEFramework3Web9WebSocket18HWebSocketLinkTypeINS_4Core12SocketStreamENS0_7RequestENS0_8ResponseERNS1_16RequestAllocatorEE5CloseEj
FN:919,922,_ZN12WPEFramework3Web9WebSocket18HWebSocketLinkTypeINS_4Core12SocketStreamENS0_7RequestENS0_8ResponseERNS1_16RequestAllocatorEE7TriggerEv
FN:92,95,_ZN12WPEFramework3Web9WebSocket18HWebSocketLinkTypeINS_4Core12SocketStreamENS0_7RequestENS0_8ResponseERNS1_16RequestAllocatorEE11HandlerTypeIS4_E14SerializerImpl9SerializeEPht
FN:96,114,_ZN12WPEFramework3Web9WebSocket18HWebSocketLinkTypeINS_4Core12SocketStreamENS0_7RequestENS0_8ResponseERNS1_16RequestAllocatorEE11HandlerTypeIS4_E14SerializerImpl5FlushEv
FN:968,972,_ZN12WPEFramework3Web9WebSocket20HWebSocketServerTypeINS_4Core12SocketStreamEE7HandlerIS4_EC2IJRbRiRNS3_6NodeIdESA_SA_EEERS5_bbDpOT_
FN:973,973,_ZN12WPEFramework3Web9WebSocket20HWebSocketServerTypeINS_4Core12SocketStreamEE7HandlerIS4_ED0Ev
FN:973,973,_ZN12WPEFramework3Web9WebSocket20HWebSocketServerTypeINS_4Core12SocketStreamEE7HandlerIS4_ED2Ev
FN:976,979,_ZN12WPEFramework3Web9WebSocket20HWebSocketServerTypeINS_4Core12SocketStreamEE7HandlerIS4_E8SendDataEPht
FN:980,983,_ZN12WPEFramework3Web9WebSocket20HWebSocketServerTypeINS_4Core12SocketStreamEE7HandlerIS4_E11ReceiveDataEPht
FN:986,989,_ZNK12WPEFramework3Web9WebSocket20HWebSocketServerTypeINS_4Core12SocketStreamEE7HandlerIS4_E6IsIdleEv
FN:991,994,_ZN12WPEFramework3Web9WebSocket20HWebSocketServerTypeINS_4Core12SocketStreamEE7HandlerIS4_E11StateChangeEv
FN:995,999,_ZN12WPEFramework3Web9WebSocket20HWebSocketServerTypeINS_4Core12SocketStreamEE7HandlerIS4_E8ReceivedERNS3_9ProxyTypeINS0_7RequestEEE
FNDA:0,_ZN12WPEFramework3Web9WebSocket20HWebSocketServerTypeINS_4Core12SocketStreamEE7HandlerIS4_E4SendERKNS3_9ProxyTypeINS0_8ResponseEEE
FNDA:0,_ZN12WPEFramework3Web9WebSocket20HWebSocketServerTypeINS_4Core12SocketStreamEE7HandlerIS4_E8LinkBodyERNS3_9ProxyTypeINS0_7RequestEEE
FNDA:0,_ZN12WPEFramework3Web9WebSocket20HWebSocketServerTypeINS_4Core12SocketStreamEEC2IJRbRiRNS3_6NodeIdES8_S8_EEEbbDpOT_
FNDA:0,_ZN12WPEFramework3Web9WebSocket20HWebSocketServerTypeINS_4Core12SocketStreamEED0Ev
FNDA:0,_ZN12WPEFramework3Web9WebSocket20HWebSocketServerTypeINS_4Core12SocketStreamEED2Ev
FNDA:0,_ZNK12WPEFramework3Web9WebSocket20HWebSocketServerTypeINS_4Core12SocketStreamEE6IsOpenEv
FNDA:0,_ZNK12WPEFramework3Web9WebSocket20HWebSocketServerTypeINS_4Core12SocketStreamEE8IsClosedEv
FNDA:0,_ZNK12WPEFramework3Web9WebSocket20HWebSocketServerTypeINS_4Core12SocketStreamEE11IsSuspendedEv
FNDA:0,_ZN12WPEFramework3Web9WebSocket20HWebSocketServerTypeINS_4Core12SocketStreamEE4OpenEj
FNDA:0,_ZN12WPEFramework3Web9WebSocket20HWebSocketServerTypeINS_4Core12SocketStreamEE5CloseEj
FNDA:0,_ZNK12WPEFramework3Web9WebSocket20HWebSocketServerTypeINS_4Core12SocketStreamEE5QueryB5cxx11Ev
FNDA:0,_ZN12WPEFramework3Web9WebSocket20HWebSocketServerTypeINS_4Core12SocketStreamEE7TriggerEv
FNDA:0,_ZN12WPEFramework3Web9WebSocket18HWebSocketLinkTypeINS_4Core12SocketStreamENS0_7RequestENS0_8ResponseERNS1_16RequestAllocatorEE11HandlerTypeIS4_E14SerializerImpl10SerializedERKS6_
FNDA:0,_ZN12WPEFramework3Web9WebSocket18HWebSocketLinkTypeINS_4Core12SocketStreamENS0_7RequestENS0_8ResponseERNS1_16RequestAllocatorEE11HandlerTypeIS4_E16DeserializerImplC2ERSB_S8_
FNDA:0,_ZN12WPEFramework3Web9WebSocket18HWebSocketLinkTypeINS_4Core12SocketStreamENS0_7RequestENS0_8ResponseERNS1_16RequestAllocatorEE11HandlerTypeIS4_E16DeserializerImplD0Ev
FNDA:0,_ZN12WPEFramework3Web9WebSocket18HWebSocketLinkTypeINS_4Core12SocketStreamENS0_7RequestENS0_8ResponseERNS1_16RequestAllocatorEE11HandlerTypeIS4_E16DeserializerImplD2Ev
FNDA:0,_ZNK12WPEFramework3Web9WebSocket18HWebSocketLinkTypeINS_4Core12SocketStreamENS0_7RequestENS0_8ResponseERNS1_16RequestAllocatorEE11HandlerTypeIS4_E16DeserializerImpl6IsIdleEv
FNDA:0,_ZN12WPEFramework3Web9WebSocket18HWebSocketLinkTypeINS_4Core12SocketStreamENS0_7RequestENS0_8ResponseERNS1_16RequestAllocatorEE11HandlerTypeIS4_E16DeserializerImpl12DeserializedERS5_
FNDA:0,_ZN12WPEFramework3Web9WebSocket18HWebSocketLinkTypeINS_4Core12SocketStreamENS0_7RequestENS0_8ResponseERNS1_16RequestAllocatorEE11HandlerTypeIS4_E16DeserializerImpl7ElementEv
FNDA:0,_ZN12WPEFramework3Web9WebSocket18HWebSocketLinkTypeINS_4Core12SocketStreamENS0_7RequestENS0_8ResponseERNS1_16RequestAllocatorEE11HandlerTypeIS4_E16DeserializerImpl8LinkBodyERS5_
FNDA:0,_ZN12WPEFramework3Web9WebSocket18HWebSocketLinkTypeINS_4Core12SocketStreamENS0_7RequestENS0_8ResponseERNS1_16RequestAllocatorEE11HandlerTypeIS4_EC2IJRbRiRNS3_6NodeIdESE_SE_EEERS9_bbhS8_DpOT_
FNDA:0,_ZN12WPEFramework3Web9WebSocket18HWebSocketLinkTypeINS_4Core12SocketStreamENS0_7RequestENS0_8ResponseERNS1_16RequestAllocatorEE11HandlerTypeIS4_ED0Ev
FNDA:0,_ZN12WPEFramework3Web9WebSocket18HWebSocketLinkTypeINS_4Core12SocketStreamENS0_7RequestENS0_8ResponseERNS1_16RequestAllocatorEE11HandlerTypeIS4_ED2Ev
FNDA:0,_ZNK12WPEFramework3Web9WebSocket18HWebSocketLinkTypeINS_4Core12SocketStreamENS0_7RequestENS0_8ResponseERNS1_16RequestAllocatorEE11HandlerTypeIS4_E6IsOpenEv
FNDA:0,_ZNK12WPEFramework3Web9WebSocket18HWebSocketLinkTypeINS_4Core12SocketStreamENS0_7RequestENS0_8ResponseERNS1_16RequestAllocatorEE11HandlerTypeIS4_E11IsSuspendedEv
FNDA:0,_ZNK12WPEFramework3Web9WebSocket18HWebSocketLinkTypeINS_4Core12SocketStreamENS0_7RequestENS0_8ResponseERNS1_16RequestAllocatorEE11HandlerTypeIS4_E8IsClosedEv
FNDA:0,_ZNK12WPEFramework3Web9WebSocket18HWebSocketLinkTypeINS_4Core12SocketStreamENS0_7RequestENS0_8ResponseERNS1_16RequestAllocatorEE11HandlerTypeIS4_E11IsWebSocketEv
FNDA:0,_ZNK12WPEFramework3Web9WebSocket18HWebSocketLinkTypeINS_4Core12SocketStreamENS0_7RequestENS0_8ResponseERNS1_16RequestAllocatorEE11HandlerTypeIS4_E5QueryB5cxx11Ev
FNDA:0,_ZN12WPEFramework3Web9WebSocket18HWebSocketLinkTypeINS_4Core12SocketStreamENS0_7RequestENS0_8ResponseERNS1_16RequestAllocatorEE11HandlerTypeIS4_E5CloseEj
FNDA:0,_ZN12WPEFramework3Web9WebSocket18HWebSocketLinkTypeINS_4Core12SocketStreamENS0_7RequestENS0_8ResponseERNS1_16RequestAllocatorEE11HandlerTypeIS4_E8SendDataEPht
FNDA:0,_ZN12WPEFramework3Web9WebSocket18HWebSocketLinkTypeINS_4Core12SocketStreamENS0_7RequestENS0_8ResponseERNS1_16RequestAllocatorEE11HandlerTypeIS4_E11ReceiveDataEPht
FNDA:0,_ZN12WPEFramework3Web9WebSocket18HWebSocketLinkTypeINS_4Core12SocketStreamENS0_7RequestENS0_8ResponseERNS1_16RequestAllocatorEE11HandlerTypeIS4_E11StateChangeEv
FNDA:0,_ZNK12WPEFramework3Web9WebSocket18HWebSocketLinkTypeINS_4Core12SocketStreamENS0_7RequestENS0_8ResponseERNS1_16RequestAllocatorEE11HandlerTypeIS4_E5StateEv
FNDA:0,_ZN12WPEFramework3Web9WebSocket18HWebSocketLinkTypeINS_4Core12SocketStreamENS0_7RequestENS0_8ResponseERNS1_16RequestAllocatorEE11HandlerTypeIS4_E13CheckForCloseEj
FNDA:0,_ZN12WPEFramework3Web9WebSocket18HWebSocketLinkTypeINS_4Core12SocketStreamENS0_7RequestENS0_8ResponseERNS1_16RequestAllocatorEE11HandlerTypeIS4_E14SerializerImplC2ERSB_h
FNDA:0,_ZN12WPEFramework3Web9WebSocket18HWebSocketLinkTypeINS_4Core12SocketStreamENS0_7RequestENS0_8ResponseERNS1_16RequestAllocatorEE11HandlerTypeIS4_E10SerializedERKNS3_9ProxyTypeIS6_EE
FNDA:0,_ZN12WPEFramework3Web9WebSocket18HWebSocketLinkTypeINS_4Core12SocketStreamENS0_7RequestENS0_8ResponseERNS1_16RequestAllocatorEE11HandlerTypeIS4_E12DeserializedERNS3_9ProxyTypeIS5_EE
FNDA:0,_ZN12WPEFramework3Web9WebSocket18HWebSocketLinkTypeINS_4Core12SocketStreamENS0_7RequestENS0_8ResponseERNS1_16RequestAllocatorEE11HandlerTypeIS4_E8LinkBodyERNS3_9ProxyTypeIS5_EE
FNDA:0,_ZN12WPEFramework3Web9WebSocket18HWebSocketLinkTypeINS_4Core12SocketStreamENS0_7RequestENS0_8ResponseERNS1_16RequestAllocatorEE11HandlerTypeIS4_E16UpgradeCompletedEv
FNDA:0,_ZN12WPEFramework3Web9WebSocket18HWebSocketLinkTypeINS_4Core12SocketStreamENS0_7RequestENS0_8ResponseERNS1_16RequestAllocatorEE11HandlerTypeIS4_E17ReceivedWebSocketERNS3_9ProxyTypeIS5_EERK17TemplateIntToTypeILj1EE
FNDA:0,_ZN12WPEFramework3Web9WebSocket18HWebSocketLinkTypeINS_4Core12SocketStreamENS0_7RequestENS0_8ResponseERNS1_16RequestAllocatorEE11HandlerTypeIS4_E14SerializerImplD0Ev
FNDA:0,_ZN12WPEFramework3Web9WebSocket18HWebSocketLinkTypeINS_4Core12SocketStreamENS0_7RequestENS0_8ResponseERNS1_16RequestAllocatorEE11HandlerTypeIS4_E14SerializerImplD2Ev
FNDA:0,_ZN12WPEFramework3Web9WebSocket18HWebSocketLinkTypeINS_4Core12SocketStreamENS0_7RequestENS0_8ResponseERNS1_16RequestAllocatorEE11HandlerTypeIS4_E16UpgradeCompletedERK17TemplateIntToTypeILj1EE
FNDA:0,_ZNK12WPEFramework3Web9WebSocket18HWebSocketLinkTypeINS_4Core12SocketStreamENS0_7RequestENS0_8ResponseERNS1_16RequestAllocatorEE11HandlerTypeIS4_E14SerializerImpl6IsIdleEv
FNDA:0,_ZN12WPEFramework3Web9WebSocket18HWebSocketLinkTypeINS_4Core12SocketStreamENS0_7RequestENS0_8ResponseERNS1_16RequestAllocatorEE11HandlerTypeIS4_E14SerializerImpl6SubmitERKNS3_9ProxyTypeIS6_EE
FNDA:0,_ZN12WPEFramework3Web9WebSocket18HWebSocketLinkTypeINS_4Core12SocketStreamENS0_7RequestENS0_8ResponseERNS1_16RequestAllocatorEEC2IJRbRiRNS3_6NodeIdESC_SC_EEEbbhS8_DpOT_
FNDA:0,_ZN12WPEFramework3Web9WebSocket18HWebSocketLinkTypeINS_4Core12SocketStreamENS0_7RequestENS0_8ResponseERNS1_16RequestAllocatorEED0Ev
FNDA:0,_ZN12WPEFramework3Web9WebSocket18HWebSocketLinkTypeINS_4Core12SocketStreamENS0_7RequestENS0_8ResponseERNS1_16RequestAllocatorEED2Ev
FNDA:0,_ZNK12WPEFramework3Web9WebSocket18HWebSocketLinkTypeINS_4Core12SocketStreamENS0_7RequestENS0_8ResponseERNS1_16RequestAllocatorEE6IsOpenEv
FNDA:0,_ZNK12WPEFramework3Web9WebSocket18HWebSocketLinkTypeINS_4Core12SocketStreamENS0_7RequestENS0_8ResponseERNS1_16RequestAllocatorEE11IsSuspendedEv
FNDA:0,_ZNK12WPEFramework3Web9WebSocket18HWebSocketLinkTypeINS_4Core12SocketStreamENS0_7RequestENS0_8ResponseERNS1_16RequestAllocatorEE8IsClosedEv
FNDA:0,_ZNK12WPEFramework3Web9WebSocket18HWebSocketLinkTypeINS_4Core12SocketStreamENS0_7RequestENS0_8ResponseERNS1_16RequestAllocatorEE11IsWebSocketEv
FNDA:0,_ZNK12WPEFramework3Web9WebSocket18HWebSocketLinkTypeINS_4Core12SocketStreamENS0_7RequestENS0_8ResponseERNS1_16RequestAllocatorEE5QueryB5cxx11Ev
FNDA:0,_ZN12WPEFramework3Web9WebSocket18HWebSocketLinkTypeINS_4Core12SocketStreamENS0_7RequestENS0_8ResponseERNS1_16RequestAllocatorEE4OpenEj
FNDA:0,_ZN12WPEFramework3Web9WebSocket18HWebSocketLinkTypeINS_4Core12SocketStreamENS0_7RequestENS0_8ResponseERNS1_16RequestAllocatorEE5CloseEj
FNDA:0,_ZN12WPEFramework3Web9WebSocket18HWebSocketLinkTypeINS_4Core12SocketStreamENS0_7RequestENS0_8ResponseERNS1_16RequestAllocatorEE7TriggerEv
FNDA:0,_ZN12WPEFramework3Web9WebSocket18HWebSocketLinkTypeINS_4Core12SocketStreamENS0_7RequestENS0_8ResponseERNS1_16RequestAllocatorEE11HandlerTypeIS4_E14SerializerImpl9SerializeEPht
FNDA:0,_ZN12WPEFramework3Web9WebSocket18HWebSocketLinkTypeINS_4Core12SocketStreamENS0_7RequestENS0_8ResponseERNS1_16RequestAllocatorEE11HandlerTypeIS4_E14SerializerImpl5FlushEv
FNDA:0,_ZN12WPEFramework3Web9WebSocket20HWebSocketServerTypeINS_4Core12SocketStreamEE7HandlerIS4_EC2IJRbRiRNS3_6NodeIdESA_SA_EEERS5_bbDpOT_
FNDA:0,_ZN12WPEFramework3Web9WebSocket20HWebSocketServerTypeINS_4Core12SocketStreamEE7HandlerIS4_ED0Ev
FNDA:0,_ZN12WPEFramework3Web9WebSocket20HWebSocketServerTypeINS_4Core12SocketStreamEE7HandlerIS4_ED2Ev
FNDA:0,_ZN12WPEFramework3Web9WebSocket20HWebSocketServerTypeINS_4Core12SocketStreamEE7HandlerIS4_E8SendDataEPht
FNDA:0,_ZN12WPEFramework3Web9WebSocket20HWebSocketServerTypeINS_4Core12SocketStreamEE7HandlerIS4_E11ReceiveDataEPht
FNDA:0,_ZNK12WPEFramework3Web9WebSocket20HWebSocketServerTypeINS_4Core12SocketStreamEE7HandlerIS4_E6IsIdleEv
FNDA:0,_ZN12WPEFramework3Web9WebSocket20HWebSocketServerTypeINS_4Core12SocketStreamEE7HandlerIS4_E11StateChangeEv
FNDA:0,_ZN12WPEFramework3Web9WebSocket20HWebSocketServerTypeINS_4Core12SocketStreamEE7HandlerIS4_E8ReceivedERNS3_9ProxyTypeINS0_7RequestEEE
FNF:66
FNH:0
DA:60,0
DA:62,0
DA:63,0
DA:64,0
DA:66,0
DA:67,0
DA:70,0
DA:72,0
DA:74,0
DA:76,0
DA:78,0
DA:80,0
DA:83,0
DA:84,0
DA:85,0
DA:88,0
DA:90,0
DA:92,0
DA:94,0
DA:96,0
DA:98,0
DA:100,0
DA:102,0
DA:103,0
DA:104,0
DA:106,0
DA:108,0
DA:110,0
DA:113,0
DA:114,0
DA:117,0
DA:119,0
DA:121,0
DA:124,0
DA:125,0
DA:127,0
DA:129,0
DA:130,0
DA:132,0
DA:135,0
DA:137,0
DA:138,0
DA:139,0
DA:141,0
DA:143,0
DA:147,0
DA:167,0
DA:169,0
DA:170,0
DA:172,0
DA:173,0
DA:176,0
DA:178,0
DA:180,0
DA:182,0
DA:185,0
DA:187,0
DA:188,0
DA:189,0
DA:191,0
DA:192,0
DA:194,0
DA:196,0
DA:199,0
DA:201,0
DA:203,0
DA:206,0
DA:239,0
DA:240,0
DA:241,0
DA:242,0
DA:243,0
DA:244,0
DA:245,0
DA:246,0
DA:247,0
DA:248,0
DA:249,0
DA:250,0
DA:251,0
DA:252,0
DA:254,0
DA:256,0
DA:259,0
DA:261,0
DA:263,0
DA:265,0
DA:267,0
DA:269,0
DA:279,0
DA:281,0
DA:299,0
DA:301,0
DA:366,0
DA:368,0
DA:370,0
DA:372,0
DA:373,0
DA:379,0
DA:382,0
DA:384,0
DA:386,0
DA:390,0
DA:392,0
DA:394,0
DA:396,0
DA:398,0
DA:399,0
DA:400,0
DA:402,0
DA:405,0
DA:408,0
DA:410,0
DA:411,0
DA:414,0
DA:416,0
DA:418,0
DA:420,0
DA:422,0
DA:424,0
DA:425,0
DA:428,0
DA:429,0
DA:430,0
DA:433,0
DA:435,0
DA:436,0
DA:438,0
DA:444,0
DA:445,0
DA:450,0
DA:452,0
DA:454,0
DA:455,0
DA:456,0
DA:458,0
DA:459,0
DA:460,0
DA:461,0
DA:462,0
DA:463,0
DA:465,0
DA:469,0
DA:472,0
DA:479,0
DA:481,0
DA:483,0
DA:484,0
DA:486,0
DA:488,0
DA:492,0
DA:493,0
DA:496,0
DA:498,0
DA:500,0
DA:501,0
DA:502,0
DA:506,0
DA:507,0
DA:512,0
DA:516,0
DA:518,0
DA:523,0
DA:526,0
DA:528,0
DA:529,0
DA:532,0
DA:536,0
DA:538,0
DA:541,0
DA:542,0
DA:545,0
DA:547,0
DA:548,0
DA:573,0
DA:575,0
DA:577,0
DA:579,0
DA:581,0
DA:582,0
DA:584,0
DA:585,0
DA:587,0
DA:588,0
DA:590,0
DA:592,0
DA:595,0
DA:596,0
DA:598,0
DA:602,0
DA:604,0
DA:606,0
DA:607,0
DA:608,0
DA:610,0
DA:611,0
DA:612,0
DA:614,0
DA:616,0
DA:618,0
DA:620,0
DA:621,0
DA:633,0
DA:636,0
DA:638,0
DA:640,0
DA:641,0
DA:642,0
DA:644,0
DA:645,0
DA:646,0
DA:647,0
DA:648,0
DA:649,0
DA:651,0
DA:654,0
DA:655,0
DA:657,0
DA:659,0
DA:660,0
DA:661,0
DA:662,0
DA:663,0
DA:664,0
DA:666,0
DA:667,0
DA:668,0
DA:669,0
DA:671,0
DA:672,0
DA:678,0
DA:680,0
DA:682,0
DA:684,0
DA:686,0
DA:687,0
DA:690,0
DA:691,0
DA:693,0
DA:695,0
DA:697,0
DA:699,0
DA:701,0
DA:806,0
DA:807,0
DA:809,0
DA:811,0
DA:830,0
DA:832,0
DA:834,0
DA:836,0
DA:838,0
DA:840,0
DA:850,0
DA:852,0
DA:886,0
DA:888,0
DA:906,0
DA:908,0
DA:909,0
DA:911,0
DA:913,0
DA:919,0
DA:921,0
DA:922,0
DA:968,0
DA:970,0
DA:972,0
DA:973,0
DA:976,0
DA:978,0
DA:980,0
DA:982,0
DA:986,0
DA:988,0
DA:991,0
DA:993,0
DA:994,0
DA:995,0
DA:998,0
DA:999,0
DA:1000,0
DA:1003,0
DA:1005,0
DA:1008,0
DA:1009,0
DA:1021,0
DA:1022,0
DA:1024,0
DA:1025,0
DA:1036,0
DA:1038,0
DA:1040,0
DA:1042,0
DA:1056,0
DA:1058,0
DA:1080,0
DA:1082,0
DA:1083,0
DA:1085,0
DA:1087,0
DA:1090,0
DA:1092,0
DA:1094,0
DA:1096,0
DA:1097,0
LF:306
LH:0
end_of_record
TN:
SF:/home/kavia/workspace/code-generation/app-gateway2/helpers/rdkservices-comcast/helpers/WsManager.h
FN:103,116,_ZN26WebSocketConnectionManager15WebSocketServerC2ERKiRKN12WPEFramework4Core6NodeIdEPNS4_16SocketServerTypeIS0_EE
FN:117,123,_ZN26WebSocketConnectionManager15WebSocketServerD0Ev
FN:117,123,_ZN26WebSocketConnectionManager15WebSocketServerD2Ev
FN:126,140,_ZN26WebSocketConnectionManager15WebSocketServer8ReceivedERN12WPEFramework4Core9ProxyTypeINS2_4JSON8IElementEEE
FN:141,150,_ZN26WebSocketConnectionManager15WebSocketServer4SendERN12WPEFramework4Core9ProxyTypeINS2_4JSON8IElementEEE
FN:151,175,_ZN26WebSocketConnectionManager15WebSocketServer11StateChangeEv
FN:181,192,_ZN26WebSocketConnectionManager15WebSocketServer19SendJSONRPCResponseERKNSt7__cxx1112basic_stringIcSt11char_traitsIcESaIcEEEij
FN:197,199,_ZN26WebSocketConnectionManager15WebSocketServer2IdEv
FN:201,216,_ZN26WebSocketConnectionManager15WebSocketServer2IdEj
FN:218,222,_ZN26WebSocketConnectionManager15WebSocketServer9ToMessageERKN12WPEFramework4Core9ProxyTypeINS2_4JSON8IElementEEE
FN:223,299,_ZN26WebSocketConnectionManager15WebSocketServer14ProcessMessageERN12WPEFramework4Core9ProxyTypeINS2_7JSONRPC7MessageEEEj
FN:306,322,_ZN26WebSocketConnectionManager15WebSocketServer12AddToPendingERN12WPEFramework4Core9ProxyTypeINS2_7JSONRPC7MessageEEE
FN:340,344,_ZN26WebSocketConnectionManager16WebSocketChannelC2ERKN12WPEFramework4Core6NodeIdERS_
FN:345,347,_ZN26WebSocketConnectionManager16WebSocketChannelD2Ev
FN:348,350,_ZN26WebSocketConnectionManager16WebSocketChannel9InterfaceEv
FN:362,362,_ZN26WebSocketConnectionManager17SetMessageHandlerERKSt8functionIFvRKNSt7__cxx1112basic_stringIcSt11char_traitsIcESaIcEEES8_jjEE
FN:364,364,_ZN26WebSocketConnectionManager14SetAuthHandlerERKSt8functionIFbjRKNSt7__cxx1112basic_stringIcSt11char_traitsIcESaIcEEEEE
FN:366,366,_ZN26WebSocketConnectionManager20SetDisconnectHandlerESt8functionIFvjEE
FN:374,403,_ZN26WebSocketConnectionManager23SendMessageToConnectionEjRKNSt7__cxx1112basic_stringIcSt11char_traitsIcESaIcEEEi
FN:40,45,_ZN26WebSocketConnectionManagerD2Ev
FN:405,426,_ZN26WebSocketConnectionManager32DispatchNotificationToConnectionEjRKNSt7__cxx1112basic_stringIcSt11char_traitsIcESaIcEEES7_
FN:428,452,_ZN26WebSocketConnectionManager23SendRequestToConnectionEjRKNSt7__cxx1112basic_stringIcSt11char_traitsIcESaIcEEEjS7_
FN:468,492,_ZN26WebSocketConnectionManager5StartERKN12WPEFramework4Core6NodeIdE
FN:495,498,_ZN26WebSocketConnectionManager5CloseEj
FN:54,58,_ZN26WebSocketConnectionManager6ConfigC2ENSt7__cxx1112basic_stringIcSt11char_traitsIcESaIcEEE
FN:59,59,_ZN26WebSocketConnectionManager6ConfigD0Ev
FN:59,59,_ZN26WebSocketConnectionManager6ConfigD2Ev
FN:73,73,_ZN26WebSocketConnectionManager17JSONObjectFactoryC2Ev
FN:76,76,_ZN26WebSocketConnectionManager17JSONObjectFactoryD2Ev
FN:79,82,_ZN26WebSocketConnectionManager17JSONObjectFactory8InstanceEv
FN:83,86,_ZN26WebSocketConnectionManager17JSONObjectFactory7ElementERKNSt7__cxx1112basic_stringIcSt11char_traitsIcESaIcEEE
FNDA:0,_ZN26WebSocketConnectionManager15WebSocketServerC2ERKiRKN12WPEFramework4Core6NodeIdEPNS4_16SocketServerTypeIS0_EE
FNDA:0,_ZN26WebSocketConnectionManager15WebSocketServerD0Ev
FNDA:0,_ZN26WebSocketConnectionManager15WebSocketServerD2Ev
FNDA:0,_ZN26WebSocketConnectionManager15WebSocketServer8ReceivedERN12WPEFramework4Core9ProxyTypeINS2_4JSON8IElementEEE
FNDA:0,_ZN26WebSocketConnectionManager15WebSocketServer4SendERN12WPEFramework4Core9ProxyTypeINS2_4JSON8IElementEEE
FNDA:0,_ZN26WebSocketConnectionManager15WebSocketServer11StateChangeEv
FNDA:0,_ZN26WebSocketConnectionManager15WebSocketServer19SendJSONRPCResponseERKNSt7__cxx1112basic_stringIcSt11char_traitsIcESaIcEEEij
FNDA:0,_ZN26WebSocketConnectionManager15WebSocketServer2IdEv
FNDA:0,_ZN26WebSocketConnectionManager15WebSocketServer2IdEj
FNDA:0,_ZN26WebSocketConnectionManager15WebSocketServer9ToMessageERKN12WPEFramework4Core9ProxyTypeINS2_4JSON8IElementEEE
FNDA:0,_ZN26WebSocketConnectionManager15WebSocketServer14ProcessMessageERN12WPEFramework4Core9ProxyTypeINS2_7JSONRPC7MessageEEEj
FNDA:0,_ZN26WebSocketConnectionManager15WebSocketServer12AddToPendingERN12WPEFramework4Core9ProxyTypeINS2_7JSONRPC7MessageEEE
FNDA:0,_ZN26WebSocketConnectionManager16WebSocketChannelC2ERKN12WPEFramework4Core6NodeIdERS_
FNDA:0,_ZN26WebSocketConnectionManager16WebSocketChannelD2Ev
FNDA:0,_ZN26WebSocketConnectionManager16WebSocketChannel9InterfaceEv
FNDA:0,_ZN26WebSocketConnectionManager17SetMessageHandlerERKSt8functionIFvRKNSt7__cxx1112basic_stringIcSt11char_traitsIcESaIcEEES8_jjEE
FNDA:0,_ZN26WebSocketConnectionManager14SetAuthHandlerERKSt8functionIFbjRKNSt7__cxx1112basic_stringIcSt11char_traitsIcESaIcEEEEE
FNDA:0,_ZN26WebSocketConnectionManager20SetDisconnectHandlerESt8functionIFvjEE
FNDA:0,_ZN26WebSocketConnectionManager23SendMessageToConnectionEjRKNSt7__cxx1112basic_stringIcSt11char_traitsIcESaIcEEEi
FNDA:2,_ZN26WebSocketConnectionManagerD2Ev
FNDA:0,_ZN26WebSocketConnectionManager32DispatchNotificationToConnectionEjRKNSt7__cxx1112basic_stringIcSt11char_traitsIcESaIcEEES7_
FNDA:0,_ZN26WebSocketConnectionManager23SendRequestToConnectionEjRKNSt7__cxx1112basic_stringIcSt11char_traitsIcESaIcEEEjS7_
FNDA:0,_ZN26WebSocketConnectionManager5StartERKN12WPEFramework4Core6NodeIdE
FNDA:0,_ZN26WebSocketConnectionManager5CloseEj
FNDA:0,_ZN26WebSocketConnectionManager6ConfigC2ENSt7__cxx1112basic_stringIcSt11char_traitsIcESaIcEEE
FNDA:0,_ZN26WebSocketConnectionManager6ConfigD0Ev
FNDA:0,_ZN26WebSocketConnectionManager6ConfigD2Ev
FNDA:0,_ZN26WebSocketConnectionManager17JSONObjectFactoryC2Ev
FNDA:0,_ZN26WebSocketConnectionManager17JSONObjectFactoryD2Ev
FNDA:0,_ZN26WebSocketConnectionManager17JSONObjectFactory8InstanceEv
FNDA:0,_ZN26WebSocketConnectionManager17JSONObjectFactory7ElementERKNSt7__cxx1112basic_stringIcSt11char_traitsIcESaIcEEE
FNF:31
FNH:1
DA:40,2
DA:41,2
DA:42,0
DA:43,0
DA:45,2
DA:54,0
DA:55,0
DA:57,0
DA:58,0
DA:59,0
DA:73,0
DA:76,0
DA:79,0
DA:80,0
DA:81,0
DA:83,0
DA:84,0
DA:85,0
DA:86,0
DA:103,0
DA:109,0
DA:111,0
DA:112,0
DA:113,0
DA:114,0
DA:115,0
DA:116,0
DA:117,0
DA:118,0
DA:119,0
DA:120,0
DA:121,0
DA:123,0
DA:126,0
DA:128,0
DA:130,0
DA:132,0
DA:136,0
DA:138,0
DA:139,0
DA:140,0
DA:141,0
DA:142,0
DA:144,0
DA:148,0
DA:150,0
DA:151,0
DA:152,0
DA:154,0
DA:155,0
DA:156,0
DA:157,0
DA:158,0
DA:159,0
DA:160,0
DA:161,0
DA:163,0
DA:165,0
DA:168,0
DA:170,0
DA:171,0
DA:172,0
DA:181,0
DA:182,0
DA:183,0
DA:184,0
DA:185,0
DA:187,0
DA:188,0
DA:191,0
DA:192,0
DA:197,0
DA:198,0
DA:201,0
DA:202,0
DA:203,0
DA:206,0
DA:207,0
DA:208,0
DA:209,0
DA:210,0
DA:211,0
DA:213,0
DA:214,0
DA:215,0
DA:216,0
DA:218,0
DA:219,0
DA:220,0
DA:221,0
DA:222,0
DA:223,0
DA:225,0
DA:226,0
DA:227,0
DA:229,0
DA:230,0
DA:231,0
DA:233,0
DA:235,0
DA:236,0
DA:237,0
DA:238,0
DA:239,0
DA:240,0
DA:241,0
DA:244,0
DA:245,0
DA:246,0
DA:249,0
DA:251,0
DA:257,0
DA:258,0
DA:259,0
DA:260,0
DA:262,0
DA:264,0
DA:265,0
DA:266,0
DA:269,0
DA:271,0
DA:272,0
DA:273,0
DA:274,0
DA:275,0
DA:277,0
DA:278,0
DA:279,0
DA:299,0
DA:306,0
DA:308,0
DA:309,0
DA:310,0
DA:312,0
DA:313,0
DA:314,0
DA:315,0
DA:316,0
DA:318,0
DA:319,0
DA:321,0
DA:322,0
DA:340,0
DA:342,0
DA:343,0
DA:344,0
DA:345,0
DA:346,0
DA:347,0
DA:348,0
DA:349,0
DA:362,0
DA:364,0
DA:366,0
DA:374,0
DA:376,0
DA:377,0
DA:378,0
DA:380,0
DA:381,0
DA:382,0
DA:384,0
DA:387,0
DA:390,0
DA:402,0
DA:403,0
DA:405,0
DA:407,0
DA:408,0
DA:409,0
DA:410,0
DA:411,0
DA:412,0
DA:425,0
DA:426,0
DA:428,0
DA:430,0
DA:431,0
DA:432,0
DA:433,0
DA:434,0
DA:436,0
DA:437,0
DA:451,0
DA:452,0
DA:468,0
DA:472,0
DA:473,0
DA:475,0
DA:476,0
DA:479,0
DA:480,0
DA:482,0
DA:484,0
DA:485,0
DA:486,0
DA:487,0
DA:489,0
DA:490,0
DA:491,0
DA:495,0
DA:496,0
DA:497,0
DA:498,0
LF:204
LH:3
end_of_record
TN:
SF:/home/kavia/workspace/code-generation/app-gateway2/plugin/AppGateway/AppGateway.cpp
FN:104,107,_ZN12WPEFramework12_GLOBAL__N_115ResolverJsonRpcL10KeyPresentERKNSt7__cxx1112basic_stringIcSt11char_traitsIcESaIcEEEPKc
FN:109,122,_ZN12WPEFramework12_GLOBAL__N_115ResolverJsonRpcL19TrimAsciiWhitespaceENSt7__cxx1112basic_stringIcSt11char_traitsIcESaIcEEE
FN:111,113,_ZZN12WPEFramework12_GLOBAL__N_115ResolverJsonRpcL19TrimAsciiWhitespaceENSt7__cxx1112basic_stringIcSt11char_traitsIcESaIcEEEENKUlcE_clEc
FN:124,169,_ZN12WPEFramework12_GLOBAL__N_115ResolverJsonRpcL24NormalizeJsonStringValueERKNSt7__cxx1112basic_stringIcSt11char_traitsIcESaIcEEE
FN:171,208,_ZN12WPEFramework12_GLOBAL__N_115ResolverJsonRpcL20ExtractContextFieldsERKNS1_18ResolveRequestDataERKNSt7__cxx1112basic_stringIcSt11char_traitsIcESaIcEEERjSD_RSA_
FN:181,186,_ZZN12WPEFramework12_GLOBAL__N_115ResolverJsonRpcL20ExtractContextFieldsERKNS1_18ResolveRequestDataERKNSt7__cxx1112basic_stringIcSt11char_traitsIcESaIcEEERjSD_RSA_ENKUlvE_clEv
FN:210,241,_ZN12WPEFramework12_GLOBAL__N_115ResolverJsonRpcL25NormalizeParamsToJsonTextERKNS1_18ResolveRequestDataE
FN:243,294,_ZN12WPEFramework12_GLOBAL__N_115ResolverJsonRpcL13InvokeResolveEPNS_8Exchange19IAppGatewayResolverERKNSt7__cxx1112basic_stringIcSt11char_traitsIcESaIcEEERSA_
FN:319,327,_ZN12WPEFramework6Plugin10AppGatewayC1Ev
FN:319,327,_ZN12WPEFramework6Plugin10AppGatewayC2Ev
FN:329,342,_ZN12WPEFramework6Plugin10AppGatewayD0Ev
FN:329,342,_ZN12WPEFramework6Plugin10AppGatewayD1Ev
FN:329,342,_ZN12WPEFramework6Plugin10AppGatewayD2Ev
FN:344,472,_ZN12WPEFramework6Plugin10AppGateway10InitializeB5cxx11EPNS_10PluginHost6IShellE
FN:384,387,_ZZN12WPEFramework6Plugin10AppGateway10InitializeB5cxx11EPNS_10PluginHost6IShellEENKUlvE_clEv
FN:414,424,_ZZN12WPEFramework6Plugin10AppGateway10InitializeB5cxx11EPNS_10PluginHost6IShellEENKUlRKNS_4Core7JSONRPC7ContextERKNSt7__cxx1112basic_stringIcSt11char_traitsIcESaIcEEESH_RSF_E_clES9_SH_SH_SI_
FN:474,520,_ZN12WPEFramework6Plugin10AppGateway12DeinitializeEPNS_10PluginHost6IShellE
FN:49,58,_ZN12WPEFramework12_GLOBAL__N_115ResolverJsonRpc11ContextDataC2Ev
FN:522,529,_ZN12WPEFramework6Plugin10AppGateway11DeactivatedEPNS_3RPC17IRemoteConnectionE
FN:67,91,_ZN12WPEFramework12_GLOBAL__N_115ResolverJsonRpc18ResolveRequestDataC2Ev
FNDA:63,_ZN12WPEFramework12_GLOBAL__N_115ResolverJsonRpcL10KeyPresentERKNSt7__cxx1112basic_stringIcSt11char_traitsIcESaIcEEEPKc
FNDA:124,_ZN12WPEFramework12_GLOBAL__N_115ResolverJsonRpcL19TrimAsciiWhitespaceENSt7__cxx1112basic_stringIcSt11char_traitsIcESaIcEEE
FNDA:236,_ZZN12WPEFramework12_GLOBAL__N_115ResolverJsonRpcL19TrimAsciiWhitespaceENSt7__cxx1112basic_stringIcSt11char_traitsIcESaIcEEEENKUlcE_clEc
FNDA:55,_ZN12WPEFramework12_GLOBAL__N_115ResolverJsonRpcL24NormalizeJsonStringValueERKNSt7__cxx1112basic_stringIcSt11char_traitsIcESaIcEEE
FNDA:18,_ZN12WPEFramework12_GLOBAL__N_115ResolverJsonRpcL20ExtractContextFieldsERKNS1_18ResolveRequestDataERKNSt7__cxx1112basic_stringIcSt11char_traitsIcESaIcEEERjSD_RSA_
FNDA:18,_ZZN12WPEFramework12_GLOBAL__N_115ResolverJsonRpcL20ExtractContextFieldsERKNS1_18ResolveRequestDataERKNSt7__cxx1112basic_stringIcSt11char_traitsIcESaIcEEERjSD_RSA_ENKUlvE_clEv
FNDA:14,_ZN12WPEFramework12_GLOBAL__N_115ResolverJsonRpcL25NormalizeParamsToJsonTextERKNS1_18ResolveRequestDataE
FNDA:21,_ZN12WPEFramework12_GLOBAL__N_115ResolverJsonRpcL13InvokeResolveEPNS_8Exchange19IAppGatewayResolverERKNSt7__cxx1112basic_stringIcSt11char_traitsIcESaIcEEERSA_
FNDA:0,_ZN12WPEFramework6Plugin10AppGatewayC1Ev
FNDA:27,_ZN12WPEFramework6Plugin10AppGatewayC2Ev
FNDA:0,_ZN12WPEFramework6Plugin10AppGatewayD0Ev
FNDA:0,_ZN12WPEFramework6Plugin10AppGatewayD1Ev
FNDA:27,_ZN12WPEFramework6Plugin10AppGatewayD2Ev
FNDA:27,_ZN12WPEFramework6Plugin10AppGateway10InitializeB5cxx11EPNS_10PluginHost6IShellE
FNDA:27,_ZZN12WPEFramework6Plugin10AppGateway10InitializeB5cxx11EPNS_10PluginHost6IShellEENKUlvE_clEv
FNDA:21,_ZZN12WPEFramework6Plugin10AppGateway10InitializeB5cxx11EPNS_10PluginHost6IShellEENKUlRKNS_4Core7JSONRPC7ContextERKNSt7__cxx1112basic_stringIcSt11char_traitsIcESaIcEEESH_RSF_E_clES9_SH_SH_SI_
FNDA:27,_ZN12WPEFramework6Plugin10AppGateway12DeinitializeEPNS_10PluginHost6IShellE
FNDA:21,_ZN12WPEFramework12_GLOBAL__N_115ResolverJsonRpc11ContextDataC2Ev
FNDA:0,_ZN12WPEFramework6Plugin10AppGateway11DeactivatedEPNS_3RPC17IRemoteConnectionE
FNDA:21,_ZN12WPEFramework12_GLOBAL__N_115ResolverJsonRpc18ResolveRequestDataC2Ev
FNF:20
FNH:16
DA:49,21
DA:50,21
DA:51,21
DA:52,21
DA:53,42
DA:55,21
DA:56,21
DA:57,21
DA:58,21
DA:67,21
DA:68,21
DA:69,21
DA:70,21
DA:71,21
DA:72,21
DA:73,21
DA:74,21
DA:75,42
DA:80,21
DA:82,21
DA:83,21
DA:84,21
DA:86,21
DA:87,21
DA:90,21
DA:91,21
DA:104,63
DA:106,63
DA:109,124
DA:111,236
DA:112,236
DA:115,124
DA:116,0
DA:118,124
DA:119,0
DA:121,248
DA:124,55
DA:136,55
DA:139,55
DA:140,0
DA:144,55
DA:145,55
DA:147,856
DA:148,801
DA:149,801
DA:150,0
DA:151,0
DA:152,0
DA:153,0
DA:154,0
DA:156,0
DA:157,0
DA:158,0
DA:161,0
DA:162,0
DA:163,0
DA:164,0
DA:165,801
DA:168,110
DA:169,55
DA:171,18
DA:178,30
DA:179,12
DA:181,18
DA:183,35
DA:184,35
DA:185,34
DA:186,18
DA:188,18
DA:189,3
DA:192,15
DA:193,6
DA:194,6
DA:195,6
DA:198,6
DA:199,6
DA:204,9
DA:205,9
DA:206,9
DA:207,9
DA:210,14
DA:213,14
DA:214,0
DA:218,14
DA:219,0
DA:220,0
DA:221,0
DA:223,0
DA:224,0
DA:227,14
DA:228,14
DA:229,0
DA:233,14
DA:234,0
DA:235,0
DA:236,0
DA:240,14
DA:241,14
DA:243,21
DA:247,21
DA:249,21
DA:250,0
DA:253,21
DA:254,21
DA:256,21
DA:257,1
DA:260,20
DA:261,20
DA:263,20
DA:264,1
DA:266,19
DA:267,1
DA:270,18
DA:271,18
DA:272,18
DA:274,18
DA:275,4
DA:279,14
DA:280,0
DA:283,14
DA:285,14
DA:286,14
DA:287,14
DA:288,14
DA:290,14
DA:291,14
DA:292,14
DA:293,14
DA:294,21
DA:319,27
DA:321,27
DA:322,27
DA:323,27
DA:324,27
DA:326,27
DA:327,27
DA:329,27
DA:332,27
DA:333,0
DA:334,0
DA:336,27
DA:337,0
DA:338,0
DA:340,27
DA:341,27
DA:342,27
DA:344,27
DA:347,27
DA:348,0
DA:349,0
DA:351,27
DA:352,0
DA:353,0
DA:354,0
DA:356,0
DA:357,0
DA:359,27
DA:362,27
DA:363,0
DA:364,0
DA:365,0
DA:369,27
DA:371,27
DA:384,54
DA:385,27
DA:386,27
DA:387,27
DA:389,27
DA:390,27
DA:391,27
DA:392,26
DA:393,26
DA:396,0
DA:397,0
DA:398,0
DA:399,0
DA:400,0
DA:401,0
DA:406,27
DA:407,26
DA:408,26
DA:409,26
DA:410,26
DA:412,26
DA:413,52
DA:414,52
DA:419,21
DA:420,0
DA:421,0
DA:423,21
DA:426,1
DA:427,1
DA:430,27
DA:431,27
DA:432,27
DA:433,26
DA:434,26
DA:437,0
DA:438,0
DA:439,0
DA:440,0
DA:441,0
DA:442,0
DA:447,27
DA:448,26
DA:449,26
DA:450,26
DA:451,26
DA:454,1
DA:455,1
DA:459,27
DA:460,1
DA:461,1
DA:462,1
DA:463,1
DA:464,1
DA:466,1
DA:467,1
DA:469,1
DA:470,1
DA:471,52
DA:474,27
DA:476,27
DA:478,27
DA:479,27
DA:481,27
DA:482,26
DA:485,27
DA:486,26
DA:487,26
DA:492,27
DA:495,52
DA:496,78
DA:497,26
DA:500,26
DA:501,26
DA:506,27
DA:507,0
DA:508,0
DA:511,27
DA:519,27
DA:520,27
DA:522,0
DA:524,0
DA:525,0
DA:526,0
DA:527,0
DA:529,0
LF:248
LH:185
end_of_record
TN:
SF:/home/kavia/workspace/code-generation/app-gateway2/plugin/AppGateway/AppGateway.h
FN:52,52,_ZNK12WPEFramework6Plugin10AppGateway11InformationB5cxx11Ev
FN:54,59,_ZN12WPEFramework6Plugin10AppGateway14QueryInterfaceEj
FNDA:0,_ZNK12WPEFramework6Plugin10AppGateway11InformationB5cxx11Ev
FNDA:51,_ZN12WPEFramework6Plugin10AppGateway14QueryInterfaceEj
FNF:2
FNH:1
DA:52,0
DA:54,51
DA:55,51
DA:56,24
DA:57,7
DA:58,5
DA:59,0
LF:7
LH:5
end_of_record
TN:
SF:/home/kavia/workspace/code-generation/app-gateway2/plugin/AppGateway/AppGatewayImplementation.cpp
FN:106,113,_ZNK12WPEFramework6Plugin24RegionalResolutionConfig6Region8GetPathsB5cxx11Ev
FN:116,121,_ZN12WPEFramework6Plugin24RegionalResolutionConfigC2Ev
FN:122,122,_ZN12WPEFramework6Plugin24RegionalResolutionConfigD0Ev
FN:122,122,_ZN12WPEFramework6Plugin24RegionalResolutionConfigD2Ev
FN:124,149,_ZNK12WPEFramework6Plugin24RegionalResolutionConfig18GetPathsForCountryERKNSt7__cxx1112basic_stringIcSt11char_traitsIcESaIcEEE
FN:159,168,_ZN12WPEFramework6Plugin24AppGatewayImplementationC1Ev
FN:159,168,_ZN12WPEFramework6Plugin24AppGatewayImplementationC2Ev
FN:170,222,_ZN12WPEFramework6Plugin24AppGatewayImplementationD0Ev
FN:170,222,_ZN12WPEFramework6Plugin24AppGatewayImplementationD1Ev
FN:170,222,_ZN12WPEFramework6Plugin24AppGatewayImplementationD2Ev
FN:224,254,_ZN12WPEFramework6Plugin24AppGatewayImplementation9ConfigureEPNS_10PluginHost6IShellE
FN:256,360,_ZN12WPEFramework6Plugin24AppGatewayImplementation18InitializeResolverEv
FN:362,400,_ZN12WPEFramework6Plugin24AppGatewayImplementation9ConfigureERKPNS_3RPC13IIteratorTypeINSt7__cxx1112basic_stringIcSt11char_traitsIcESaIcEEELj5EEE
FN:402,431,_ZN12WPEFramework6Plugin24AppGatewayImplementation27InternalResolutionConfigureEOSt6vectorINSt7__cxx1112basic_stringIcSt11char_traitsIcESaIcEEESaIS8_EE
FN:433,437,_ZN12WPEFramework6Plugin24AppGatewayImplementation7ResolveERKNS_8Exchange14GatewayContextERKNSt7__cxx1112basic_stringIcSt11char_traitsIcESaIcEEESD_SD_RSB_
FN:439,466,_ZN12WPEFramework6Plugin24AppGatewayImplementation15InternalResolveERKNS_8Exchange14GatewayContextERKNSt7__cxx1112basic_stringIcSt11char_traitsIcESaIcEEESD_SD_RSB_
FN:468,549,_ZN12WPEFramework6Plugin24AppGatewayImplementation17FetchResolvedDataERKNS_8Exchange14GatewayContextERKNSt7__cxx1112basic_stringIcSt11char_traitsIcESaIcEEESD_SD_RSB_
FN:551,591,_ZN12WPEFramework6Plugin24AppGatewayImplementation13UpdateContextERKNS_8Exchange14GatewayContextERKNSt7__cxx1112basic_stringIcSt11char_traitsIcESaIcEEESD_SD_RKb
FN:593,647,_ZN12WPEFramework6Plugin24AppGatewayImplementation20ProcessComRpcRequestERKNS_8Exchange14GatewayContextERKNSt7__cxx1112basic_stringIcSt11char_traitsIcESaIcEEESD_SD_SD_RSB_
FN:650,674,_ZN12WPEFramework6Plugin24AppGatewayImplementation15PreProcessEventERKNS_8Exchange14GatewayContextERKNSt7__cxx1112basic_stringIcSt11char_traitsIcESaIcEEESD_SD_SD_RSB_
FN:66,71,_ZN12WPEFramework6Plugin24RegionalResolutionConfig6RegionC2Ev
FN:676,715,_ZN12WPEFramework6Plugin24AppGatewayImplementation11HandleEventERKNS_8Exchange14GatewayContextERKNSt7__cxx1112basic_stringIcSt11char_traitsIcESaIcEEESD_SD_b
FN:717,737,_ZN12WPEFramework6Plugin24AppGatewayImplementation20SendToLaunchDelegateERKNS_8Exchange14GatewayContextERKNSt7__cxx1112basic_stringIcSt11char_traitsIcESaIcEEE
FN:73,80,_ZN12WPEFramework6Plugin24RegionalResolutionConfig6RegionC2ERKS2_
FN:739,757,_ZN12WPEFramework6Plugin24AppGatewayImplementation28SetupAppGatewayAuthenticatorEv
FN:760,783,_ZN12WPEFramework6PluginL17ReadJsonStringKeyERKNSt7__cxx1112basic_stringIcSt11char_traitsIcESaIcEEES8_PKc
FN:785,802,_ZN12WPEFramework6Plugin24AppGatewayImplementation25ReadCountryFromConfigFileB5cxx11Ev
FN:89,89,_ZN12WPEFramework6Plugin24RegionalResolutionConfig6RegionD0Ev
FN:89,89,_ZN12WPEFramework6Plugin24RegionalResolutionConfig6RegionD2Ev
FN:94,104,_ZNK12WPEFramework6Plugin24RegionalResolutionConfig6Region14HasCountryCodeERKNSt7__cxx1112basic_stringIcSt11char_traitsIcESaIcEEE
FNDA:0,_ZNK12WPEFramework6Plugin24RegionalResolutionConfig6Region8GetPathsB5cxx11Ev
FNDA:0,_ZN12WPEFramework6Plugin24RegionalResolutionConfigC2Ev
FNDA:0,_ZN12WPEFramework6Plugin24RegionalResolutionConfigD0Ev
FNDA:0,_ZN12WPEFramework6Plugin24RegionalResolutionConfigD2Ev
FNDA:0,_ZNK12WPEFramework6Plugin24RegionalResolutionConfig18GetPathsForCountryERKNSt7__cxx1112basic_stringIcSt11char_traitsIcESaIcEEE
FNDA:0,_ZN12WPEFramework6Plugin24AppGatewayImplementationC1Ev
FNDA:8,_ZN12WPEFramework6Plugin24AppGatewayImplementationC2Ev
FNDA:0,_ZN12WPEFramework6Plugin24AppGatewayImplementationD0Ev
FNDA:0,_ZN12WPEFramework6Plugin24AppGatewayImplementationD1Ev
FNDA:8,_ZN12WPEFramework6Plugin24AppGatewayImplementationD2Ev
FNDA:8,_ZN12WPEFramework6Plugin24AppGatewayImplementation9ConfigureEPNS_10PluginHost6IShellE
FNDA:8,_ZN12WPEFramework6Plugin24AppGatewayImplementation18InitializeResolverEv
FNDA:8,_ZN12WPEFramework6Plugin24AppGatewayImplementation9ConfigureERKPNS_3RPC13IIteratorTypeINSt7__cxx1112basic_stringIcSt11char_traitsIcESaIcEEELj5EEE
FNDA:16,_ZN12WPEFramework6Plugin24AppGatewayImplementation27InternalResolutionConfigureEOSt6vectorINSt7__cxx1112basic_stringIcSt11char_traitsIcESaIcEEESaIS8_EE
FNDA:7,_ZN12WPEFramework6Plugin24AppGatewayImplementation7ResolveERKNS_8Exchange14GatewayContextERKNSt7__cxx1112basic_stringIcSt11char_traitsIcESaIcEEESD_SD_RSB_
FNDA:7,_ZN12WPEFramework6Plugin24AppGatewayImplementation15InternalResolveERKNS_8Exchange14GatewayContextERKNSt7__cxx1112basic_stringIcSt11char_traitsIcESaIcEEESD_SD_RSB_
FNDA:7,_ZN12WPEFramework6Plugin24AppGatewayImplementation17FetchResolvedDataERKNS_8Exchange14GatewayContextERKNSt7__cxx1112basic_stringIcSt11char_traitsIcESaIcEEESD_SD_RSB_
FNDA:2,_ZN12WPEFramework6Plugin24AppGatewayImplementation13UpdateContextERKNS_8Exchange14GatewayContextERKNSt7__cxx1112basic_stringIcSt11char_traitsIcESaIcEEESD_SD_RKb
FNDA:2,_ZN12WPEFramework6Plugin24AppGatewayImplementation20ProcessComRpcRequestERKNS_8Exchange14GatewayContextERKNSt7__cxx1112basic_stringIcSt11char_traitsIcESaIcEEESD_SD_SD_RSB_
FNDA:2,_ZN12WPEFramework6Plugin24AppGatewayImplementation15PreProcessEventERKNS_8Exchange14GatewayContextERKNSt7__cxx1112basic_stringIcSt11char_traitsIcESaIcEEESD_SD_SD_RSB_
FNDA:0,_ZN12WPEFramework6Plugin24RegionalResolutionConfig6RegionC2Ev
FNDA:1,_ZN12WPEFramework6Plugin24AppGatewayImplementation11HandleEventERKNS_8Exchange14GatewayContextERKNSt7__cxx1112basic_stringIcSt11char_traitsIcESaIcEEESD_SD_b
FNDA:0,_ZN12WPEFramework6Plugin24AppGatewayImplementation20SendToLaunchDelegateERKNS_8Exchange14GatewayContextERKNSt7__cxx1112basic_stringIcSt11char_traitsIcESaIcEEE
FNDA:0,_ZN12WPEFramework6Plugin24RegionalResolutionConfig6RegionC2ERKS2_
FNDA:2,_ZN12WPEFramework6Plugin24AppGatewayImplementation28SetupAppGatewayAuthenticatorEv
FNDA:0,_ZN12WPEFramework6PluginL17ReadJsonStringKeyERKNSt7__cxx1112basic_stringIcSt11char_traitsIcESaIcEEES8_PKc
FNDA:0,_ZN12WPEFramework6Plugin24AppGatewayImplementation25ReadCountryFromConfigFileB5cxx11Ev
FNDA:0,_ZN12WPEFramework6Plugin24RegionalResolutionConfig6RegionD0Ev
FNDA:0,_ZN12WPEFramework6Plugin24RegionalResolutionConfig6RegionD2Ev
FNDA:0,_ZNK12WPEFramework6Plugin24RegionalResolutionConfig6Region14HasCountryCodeERKNSt7__cxx1112basic_stringIcSt11char_traitsIcESaIcEEE
FNF:30
FNH:14
DA:66,0
DA:67,0
DA:69,0
DA:70,0
DA:71,0
DA:73,0
DA:74,0
DA:75,0
DA:76,0
DA:78,0
DA:79,0
DA:80,0
DA:89,0
DA:94,0
DA:95,0
DA:96,0
DA:97,0
DA:99,0
DA:100,0
DA:102,0
DA:103,0
DA:106,0
DA:107,0
DA:108,0
DA:109,0
DA:110,0
DA:112,0
DA:113,0
DA:116,0
DA:117,0
DA:119,0
DA:120,0
DA:121,0
DA:122,0
DA:124,0
DA:125,0
DA:128,0
DA:129,0
DA:130,0
DA:131,0
DA:132,0
DA:133,0
DA:134,0
DA:139,0
DA:140,0
DA:141,0
DA:142,0
DA:144,0
DA:146,0
DA:148,0
DA:149,0
DA:159,8
DA:160,8
DA:161,8
DA:162,8
DA:163,8
DA:164,8
DA:165,8
DA:167,8
DA:168,8
DA:170,8
DA:172,8
DA:175,8
DA:181,8
DA:182,8
DA:184,8
DA:185,28
DA:186,6
DA:187,6
DA:192,8
DA:193,8
DA:194,8
DA:197,8
DA:198,1
DA:199,1
DA:202,8
DA:203,0
DA:204,0
DA:207,8
DA:208,8
DA:209,8
DA:212,8
DA:213,2
DA:214,2
DA:218,8
DA:221,8
DA:222,8
DA:224,8
DA:226,8
DA:228,8
DA:229,0
DA:230,0
DA:234,8
DA:235,0
DA:236,0
DA:239,8
DA:240,8
DA:241,8
DA:245,8
DA:246,8
DA:249,8
DA:250,8
DA:251,0
DA:253,8
DA:256,8
DA:259,8
DA:260,0
DA:261,0
DA:262,0
DA:263,0
DA:268,8
DA:269,8
DA:270,8
DA:271,8
DA:272,8
DA:273,24
DA:274,8
DA:276,8
DA:277,8
DA:278,8
DA:281,0
DA:283,8
DA:284,0
DA:286,8
DA:289,0
DA:290,0
DA:291,0
DA:293,0
DA:297,0
DA:298,0
DA:299,0
DA:301,0
DA:303,0
DA:306,0
DA:307,0
DA:309,0
DA:310,0
DA:311,0
DA:312,0
DA:314,0
DA:315,0
DA:318,0
DA:319,0
DA:321,0
DA:323,0
DA:325,0
DA:326,0
DA:327,0
DA:328,0
DA:329,0
DA:330,0
DA:332,0
DA:333,0
DA:336,0
DA:337,0
DA:338,0
DA:342,0
DA:344,0
DA:345,0
DA:348,0
DA:349,0
DA:352,0
DA:353,0
DA:354,0
DA:355,0
DA:356,0
DA:359,0
DA:360,24
DA:362,8
DA:364,8
DA:366,8
DA:368,0
DA:369,0
DA:372,8
DA:374,0
DA:375,0
DA:381,8
DA:384,8
DA:385,18
DA:387,10
DA:388,10
DA:391,8
DA:393,0
DA:394,0
DA:397,8
DA:398,8
DA:400,8
DA:402,16
DA:404,16
DA:405,34
DA:407,18
DA:408,18
DA:410,18
DA:412,17
DA:413,17
DA:417,1
DA:422,16
DA:424,1
DA:425,1
DA:428,15
DA:429,15
DA:433,7
DA:435,7
DA:436,7
DA:439,7
DA:441,7
DA:442,7
DA:443,7
DA:445,7
DA:450,7
DA:451,7
DA:452,7
DA:454,0
DA:458,0
DA:459,0
DA:461,0
DA:465,7
DA:468,7
DA:469,7
DA:470,7
DA:472,7
DA:474,0
DA:475,0
DA:476,0
DA:480,7
DA:482,0
DA:483,0
DA:484,0
DA:490,7
DA:491,0
DA:492,0
DA:497,7
DA:500,7
DA:502,7
DA:504,1
DA:505,1
DA:506,1
DA:509,6
DA:510,6
DA:511,2
DA:512,2
DA:513,2
DA:514,2
DA:515,0
DA:516,0
DA:517,1
DA:519,2
DA:520,1
DA:521,1
DA:522,1
DA:526,5
DA:529,5
DA:530,2
DA:531,3
DA:532,2
DA:535,1
DA:536,1
DA:538,1
DA:539,1
DA:540,0
DA:541,0
DA:543,1
DA:544,0
DA:547,1
DA:548,5
DA:549,7
DA:551,2
DA:553,2
DA:555,2
DA:556,2
DA:557,2
DA:560,2
DA:561,2
DA:562,2
DA:564,0
DA:565,0
DA:570,2
DA:571,1
DA:572,1
DA:573,1
DA:574,1
DA:575,1
DA:576,1
DA:577,1
DA:578,1
DA:579,0
DA:582,1
DA:583,1
DA:584,1
DA:585,1
DA:586,1
DA:587,1
DA:588,1
DA:589,2
DA:590,4
DA:591,2
DA:593,2
DA:602,2
DA:603,2
DA:604,1
DA:605,1
DA:606,1
DA:609,1
DA:610,0
DA:611,0
DA:612,0
DA:615,1
DA:616,0
DA:617,0
DA:618,0
DA:621,1
DA:623,1
DA:624,1
DA:625,1
DA:627,1
DA:628,1
DA:629,0
DA:630,0
DA:631,0
DA:633,0
DA:635,1
DA:638,1
DA:639,1
DA:641,0
DA:642,0
DA:643,0
DA:646,1
DA:650,2
DA:652,2
DA:653,2
DA:656,2
DA:657,1
DA:658,1
DA:659,1
DA:660,1
DA:661,1
DA:662,1
DA:663,1
DA:664,1
DA:665,0
DA:666,0
DA:667,0
DA:670,1
DA:671,1
DA:672,1
DA:674,2
DA:676,1
DA:677,1
DA:678,0
DA:679,0
DA:682,1
DA:683,0
DA:684,0
DA:690,1
DA:691,2
DA:692,1
DA:693,0
DA:694,0
DA:698,1
DA:699,1
DA:700,1
DA:701,1
DA:702,1
DA:705,1
DA:706,1
DA:707,1
DA:708,1
DA:709,1
DA:711,1
DA:712,1
DA:714,2
DA:715,1
DA:717,0
DA:719,0
DA:720,0
DA:723,0
DA:724,0
DA:725,0
DA:728,0
DA:729,0
DA:730,0
DA:731,0
DA:732,0
DA:736,0
DA:739,2
DA:740,2
DA:741,0
DA:744,2
DA:745,0
DA:746,0
DA:749,2
DA:750,4
DA:751,2
DA:752,0
DA:753,0
DA:756,2
DA:760,0
DA:761,0
DA:762,0
DA:764,0
DA:765,0
DA:766,0
DA:767,0
DA:769,0
DA:770,0
DA:771,0
DA:772,0
DA:773,0
DA:774,0
DA:776,0
DA:777,0
DA:778,0
DA:780,0
DA:781,0
DA:782,0
DA:783,0
DA:785,0
DA:788,0
DA:789,0
LF:419
LH:224
end_of_record
TN:
SF:/home/kavia/workspace/code-generation/app-gateway2/plugin/AppGateway/AppGatewayImplementation.h
FN:102,120,_ZN12WPEFramework6Plugin24AppGatewayImplementation10RespondJobC2EPS1_RKNS_8Exchange14GatewayContextERKNSt7__cxx1112basic_stringIcSt11char_traitsIcESaIcEEESF_
FN:122,122,_ZN12WPEFramework6Plugin24AppGatewayImplementation10RespondJobD0Ev
FN:122,122,_ZN12WPEFramework6Plugin24AppGatewayImplementation10RespondJobD2Ev
FN:125,132,_ZN12WPEFramework6Plugin24AppGatewayImplementation10RespondJob6CreateEPS1_RKNS_8Exchange14GatewayContextERKNSt7__cxx1112basic_stringIcSt11char_traitsIcESaIcEEESF_
FN:134,150,_ZN12WPEFramework6Plugin24AppGatewayImplementation10RespondJob8DispatchEv
FN:165,186,_ZN12WPEFramework6Plugin24AppGatewayImplementation21ReturnMessageInSocketERKNS_8Exchange14GatewayContextENSt7__cxx1112basic_stringIcSt11char_traitsIcESaIcEEE
FN:49,52,_ZN12WPEFramework6Plugin24AppGatewayImplementation14QueryInterfaceEj
FN:72,77,_ZN12WPEFramework6Plugin24AppGatewayImplementation10JobTrackerC2ERSt6atomicIjE
FN:81,86,_ZN12WPEFramework6Plugin24AppGatewayImplementation10JobTrackerD2Ev
FNDA:7,_ZN12WPEFramework6Plugin24AppGatewayImplementation10RespondJobC2EPS1_RKNS_8Exchange14GatewayContextERKNSt7__cxx1112basic_stringIcSt11char_traitsIcESaIcEEESF_
FNDA:0,_ZN12WPEFramework6Plugin24AppGatewayImplementation10RespondJobD0Ev
FNDA:7,_ZN12WPEFramework6Plugin24AppGatewayImplementation10RespondJobD2Ev
FNDA:7,_ZN12WPEFramework6Plugin24AppGatewayImplementation10RespondJob6CreateEPS1_RKNS_8Exchange14GatewayContextERKNSt7__cxx1112basic_stringIcSt11char_traitsIcESaIcEEESF_
FNDA:7,_ZN12WPEFramework6Plugin24AppGatewayImplementation10RespondJob8DispatchEv
FNDA:1,_ZN12WPEFramework6Plugin24AppGatewayImplementation21ReturnMessageInSocketERKNS_8Exchange14GatewayContextENSt7__cxx1112basic_stringIcSt11char_traitsIcESaIcEEE
FNDA:16,_ZN12WPEFramework6Plugin24AppGatewayImplementation14QueryInterfaceEj
FNDA:7,_ZN12WPEFramework6Plugin24AppGatewayImplementation10JobTrackerC2ERSt6atomicIjE
FNDA:7,_ZN12WPEFramework6Plugin24AppGatewayImplementation10JobTrackerD2Ev
FNF:9
FNH:8
DA:49,16
DA:50,16
DA:51,8
DA:52,0
DA:72,7
DA:73,7
DA:74,7
DA:76,7
DA:77,7
DA:81,7
DA:83,7
DA:84,7
DA:86,7
DA:102,7
DA:106,14
DA:107,7
DA:108,7
DA:109,7
DA:110,14
DA:120,7
DA:122,7
DA:125,7
DA:131,7
DA:134,7
DA:136,7
DA:137,0
DA:141,7
DA:142,6
DA:145,1
DA:146,1
DA:148,0
DA:165,1
DA:169,1
DA:170,0
DA:171,0
DA:174,1
DA:175,0
DA:178,1
DA:179,0
DA:180,0
DA:183,1
DA:184,0
LF:42
LH:33
end_of_record
TN:
SF:/home/kavia/workspace/code-generation/app-gateway2/plugin/AppGateway/AppGatewayResponderImplementation.cpp
FN:122,125,_ZZN12WPEFramework6Plugin33AppGatewayResponderImplementation19InitializeWebsocketEvENKUlRKNSt7__cxx1112basic_stringIcSt11char_traitsIcESaIcEEES9_ijE_clES9_S9_ij
FN:128,166,_ZZN12WPEFramework6Plugin33AppGatewayResponderImplementation19InitializeWebsocketEvENKUljRKNSt7__cxx1112basic_stringIcSt11char_traitsIcESaIcEEEE_clEjS9_
FN:169,196,_ZZN12WPEFramework6Plugin33AppGatewayResponderImplementation19InitializeWebsocketEvENKUljE_clEj
FN:202,206,_ZN12WPEFramework6Plugin33AppGatewayResponderImplementation7RespondERKNS_8Exchange14GatewayContextERKNSt7__cxx1112basic_stringIcSt11char_traitsIcESaIcEEE
FN:208,212,_ZN12WPEFramework6Plugin33AppGatewayResponderImplementation4EmitERKNS_8Exchange14GatewayContextERKNSt7__cxx1112basic_stringIcSt11char_traitsIcESaIcEEESD_
FN:214,218,_ZN12WPEFramework6Plugin33AppGatewayResponderImplementation7RequestEjjRKNSt7__cxx1112basic_stringIcSt11char_traitsIcESaIcEEES9_
FN:220,274,_ZN12WPEFramework6Plugin33AppGatewayResponderImplementation27GetGatewayConnectionContextEjRKNSt7__cxx1112basic_stringIcSt11char_traitsIcESaIcEEERS7_
FN:277,315,_ZN12WPEFramework6Plugin33AppGatewayResponderImplementation13DispatchWsMsgERKNSt7__cxx1112basic_stringIcSt11char_traitsIcESaIcEEES9_jj
FN:318,333,_ZN12WPEFramework6Plugin33AppGatewayResponderImplementation8RegisterEPNS_8Exchange20IAppGatewayResponder13INotificationE
FN:335,358,_ZN12WPEFramework6Plugin33AppGatewayResponderImplementation10UnregisterEPNS_8Exchange20IAppGatewayResponder13INotificationE
FN:360,372,_ZN12WPEFramework6Plugin33AppGatewayResponderImplementation25OnConnectionStatusChangedERKNSt7__cxx1112basic_stringIcSt11char_traitsIcESaIcEEEjb
FN:41,57,_ZN12WPEFramework6Plugin33AppGatewayResponderImplementationC1Ev
FN:41,57,_ZN12WPEFramework6Plugin33AppGatewayResponderImplementationC2Ev
FN:59,80,_ZN12WPEFramework6Plugin33AppGatewayResponderImplementationD0Ev
FN:59,80,_ZN12WPEFramework6Plugin33AppGatewayResponderImplementationD1Ev
FN:59,80,_ZN12WPEFramework6Plugin33AppGatewayResponderImplementationD2Ev
FN:82,92,_ZN12WPEFramework6Plugin33AppGatewayResponderImplementation9ConfigureEPNS_10PluginHost6IShellE
FN:94,200,_ZN12WPEFramework6Plugin33AppGatewayResponderImplementation19InitializeWebsocketEv
FNDA:0,_ZZN12WPEFramework6Plugin33AppGatewayResponderImplementation19InitializeWebsocketEvENKUlRKNSt7__cxx1112basic_stringIcSt11char_traitsIcESaIcEEES9_ijE_clES9_S9_ij
FNDA:0,_ZZN12WPEFramework6Plugin33AppGatewayResponderImplementation19InitializeWebsocketEvENKUljRKNSt7__cxx1112basic_stringIcSt11char_traitsIcESaIcEEEE_clEjS9_
FNDA:0,_ZZN12WPEFramework6Plugin33AppGatewayResponderImplementation19InitializeWebsocketEvENKUljE_clEj
FNDA:0,_ZN12WPEFramework6Plugin33AppGatewayResponderImplementation7RespondERKNS_8Exchange14GatewayContextERKNSt7__cxx1112basic_stringIcSt11char_traitsIcESaIcEEE
FNDA:0,_ZN12WPEFramework6Plugin33AppGatewayResponderImplementation4EmitERKNS_8Exchange14GatewayContextERKNSt7__cxx1112basic_stringIcSt11char_traitsIcESaIcEEESD_
FNDA:0,_ZN12WPEFramework6Plugin33AppGatewayResponderImplementation7RequestEjjRKNSt7__cxx1112basic_stringIcSt11char_traitsIcESaIcEEES9_
FNDA:4,_ZN12WPEFramework6Plugin33AppGatewayResponderImplementation27GetGatewayConnectionContextEjRKNSt7__cxx1112basic_stringIcSt11char_traitsIcESaIcEEERS7_
FNDA:0,_ZN12WPEFramework6Plugin33AppGatewayResponderImplementation13DispatchWsMsgERKNSt7__cxx1112basic_stringIcSt11char_traitsIcESaIcEEES9_jj
FNDA:1,_ZN12WPEFramework6Plugin33AppGatewayResponderImplementation8RegisterEPNS_8Exchange20IAppGatewayResponder13INotificationE
FNDA:2,_ZN12WPEFramework6Plugin33AppGatewayResponderImplementation10UnregisterEPNS_8Exchange20IAppGatewayResponder13INotificationE
FNDA:2,_ZN12WPEFramework6Plugin33AppGatewayResponderImplementation25OnConnectionStatusChangedERKNSt7__cxx1112basic_stringIcSt11char_traitsIcESaIcEEEjb
FNDA:0,_ZN12WPEFramework6Plugin33AppGatewayResponderImplementationC1Ev
FNDA:2,_ZN12WPEFramework6Plugin33AppGatewayResponderImplementationC2Ev
FNDA:0,_ZN12WPEFramework6Plugin33AppGatewayResponderImplementationD0Ev
FNDA:0,_ZN12WPEFramework6Plugin33AppGatewayResponderImplementationD1Ev
FNDA:2,_ZN12WPEFramework6Plugin33AppGatewayResponderImplementationD2Ev
FNDA:0,_ZN12WPEFramework6Plugin33AppGatewayResponderImplementation9ConfigureEPNS_10PluginHost6IShellE
FNDA:0,_ZN12WPEFramework6Plugin33AppGatewayResponderImplementation19InitializeWebsocketEv
FNF:18
FNH:6
DA:41,2
DA:42,2
DA:43,2
DA:44,2
DA:45,2
DA:46,2
DA:47,4
DA:49,2
DA:57,2
DA:59,2
DA:61,2
DA:62,2
DA:64,0
DA:65,0
DA:68,2
DA:70,0
DA:71,0
DA:74,2
DA:76,0
DA:77,0
DA:80,2
DA:82,0
DA:84,0
DA:85,0
DA:86,0
DA:87,0
DA:88,0
DA:89,0
DA:91,0
DA:94,0
DA:96,0
DA:97,0
DA:105,0
DA:106,0
DA:107,0
DA:108,0
DA:113,0
DA:114,0
DA:118,0
DA:119,0
DA:120,0
DA:121,0
DA:122,0
DA:124,0
DA:125,0
DA:127,0
DA:128,0
DA:130,0
DA:131,0
DA:133,0
DA:134,0
DA:137,0
DA:138,0
DA:139,0
DA:140,0
DA:141,0
DA:145,0
DA:146,0
DA:147,0
DA:148,0
DA:160,0
DA:162,0
DA:165,0
DA:166,0
DA:168,0
DA:169,0
DA:171,0
DA:172,0
DA:173,0
DA:174,0
DA:176,0
DA:177,0
DA:180,0
DA:181,0
DA:182,0
DA:185,0
DA:186,0
DA:187,0
DA:189,0
DA:190,0
DA:192,0
DA:193,0
DA:194,0
DA:195,0
DA:196,0
DA:198,0
DA:199,0
DA:200,0
DA:202,0
DA:204,0
DA:205,0
DA:208,0
DA:210,0
DA:211,0
DA:214,0
DA:216,0
DA:217,0
DA:220,4
DA:227,4
DA:229,4
DA:230,1
DA:239,3
DA:240,3
DA:241,3
DA:243,3
DA:244,3
DA:245,6
DA:246,0
DA:248,3
DA:250,3
DA:251,3
DA:252,0
DA:255,3
DA:256,3
DA:257,1
DA:259,2
DA:260,1
DA:263,1
DA:264,1
DA:265,1
DA:267,0
DA:273,0
DA:277,0
DA:282,0
DA:283,0
DA:285,0
DA:287,0
DA:288,0
DA:296,0
DA:298,0
DA:299,0
DA:302,0
DA:303,0
DA:304,0
DA:307,0
DA:308,0
DA:309,0
DA:311,0
DA:312,0
DA:313,0
DA:315,0
DA:318,1
DA:320,1
DA:322,1
DA:325,1
DA:327,1
DA:328,1
DA:329,1
DA:332,1
DA:333,1
DA:335,2
DA:337,2
DA:339,2
DA:341,2
DA:344,2
DA:345,2
DA:347,1
DA:348,1
DA:349,1
DA:350,1
DA:354,1
DA:357,2
DA:358,2
DA:360,2
DA:362,2
DA:363,3
DA:365,1
DA:372,2
LF:168
LH:63
end_of_record
TN:
SF:/home/kavia/workspace/code-generation/app-gateway2/plugin/AppGateway/AppGatewayResponderImplementation.h
FN:113,120,_ZN12WPEFramework6Plugin33AppGatewayResponderImplementation10RespondJobC2EPS1_jjRKNSt7__cxx1112basic_stringIcSt11char_traitsIcESaIcEEE
FN:126,128,_ZN12WPEFramework6Plugin33AppGatewayResponderImplementation10RespondJobD0Ev
FN:126,128,_ZN12WPEFramework6Plugin33AppGatewayResponderImplementation10RespondJobD2Ev
FN:131,135,_ZN12WPEFramework6Plugin33AppGatewayResponderImplementation10RespondJob6CreateEPS1_jjRKNSt7__cxx1112basic_stringIcSt11char_traitsIcESaIcEEE
FN:136,139,_ZN12WPEFramework6Plugin33AppGatewayResponderImplementation10RespondJob8DispatchEv
FN:151,158,_ZN12WPEFramework6Plugin33AppGatewayResponderImplementation7EmitJobC2EPS1_jRKNSt7__cxx1112basic_stringIcSt11char_traitsIcESaIcEEESB_
FN:164,166,_ZN12WPEFramework6Plugin33AppGatewayResponderImplementation7EmitJobD0Ev
FN:164,166,_ZN12WPEFramework6Plugin33AppGatewayResponderImplementation7EmitJobD2Ev
FN:169,173,_ZN12WPEFramework6Plugin33AppGatewayResponderImplementation7EmitJob6CreateEPS1_jRKNSt7__cxx1112basic_stringIcSt11char_traitsIcESaIcEEESB_
FN:174,177,_ZN12WPEFramework6Plugin33AppGatewayResponderImplementation7EmitJob8DispatchEv
FN:189,197,_ZN12WPEFramework6Plugin33AppGatewayResponderImplementation10RequestJobC2EPS1_jjRKNSt7__cxx1112basic_stringIcSt11char_traitsIcESaIcEEESB_
FN:203,205,_ZN12WPEFramework6Plugin33AppGatewayResponderImplementation10RequestJobD0Ev
FN:203,205,_ZN12WPEFramework6Plugin33AppGatewayResponderImplementation10RequestJobD2Ev
FN:208,212,_ZN12WPEFramework6Plugin33AppGatewayResponderImplementation10RequestJob6CreateEPS1_jjRKNSt7__cxx1112basic_stringIcSt11char_traitsIcESaIcEEESB_
FN:213,216,_ZN12WPEFramework6Plugin33AppGatewayResponderImplementation10RequestJob8DispatchEv
FN:229,236,_ZN12WPEFramework6Plugin33AppGatewayResponderImplementation31ConnectionStatusNotificationJobC2EPS1_jRKNSt7__cxx1112basic_stringIcSt11char_traitsIcESaIcEEEb
FN:242,244,_ZN12WPEFramework6Plugin33AppGatewayResponderImplementation31ConnectionStatusNotificationJobD0Ev
FN:242,244,_ZN12WPEFramework6Plugin33AppGatewayResponderImplementation31ConnectionStatusNotificationJobD2Ev
FN:247,251,_ZN12WPEFramework6Plugin33AppGatewayResponderImplementation31ConnectionStatusNotificationJob6CreateEPS1_jRKNSt7__cxx1112basic_stringIcSt11char_traitsIcESaIcEEEb
FN:252,255,_ZN12WPEFramework6Plugin33AppGatewayResponderImplementation31ConnectionStatusNotificationJob8DispatchEv
FN:267,270,_ZN12WPEFramework6Plugin33AppGatewayResponderImplementation13AppIdRegistry3AddEjRKNSt7__cxx1112basic_stringIcSt11char_traitsIcESaIcEEE
FN:272,275,_ZN12WPEFramework6Plugin33AppGatewayResponderImplementation13AppIdRegistry6RemoveEj
FN:277,285,_ZN12WPEFramework6Plugin33AppGatewayResponderImplementation13AppIdRegistry3GetEjRNSt7__cxx1112basic_stringIcSt11char_traitsIcESaIcEEE
FN:299,307,_ZN12WPEFramework6Plugin33AppGatewayResponderImplementation21ReturnMessageInSocketEjiNSt7__cxx1112basic_stringIcSt11char_traitsIcESaIcEEE
FN:46,49,_ZN12WPEFramework6Plugin33AppGatewayResponderImplementation14QueryInterfaceEj
FN:73,80,_ZN12WPEFramework6Plugin33AppGatewayResponderImplementation8WsMsgJobC2EPS1_RKNSt7__cxx1112basic_stringIcSt11char_traitsIcESaIcEEESB_jj
FN:86,88,_ZN12WPEFramework6Plugin33AppGatewayResponderImplementation8WsMsgJobD0Ev
FN:86,88,_ZN12WPEFramework6Plugin33AppGatewayResponderImplementation8WsMsgJobD2Ev
FN:91,96,_ZN12WPEFramework6Plugin33AppGatewayResponderImplementation8WsMsgJob6CreateEPS1_RKNSt7__cxx1112basic_stringIcSt11char_traitsIcESaIcEEESB_jj
FN:97,100,_ZN12WPEFramework6Plugin33AppGatewayResponderImplementation8WsMsgJob8DispatchEv
FNDA:0,_ZN12WPEFramework6Plugin33AppGatewayResponderImplementation10RespondJobC2EPS1_jjRKNSt7__cxx1112basic_stringIcSt11char_traitsIcESaIcEEE
FNDA:0,_ZN12WPEFramework6Plugin33AppGatewayResponderImplementation10RespondJobD0Ev
FNDA:0,_ZN12WPEFramework6Plugin33AppGatewayResponderImplementation10RespondJobD2Ev
FNDA:0,_ZN12WPEFramework6Plugin33AppGatewayResponderImplementation10RespondJob6CreateEPS1_jjRKNSt7__cxx1112basic_stringIcSt11char_traitsIcESaIcEEE
FNDA:0,_ZN12WPEFramework6Plugin33AppGatewayResponderImplementation10RespondJob8DispatchEv
FNDA:0,_ZN12WPEFramework6Plugin33AppGatewayResponderImplementation7EmitJobC2EPS1_jRKNSt7__cxx1112basic_stringIcSt11char_traitsIcESaIcEEESB_
FNDA:0,_ZN12WPEFramework6Plugin33AppGatewayResponderImplementation7EmitJobD0Ev
FNDA:0,_ZN12WPEFramework6Plugin33AppGatewayResponderImplementation7EmitJobD2Ev
FNDA:0,_ZN12WPEFramework6Plugin33AppGatewayResponderImplementation7EmitJob6CreateEPS1_jRKNSt7__cxx1112basic_stringIcSt11char_traitsIcESaIcEEESB_
FNDA:0,_ZN12WPEFramework6Plugin33AppGatewayResponderImplementation7EmitJob8DispatchEv
FNDA:0,_ZN12WPEFramework6Plugin33AppGatewayResponderImplementation10RequestJobC2EPS1_jjRKNSt7__cxx1112basic_stringIcSt11char_traitsIcESaIcEEESB_
FNDA:0,_ZN12WPEFramework6Plugin33AppGatewayResponderImplementation10RequestJobD0Ev
FNDA:0,_ZN12WPEFramework6Plugin33AppGatewayResponderImplementation10RequestJobD2Ev
FNDA:0,_ZN12WPEFramework6Plugin33AppGatewayResponderImplementation10RequestJob6CreateEPS1_jjRKNSt7__cxx1112basic_stringIcSt11char_traitsIcESaIcEEESB_
FNDA:0,_ZN12WPEFramework6Plugin33AppGatewayResponderImplementation10RequestJob8DispatchEv
FNDA:0,_ZN12WPEFramework6Plugin33AppGatewayResponderImplementation31ConnectionStatusNotificationJobC2EPS1_jRKNSt7__cxx1112basic_stringIcSt11char_traitsIcESaIcEEEb
FNDA:0,_ZN12WPEFramework6Plugin33AppGatewayResponderImplementation31ConnectionStatusNotificationJobD0Ev
FNDA:0,_ZN12WPEFramework6Plugin33AppGatewayResponderImplementation31ConnectionStatusNotificationJobD2Ev
FNDA:0,_ZN12WPEFramework6Plugin33AppGatewayResponderImplementation31ConnectionStatusNotificationJob6CreateEPS1_jRKNSt7__cxx1112basic_stringIcSt11char_traitsIcESaIcEEEb
FNDA:0,_ZN12WPEFramework6Plugin33AppGatewayResponderImplementation31ConnectionStatusNotificationJob8DispatchEv
FNDA:0,_ZN12WPEFramework6Plugin33AppGatewayResponderImplementation13AppIdRegistry3AddEjRKNSt7__cxx1112basic_stringIcSt11char_traitsIcESaIcEEE
FNDA:0,_ZN12WPEFramework6Plugin33AppGatewayResponderImplementation13AppIdRegistry6RemoveEj
FNDA:0,_ZN12WPEFramework6Plugin33AppGatewayResponderImplementation13AppIdRegistry3GetEjRNSt7__cxx1112basic_stringIcSt11char_traitsIcESaIcEEE
FNDA:0,_ZN12WPEFramework6Plugin33AppGatewayResponderImplementation21ReturnMessageInSocketEjiNSt7__cxx1112basic_stringIcSt11char_traitsIcESaIcEEE
FNDA:0,_ZN12WPEFramework6Plugin33AppGatewayResponderImplementation14QueryInterfaceEj
FNDA:0,_ZN12WPEFramework6Plugin33AppGatewayResponderImplementation8WsMsgJobC2EPS1_RKNSt7__cxx1112basic_stringIcSt11char_traitsIcESaIcEEESB_jj
FNDA:0,_ZN12WPEFramework6Plugin33AppGatewayResponderImplementation8WsMsgJobD0Ev
FNDA:0,_ZN12WPEFramework6Plugin33AppGatewayResponderImplementation8WsMsgJobD2Ev
FNDA:0,_ZN12WPEFramework6Plugin33AppGatewayResponderImplementation8WsMsgJob6CreateEPS1_RKNSt7__cxx1112basic_stringIcSt11char_traitsIcESaIcEEESB_jj
FNDA:0,_ZN12WPEFramework6Plugin33AppGatewayResponderImplementation8WsMsgJob8DispatchEv
FNF:30
FNH:0
DA:46,0
DA:47,0
DA:48,0
DA:49,0
DA:73,0
DA:78,0
DA:80,0
DA:86,0
DA:87,0
DA:88,0
DA:91,0
DA:95,0
DA:97,0
DA:99,0
DA:100,0
DA:113,0
DA:118,0
DA:120,0
DA:126,0
DA:127,0
DA:128,0
DA:131,0
DA:134,0
DA:136,0
DA:138,0
DA:139,0
DA:151,0
DA:156,0
DA:158,0
DA:164,0
DA:165,0
DA:166,0
DA:169,0
DA:172,0
DA:174,0
DA:176,0
DA:177,0
DA:189,0
DA:195,0
DA:197,0
DA:203,0
DA:204,0
DA:205,0
DA:208,0
DA:211,0
DA:213,0
DA:215,0
DA:216,0
DA:229,0
DA:234,0
DA:236,0
DA:242,0
DA:243,0
DA:244,0
DA:247,0
DA:250,0
DA:252,0
DA:254,0
DA:255,0
DA:267,0
DA:268,0
DA:269,0
DA:270,0
DA:272,0
DA:273,0
DA:274,0
DA:275,0
DA:277,0
DA:278,0
DA:279,0
DA:280,0
DA:281,0
DA:282,0
DA:284,0
DA:285,0
DA:299,0
DA:300,0
DA:301,0
DA:306,0
DA:307,0
LF:80
LH:0
end_of_record
TN:
SF:/home/kavia/workspace/code-generation/app-gateway2/plugin/AppGateway/Module.cpp
FN:22,22,ModuleBuildRef
FN:22,22,ModuleServiceMetadata
FNDA:0,ModuleBuildRef
FNDA:0,ModuleServiceMetadata
FNF:2
FNH:0
DA:22,0
LF:1
LH:0
end_of_record
TN:
SF:/home/kavia/workspace/code-generation/app-gateway2/plugin/AppGateway/Resolver.cpp
FN:137,142,_ZN12WPEFramework6Plugin8Resolver16ClearResolutionsEv
FN:144,148,_ZN12WPEFramework6Plugin8Resolver12IsConfiguredEv
FN:150,159,_ZN12WPEFramework6Plugin8Resolver12ResolveAliasERKNSt7__cxx1112basic_stringIcSt11char_traitsIcESaIcEEE
FN:161,177,_ZN12WPEFramework6Plugin8Resolver10ParseAliasERKNSt7__cxx1112basic_stringIcSt11char_traitsIcESaIcEEERS7_SA_
FN:179,226,_ZN12WPEFramework6Plugin8Resolver18ExtractStringFieldB5cxx11ERKNS_4Core4JSON16VariantContainerEPKc
FN:192,203,_ZZN12WPEFramework6Plugin8Resolver18ExtractStringFieldB5cxx11ERKNS_4Core4JSON16VariantContainerEPKcENKUlNSt7__cxx1112basic_stringIcSt11char_traitsIcESaIcEEEE_clESE_
FN:193,195,_ZZZN12WPEFramework6Plugin8Resolver18ExtractStringFieldB5cxx11ERKNS_4Core4JSON16VariantContainerEPKcENKUlNSt7__cxx1112basic_stringIcSt11char_traitsIcESaIcEEEE_clESE_ENKUlcE_clEc
FN:228,235,_ZN12WPEFramework6Plugin8Resolver19ExtractBooleanFieldERKNS_4Core4JSON16VariantContainerEPKcb
FN:237,240,_ZN12WPEFramework6Plugin8Resolver24ExtractAdditionalContextERNS_4Core4JSON16VariantContainerEPKc
FN:242,303,_ZN12WPEFramework6Plugin8Resolver17CallThunderPluginERKNSt7__cxx1112basic_stringIcSt11char_traitsIcESaIcEEES9_RS7_
FN:305,314,_ZN12WPEFramework6Plugin8Resolver8HasEventERKNSt7__cxx1112basic_stringIcSt11char_traitsIcESaIcEEE
FN:316,328,_ZN12WPEFramework6Plugin8Resolver17HasIncludeContextERKNSt7__cxx1112basic_stringIcSt11char_traitsIcESaIcEEERNS_4Core4JSON7VariantE
FN:33,49,_ZN12WPEFramework6Plugin8ResolverC2EPNS_10PluginHost6IShellE
FN:330,339,_ZN12WPEFramework6Plugin8Resolver23HasComRpcRequestSupportERKNSt7__cxx1112basic_stringIcSt11char_traitsIcESaIcEEE
FN:341,351,_ZN12WPEFramework6Plugin8Resolver18HasPermissionGroupERKNSt7__cxx1112basic_stringIcSt11char_traitsIcESaIcEEERS7_
FN:51,58,_ZN12WPEFramework6Plugin8ResolverD2Ev
FN:60,135,_ZN12WPEFramework6Plugin8Resolver10LoadConfigERKNSt7__cxx1112basic_stringIcSt11char_traitsIcESaIcEEE
FNDA:0,_ZN12WPEFramework6Plugin8Resolver16ClearResolutionsEv
FNDA:7,_ZN12WPEFramework6Plugin8Resolver12IsConfiguredEv
FNDA:8,_ZN12WPEFramework6Plugin8Resolver12ResolveAliasERKNSt7__cxx1112basic_stringIcSt11char_traitsIcESaIcEEE
FNDA:0,_ZN12WPEFramework6Plugin8Resolver10ParseAliasERKNSt7__cxx1112basic_stringIcSt11char_traitsIcESaIcEEERS7_SA_
FNDA:3081,_ZN12WPEFramework6Plugin8Resolver18ExtractStringFieldB5cxx11ERKNS_4Core4JSON16VariantContainerEPKc
FNDA:4761,_ZZN12WPEFramework6Plugin8Resolver18ExtractStringFieldB5cxx11ERKNS_4Core4JSON16VariantContainerEPKcENKUlNSt7__cxx1112basic_stringIcSt11char_traitsIcESaIcEEEE_clESE_
FNDA:9522,_ZZZN12WPEFramework6Plugin8Resolver18ExtractStringFieldB5cxx11ERKNS_4Core4JSON16VariantContainerEPKcENKUlNSt7__cxx1112basic_stringIcSt11char_traitsIcESaIcEEEE_clESE_ENKUlcE_clEc
FNDA:2054,_ZN12WPEFramework6Plugin8Resolver19ExtractBooleanFieldERKNS_4Core4JSON16VariantContainerEPKcb
FNDA:1027,_ZN12WPEFramework6Plugin8Resolver24ExtractAdditionalContextERNS_4Core4JSON16VariantContainerEPKc
FNDA:1,_ZN12WPEFramework6Plugin8Resolver17CallThunderPluginERKNSt7__cxx1112basic_stringIcSt11char_traitsIcESaIcEEES9_RS7_
FNDA:5,_ZN12WPEFramework6Plugin8Resolver8HasEventERKNSt7__cxx1112basic_stringIcSt11char_traitsIcESaIcEEE
FNDA:2,_ZN12WPEFramework6Plugin8Resolver17HasIncludeContextERKNSt7__cxx1112basic_stringIcSt11char_traitsIcESaIcEEERNS_4Core4JSON7VariantE
FNDA:9,_ZN12WPEFramework6Plugin8ResolverC2EPNS_10PluginHost6IShellE
FNDA:3,_ZN12WPEFramework6Plugin8Resolver23HasComRpcRequestSupportERKNSt7__cxx1112basic_stringIcSt11char_traitsIcESaIcEEE
FNDA:6,_ZN12WPEFramework6Plugin8Resolver18HasPermissionGroupERKNSt7__cxx1112basic_stringIcSt11char_traitsIcESaIcEEERS7_
FNDA:9,_ZN12WPEFramework6Plugin8ResolverD2Ev
FNDA:20,_ZN12WPEFramework6Plugin8Resolver10LoadConfigERKNSt7__cxx1112basic_stringIcSt11char_traitsIcESaIcEEE
FNF:17
FNH:15
DA:33,9
DA:34,9
DA:35,9
DA:36,9
DA:38,9
DA:46,9
DA:47,8
DA:49,9
DA:51,9
DA:53,9
DA:54,9
DA:55,8
DA:56,8
DA:58,9
DA:60,20
DA:62,20
DA:63,20
DA:64,0
DA:65,0
DA:69,20
DA:70,20
DA:74,20
DA:75,20
DA:77,20
DA:78,1
DA:79,1
DA:80,1
DA:82,1
DA:86,19
DA:87,0
DA:88,0
DA:92,19
DA:93,19
DA:94,19
DA:97,19
DA:98,1046
DA:99,1027
DA:100,1027
DA:102,1027
DA:104,1027
DA:105,1027
DA:108,1027
DA:109,1027
DA:110,1027
DA:111,1027
DA:112,1027
DA:113,1027
DA:114,1027
DA:116,1027
DA:121,1027
DA:122,449
DA:123,449
DA:126,1027
DA:127,1027
DA:128,1027
DA:129,1027
DA:131,19
DA:134,19
DA:135,20
DA:137,0
DA:139,0
DA:140,0
DA:141,0
DA:142,0
DA:144,7
DA:146,7
DA:147,14
DA:148,7
DA:150,8
DA:152,8
DA:153,8
DA:154,8
DA:155,8
DA:156,7
DA:158,1
DA:159,8
DA:161,0
DA:164,0
DA:166,0
DA:167,0
DA:168,0
DA:171,0
DA:172,0
DA:175,0
DA:177,0
DA:179,3081
DA:181,3081
DA:182,3081
DA:190,1587
DA:192,4761
DA:193,9522
DA:194,9522
DA:196,4761
DA:197,0
DA:199,4761
DA:200,0
DA:202,9522
DA:205,1587
DA:209,1587
DA:210,1587
DA:211,1587
DA:213,0
DA:214,0
DA:216,1587
DA:219,1587
DA:220,1587
DA:223,1587
DA:224,1587
DA:225,2988
DA:226,3081
DA:228,2054
DA:230,2054
DA:231,2054
DA:232,659
DA:234,1395
DA:235,2054
DA:237,1027
DA:239,1027
DA:242,1
DA:253,1
DA:254,1
DA:255,1
DA:258,0
DA:259,0
DA:260,0
DA:263,0
DA:264,0
DA:265,0
DA:268,0
DA:269,0
DA:272,0
DA:276,0
DA:277,0
DA:278,0
DA:281,0
DA:282,0
DA:283,0
DA:286,0
DA:287,0
DA:288,0
DA:291,0
DA:292,0
DA:293,0
DA:294,0
DA:297,0
DA:298,0
DA:299,0
DA:302,0
DA:303,0
DA:305,5
DA:307,5
DA:308,5
DA:309,5
DA:310,5
DA:311,5
DA:313,0
DA:314,5
DA:316,2
DA:318,2
DA:319,2
DA:320,2
DA:321,2
DA:322,2
DA:323,2
DA:325,2
DA:327,0
DA:328,2
DA:330,3
DA:332,3
DA:333,3
DA:334,3
DA:335,3
DA:336,3
DA:338,0
DA:339,3
DA:341,6
DA:343,6
DA:344,6
DA:345,6
DA:346,6
DA:347,6
DA:348,6
DA:350,0
DA:351,6
LF:184
LH:131
end_of_record
TN:
SF:/home/kavia/workspace/code-generation/app-gateway2/plugin/AppGateway/Resolver.h
FN:41,45,_ZN12WPEFramework6Plugin15ConfigContainerC2Ev
FNDA:20,_ZN12WPEFramework6Plugin15ConfigContainerC2Ev
FNF:1
FNH:1
DA:41,20
DA:42,20
DA:44,20
DA:45,20
LF:4
LH:4
end_of_record
