TN:
SF:/home/kavia/workspace/code-generation/app-gateway2/helpers/rdkservices-comcast/helpers/StringUtils.h
FN:30,35,_ZN11StringUtils7toLowerERKNSt7__cxx1112basic_stringIcSt11char_traitsIcESaIcEEE
FN:33,33,_ZZN11StringUtils7toLowerERKNSt7__cxx1112basic_stringIcSt11char_traitsIcESaIcEEEENKUlhE_clEh
FN:37,41,_ZN11StringUtils16rfindInsensitiveERKNSt7__cxx1112basic_stringIcSt11char_traitsIcESaIcEEES7_
FNDA:404,_ZN11StringUtils7toLowerERKNSt7__cxx1112basic_stringIcSt11char_traitsIcESaIcEEE
FNDA:10536,_ZZN11StringUtils7toLowerERKNSt7__cxx1112basic_stringIcSt11char_traitsIcESaIcEEEENKUlhE_clEh
FNDA:6,_ZN11StringUtils16rfindInsensitiveERKNSt7__cxx1112basic_stringIcSt11char_traitsIcESaIcEEES7_
FNF:3
FNH:3
DA:30,404
DA:31,404
DA:32,404
DA:33,10536
DA:34,404
DA:37,6
DA:38,6
DA:39,6
DA:40,12
DA:41,6
LF:10
LH:10
end_of_record
TN:
SF:/home/kavia/workspace/code-generation/app-gateway2/plugin/AppGateway/AppGateway.h
FN:52,52,_ZNK12WPEFramework6Plugin10AppGateway11InformationB5cxx11Ev
FN:54,59,_ZN12WPEFramework6Plugin10AppGateway14QueryInterfaceEj
FNDA:0,_ZNK12WPEFramework6Plugin10AppGateway11InformationB5cxx11Ev
FNDA:51,_ZN12WPEFramework6Plugin10AppGateway14QueryInterfaceEj
FNF:2
FNH:1
DA:52,0
DA:54,51
DA:55,51
DA:56,24
DA:57,7
DA:58,5
DA:59,0
LF:7
LH:5
end_of_record
TN:
SF:/home/kavia/workspace/code-generation/app-gateway2/plugin/AppGateway/AppGatewayImplementation.h
FN:48,51,_ZN12WPEFramework6Plugin24AppGatewayImplementation14QueryInterfaceEj
FNDA:6,_ZN12WPEFramework6Plugin24AppGatewayImplementation14QueryInterfaceEj
FNF:1
FNH:1
DA:48,6
DA:49,6
DA:50,3
DA:51,0
LF:4
LH:3
end_of_record
