[run_coverage] ROOT=/home/kavia/workspace/code-generation/app-gateway2
[run_coverage] TEST_SRC_DIR=/home/kavia/workspace/code-generation/app-gateway2/tests/l0/appgateway/l0test
[run_coverage] BUILD_DIR=/home/kavia/workspace/code-generation/app-gateway2/build/tests_l0_appgateway
[run_coverage] INSTALL_PREFIX=/home/kavia/workspace/code-generation/app-gateway2/dependencies/install
[run_coverage] COVERAGE_DIR=/home/kavia/workspace/code-generation/app-gateway2/tests/l0/appgateway/coverage

[run_coverage] ===== Tool checks =====

[run_coverage] ===== Input checks =====
[run_coverage] Using AppGateway plugin .so: /home/kavia/workspace/code-generation/app-gateway2/dependencies/install/lib/plugins/libWPEFrameworkAppGateway.so

[run_coverage] ===== Coverage flags =====
[run_coverage] CMAKE_PREFIX_PATH=/home/kavia/workspace/code-generation/app-gateway2/dependencies/install
[run_coverage] PKG_CONFIG_PATH=/home/kavia/workspace/code-generation/app-gateway2/dependencies/install/lib/pkgconfig
[run_coverage] CXXFLAGS=--coverage -O0 -g
[run_coverage] LDFLAGS=--coverage

[run_coverage] ===== Clean build directory =====

[run_coverage] ===== Prepare Real-plugin link path (optional) =====
[run_coverage] Symlinked for CMake probe:
[run_coverage]   /home/kavia/workspace/code-generation/app-gateway2/build/AppGateway/libWPEFrameworkAppGateway.so -> /home/kavia/workspace/code-generation/app-gateway2/dependencies/install/lib/plugins/libWPEFrameworkAppGateway.so

[run_coverage] ===== Configure (Ninja) and build =====
-- The CXX compiler identification is unknown
-- Detecting CXX compiler ABI info
-- Detecting CXX compiler ABI info - done
-- Check for working CXX compiler: /usr/bin/c++ - skipped
-- Using PREFIX='/home/kavia/workspace/code-generation/app-gateway2/dependencies/install'
-- AppGateway l0test: Using local interfaces stub: /home/kavia/workspace/code-generation/app-gateway2/tests/l0/appgateway/l0test/../../../../interfaces/IAppGateway.h
-- Performing Test CMAKE_HAVE_LIBC_PTHREAD
-- Performing Test CMAKE_HAVE_LIBC_PTHREAD - Success
-- Found Threads: TRUE  
-- Linking against built AppGateway plugin: /home/kavia/workspace/code-generation/app-gateway2/build/tests_l0_appgateway/../AppGateway/libWPEFrameworkAppGateway.so
-- Configuring done (0.4s)
-- Generating done (0.0s)
-- Build files have been written to: /home/kavia/workspace/code-generation/app-gateway2/build/tests_l0_appgateway
[1/7] Building CXX object CMakeFiles/appgateway_l0test.dir/AppGateway_Init_DeinitTests.cpp.o
In file included from /home/kavia/workspace/code-generation/app-gateway2/tests/l0/appgateway/l0test/AppGateway_Init_DeinitTests.cpp:6:
/home/kavia/workspace/code-generation/app-gateway2/dependencies/install/include/WPEFramework/plugins/IDispatcher.h:50:35: warning: â€˜virtual WPEFramework::Core::hresult WPEFramework::PluginHost::IDispatcher::Invoke(ICallback*, uint32_t, uint32_t, const string&, const string&, const string&, string&)â€™ was hidden [-Woverloaded-virtual=]
   50 |             virtual Core::hresult Invoke(ICallback* callback, const uint32_t channelId, const uint32_t id, const string& token, const string& method, const string& parameters /* @restrict:(4M-1) */, string& response /* @restrict:(4M-1) @out */) = 0;
      |                                   ^~~~~~
In file included from /home/kavia/workspace/code-generation/app-gateway2/dependencies/install/include/WPEFramework/plugins/plugins.h:42,
                 from /home/kavia/workspace/code-generation/app-gateway2/tests/l0/appgateway/l0test/../../../../plugin/AppGateway/Module.h:25,
                 from /home/kavia/workspace/code-generation/app-gateway2/tests/l0/appgateway/l0test/../../../../plugin/AppGateway/AppGateway.h:21,
                 from /home/kavia/workspace/code-generation/app-gateway2/tests/l0/appgateway/l0test/AppGateway_Init_DeinitTests.cpp:8:
/home/kavia/workspace/code-generation/app-gateway2/dependencies/install/include/WPEFramework/plugins/JSONRPC.h:53:26: note:   by â€˜virtual uint32_t WPEFramework::PluginHost::ILocalDispatcher::Invoke(uint32_t, uint32_t, const string&, const string&, const string&, string&)â€™
   53 |         virtual uint32_t Invoke(const uint32_t channelId, const uint32_t id, const string& token, const string& method, const string& parameters, string& response) = 0;
      |                          ^~~~~~
/home/kavia/workspace/code-generation/app-gateway2/tests/l0/appgateway/l0test/AppGateway_Init_DeinitTests.cpp:50:73: warning: converting to â€˜const L0Test::ServiceMock::Configâ€™ from initializer list would use explicit constructor â€˜L0Test::ServiceMock::Config::Config(bool, bool, bool)â€™
   50 |     explicit PluginAndService(const L0Test::ServiceMock::Config& cfg = {})
      |                                                                         ^
/home/kavia/workspace/code-generation/app-gateway2/tests/l0/appgateway/l0test/AppGateway_Init_DeinitTests.cpp:50:73: note: in C++11 and above a default constructor can be explicit
/home/kavia/workspace/code-generation/app-gateway2/tests/l0/appgateway/l0test/AppGateway_Init_DeinitTests.cpp: In function â€˜uint32_t Test_Initialize_WithValidConfig_Succeeds()â€™:
/home/kavia/workspace/code-generation/app-gateway2/tests/l0/appgateway/l0test/AppGateway_Init_DeinitTests.cpp:93:22: warning: converting to â€˜const L0Test::ServiceMock::Configâ€™ from initializer list would use explicit constructor â€˜L0Test::ServiceMock::Config::Config(bool, bool, bool)â€™
   93 |     PluginAndService ps;
      |                      ^~
/home/kavia/workspace/code-generation/app-gateway2/tests/l0/appgateway/l0test/AppGateway_Init_DeinitTests.cpp:93:22: note: in C++11 and above a default constructor can be explicit
/home/kavia/workspace/code-generation/app-gateway2/tests/l0/appgateway/l0test/AppGateway_Init_DeinitTests.cpp:50:66: note: in passing argument 1 of â€˜{anonymous}::PluginAndService::PluginAndService(const L0Test::ServiceMock::Config&)â€™
   50 |     explicit PluginAndService(const L0Test::ServiceMock::Config& cfg = {})
      |                               ~~~~~~~~~~~~~~~~~~~~~~~~~~~~~~~~~~~^~~~~~~~
/home/kavia/workspace/code-generation/app-gateway2/tests/l0/appgateway/l0test/AppGateway_Init_DeinitTests.cpp: In function â€˜uint32_t Test_Initialize_Twice_Idempotent()â€™:
/home/kavia/workspace/code-generation/app-gateway2/tests/l0/appgateway/l0test/AppGateway_Init_DeinitTests.cpp:129:26: warning: converting to â€˜const L0Test::ServiceMock::Configâ€™ from initializer list would use explicit constructor â€˜L0Test::ServiceMock::Config::Config(bool, bool, bool)â€™
  129 |         PluginAndService ps;
      |                          ^~
/home/kavia/workspace/code-generation/app-gateway2/tests/l0/appgateway/l0test/AppGateway_Init_DeinitTests.cpp:129:26: note: in C++11 and above a default constructor can be explicit
/home/kavia/workspace/code-generation/app-gateway2/tests/l0/appgateway/l0test/AppGateway_Init_DeinitTests.cpp:50:66: note: in passing argument 1 of â€˜{anonymous}::PluginAndService::PluginAndService(const L0Test::ServiceMock::Config&)â€™
   50 |     explicit PluginAndService(const L0Test::ServiceMock::Config& cfg = {})
      |                               ~~~~~~~~~~~~~~~~~~~~~~~~~~~~~~~~~~~^~~~~~~~
/home/kavia/workspace/code-generation/app-gateway2/tests/l0/appgateway/l0test/AppGateway_Init_DeinitTests.cpp:144:26: warning: converting to â€˜const L0Test::ServiceMock::Configâ€™ from initializer list would use explicit constructor â€˜L0Test::ServiceMock::Config::Config(bool, bool, bool)â€™
  144 |         PluginAndService ps;
      |                          ^~
/home/kavia/workspace/code-generation/app-gateway2/tests/l0/appgateway/l0test/AppGateway_Init_DeinitTests.cpp:144:26: note: in C++11 and above a default constructor can be explicit
/home/kavia/workspace/code-generation/app-gateway2/tests/l0/appgateway/l0test/AppGateway_Init_DeinitTests.cpp:50:66: note: in passing argument 1 of â€˜{anonymous}::PluginAndService::PluginAndService(const L0Test::ServiceMock::Config&)â€™
   50 |     explicit PluginAndService(const L0Test::ServiceMock::Config& cfg = {})
      |                               ~~~~~~~~~~~~~~~~~~~~~~~~~~~~~~~~~~~^~~~~~~~
/home/kavia/workspace/code-generation/app-gateway2/tests/l0/appgateway/l0test/AppGateway_Init_DeinitTests.cpp: In function â€˜uint32_t Test_Deinitialize_Twice_NoCrash()â€™:
/home/kavia/workspace/code-generation/app-gateway2/tests/l0/appgateway/l0test/AppGateway_Init_DeinitTests.cpp:165:22: warning: converting to â€˜const L0Test::ServiceMock::Configâ€™ from initializer list would use explicit constructor â€˜L0Test::ServiceMock::Config::Config(bool, bool, bool)â€™
  165 |     PluginAndService ps;
      |                      ^~
/home/kavia/workspace/code-generation/app-gateway2/tests/l0/appgateway/l0test/AppGateway_Init_DeinitTests.cpp:165:22: note: in C++11 and above a default constructor can be explicit
/home/kavia/workspace/code-generation/app-gateway2/tests/l0/appgateway/l0test/AppGateway_Init_DeinitTests.cpp:50:66: note: in passing argument 1 of â€˜{anonymous}::PluginAndService::PluginAndService(const L0Test::ServiceMock::Config&)â€™
   50 |     explicit PluginAndService(const L0Test::ServiceMock::Config& cfg = {})
      |                               ~~~~~~~~~~~~~~~~~~~~~~~~~~~~~~~~~~~^~~~~~~~
/home/kavia/workspace/code-generation/app-gateway2/tests/l0/appgateway/l0test/AppGateway_Init_DeinitTests.cpp: In function â€˜uint32_t Test_JsonRpc_Registration_And_Unregistration()â€™:
/home/kavia/workspace/code-generation/app-gateway2/tests/l0/appgateway/l0test/AppGateway_Init_DeinitTests.cpp:184:22: warning: converting to â€˜const L0Test::ServiceMock::Configâ€™ from initializer list would use explicit constructor â€˜L0Test::ServiceMock::Config::Config(bool, bool, bool)â€™
  184 |     PluginAndService ps;
      |                      ^~
/home/kavia/workspace/code-generation/app-gateway2/tests/l0/appgateway/l0test/AppGateway_Init_DeinitTests.cpp:184:22: note: in C++11 and above a default constructor can be explicit
/home/kavia/workspace/code-generation/app-gateway2/tests/l0/appgateway/l0test/AppGateway_Init_DeinitTests.cpp:50:66: note: in passing argument 1 of â€˜{anonymous}::PluginAndService::PluginAndService(const L0Test::ServiceMock::Config&)â€™
   50 |     explicit PluginAndService(const L0Test::ServiceMock::Config& cfg = {})
      |                               ~~~~~~~~~~~~~~~~~~~~~~~~~~~~~~~~~~~^~~~~~~~
[2/7] Building CXX object CMakeFiles/appgateway_l0test.dir/Responder_BehaviorTests.cpp.o
In file included from /home/kavia/workspace/code-generation/app-gateway2/dependencies/install/include/WPEFramework/plugins/JSONRPC.h:26,
                 from /home/kavia/workspace/code-generation/app-gateway2/dependencies/install/include/WPEFramework/plugins/plugins.h:42,
                 from /home/kavia/workspace/code-generation/app-gateway2/tests/l0/appgateway/l0test/../../../../plugin/AppGateway/Module.h:25,
                 from /home/kavia/workspace/code-generation/app-gateway2/tests/l0/appgateway/l0test/../../../../plugin/AppGateway/AppGateway.h:21,
                 from /home/kavia/workspace/code-generation/app-gateway2/tests/l0/appgateway/l0test/Responder_BehaviorTests.cpp:6:
/home/kavia/workspace/code-generation/app-gateway2/dependencies/install/include/WPEFramework/plugins/IDispatcher.h:50:35: warning: â€˜virtual WPEFramework::Core::hresult WPEFramework::PluginHost::IDispatcher::Invoke(ICallback*, uint32_t, uint32_t, const string&, const string&, const string&, string&)â€™ was hidden [-Woverloaded-virtual=]
   50 |             virtual Core::hresult Invoke(ICallback* callback, const uint32_t channelId, const uint32_t id, const string& token, const string& method, const string& parameters /* @restrict:(4M-1) */, string& response /* @restrict:(4M-1) @out */) = 0;
      |                                   ^~~~~~
/home/kavia/workspace/code-generation/app-gateway2/dependencies/install/include/WPEFramework/plugins/JSONRPC.h:53:26: note:   by â€˜virtual uint32_t WPEFramework::PluginHost::ILocalDispatcher::Invoke(uint32_t, uint32_t, const string&, const string&, const string&, string&)â€™
   53 |         virtual uint32_t Invoke(const uint32_t channelId, const uint32_t id, const string& token, const string& method, const string& parameters, string& response) = 0;
      |                          ^~~~~~
/home/kavia/workspace/code-generation/app-gateway2/tests/l0/appgateway/l0test/Responder_BehaviorTests.cpp:46:73: warning: converting to â€˜const L0Test::ServiceMock::Configâ€™ from initializer list would use explicit constructor â€˜L0Test::ServiceMock::Config::Config(bool, bool, bool)â€™
   46 |     explicit PluginAndService(const L0Test::ServiceMock::Config& cfg = {})
      |                                                                         ^
/home/kavia/workspace/code-generation/app-gateway2/tests/l0/appgateway/l0test/Responder_BehaviorTests.cpp:46:73: note: in C++11 and above a default constructor can be explicit
/home/kavia/workspace/code-generation/app-gateway2/tests/l0/appgateway/l0test/Responder_BehaviorTests.cpp: In function â€˜uint32_t Test_Responder_Register_Unregister_Notifications()â€™:
/home/kavia/workspace/code-generation/app-gateway2/tests/l0/appgateway/l0test/Responder_BehaviorTests.cpp:107:22: warning: converting to â€˜const L0Test::ServiceMock::Configâ€™ from initializer list would use explicit constructor â€˜L0Test::ServiceMock::Config::Config(bool, bool, bool)â€™
  107 |     PluginAndService ps;
      |                      ^~
/home/kavia/workspace/code-generation/app-gateway2/tests/l0/appgateway/l0test/Responder_BehaviorTests.cpp:107:22: note: in C++11 and above a default constructor can be explicit
/home/kavia/workspace/code-generation/app-gateway2/tests/l0/appgateway/l0test/Responder_BehaviorTests.cpp:46:66: note: in passing argument 1 of â€˜{anonymous}::PluginAndService::PluginAndService(const L0Test::ServiceMock::Config&)â€™
   46 |     explicit PluginAndService(const L0Test::ServiceMock::Config& cfg = {})
      |                               ~~~~~~~~~~~~~~~~~~~~~~~~~~~~~~~~~~~^~~~~~~~
/home/kavia/workspace/code-generation/app-gateway2/tests/l0/appgateway/l0test/Responder_BehaviorTests.cpp: In function â€˜uint32_t Test_Responder_Respond_Success_And_Unavailable()â€™:
/home/kavia/workspace/code-generation/app-gateway2/tests/l0/appgateway/l0test/Responder_BehaviorTests.cpp:151:22: warning: converting to â€˜const L0Test::ServiceMock::Configâ€™ from initializer list would use explicit constructor â€˜L0Test::ServiceMock::Config::Config(bool, bool, bool)â€™
  151 |     PluginAndService ps;
      |                      ^~
/home/kavia/workspace/code-generation/app-gateway2/tests/l0/appgateway/l0test/Responder_BehaviorTests.cpp:151:22: note: in C++11 and above a default constructor can be explicit
/home/kavia/workspace/code-generation/app-gateway2/tests/l0/appgateway/l0test/Responder_BehaviorTests.cpp:46:66: note: in passing argument 1 of â€˜{anonymous}::PluginAndService::PluginAndService(const L0Test::ServiceMock::Config&)â€™
   46 |     explicit PluginAndService(const L0Test::ServiceMock::Config& cfg = {})
      |                               ~~~~~~~~~~~~~~~~~~~~~~~~~~~~~~~~~~~^~~~~~~~
/home/kavia/workspace/code-generation/app-gateway2/tests/l0/appgateway/l0test/Responder_BehaviorTests.cpp: In function â€˜uint32_t Test_Responder_Emit_Success_And_Unavailable()â€™:
/home/kavia/workspace/code-generation/app-gateway2/tests/l0/appgateway/l0test/Responder_BehaviorTests.cpp:186:22: warning: converting to â€˜const L0Test::ServiceMock::Configâ€™ from initializer list would use explicit constructor â€˜L0Test::ServiceMock::Config::Config(bool, bool, bool)â€™
  186 |     PluginAndService ps;
      |                      ^~
/home/kavia/workspace/code-generation/app-gateway2/tests/l0/appgateway/l0test/Responder_BehaviorTests.cpp:186:22: note: in C++11 and above a default constructor can be explicit
/home/kavia/workspace/code-generation/app-gateway2/tests/l0/appgateway/l0test/Responder_BehaviorTests.cpp:46:66: note: in passing argument 1 of â€˜{anonymous}::PluginAndService::PluginAndService(const L0Test::ServiceMock::Config&)â€™
   46 |     explicit PluginAndService(const L0Test::ServiceMock::Config& cfg = {})
      |                               ~~~~~~~~~~~~~~~~~~~~~~~~~~~~~~~~~~~^~~~~~~~
/home/kavia/workspace/code-generation/app-gateway2/tests/l0/appgateway/l0test/Responder_BehaviorTests.cpp: In function â€˜uint32_t Test_Responder_Request_Success_And_Unavailable()â€™:
/home/kavia/workspace/code-generation/app-gateway2/tests/l0/appgateway/l0test/Responder_BehaviorTests.cpp:219:22: warning: converting to â€˜const L0Test::ServiceMock::Configâ€™ from initializer list would use explicit constructor â€˜L0Test::ServiceMock::Config::Config(bool, bool, bool)â€™
  219 |     PluginAndService ps;
      |                      ^~
/home/kavia/workspace/code-generation/app-gateway2/tests/l0/appgateway/l0test/Responder_BehaviorTests.cpp:219:22: note: in C++11 and above a default constructor can be explicit
/home/kavia/workspace/code-generation/app-gateway2/tests/l0/appgateway/l0test/Responder_BehaviorTests.cpp:46:66: note: in passing argument 1 of â€˜{anonymous}::PluginAndService::PluginAndService(const L0Test::ServiceMock::Config&)â€™
   46 |     explicit PluginAndService(const L0Test::ServiceMock::Config& cfg = {})
      |                               ~~~~~~~~~~~~~~~~~~~~~~~~~~~~~~~~~~~^~~~~~~~
/home/kavia/workspace/code-generation/app-gateway2/tests/l0/appgateway/l0test/Responder_BehaviorTests.cpp: In function â€˜uint32_t Test_Responder_GetGatewayConnectionContext_Known_And_Unknown()â€™:
/home/kavia/workspace/code-generation/app-gateway2/tests/l0/appgateway/l0test/Responder_BehaviorTests.cpp:251:22: warning: converting to â€˜const L0Test::ServiceMock::Configâ€™ from initializer list would use explicit constructor â€˜L0Test::ServiceMock::Config::Config(bool, bool, bool)â€™
  251 |     PluginAndService ps;
      |                      ^~
/home/kavia/workspace/code-generation/app-gateway2/tests/l0/appgateway/l0test/Responder_BehaviorTests.cpp:251:22: note: in C++11 and above a default constructor can be explicit
/home/kavia/workspace/code-generation/app-gateway2/tests/l0/appgateway/l0test/Responder_BehaviorTests.cpp:46:66: note: in passing argument 1 of â€˜{anonymous}::PluginAndService::PluginAndService(const L0Test::ServiceMock::Config&)â€™
   46 |     explicit PluginAndService(const L0Test::ServiceMock::Config& cfg = {})
      |                               ~~~~~~~~~~~~~~~~~~~~~~~~~~~~~~~~~~~^~~~~~~~
[3/7] Building CXX object CMakeFiles/appgateway_l0test.dir/ContextUtils_ConversionTests.cpp.o
In file included from /home/kavia/workspace/code-generation/app-gateway2/tests/l0/appgateway/l0test/ContextUtils_ConversionTests.cpp:6:
/home/kavia/workspace/code-generation/app-gateway2/dependencies/install/include/WPEFramework/plugins/IDispatcher.h:50:35: warning: â€˜virtual WPEFramework::Core::hresult WPEFramework::PluginHost::IDispatcher::Invoke(ICallback*, uint32_t, uint32_t, const string&, const string&, const string&, string&)â€™ was hidden [-Woverloaded-virtual=]
   50 |             virtual Core::hresult Invoke(ICallback* callback, const uint32_t channelId, const uint32_t id, const string& token, const string& method, const string& parameters /* @restrict:(4M-1) */, string& response /* @restrict:(4M-1) @out */) = 0;
      |                                   ^~~~~~
In file included from /home/kavia/workspace/code-generation/app-gateway2/dependencies/install/include/WPEFramework/plugins/plugins.h:42,
                 from /home/kavia/workspace/code-generation/app-gateway2/tests/l0/appgateway/l0test/../../../../plugin/AppGateway/Module.h:25,
                 from /home/kavia/workspace/code-generation/app-gateway2/tests/l0/appgateway/l0test/../../../../plugin/AppGateway/AppGateway.h:21,
                 from /home/kavia/workspace/code-generation/app-gateway2/tests/l0/appgateway/l0test/ContextUtils_ConversionTests.cpp:8:
/home/kavia/workspace/code-generation/app-gateway2/dependencies/install/include/WPEFramework/plugins/JSONRPC.h:53:26: note:   by â€˜virtual uint32_t WPEFramework::PluginHost::ILocalDispatcher::Invoke(uint32_t, uint32_t, const string&, const string&, const string&, string&)â€™
   53 |         virtual uint32_t Invoke(const uint32_t channelId, const uint32_t id, const string& token, const string& method, const string& parameters, string& response) = 0;
      |                          ^~~~~~
/home/kavia/workspace/code-generation/app-gateway2/tests/l0/appgateway/l0test/ContextUtils_ConversionTests.cpp:67:73: warning: converting to â€˜const L0Test::ServiceMock::Configâ€™ from initializer list would use explicit constructor â€˜L0Test::ServiceMock::Config::Config(bool, bool, bool)â€™
   67 |     explicit PluginAndService(const L0Test::ServiceMock::Config& cfg = {})
      |                                                                         ^
/home/kavia/workspace/code-generation/app-gateway2/tests/l0/appgateway/l0test/ContextUtils_ConversionTests.cpp:67:73: note: in C++11 and above a default constructor can be explicit
/home/kavia/workspace/code-generation/app-gateway2/tests/l0/appgateway/l0test/ContextUtils_ConversionTests.cpp: In function â€˜uint32_t Test_Json_Boundary_RequestId_ConnectionId()â€™:
/home/kavia/workspace/code-generation/app-gateway2/tests/l0/appgateway/l0test/ContextUtils_ConversionTests.cpp:201:22: warning: converting to â€˜const L0Test::ServiceMock::Configâ€™ from initializer list would use explicit constructor â€˜L0Test::ServiceMock::Config::Config(bool, bool, bool)â€™
  201 |     PluginAndService ps;
      |                      ^~
/home/kavia/workspace/code-generation/app-gateway2/tests/l0/appgateway/l0test/ContextUtils_ConversionTests.cpp:201:22: note: in C++11 and above a default constructor can be explicit
/home/kavia/workspace/code-generation/app-gateway2/tests/l0/appgateway/l0test/ContextUtils_ConversionTests.cpp:67:66: note: in passing argument 1 of â€˜{anonymous}::PluginAndService::PluginAndService(const L0Test::ServiceMock::Config&)â€™
   67 |     explicit PluginAndService(const L0Test::ServiceMock::Config& cfg = {})
      |                               ~~~~~~~~~~~~~~~~~~~~~~~~~~~~~~~~~~~^~~~~~~~
/home/kavia/workspace/code-generation/app-gateway2/tests/l0/appgateway/l0test/ContextUtils_ConversionTests.cpp: In function â€˜uint32_t Test_Json_Params_Empty_Equals_EmptyObject()â€™:
/home/kavia/workspace/code-generation/app-gateway2/tests/l0/appgateway/l0test/ContextUtils_ConversionTests.cpp:246:22: warning: converting to â€˜const L0Test::ServiceMock::Configâ€™ from initializer list would use explicit constructor â€˜L0Test::ServiceMock::Config::Config(bool, bool, bool)â€™
  246 |     PluginAndService ps;
      |                      ^~
/home/kavia/workspace/code-generation/app-gateway2/tests/l0/appgateway/l0test/ContextUtils_ConversionTests.cpp:246:22: note: in C++11 and above a default constructor can be explicit
/home/kavia/workspace/code-generation/app-gateway2/tests/l0/appgateway/l0test/ContextUtils_ConversionTests.cpp:67:66: note: in passing argument 1 of â€˜{anonymous}::PluginAndService::PluginAndService(const L0Test::ServiceMock::Config&)â€™
   67 |     explicit PluginAndService(const L0Test::ServiceMock::Config& cfg = {})
      |                               ~~~~~~~~~~~~~~~~~~~~~~~~~~~~~~~~~~~^~~~~~~~
/home/kavia/workspace/code-generation/app-gateway2/tests/l0/appgateway/l0test/ContextUtils_ConversionTests.cpp: In function â€˜uint32_t Test_Json_EmptyAppId_BadRequest()â€™:
/home/kavia/workspace/code-generation/app-gateway2/tests/l0/appgateway/l0test/ContextUtils_ConversionTests.cpp:283:22: warning: converting to â€˜const L0Test::ServiceMock::Configâ€™ from initializer list would use explicit constructor â€˜L0Test::ServiceMock::Config::Config(bool, bool, bool)â€™
  283 |     PluginAndService ps;
      |                      ^~
/home/kavia/workspace/code-generation/app-gateway2/tests/l0/appgateway/l0test/ContextUtils_ConversionTests.cpp:283:22: note: in C++11 and above a default constructor can be explicit
/home/kavia/workspace/code-generation/app-gateway2/tests/l0/appgateway/l0test/ContextUtils_ConversionTests.cpp:67:66: note: in passing argument 1 of â€˜{anonymous}::PluginAndService::PluginAndService(const L0Test::ServiceMock::Config&)â€™
   67 |     explicit PluginAndService(const L0Test::ServiceMock::Config& cfg = {})
      |                               ~~~~~~~~~~~~~~~~~~~~~~~~~~~~~~~~~~~^~~~~~~~
[4/7] Building CXX object CMakeFiles/appgateway_l0test.dir/AppGateway_JsonRpcResolveTests.cpp.o
In file included from /home/kavia/workspace/code-generation/app-gateway2/tests/l0/appgateway/l0test/AppGateway_JsonRpcResolveTests.cpp:6:
/home/kavia/workspace/code-generation/app-gateway2/dependencies/install/include/WPEFramework/plugins/IDispatcher.h:50:35: warning: â€˜virtual WPEFramework::Core::hresult WPEFramework::PluginHost::IDispatcher::Invoke(ICallback*, uint32_t, uint32_t, const string&, const string&, const string&, string&)â€™ was hidden [-Woverloaded-virtual=]
   50 |             virtual Core::hresult Invoke(ICallback* callback, const uint32_t channelId, const uint32_t id, const string& token, const string& method, const string& parameters /* @restrict:(4M-1) */, string& response /* @restrict:(4M-1) @out */) = 0;
      |                                   ^~~~~~
In file included from /home/kavia/workspace/code-generation/app-gateway2/dependencies/install/include/WPEFramework/plugins/plugins.h:42,
                 from /home/kavia/workspace/code-generation/app-gateway2/tests/l0/appgateway/l0test/../../../../plugin/AppGateway/Module.h:25,
                 from /home/kavia/workspace/code-generation/app-gateway2/tests/l0/appgateway/l0test/../../../../plugin/AppGateway/AppGateway.h:21,
                 from /home/kavia/workspace/code-generation/app-gateway2/tests/l0/appgateway/l0test/AppGateway_JsonRpcResolveTests.cpp:8:
/home/kavia/workspace/code-generation/app-gateway2/dependencies/install/include/WPEFramework/plugins/JSONRPC.h:53:26: note:   by â€˜virtual uint32_t WPEFramework::PluginHost::ILocalDispatcher::Invoke(uint32_t, uint32_t, const string&, const string&, const string&, string&)â€™
   53 |         virtual uint32_t Invoke(const uint32_t channelId, const uint32_t id, const string& token, const string& method, const string& parameters, string& response) = 0;
      |                          ^~~~~~
/home/kavia/workspace/code-generation/app-gateway2/tests/l0/appgateway/l0test/AppGateway_JsonRpcResolveTests.cpp:62:73: warning: converting to â€˜const L0Test::ServiceMock::Configâ€™ from initializer list would use explicit constructor â€˜L0Test::ServiceMock::Config::Config(bool, bool, bool)â€™
   62 |     explicit PluginAndService(const L0Test::ServiceMock::Config& cfg = {})
      |                                                                         ^
/home/kavia/workspace/code-generation/app-gateway2/tests/l0/appgateway/l0test/AppGateway_JsonRpcResolveTests.cpp:62:73: note: in C++11 and above a default constructor can be explicit
/home/kavia/workspace/code-generation/app-gateway2/tests/l0/appgateway/l0test/AppGateway_JsonRpcResolveTests.cpp: In function â€˜uint32_t Test_Resolve_HappyPath_JSONRPC()â€™:
/home/kavia/workspace/code-generation/app-gateway2/tests/l0/appgateway/l0test/AppGateway_JsonRpcResolveTests.cpp:140:22: warning: converting to â€˜const L0Test::ServiceMock::Configâ€™ from initializer list would use explicit constructor â€˜L0Test::ServiceMock::Config::Config(bool, bool, bool)â€™
  140 |     PluginAndService ps;
      |                      ^~
/home/kavia/workspace/code-generation/app-gateway2/tests/l0/appgateway/l0test/AppGateway_JsonRpcResolveTests.cpp:140:22: note: in C++11 and above a default constructor can be explicit
/home/kavia/workspace/code-generation/app-gateway2/tests/l0/appgateway/l0test/AppGateway_JsonRpcResolveTests.cpp:62:66: note: in passing argument 1 of â€˜{anonymous}::PluginAndService::PluginAndService(const L0Test::ServiceMock::Config&)â€™
   62 |     explicit PluginAndService(const L0Test::ServiceMock::Config& cfg = {})
      |                               ~~~~~~~~~~~~~~~~~~~~~~~~~~~~~~~~~~~^~~~~~~~
/home/kavia/workspace/code-generation/app-gateway2/tests/l0/appgateway/l0test/AppGateway_JsonRpcResolveTests.cpp: In function â€˜uint32_t Test_Resolve_MissingFields_BadRequest()â€™:
/home/kavia/workspace/code-generation/app-gateway2/tests/l0/appgateway/l0test/AppGateway_JsonRpcResolveTests.cpp:167:22: warning: converting to â€˜const L0Test::ServiceMock::Configâ€™ from initializer list would use explicit constructor â€˜L0Test::ServiceMock::Config::Config(bool, bool, bool)â€™
  167 |     PluginAndService ps;
      |                      ^~
/home/kavia/workspace/code-generation/app-gateway2/tests/l0/appgateway/l0test/AppGateway_JsonRpcResolveTests.cpp:167:22: note: in C++11 and above a default constructor can be explicit
/home/kavia/workspace/code-generation/app-gateway2/tests/l0/appgateway/l0test/AppGateway_JsonRpcResolveTests.cpp:62:66: note: in passing argument 1 of â€˜{anonymous}::PluginAndService::PluginAndService(const L0Test::ServiceMock::Config&)â€™
   62 |     explicit PluginAndService(const L0Test::ServiceMock::Config& cfg = {})
      |                               ~~~~~~~~~~~~~~~~~~~~~~~~~~~~~~~~~~~^~~~~~~~
/home/kavia/workspace/code-generation/app-gateway2/tests/l0/appgateway/l0test/AppGateway_JsonRpcResolveTests.cpp: In function â€˜uint32_t Test_Resolve_ParamsEmpty_DefaultsToEmptyObject()â€™:
/home/kavia/workspace/code-generation/app-gateway2/tests/l0/appgateway/l0test/AppGateway_JsonRpcResolveTests.cpp:225:22: warning: converting to â€˜const L0Test::ServiceMock::Configâ€™ from initializer list would use explicit constructor â€˜L0Test::ServiceMock::Config::Config(bool, bool, bool)â€™
  225 |     PluginAndService ps;
      |                      ^~
/home/kavia/workspace/code-generation/app-gateway2/tests/l0/appgateway/l0test/AppGateway_JsonRpcResolveTests.cpp:225:22: note: in C++11 and above a default constructor can be explicit
/home/kavia/workspace/code-generation/app-gateway2/tests/l0/appgateway/l0test/AppGateway_JsonRpcResolveTests.cpp:62:66: note: in passing argument 1 of â€˜{anonymous}::PluginAndService::PluginAndService(const L0Test::ServiceMock::Config&)â€™
   62 |     explicit PluginAndService(const L0Test::ServiceMock::Config& cfg = {})
      |                               ~~~~~~~~~~~~~~~~~~~~~~~~~~~~~~~~~~~^~~~~~~~
/home/kavia/workspace/code-generation/app-gateway2/tests/l0/appgateway/l0test/AppGateway_JsonRpcResolveTests.cpp: In function â€˜uint32_t Test_Resolve_ImplementationError_Propagates()â€™:
/home/kavia/workspace/code-generation/app-gateway2/tests/l0/appgateway/l0test/AppGateway_JsonRpcResolveTests.cpp:253:22: warning: converting to â€˜const L0Test::ServiceMock::Configâ€™ from initializer list would use explicit constructor â€˜L0Test::ServiceMock::Config::Config(bool, bool, bool)â€™
  253 |     PluginAndService ps;
      |                      ^~
/home/kavia/workspace/code-generation/app-gateway2/tests/l0/appgateway/l0test/AppGateway_JsonRpcResolveTests.cpp:253:22: note: in C++11 and above a default constructor can be explicit
/home/kavia/workspace/code-generation/app-gateway2/tests/l0/appgateway/l0test/AppGateway_JsonRpcResolveTests.cpp:62:66: note: in passing argument 1 of â€˜{anonymous}::PluginAndService::PluginAndService(const L0Test::ServiceMock::Config&)â€™
   62 |     explicit PluginAndService(const L0Test::ServiceMock::Config& cfg = {})
      |                               ~~~~~~~~~~~~~~~~~~~~~~~~~~~~~~~~~~~^~~~~~~~
[5/7] Building CXX object CMakeFiles/appgateway_l0test.dir/Resolver_Configure_And_ResolveTests.cpp.o
In file included from /home/kavia/workspace/code-generation/app-gateway2/dependencies/install/include/WPEFramework/plugins/JSONRPC.h:26,
                 from /home/kavia/workspace/code-generation/app-gateway2/dependencies/install/include/WPEFramework/plugins/plugins.h:42,
                 from /home/kavia/workspace/code-generation/app-gateway2/tests/l0/appgateway/l0test/../../../../plugin/AppGateway/Module.h:25,
                 from /home/kavia/workspace/code-generation/app-gateway2/tests/l0/appgateway/l0test/../../../../plugin/AppGateway/AppGatewayImplementation.h:22,
                 from /home/kavia/workspace/code-generation/app-gateway2/tests/l0/appgateway/l0test/Resolver_Configure_And_ResolveTests.cpp:13:
/home/kavia/workspace/code-generation/app-gateway2/dependencies/install/include/WPEFramework/plugins/IDispatcher.h:50:35: warning: â€˜virtual WPEFramework::Core::hresult WPEFramework::PluginHost::IDispatcher::Invoke(ICallback*, uint32_t, uint32_t, const string&, const string&, const string&, string&)â€™ was hidden [-Woverloaded-virtual=]
   50 |             virtual Core::hresult Invoke(ICallback* callback, const uint32_t channelId, const uint32_t id, const string& token, const string& method, const string& parameters /* @restrict:(4M-1) */, string& response /* @restrict:(4M-1) @out */) = 0;
      |                                   ^~~~~~
/home/kavia/workspace/code-generation/app-gateway2/dependencies/install/include/WPEFramework/plugins/JSONRPC.h:53:26: note:   by â€˜virtual uint32_t WPEFramework::PluginHost::ILocalDispatcher::Invoke(uint32_t, uint32_t, const string&, const string&, const string&, string&)â€™
   53 |         virtual uint32_t Invoke(const uint32_t channelId, const uint32_t id, const string& token, const string& method, const string& parameters, string& response) = 0;
      |                          ^~~~~~
/home/kavia/workspace/code-generation/app-gateway2/tests/l0/appgateway/l0test/Resolver_Configure_And_ResolveTests.cpp:42:13: warning: â€˜void {anonymous}::ExpectNotEmpty(TestResult&, const std::string&, const std::string&)â€™ defined but not used [-Wunused-function]
   42 | static void ExpectNotEmpty(TestResult& tr, const std::string& s, const std::string& what) {
      |             ^~~~~~~~~~~~~~
[6/7] Building CXX object CMakeFiles/appgateway_l0test.dir/AppGatewayTest.cpp.o
In file included from /home/kavia/workspace/code-generation/app-gateway2/tests/l0/appgateway/l0test/AppGatewayTest.cpp:5:
/home/kavia/workspace/code-generation/app-gateway2/dependencies/install/include/WPEFramework/plugins/IDispatcher.h:50:35: warning: â€˜virtual WPEFramework::Core::hresult WPEFramework::PluginHost::IDispatcher::Invoke(ICallback*, uint32_t, uint32_t, const string&, const string&, const string&, string&)â€™ was hidden [-Woverloaded-virtual=]
   50 |             virtual Core::hresult Invoke(ICallback* callback, const uint32_t channelId, const uint32_t id, const string& token, const string& method, const string& parameters /* @restrict:(4M-1) */, string& response /* @restrict:(4M-1) @out */) = 0;
      |                                   ^~~~~~
In file included from /home/kavia/workspace/code-generation/app-gateway2/dependencies/install/include/WPEFramework/plugins/plugins.h:42,
                 from /home/kavia/workspace/code-generation/app-gateway2/tests/l0/appgateway/l0test/../../../../plugin/AppGateway/Module.h:25,
                 from /home/kavia/workspace/code-generation/app-gateway2/tests/l0/appgateway/l0test/../../../../plugin/AppGateway/AppGateway.h:21,
                 from /home/kavia/workspace/code-generation/app-gateway2/tests/l0/appgateway/l0test/AppGatewayTest.cpp:7:
/home/kavia/workspace/code-generation/app-gateway2/dependencies/install/include/WPEFramework/plugins/JSONRPC.h:53:26: note:   by â€˜virtual uint32_t WPEFramework::PluginHost::ILocalDispatcher::Invoke(uint32_t, uint32_t, const string&, const string&, const string&, string&)â€™
   53 |         virtual uint32_t Invoke(const uint32_t channelId, const uint32_t id, const string& token, const string& method, const string& parameters, string& response) = 0;
      |                          ^~~~~~
/home/kavia/workspace/code-generation/app-gateway2/tests/l0/appgateway/l0test/AppGatewayTest.cpp:240:73: warning: converting to â€˜const L0Test::ServiceMock::Configâ€™ from initializer list would use explicit constructor â€˜L0Test::ServiceMock::Config::Config(bool, bool, bool)â€™
  240 |     explicit PluginAndService(const L0Test::ServiceMock::Config& cfg = {})
      |                                                                         ^
/home/kavia/workspace/code-generation/app-gateway2/tests/l0/appgateway/l0test/AppGatewayTest.cpp:240:73: note: in C++11 and above a default constructor can be explicit
/home/kavia/workspace/code-generation/app-gateway2/tests/l0/appgateway/l0test/AppGatewayTest.cpp: In function â€˜uint32_t Test_Initialize_Deinitialize_HappyPath()â€™:
/home/kavia/workspace/code-generation/app-gateway2/tests/l0/appgateway/l0test/AppGatewayTest.cpp:276:22: warning: converting to â€˜const L0Test::ServiceMock::Configâ€™ from initializer list would use explicit constructor â€˜L0Test::ServiceMock::Config::Config(bool, bool, bool)â€™
  276 |     PluginAndService ps;
      |                      ^~
/home/kavia/workspace/code-generation/app-gateway2/tests/l0/appgateway/l0test/AppGatewayTest.cpp:276:22: note: in C++11 and above a default constructor can be explicit
/home/kavia/workspace/code-generation/app-gateway2/tests/l0/appgateway/l0test/AppGatewayTest.cpp:240:66: note: in passing argument 1 of â€˜{anonymous}::PluginAndService::PluginAndService(const L0Test::ServiceMock::Config&)â€™
  240 |     explicit PluginAndService(const L0Test::ServiceMock::Config& cfg = {})
      |                               ~~~~~~~~~~~~~~~~~~~~~~~~~~~~~~~~~~~^~~~~~~~
/home/kavia/workspace/code-generation/app-gateway2/tests/l0/appgateway/l0test/AppGatewayTest.cpp: In function â€˜uint32_t Test_JsonRpcResolve_Success()â€™:
/home/kavia/workspace/code-generation/app-gateway2/tests/l0/appgateway/l0test/AppGatewayTest.cpp:294:22: warning: converting to â€˜const L0Test::ServiceMock::Configâ€™ from initializer list would use explicit constructor â€˜L0Test::ServiceMock::Config::Config(bool, bool, bool)â€™
  294 |     PluginAndService ps;
      |                      ^~
/home/kavia/workspace/code-generation/app-gateway2/tests/l0/appgateway/l0test/AppGatewayTest.cpp:294:22: note: in C++11 and above a default constructor can be explicit
/home/kavia/workspace/code-generation/app-gateway2/tests/l0/appgateway/l0test/AppGatewayTest.cpp:240:66: note: in passing argument 1 of â€˜{anonymous}::PluginAndService::PluginAndService(const L0Test::ServiceMock::Config&)â€™
  240 |     explicit PluginAndService(const L0Test::ServiceMock::Config& cfg = {})
      |                               ~~~~~~~~~~~~~~~~~~~~~~~~~~~~~~~~~~~^~~~~~~~
/home/kavia/workspace/code-generation/app-gateway2/tests/l0/appgateway/l0test/AppGatewayTest.cpp: In function â€˜uint32_t Test_DirectResolver_Success()â€™:
/home/kavia/workspace/code-generation/app-gateway2/tests/l0/appgateway/l0test/AppGatewayTest.cpp:320:22: warning: converting to â€˜const L0Test::ServiceMock::Configâ€™ from initializer list would use explicit constructor â€˜L0Test::ServiceMock::Config::Config(bool, bool, bool)â€™
  320 |     PluginAndService ps;
      |                      ^~
/home/kavia/workspace/code-generation/app-gateway2/tests/l0/appgateway/l0test/AppGatewayTest.cpp:320:22: note: in C++11 and above a default constructor can be explicit
/home/kavia/workspace/code-generation/app-gateway2/tests/l0/appgateway/l0test/AppGatewayTest.cpp:240:66: note: in passing argument 1 of â€˜{anonymous}::PluginAndService::PluginAndService(const L0Test::ServiceMock::Config&)â€™
  240 |     explicit PluginAndService(const L0Test::ServiceMock::Config& cfg = {})
      |                               ~~~~~~~~~~~~~~~~~~~~~~~~~~~~~~~~~~~^~~~~~~~
/home/kavia/workspace/code-generation/app-gateway2/tests/l0/appgateway/l0test/AppGatewayTest.cpp: In function â€˜uint32_t Test_JsonRpcResolve_Error_NotPermitted()â€™:
/home/kavia/workspace/code-generation/app-gateway2/tests/l0/appgateway/l0test/AppGatewayTest.cpp:351:22: warning: converting to â€˜const L0Test::ServiceMock::Configâ€™ from initializer list would use explicit constructor â€˜L0Test::ServiceMock::Config::Config(bool, bool, bool)â€™
  351 |     PluginAndService ps;
      |                      ^~
/home/kavia/workspace/code-generation/app-gateway2/tests/l0/appgateway/l0test/AppGatewayTest.cpp:351:22: note: in C++11 and above a default constructor can be explicit
/home/kavia/workspace/code-generation/app-gateway2/tests/l0/appgateway/l0test/AppGatewayTest.cpp:240:66: note: in passing argument 1 of â€˜{anonymous}::PluginAndService::PluginAndService(const L0Test::ServiceMock::Config&)â€™
  240 |     explicit PluginAndService(const L0Test::ServiceMock::Config& cfg = {})
      |                               ~~~~~~~~~~~~~~~~~~~~~~~~~~~~~~~~~~~^~~~~~~~
/home/kavia/workspace/code-generation/app-gateway2/tests/l0/appgateway/l0test/AppGatewayTest.cpp: In function â€˜uint32_t Test_JsonRpcResolve_Error_NotSupported()â€™:
/home/kavia/workspace/code-generation/app-gateway2/tests/l0/appgateway/l0test/AppGatewayTest.cpp:374:22: warning: converting to â€˜const L0Test::ServiceMock::Configâ€™ from initializer list would use explicit constructor â€˜L0Test::ServiceMock::Config::Config(bool, bool, bool)â€™
  374 |     PluginAndService ps;
      |                      ^~
/home/kavia/workspace/code-generation/app-gateway2/tests/l0/appgateway/l0test/AppGatewayTest.cpp:374:22: note: in C++11 and above a default constructor can be explicit
/home/kavia/workspace/code-generation/app-gateway2/tests/l0/appgateway/l0test/AppGatewayTest.cpp:240:66: note: in passing argument 1 of â€˜{anonymous}::PluginAndService::PluginAndService(const L0Test::ServiceMock::Config&)â€™
  240 |     explicit PluginAndService(const L0Test::ServiceMock::Config& cfg = {})
      |                               ~~~~~~~~~~~~~~~~~~~~~~~~~~~~~~~~~~~^~~~~~~~
/home/kavia/workspace/code-generation/app-gateway2/tests/l0/appgateway/l0test/AppGatewayTest.cpp: In function â€˜uint32_t Test_JsonRpcResolve_Error_NotAvailable()â€™:
/home/kavia/workspace/code-generation/app-gateway2/tests/l0/appgateway/l0test/AppGatewayTest.cpp:397:22: warning: converting to â€˜const L0Test::ServiceMock::Configâ€™ from initializer list would use explicit constructor â€˜L0Test::ServiceMock::Config::Config(bool, bool, bool)â€™
  397 |     PluginAndService ps;
      |                      ^~
/home/kavia/workspace/code-generation/app-gateway2/tests/l0/appgateway/l0test/AppGatewayTest.cpp:397:22: note: in C++11 and above a default constructor can be explicit
/home/kavia/workspace/code-generation/app-gateway2/tests/l0/appgateway/l0test/AppGatewayTest.cpp:240:66: note: in passing argument 1 of â€˜{anonymous}::PluginAndService::PluginAndService(const L0Test::ServiceMock::Config&)â€™
  240 |     explicit PluginAndService(const L0Test::ServiceMock::Config& cfg = {})
      |                               ~~~~~~~~~~~~~~~~~~~~~~~~~~~~~~~~~~~^~~~~~~~
/home/kavia/workspace/code-generation/app-gateway2/tests/l0/appgateway/l0test/AppGatewayTest.cpp: In function â€˜uint32_t Test_JsonRpcResolve_Error_MalformedInput()â€™:
/home/kavia/workspace/code-generation/app-gateway2/tests/l0/appgateway/l0test/AppGatewayTest.cpp:420:22: warning: converting to â€˜const L0Test::ServiceMock::Configâ€™ from initializer list would use explicit constructor â€˜L0Test::ServiceMock::Config::Config(bool, bool, bool)â€™
  420 |     PluginAndService ps;
      |                      ^~
/home/kavia/workspace/code-generation/app-gateway2/tests/l0/appgateway/l0test/AppGatewayTest.cpp:420:22: note: in C++11 and above a default constructor can be explicit
/home/kavia/workspace/code-generation/app-gateway2/tests/l0/appgateway/l0test/AppGatewayTest.cpp:240:66: note: in passing argument 1 of â€˜{anonymous}::PluginAndService::PluginAndService(const L0Test::ServiceMock::Config&)â€™
  240 |     explicit PluginAndService(const L0Test::ServiceMock::Config& cfg = {})
      |                               ~~~~~~~~~~~~~~~~~~~~~~~~~~~~~~~~~~~^~~~~~~~
[7/7] Linking CXX executable appgateway_l0test

[run_coverage] ===== Locate test binary =====
[run_coverage] Test binary: /home/kavia/workspace/code-generation/app-gateway2/build/tests_l0_appgateway/appgateway_l0test

[run_coverage] ===== Run tests =====
[ RUN      ] Initialize_WithValidConfig_Succeeds
[65127] INFO [AppGateway.cpp:54] AppGateway: AppGateway Constructor
[65127] INFO [AppGateway.cpp:67] Initialize: AppGateway::Initialize: PID=65127
[65127] INFO [AppGatewayImplementation.cpp:160] AppGatewayImplementation: AppGatewayImplementation constructor
[65127] INFO [AppGatewayImplementation.cpp:165] ~AppGatewayImplementation: AppGatewayImplementation destructor
[1;32m[Services.cpp:90](Instantiate)<PID:65127><TID:65127><1>: Missing implementation classname AppGatewayImplementation in library 

[0m[65127] ERROR [AppGateway.cpp:85] Initialize: Failed to initialise AppGatewayResolver plugin!
[65127] INFO [AppGatewayResponderImplementation.cpp:48] AppGatewayResponderImplementation: AppGatewayResponderImplementation constructor
[65127] INFO [AppGatewayResponderImplementation.cpp:83] Configure: Configuring AppGatewayResponderImplementation
[65127] INFO [AppGatewayResponderImplementation.cpp:105] InitializeWebsocket: Connector: 127.0.0.1:3473
[65127] INFO [AppGatewayResponderImplementation.cpp:107] InitializeWebsocket: Parsed port: 3473
[1;32m[Singleton.h:95](SingletonType)<PID:65127><TID:65127><1>: Singleton constructing ResourceMonitor
[0m[65127] INFO [WsManager.h:479] Start: WebSocket channel started successfully on 127.0.0.1 3473
FAIL: Initialize() returns empty string on success expected='' actual='Could not retrieve the AppGateway interface.'
FAIL: resolve method is registered and callable expected=0 actual=53
[65127] INFO [AppGatewayResponderImplementation.cpp:60] ~AppGatewayResponderImplementation: AppGatewayResponderImplementation destructor
[  FAILED  ] Initialize_WithValidConfig_Succeeds failures=2
[ RUN      ] Initialize_Twice_Idempotent
[65127] INFO [AppGateway.cpp:54] AppGateway: AppGateway Constructor
[65127] INFO [AppGateway.cpp:67] Initialize: AppGateway::Initialize: PID=65127
[65127] INFO [AppGatewayImplementation.cpp:160] AppGatewayImplementation: AppGatewayImplementation constructor
[65127] INFO [AppGatewayImplementation.cpp:165] ~AppGatewayImplementation: AppGatewayImplementation destructor
[1;32m[Services.cpp:90](Instantiate)<PID:65127><TID:65127><1>: Missing implementation classname AppGatewayImplementation in library 

[0m[65127] ERROR [AppGateway.cpp:85] Initialize: Failed to initialise AppGatewayResolver plugin!
[65127] INFO [AppGatewayResponderImplementation.cpp:48] AppGatewayResponderImplementation: AppGatewayResponderImplementation constructor
[65127] INFO [AppGatewayResponderImplementation.cpp:83] Configure: Configuring AppGatewayResponderImplementation
[65127] INFO [AppGatewayResponderImplementation.cpp:105] InitializeWebsocket: Connector: 127.0.0.1:3473
[65127] INFO [AppGatewayResponderImplementation.cpp:107] InitializeWebsocket: Parsed port: 3473
[65127] INFO [WsManager.h:479] Start: WebSocket channel started successfully on 127.0.0.1 3473
NOTE: Initialize() returned non-empty error string; recording but continuing: Could not retrieve the AppGateway interface.
[65127] INFO [AppGatewayResponderImplementation.cpp:60] ~AppGatewayResponderImplementation: AppGatewayResponderImplementation destructor
[65127] INFO [AppGateway.cpp:54] AppGateway: AppGateway Constructor
[65127] INFO [AppGateway.cpp:67] Initialize: AppGateway::Initialize: PID=65127
[65127] INFO [AppGatewayImplementation.cpp:160] AppGatewayImplementation: AppGatewayImplementation constructor
[65127] INFO [AppGatewayImplementation.cpp:165] ~AppGatewayImplementation: AppGatewayImplementation destructor
[1;32m[Services.cpp:90](Instantiate)<PID:65127><TID:65127><1>: Missing implementation classname AppGatewayImplementation in library 

[0m[65127] ERROR [AppGateway.cpp:85] Initialize: Failed to initialise AppGatewayResolver plugin!
[65127] INFO [AppGatewayResponderImplementation.cpp:48] AppGatewayResponderImplementation: AppGatewayResponderImplementation constructor
[65127] INFO [AppGatewayResponderImplementation.cpp:83] Configure: Configuring AppGatewayResponderImplementation
[65127] INFO [AppGatewayResponderImplementation.cpp:105] InitializeWebsocket: Connector: 127.0.0.1:3473
[65127] INFO [AppGatewayResponderImplementation.cpp:107] InitializeWebsocket: Parsed port: 3473
[65127] INFO [WsManager.h:479] Start: WebSocket channel started successfully on 127.0.0.1 3473
NOTE: Second Initialize() (fresh instance) returned non-empty error string; recording but continuing: Could not retrieve the AppGateway interface.
[65127] INFO [AppGatewayResponderImplementation.cpp:60] ~AppGatewayResponderImplementation: AppGatewayResponderImplementation destructor
[       OK ] Initialize_Twice_Idempotent
[ RUN      ] Deinitialize_Twice_NoCrash
[65127] INFO [AppGateway.cpp:54] AppGateway: AppGateway Constructor
[65127] INFO [AppGateway.cpp:67] Initialize: AppGateway::Initialize: PID=65127
[65127] INFO [AppGatewayImplementation.cpp:160] AppGatewayImplementation: AppGatewayImplementation constructor
[65127] INFO [AppGatewayImplementation.cpp:165] ~AppGatewayImplementation: AppGatewayImplementation destructor
[1;32m[Services.cpp:90](Instantiate)<PID:65127><TID:65127><1>: Missing implementation classname AppGatewayImplementation in library 

[0m[65127] ERROR [AppGateway.cpp:85] Initialize: Failed to initialise AppGatewayResolver plugin!
[65127] INFO [AppGatewayResponderImplementation.cpp:48] AppGatewayResponderImplementation: AppGatewayResponderImplementation constructor
[65127] INFO [AppGatewayResponderImplementation.cpp:83] Configure: Configuring AppGatewayResponderImplementation
[65127] INFO [AppGatewayResponderImplementation.cpp:105] InitializeWebsocket: Connector: 127.0.0.1:3473
[65127] INFO [AppGatewayResponderImplementation.cpp:107] InitializeWebsocket: Parsed port: 3473
[65127] INFO [WsManager.h:479] Start: WebSocket channel started successfully on 127.0.0.1 3473
FAIL: Initialize() succeeds before first Deinitialize() expected='' actual='Could not retrieve the AppGateway interface.'
[65127] INFO [AppGatewayResponderImplementation.cpp:60] ~AppGatewayResponderImplementation: AppGatewayResponderImplementation destructor
[65127] INFO [AppGateway.cpp:67] Initialize: AppGateway::Initialize: PID=65127
[65127] INFO [AppGatewayImplementation.cpp:160] AppGatewayImplementation: AppGatewayImplementation constructor
[65127] INFO [AppGatewayImplementation.cpp:165] ~AppGatewayImplementation: AppGatewayImplementation destructor
[1;32m[Services.cpp:90](Instantiate)<PID:65127><TID:65127><1>: Missing implementation classname AppGatewayImplementation in library 

[0m[65127] ERROR [AppGateway.cpp:85] Initialize: Failed to initialise AppGatewayResolver plugin!
[65127] INFO [AppGatewayResponderImplementation.cpp:48] AppGatewayResponderImplementation: AppGatewayResponderImplementation constructor
[65127] INFO [AppGatewayResponderImplementation.cpp:83] Configure: Configuring AppGatewayResponderImplementation
[65127] INFO [AppGatewayResponderImplementation.cpp:105] InitializeWebsocket: Connector: 127.0.0.1:3473
[65127] INFO [AppGatewayResponderImplementation.cpp:107] InitializeWebsocket: Parsed port: 3473
[65127] INFO [WsManager.h:479] Start: WebSocket channel started successfully on 127.0.0.1 3473
FAIL: Re-Initialize() succeeds before second Deinitialize() expected='' actual='Could not retrieve the AppGateway interface.'
[65127] INFO [AppGatewayResponderImplementation.cpp:60] ~AppGatewayResponderImplementation: AppGatewayResponderImplementation destructor
[  FAILED  ] Deinitialize_Twice_NoCrash failures=2
[ RUN      ] JsonRpc_Registration_And_Unregistration
[65127] INFO [AppGateway.cpp:54] AppGateway: AppGateway Constructor
[65127] INFO [AppGateway.cpp:67] Initialize: AppGateway::Initialize: PID=65127
[65127] INFO [AppGatewayImplementation.cpp:160] AppGatewayImplementation: AppGatewayImplementation constructor
[65127] INFO [AppGatewayImplementation.cpp:165] ~AppGatewayImplementation: AppGatewayImplementation destructor
[1;32m[Services.cpp:90](Instantiate)<PID:65127><TID:65127><1>: Missing implementation classname AppGatewayImplementation in library 

[0m[65127] ERROR [AppGateway.cpp:85] Initialize: Failed to initialise AppGatewayResolver plugin!
[65127] INFO [AppGatewayResponderImplementation.cpp:48] AppGatewayResponderImplementation: AppGatewayResponderImplementation constructor
[65127] INFO [AppGatewayResponderImplementation.cpp:83] Configure: Configuring AppGatewayResponderImplementation
[65127] INFO [AppGatewayResponderImplementation.cpp:105] InitializeWebsocket: Connector: 127.0.0.1:3473
[65127] INFO [AppGatewayResponderImplementation.cpp:107] InitializeWebsocket: Parsed port: 3473
[65127] INFO [WsManager.h:479] Start: WebSocket channel started successfully on 127.0.0.1 3473
FAIL: Initialize() returns empty string on success expected='' actual='Could not retrieve the AppGateway interface.'
FAIL: resolve handler registered after Initialize() expected=0 actual=53
[65127] INFO [AppGatewayResponderImplementation.cpp:60] ~AppGatewayResponderImplementation: AppGatewayResponderImplementation destructor
[  FAILED  ] JsonRpc_Registration_And_Unregistration failures=2
[ RUN      ] Resolve_HappyPath_JSONRPC
INFO: APPGATEWAY_RESOLUTIONS_PATH=/home/kavia/workspace/code-generation/app-gateway2/plugin/AppGateway/resolutions/resolution.base.json (ResolverFake does not load it; provided for real implementation runs)
[65127] INFO [AppGateway.cpp:54] AppGateway: AppGateway Constructor
[65127] INFO [AppGateway.cpp:67] Initialize: AppGateway::Initialize: PID=65127
[65127] INFO [AppGatewayImplementation.cpp:160] AppGatewayImplementation: AppGatewayImplementation constructor
[65127] INFO [AppGatewayImplementation.cpp:165] ~AppGatewayImplementation: AppGatewayImplementation destructor
[1;32m[Services.cpp:90](Instantiate)<PID:65127><TID:65127><1>: Missing implementation classname AppGatewayImplementation in library 

[0m[65127] ERROR [AppGateway.cpp:85] Initialize: Failed to initialise AppGatewayResolver plugin!
[65127] INFO [AppGatewayResponderImplementation.cpp:48] AppGatewayResponderImplementation: AppGatewayResponderImplementation constructor
[65127] INFO [AppGatewayResponderImplementation.cpp:83] Configure: Configuring AppGatewayResponderImplementation
[65127] INFO [AppGatewayResponderImplementation.cpp:105] InitializeWebsocket: Connector: 127.0.0.1:3473
[65127] INFO [AppGatewayResponderImplementation.cpp:107] InitializeWebsocket: Parsed port: 3473
[65127] INFO [WsManager.h:479] Start: WebSocket channel started successfully on 127.0.0.1 3473
FAIL: Initialize() returns empty string on success
FAIL: Resolve_HappyPath_JSONRPC returns ERROR_NONE expected=0 actual=53
FAIL: Resolve_HappyPath_JSONRPC JSON response should be non-empty
[65127] INFO [AppGatewayResponderImplementation.cpp:60] ~AppGatewayResponderImplementation: AppGatewayResponderImplementation destructor
[  FAILED  ] Resolve_HappyPath_JSONRPC failures=3
[ RUN      ] Resolve_MissingFields_BadRequest
[65127] INFO [AppGateway.cpp:54] AppGateway: AppGateway Constructor
[65127] INFO [AppGateway.cpp:67] Initialize: AppGateway::Initialize: PID=65127
[65127] INFO [AppGatewayImplementation.cpp:160] AppGatewayImplementation: AppGatewayImplementation constructor
[65127] INFO [AppGatewayImplementation.cpp:165] ~AppGatewayImplementation: AppGatewayImplementation destructor
[1;32m[Services.cpp:90](Instantiate)<PID:65127><TID:65127><1>: Missing implementation classname AppGatewayImplementation in library 

[0m[65127] ERROR [AppGateway.cpp:85] Initialize: Failed to initialise AppGatewayResolver plugin!
[65127] INFO [AppGatewayResponderImplementation.cpp:48] AppGatewayResponderImplementation: AppGatewayResponderImplementation constructor
[65127] INFO [AppGatewayResponderImplementation.cpp:83] Configure: Configuring AppGatewayResponderImplementation
[65127] INFO [AppGatewayResponderImplementation.cpp:105] InitializeWebsocket: Connector: 127.0.0.1:3473
[65127] INFO [AppGatewayResponderImplementation.cpp:107] InitializeWebsocket: Parsed port: 3473
[65127] INFO [WsManager.h:479] Start: WebSocket channel started successfully on 127.0.0.1 3473
FAIL: Initialize() returns empty string on success
FAIL: Missing requestId => ERROR_BAD_REQUEST expected=30 actual=53
FAIL: Missing connectionId => ERROR_BAD_REQUEST expected=30 actual=53
FAIL: Missing appId => ERROR_BAD_REQUEST expected=30 actual=53
FAIL: Missing origin => ERROR_BAD_REQUEST expected=30 actual=53
FAIL: Missing method => ERROR_BAD_REQUEST expected=30 actual=53
[65127] INFO [AppGatewayResponderImplementation.cpp:60] ~AppGatewayResponderImplementation: AppGatewayResponderImplementation destructor
[  FAILED  ] Resolve_MissingFields_BadRequest failures=6
[ RUN      ] Resolve_ParamsEmpty_DefaultsToEmptyObject
[65127] INFO [AppGateway.cpp:54] AppGateway: AppGateway Constructor
[65127] INFO [AppGateway.cpp:67] Initialize: AppGateway::Initialize: PID=65127
[65127] INFO [AppGatewayImplementation.cpp:160] AppGatewayImplementation: AppGatewayImplementation constructor
[65127] INFO [AppGatewayImplementation.cpp:165] ~AppGatewayImplementation: AppGatewayImplementation destructor
[1;32m[Services.cpp:90](Instantiate)<PID:65127><TID:65127><1>: Missing implementation classname AppGatewayImplementation in library 

[0m[65127] ERROR [AppGateway.cpp:85] Initialize: Failed to initialise AppGatewayResolver plugin!
[65127] INFO [AppGatewayResponderImplementation.cpp:48] AppGatewayResponderImplementation: AppGatewayResponderImplementation constructor
[65127] INFO [AppGatewayResponderImplementation.cpp:83] Configure: Configuring AppGatewayResponderImplementation
[65127] INFO [AppGatewayResponderImplementation.cpp:105] InitializeWebsocket: Connector: 127.0.0.1:3473
[65127] INFO [AppGatewayResponderImplementation.cpp:107] InitializeWebsocket: Parsed port: 3473
[65127] INFO [WsManager.h:479] Start: WebSocket channel started successfully on 127.0.0.1 3473
FAIL: Initialize() returns empty string on success
FAIL: Params empty string defaults to {} and succeeds expected=0 actual=53
FAIL: Response non-empty when method exists should be non-empty
[65127] INFO [AppGatewayResponderImplementation.cpp:60] ~AppGatewayResponderImplementation: AppGatewayResponderImplementation destructor
[  FAILED  ] Resolve_ParamsEmpty_DefaultsToEmptyObject failures=3
[ RUN      ] Resolve_ImplementationError_Propagates
[65127] INFO [AppGateway.cpp:54] AppGateway: AppGateway Constructor
[65127] INFO [AppGateway.cpp:67] Initialize: AppGateway::Initialize: PID=65127
[65127] INFO [AppGatewayImplementation.cpp:160] AppGatewayImplementation: AppGatewayImplementation constructor
[65127] INFO [AppGatewayImplementation.cpp:165] ~AppGatewayImplementation: AppGatewayImplementation destructor
[1;32m[Services.cpp:90](Instantiate)<PID:65127><TID:65127><1>: Missing implementation classname AppGatewayImplementation in library 

[0m[65127] ERROR [AppGateway.cpp:85] Initialize: Failed to initialise AppGatewayResolver plugin!
[65127] INFO [AppGatewayResponderImplementation.cpp:48] AppGatewayResponderImplementation: AppGatewayResponderImplementation constructor
[65127] INFO [AppGatewayResponderImplementation.cpp:83] Configure: Configuring AppGatewayResponderImplementation
[65127] INFO [AppGatewayResponderImplementation.cpp:105] InitializeWebsocket: Connector: 127.0.0.1:3473
[65127] INFO [AppGatewayResponderImplementation.cpp:107] InitializeWebsocket: Parsed port: 3473
[65127] INFO [WsManager.h:479] Start: WebSocket channel started successfully on 127.0.0.1 3473
FAIL: Initialize() returns empty string on success
FAIL: Implementation error NOT_AVAILABLE propagates as ERROR_UNAVAILABLE expected=2 actual=53
FAIL: Implementation error NOT_SUPPORTED propagates as ERROR_NOT_SUPPORTED expected=44 actual=53
[65127] INFO [AppGatewayResponderImplementation.cpp:60] ~AppGatewayResponderImplementation: AppGatewayResponderImplementation destructor
[  FAILED  ] Resolve_ImplementationError_Propagates failures=3
[ RUN      ] Initialize_Deinitialize_HappyPath
[65127] INFO [AppGateway.cpp:54] AppGateway: AppGateway Constructor
[65127] INFO [AppGateway.cpp:67] Initialize: AppGateway::Initialize: PID=65127
[65127] INFO [AppGatewayImplementation.cpp:160] AppGatewayImplementation: AppGatewayImplementation constructor
[65127] INFO [AppGatewayImplementation.cpp:165] ~AppGatewayImplementation: AppGatewayImplementation destructor
[1;32m[Services.cpp:90](Instantiate)<PID:65127><TID:65127><1>: Missing implementation classname AppGatewayImplementation in library 

[0m[65127] ERROR [AppGateway.cpp:85] Initialize: Failed to initialise AppGatewayResolver plugin!
[65127] INFO [AppGatewayResponderImplementation.cpp:48] AppGatewayResponderImplementation: AppGatewayResponderImplementation constructor
[65127] INFO [AppGatewayResponderImplementation.cpp:83] Configure: Configuring AppGatewayResponderImplementation
[65127] INFO [AppGatewayResponderImplementation.cpp:105] InitializeWebsocket: Connector: 127.0.0.1:3473
[65127] INFO [AppGatewayResponderImplementation.cpp:107] InitializeWebsocket: Parsed port: 3473
[65127] INFO [WsManager.h:479] Start: WebSocket channel started successfully on 127.0.0.1 3473
FAIL: Initialize() happy path returns empty string expected='' actual='Could not retrieve the AppGateway interface.'
[65127] INFO [AppGatewayResponderImplementation.cpp:60] ~AppGatewayResponderImplementation: AppGatewayResponderImplementation destructor
[  FAILED  ] Initialize_Deinitialize_HappyPath failures=1
[ RUN      ] JsonRpcResolve_Success
[65127] INFO [AppGateway.cpp:54] AppGateway: AppGateway Constructor
[65127] INFO [AppGateway.cpp:67] Initialize: AppGateway::Initialize: PID=65127
[65127] INFO [AppGatewayImplementation.cpp:160] AppGatewayImplementation: AppGatewayImplementation constructor
[65127] INFO [AppGatewayImplementation.cpp:165] ~AppGatewayImplementation: AppGatewayImplementation destructor
[1;32m[Services.cpp:90](Instantiate)<PID:65127><TID:65127><1>: Missing implementation classname AppGatewayImplementation in library 

[0m[65127] ERROR [AppGateway.cpp:85] Initialize: Failed to initialise AppGatewayResolver plugin!
[65127] INFO [AppGatewayResponderImplementation.cpp:48] AppGatewayResponderImplementation: AppGatewayResponderImplementation constructor
[65127] INFO [AppGatewayResponderImplementation.cpp:83] Configure: Configuring AppGatewayResponderImplementation
[65127] INFO [AppGatewayResponderImplementation.cpp:105] InitializeWebsocket: Connector: 127.0.0.1:3473
[65127] INFO [AppGatewayResponderImplementation.cpp:107] InitializeWebsocket: Parsed port: 3473
[65127] INFO [WsManager.h:479] Start: WebSocket channel started successfully on 127.0.0.1 3473
FAIL: Initialize() succeeds for JSON-RPC resolve test expected='' actual='Could not retrieve the AppGateway interface.'
FAIL: JSON-RPC resolve returns ERROR_NONE expected=0 actual=53
FAIL: JSON-RPC resolve response payload matches resolver result expected='null' actual=''
[65127] INFO [AppGatewayResponderImplementation.cpp:60] ~AppGatewayResponderImplementation: AppGatewayResponderImplementation destructor
[  FAILED  ] JsonRpcResolve_Success failures=3
[ RUN      ] DirectResolver_Success
[65127] INFO [AppGateway.cpp:54] AppGateway: AppGateway Constructor
[65127] INFO [AppGateway.cpp:67] Initialize: AppGateway::Initialize: PID=65127
[65127] INFO [AppGatewayImplementation.cpp:160] AppGatewayImplementation: AppGatewayImplementation constructor
[65127] INFO [AppGatewayImplementation.cpp:165] ~AppGatewayImplementation: AppGatewayImplementation destructor
[1;32m[Services.cpp:90](Instantiate)<PID:65127><TID:65127><1>: Missing implementation classname AppGatewayImplementation in library 

[0m[65127] ERROR [AppGateway.cpp:85] Initialize: Failed to initialise AppGatewayResolver plugin!
[65127] INFO [AppGatewayResponderImplementation.cpp:48] AppGatewayResponderImplementation: AppGatewayResponderImplementation constructor
[65127] INFO [AppGatewayResponderImplementation.cpp:83] Configure: Configuring AppGatewayResponderImplementation
[65127] INFO [AppGatewayResponderImplementation.cpp:105] InitializeWebsocket: Connector: 127.0.0.1:3473
[65127] INFO [AppGatewayResponderImplementation.cpp:107] InitializeWebsocket: Parsed port: 3473
[65127] INFO [WsManager.h:479] Start: WebSocket channel started successfully on 127.0.0.1 3473
FAIL: Initialize() succeeds for direct resolver test expected='' actual='Could not retrieve the AppGateway interface.'
FAIL: Aggregate IAppGatewayResolver is available via QueryInterface(ID)
[65127] INFO [AppGatewayResponderImplementation.cpp:60] ~AppGatewayResponderImplementation: AppGatewayResponderImplementation destructor
[  FAILED  ] DirectResolver_Success failures=2
[ RUN      ] JsonRpcResolve_Error_NotPermitted
[65127] INFO [AppGateway.cpp:54] AppGateway: AppGateway Constructor
[65127] INFO [AppGateway.cpp:67] Initialize: AppGateway::Initialize: PID=65127
[65127] INFO [AppGatewayImplementation.cpp:160] AppGatewayImplementation: AppGatewayImplementation constructor
[65127] INFO [AppGatewayImplementation.cpp:165] ~AppGatewayImplementation: AppGatewayImplementation destructor
[1;32m[Services.cpp:90](Instantiate)<PID:65127><TID:65127><1>: Missing implementation classname AppGatewayImplementation in library 

[0m[65127] ERROR [AppGateway.cpp:85] Initialize: Failed to initialise AppGatewayResolver plugin!
[65127] INFO [AppGatewayResponderImplementation.cpp:48] AppGatewayResponderImplementation: AppGatewayResponderImplementation constructor
[65127] INFO [AppGatewayResponderImplementation.cpp:83] Configure: Configuring AppGatewayResponderImplementation
[65127] INFO [AppGatewayResponderImplementation.cpp:105] InitializeWebsocket: Connector: 127.0.0.1:3473
[65127] INFO [AppGatewayResponderImplementation.cpp:107] InitializeWebsocket: Parsed port: 3473
[65127] INFO [WsManager.h:479] Start: WebSocket channel started successfully on 127.0.0.1 3473
FAIL: Initialize() succeeds for NotPermitted test expected='' actual='Could not retrieve the AppGateway interface.'
FAIL: NotPermitted maps to ERROR_PRIVILIGED_REQUEST expected=24 actual=53
[65127] INFO [AppGatewayResponderImplementation.cpp:60] ~AppGatewayResponderImplementation: AppGatewayResponderImplementation destructor
[  FAILED  ] JsonRpcResolve_Error_NotPermitted failures=2
[ RUN      ] JsonRpcResolve_Error_NotSupported
[65127] INFO [AppGateway.cpp:54] AppGateway: AppGateway Constructor
[65127] INFO [AppGateway.cpp:67] Initialize: AppGateway::Initialize: PID=65127
[65127] INFO [AppGatewayImplementation.cpp:160] AppGatewayImplementation: AppGatewayImplementation constructor
[65127] INFO [AppGatewayImplementation.cpp:165] ~AppGatewayImplementation: AppGatewayImplementation destructor
[1;32m[Services.cpp:90](Instantiate)<PID:65127><TID:65127><1>: Missing implementation classname AppGatewayImplementation in library 

[0m[65127] ERROR [AppGateway.cpp:85] Initialize: Failed to initialise AppGatewayResolver plugin!
[65127] INFO [AppGatewayResponderImplementation.cpp:48] AppGatewayResponderImplementation: AppGatewayResponderImplementation constructor
[65127] INFO [AppGatewayResponderImplementation.cpp:83] Configure: Configuring AppGatewayResponderImplementation
[65127] INFO [AppGatewayResponderImplementation.cpp:105] InitializeWebsocket: Connector: 127.0.0.1:3473
[65127] INFO [AppGatewayResponderImplementation.cpp:107] InitializeWebsocket: Parsed port: 3473
[65127] INFO [WsManager.h:479] Start: WebSocket channel started successfully on 127.0.0.1 3473
FAIL: Initialize() succeeds for NotSupported test expected='' actual='Could not retrieve the AppGateway interface.'
FAIL: NotSupported maps to ERROR_NOT_SUPPORTED expected=44 actual=53
[65127] INFO [AppGatewayResponderImplementation.cpp:60] ~AppGatewayResponderImplementation: AppGatewayResponderImplementation destructor
[  FAILED  ] JsonRpcResolve_Error_NotSupported failures=2
[ RUN      ] JsonRpcResolve_Error_NotAvailable
[65127] INFO [AppGateway.cpp:54] AppGateway: AppGateway Constructor
[65127] INFO [AppGateway.cpp:67] Initialize: AppGateway::Initialize: PID=65127
[65127] INFO [AppGatewayImplementation.cpp:160] AppGatewayImplementation: AppGatewayImplementation constructor
[65127] INFO [AppGatewayImplementation.cpp:165] ~AppGatewayImplementation: AppGatewayImplementation destructor
[1;32m[Services.cpp:90](Instantiate)<PID:65127><TID:65127><1>: Missing implementation classname AppGatewayImplementation in library 

[0m[65127] ERROR [AppGateway.cpp:85] Initialize: Failed to initialise AppGatewayResolver plugin!
[65127] INFO [AppGatewayResponderImplementation.cpp:48] AppGatewayResponderImplementation: AppGatewayResponderImplementation constructor
[65127] INFO [AppGatewayResponderImplementation.cpp:83] Configure: Configuring AppGatewayResponderImplementation
[65127] INFO [AppGatewayResponderImplementation.cpp:105] InitializeWebsocket: Connector: 127.0.0.1:3473
[65127] INFO [AppGatewayResponderImplementation.cpp:107] InitializeWebsocket: Parsed port: 3473
[65127] INFO [WsManager.h:479] Start: WebSocket channel started successfully on 127.0.0.1 3473
FAIL: Initialize() succeeds for NotAvailable test expected='' actual='Could not retrieve the AppGateway interface.'
FAIL: NotAvailable maps to ERROR_UNAVAILABLE expected=2 actual=53
[65127] INFO [AppGatewayResponderImplementation.cpp:60] ~AppGatewayResponderImplementation: AppGatewayResponderImplementation destructor
[  FAILED  ] JsonRpcResolve_Error_NotAvailable failures=2
[ RUN      ] JsonRpcResolve_Error_MalformedInput
[65127] INFO [AppGateway.cpp:54] AppGateway: AppGateway Constructor
[65127] INFO [AppGateway.cpp:67] Initialize: AppGateway::Initialize: PID=65127
[65127] INFO [AppGatewayImplementation.cpp:160] AppGatewayImplementation: AppGatewayImplementation constructor
[65127] INFO [AppGatewayImplementation.cpp:165] ~AppGatewayImplementation: AppGatewayImplementation destructor
[1;32m[Services.cpp:90](Instantiate)<PID:65127><TID:65127><1>: Missing implementation classname AppGatewayImplementation in library 

[0m[65127] ERROR [AppGateway.cpp:85] Initialize: Failed to initialise AppGatewayResolver plugin!
[65127] INFO [AppGatewayResponderImplementation.cpp:48] AppGatewayResponderImplementation: AppGatewayResponderImplementation constructor
[65127] INFO [AppGatewayResponderImplementation.cpp:83] Configure: Configuring AppGatewayResponderImplementation
[65127] INFO [AppGatewayResponderImplementation.cpp:105] InitializeWebsocket: Connector: 127.0.0.1:3473
[65127] INFO [AppGatewayResponderImplementation.cpp:107] InitializeWebsocket: Parsed port: 3473
[65127] INFO [WsManager.h:479] Start: WebSocket channel started successfully on 127.0.0.1 3473
FAIL: Initialize() succeeds for malformed input test expected='' actual='Could not retrieve the AppGateway interface.'
FAIL: Malformed JSON returns ERROR_BAD_REQUEST expected=30 actual=53
[65127] INFO [AppGatewayResponderImplementation.cpp:60] ~AppGatewayResponderImplementation: AppGatewayResponderImplementation destructor
[  FAILED  ] JsonRpcResolve_Error_MalformedInput failures=2
[ RUN      ] JsonRpcResolve_Error_MissingHandler_WhenResolverMissing
[65127] INFO [AppGateway.cpp:54] AppGateway: AppGateway Constructor
[65127] INFO [AppGateway.cpp:67] Initialize: AppGateway::Initialize: PID=65127
[65127] INFO [AppGatewayImplementation.cpp:160] AppGatewayImplementation: AppGatewayImplementation constructor
[65127] INFO [AppGatewayImplementation.cpp:165] ~AppGatewayImplementation: AppGatewayImplementation destructor
[1;32m[Services.cpp:90](Instantiate)<PID:65127><TID:65127><1>: Missing implementation classname AppGatewayImplementation in library 

[0m[65127] ERROR [AppGateway.cpp:85] Initialize: Failed to initialise AppGatewayResolver plugin!
[65127] INFO [AppGatewayResponderImplementation.cpp:48] AppGatewayResponderImplementation: AppGatewayResponderImplementation constructor
[65127] INFO [AppGatewayResponderImplementation.cpp:83] Configure: Configuring AppGatewayResponderImplementation
[65127] INFO [AppGatewayResponderImplementation.cpp:105] InitializeWebsocket: Connector: 127.0.0.1:3473
[65127] INFO [AppGatewayResponderImplementation.cpp:107] InitializeWebsocket: Parsed port: 3473
[65127] INFO [WsManager.h:479] Start: WebSocket channel started successfully on 127.0.0.1 3473
[65127] INFO [AppGatewayResponderImplementation.cpp:60] ~AppGatewayResponderImplementation: AppGatewayResponderImplementation destructor
[       OK ] JsonRpcResolve_Error_MissingHandler_WhenResolverMissing
[ RUN      ] ContextUtils_Conversions
[       OK ] ContextUtils_Conversions
[ RUN      ] Resolver_Configure_WithBaseOnly_LoadsOK
[65127] INFO [AppGateway.cpp:54] AppGateway: AppGateway Constructor
[65127] INFO [AppGateway.cpp:67] Initialize: AppGateway::Initialize: PID=65127
[65127] INFO [AppGatewayImplementation.cpp:160] AppGatewayImplementation: AppGatewayImplementation constructor
[65127] INFO [AppGatewayImplementation.cpp:165] ~AppGatewayImplementation: AppGatewayImplementation destructor
[1;32m[Services.cpp:90](Instantiate)<PID:65127><TID:65127><1>: Missing implementation classname AppGatewayImplementation in library 

[0m[65127] ERROR [AppGateway.cpp:85] Initialize: Failed to initialise AppGatewayResolver plugin!
[65127] INFO [AppGatewayResponderImplementation.cpp:48] AppGatewayResponderImplementation: AppGatewayResponderImplementation constructor
[65127] INFO [AppGatewayResponderImplementation.cpp:83] Configure: Configuring AppGatewayResponderImplementation
[65127] INFO [AppGatewayResponderImplementation.cpp:105] InitializeWebsocket: Connector: 127.0.0.1:3473
[65127] INFO [AppGatewayResponderImplementation.cpp:107] InitializeWebsocket: Parsed port: 3473
[65127] INFO [WsManager.h:479] Start: WebSocket channel started successfully on 127.0.0.1 3473
FAIL: Initialize() returns empty string on success
FAIL: IAppGatewayResolver available via QueryInterface(ID)
[65127] INFO [AppGatewayResponderImplementation.cpp:60] ~AppGatewayResponderImplementation: AppGatewayResponderImplementation destructor
[  FAILED  ] Resolver_Configure_WithBaseOnly_LoadsOK failures=2
[ RUN      ] Resolver_Configure_WithOverride_TakesPrecedence
[65127] INFO [Resolver.cpp:37] Resolver: [Resolver] Constructor - configurations will be loaded via LoadConfig
[65127] INFO [Resolver.cpp:112] LoadConfig: [Resolver] Loaded resolution for key: device.onnamechanged -> alias: "org.rdk.FbSettings", event: "org.rdk.FbSettings.onFriendlyNameChanged", permissionGroup: , includeContext: false, useComRpc: false
[65127] INFO [Resolver.cpp:112] LoadConfig: [Resolver] Loaded resolution for key: accessibility.onaudiodescriptionsettingschanged -> alias: "org.rdk.FbSettings", event: "org.rdk.FbSettings.onAudioDescriptionChanged", permissionGroup: , includeContext: false, useComRpc: false
[65127] INFO [Resolver.cpp:112] LoadConfig: [Resolver] Loaded resolution for key: closedcaptions.setpreferredlanguages -> alias: "org.rdk.FbSettings", event: , permissionGroup: "org.rdk.permission.group.enhanced", includeContext: false, useComRpc: true
[65127] INFO [Resolver.cpp:112] LoadConfig: [Resolver] Loaded resolution for key: voiceguidance.rate -> alias: "org.rdk.FbSettings", event: , permissionGroup: , includeContext: false, useComRpc: true
[65127] INFO [Resolver.cpp:112] LoadConfig: [Resolver] Loaded resolution for key: audiodescriptions.enabled -> alias: "org.rdk.FbSettings", event: , permissionGroup: , includeContext: false, useComRpc: true
[65127] INFO [Resolver.cpp:112] LoadConfig: [Resolver] Loaded resolution for key: device.onvideoresolutionchanged -> alias: "org.rdk.FbSettings", event: "org.rdk.FbSettings.onScreenResolutionChanged", permissionGroup: , includeContext: false, useComRpc: false
[65127] INFO [Resolver.cpp:112] LoadConfig: [Resolver] Loaded resolution for key: voiceguidance.setnavigationhints -> alias: "org.rdk.FbSettings", event: , permissionGroup: "org.rdk.permission.group.enhanced", includeContext: false, useComRpc: true
[65127] INFO [Resolver.cpp:112] LoadConfig: [Resolver] Loaded resolution for key: closedcaptions.setenabled -> alias: "org.rdk.FbSettings", event: , permissionGroup: "org.rdk.permission.group.enhanced", includeContext: false, useComRpc: true
[65127] INFO [Resolver.cpp:112] LoadConfig: [Resolver] Loaded resolution for key: accessibility.audiodescriptionsettings -> alias: "org.rdk.FbSettings", event: , permissionGroup: , includeContext: false, useComRpc: true
[65127] INFO [Resolver.cpp:112] LoadConfig: [Resolver] Loaded resolution for key: voiceguidance.setenabled -> alias: "org.rdk.FbSettings", event: , permissionGroup: "org.rdk.permission.group.enhanced", includeContext: false, useComRpc: true
[65127] INFO [Resolver.cpp:112] LoadConfig: [Resolver] Loaded resolution for key: localization.onlanguagechanged -> alias: "org.rdk.FbSettings", event: "org.rdk.FbSettings.onPresentationLanguageChanged", permissionGroup: , includeContext: false, useComRpc: false
[65127] INFO [Resolver.cpp:112] LoadConfig: [Resolver] Loaded resolution for key: accessibility.closedcaptions -> alias: "org.rdk.FbSettings", event: , permissionGroup: , includeContext: false, useComRpc: true
[65127] INFO [Resolver.cpp:112] LoadConfig: [Resolver] Loaded resolution for key: accessibility.closedcaptionssettings -> alias: "org.rdk.FbSettings", event: , permissionGroup: , includeContext: false, useComRpc: true
[65127] INFO [Resolver.cpp:112] LoadConfig: [Resolver] Loaded resolution for key: localization.language -> alias: "org.rdk.FbSettings", event: , permissionGroup: , includeContext: false, useComRpc: true
[65127] INFO [Resolver.cpp:112] LoadConfig: [Resolver] Loaded resolution for key: localization.addadditionalinfo -> alias: "org.rdk.FbSettings", event: , permissionGroup: , includeContext: false, useComRpc: true
[65127] INFO [Resolver.cpp:112] LoadConfig: [Resolver] Loaded resolution for key: device.onaudiochanged -> alias: "org.rdk.FbSettings", event: "org.rdk.FbSettings.audioFormatChanged", permissionGroup: , includeContext: false, useComRpc: false
[65127] INFO [Resolver.cpp:112] LoadConfig: [Resolver] Loaded resolution for key: accessibility.voiceguidancesettings -> alias: "org.rdk.FbSettings", event: , permissionGroup: , includeContext: false, useComRpc: true
[65127] INFO [Resolver.cpp:112] LoadConfig: [Resolver] Loaded resolution for key: voiceguidance.onspeedchanged -> alias: "org.rdk.FbSettings", event: "org.rdk.FbSettings.onVoiceGuidanceRateChanged", permissionGroup: , includeContext: false, useComRpc: false
[65127] INFO [Resolver.cpp:112] LoadConfig: [Resolver] Loaded resolution for key: accessibility.onclosedcaptionssettingschanged -> alias: "org.rdk.FbSettings", event: "org.rdk.FbSettings.onCaptionsChanged", permissionGroup: , includeContext: false, useComRpc: false
[65127] INFO [Resolver.cpp:112] LoadConfig: [Resolver] Loaded resolution for key: device.make -> alias: "org.rdk.FbSettings", event: , permissionGroup: , includeContext: false, useComRpc: true
[65127] INFO [Resolver.cpp:112] LoadConfig: [Resolver] Loaded resolution for key: closedcaptions.enabled -> alias: "org.rdk.FbSettings", event: , permissionGroup: , includeContext: false, useComRpc: true
[65127] INFO [Resolver.cpp:112] LoadConfig: [Resolver] Loaded resolution for key: device.setname -> alias: "org.rdk.FbSettings", event: , permissionGroup: "org.rdk.permission.group.enhanced", includeContext: false, useComRpc: true
[65127] INFO [Resolver.cpp:112] LoadConfig: [Resolver] Loaded resolution for key: localization.locale -> alias: "org.rdk.FbSettings", event: , permissionGroup: , includeContext: false, useComRpc: true
[65127] INFO [Resolver.cpp:112] LoadConfig: [Resolver] Loaded resolution for key: localization.countrycode -> alias: "org.rdk.FbSettings", event: , permissionGroup: , includeContext: false, useComRpc: true
[65127] INFO [Resolver.cpp:112] LoadConfig: [Resolver] Loaded resolution for key: localization.setcountrycode -> alias: "org.rdk.FbSettings", event: , permissionGroup: "org.rdk.permission.group.enhanced", includeContext: false, useComRpc: true
[65127] INFO [Resolver.cpp:112] LoadConfig: [Resolver] Loaded resolution for key: accessibility.highcontrastui -> alias: "org.rdk.FbSettings", event: , permissionGroup: , includeContext: false, useComRpc: true
[65127] INFO [Resolver.cpp:112] LoadConfig: [Resolver] Loaded resolution for key: audiodescriptions.setenabled -> alias: "org.rdk.FbSettings", event: , permissionGroup: "org.rdk.permission.group.enhanced", includeContext: false, useComRpc: true
[65127] INFO [Resolver.cpp:112] LoadConfig: [Resolver] Loaded resolution for key: device.hdr -> alias: "org.rdk.FbSettings", event: , permissionGroup: , includeContext: false, useComRpc: true
[65127] INFO [Resolver.cpp:112] LoadConfig: [Resolver] Loaded resolution for key: voiceguidance.setspeed -> alias: "org.rdk.FbSettings", event: , permissionGroup: "org.rdk.permission.group.enhanced", includeContext: false, useComRpc: true
[65127] INFO [Resolver.cpp:112] LoadConfig: [Resolver] Loaded resolution for key: localization.settimezone -> alias: "org.rdk.FbSettings", event: , permissionGroup: "org.rdk.permission.group.enhanced", includeContext: false, useComRpc: true
[65127] INFO [Resolver.cpp:112] LoadConfig: [Resolver] Loaded resolution for key: localization.setlocale -> alias: "org.rdk.FbSettings", event: , permissionGroup: "org.rdk.permission.group.enhanced", includeContext: false, useComRpc: true
[65127] INFO [Resolver.cpp:112] LoadConfig: [Resolver] Loaded resolution for key: voiceguidance.setrate -> alias: "org.rdk.FbSettings", event: , permissionGroup: "org.rdk.permission.group.enhanced", includeContext: false, useComRpc: true
[65127] INFO [Resolver.cpp:112] LoadConfig: [Resolver] Loaded resolution for key: localization.onpreferredaudiolanguageschanged -> alias: "org.rdk.FbSettings", event: "org.rdk.FbSettings.onPreferredAudioLanguagesChanged", permissionGroup: , includeContext: false, useComRpc: false
[65127] INFO [Resolver.cpp:112] LoadConfig: [Resolver] Loaded resolution for key: voiceguidance.onnavigationhintschanged -> alias: "org.rdk.FbSettings", event: "org.rdk.FbSettings.onVoiceGuidanceHintsChanged", permissionGroup: , includeContext: false, useComRpc: false
[65127] INFO [Resolver.cpp:112] LoadConfig: [Resolver] Loaded resolution for key: device.name -> alias: "org.rdk.FbSettings", event: , permissionGroup: , includeContext: false, useComRpc: true
[65127] INFO [Resolver.cpp:112] LoadConfig: [Resolver] Loaded resolution for key: localization.setpreferredaudiolanguages -> alias: "org.rdk.FbSettings", event: , permissionGroup: "org.rdk.permission.group.enhanced", includeContext: false, useComRpc: true
[65127] INFO [Resolver.cpp:112] LoadConfig: [Resolver] Loaded resolution for key: voiceguidance.enabled -> alias: "org.rdk.FbSettings", event: , permissionGroup: , includeContext: false, useComRpc: true
[65127] INFO [Resolver.cpp:112] LoadConfig: [Resolver] Loaded resolution for key: voiceguidance.speed -> alias: "org.rdk.FbSettings", event: , permissionGroup: , includeContext: false, useComRpc: true
[65127] INFO [Resolver.cpp:112] LoadConfig: [Resolver] Loaded resolution for key: accessibility.voiceguidance -> alias: "org.rdk.FbSettings", event: , permissionGroup: , includeContext: false, useComRpc: true
[65127] INFO [Resolver.cpp:112] LoadConfig: [Resolver] Loaded resolution for key: voiceguidance.onenabledchanged -> alias: "org.rdk.FbSettings", event: "org.rdk.FbSettings.onVoiceGuidanceChanged", permissionGroup: , includeContext: false, useComRpc: false
[65127] INFO [Resolver.cpp:112] LoadConfig: [Resolver] Loaded resolution for key: closedcaptions.preferredlanguages -> alias: "org.rdk.FbSettings", event: , permissionGroup: , includeContext: false, useComRpc: true
[65127] INFO [Resolver.cpp:112] LoadConfig: [Resolver] Loaded resolution for key: localization.onlocalechanged -> alias: "org.rdk.FbSettings", event: "org.rdk.FbSettings.onLocaleChanged", permissionGroup: , includeContext: false, useComRpc: false
[65127] INFO [Resolver.cpp:112] LoadConfig: [Resolver] Loaded resolution for key: localization.preferredaudiolanguages -> alias: "org.rdk.FbSettings", event: , permissionGroup: , includeContext: false, useComRpc: true
[65127] INFO [Resolver.cpp:112] LoadConfig: [Resolver] Loaded resolution for key: device.onnetworkchanged -> alias: "org.rdk.FbSettings", event: "org.rdk.FbSettings.onInternetStatusChange", permissionGroup: , includeContext: false, useComRpc: false
[65127] INFO [Resolver.cpp:112] LoadConfig: [Resolver] Loaded resolution for key: localization.oncountrycodechanged -> alias: "org.rdk.FbSettings", event: "org.rdk.FbSettings.onCountryCodeChanged", permissionGroup: , includeContext: false, useComRpc: false
[65127] INFO [Resolver.cpp:112] LoadConfig: [Resolver] Loaded resolution for key: closedcaptions.onenabledchanged -> alias: "org.rdk.FbSettings", event: "org.rdk.FbSettings.onCaptionsChanged", permissionGroup: , includeContext: false, useComRpc: false
[65127] INFO [Resolver.cpp:112] LoadConfig: [Resolver] Loaded resolution for key: localization.timezone -> alias: "org.rdk.FbSettings", event: , permissionGroup: , includeContext: false, useComRpc: true
[65127] INFO [Resolver.cpp:112] LoadConfig: [Resolver] Loaded resolution for key: audiodescriptions.onenabledchanged -> alias: "org.rdk.FbSettings", event: "org.rdk.FbSettings.onAudioDescriptionsChanged", permissionGroup: , includeContext: false, useComRpc: false
[65127] INFO [Resolver.cpp:112] LoadConfig: [Resolver] Loaded resolution for key: accessibility.onhighcontrastuichanged -> alias: "org.rdk.FbSettings", event: "org.rdk.FbSettings.onHighContrastChanged", permissionGroup: , includeContext: false, useComRpc: false
[65127] INFO [Resolver.cpp:112] LoadConfig: [Resolver] Loaded resolution for key: voiceguidance.navigationhints -> alias: "org.rdk.FbSettings", event: , permissionGroup: , includeContext: false, useComRpc: true
[65127] INFO [Resolver.cpp:112] LoadConfig: [Resolver] Loaded resolution for key: device.network -> alias: "org.rdk.FbSettings", event: , permissionGroup: , includeContext: false, useComRpc: true
[65127] INFO [Resolver.cpp:112] LoadConfig: [Resolver] Loaded resolution for key: closedcaptions.onpreferredlanguageschanged -> alias: "org.rdk.FbSettings", event: "org.rdk.FbSettings.onPreferredCaptionsLanguagesChanged", permissionGroup: , includeContext: false, useComRpc: false
[65127] INFO [Resolver.cpp:112] LoadConfig: [Resolver] Loaded resolution for key: voiceguidance.onratechanged -> alias: "org.rdk.FbSettings", event: "org.rdk.FbSettings.onVoiceGuidanceRateChanged", permissionGroup: , includeContext: false, useComRpc: false
[65127] INFO [Resolver.cpp:112] LoadConfig: [Resolver] Loaded resolution for key: accessibility.onvoiceguidancesettingschanged -> alias: "org.rdk.FbSettings", event: "org.rdk.FbSettings.onVoiceGuidanceChanged", permissionGroup: , includeContext: false, useComRpc: false
[65127] INFO [Resolver.cpp:112] LoadConfig: [Resolver] Loaded resolution for key: device.version -> alias: "org.rdk.FbSettings", event: , permissionGroup: , includeContext: false, useComRpc: true
[65127] INFO [Resolver.cpp:112] LoadConfig: [Resolver] Loaded resolution for key: device.onscreenresolutionchanged -> alias: "org.rdk.FbSettings", event: "org.rdk.FbSettings.resolutionChanged", permissionGroup: , includeContext: false, useComRpc: false
[65127] INFO [Resolver.cpp:112] LoadConfig: [Resolver] Loaded resolution for key: device.screenresolution -> alias: "org.rdk.FbSettings", event: , permissionGroup: , includeContext: false, useComRpc: true
[65127] INFO [Resolver.cpp:112] LoadConfig: [Resolver] Loaded resolution for key: device.videoresolution -> alias: "org.rdk.FbSettings", event: , permissionGroup: , includeContext: false, useComRpc: true
[65127] INFO [Resolver.cpp:112] LoadConfig: [Resolver] Loaded resolution for key: device.hdcp -> alias: "org.rdk.FbSettings", event: , permissionGroup: , includeContext: false, useComRpc: true
[65127] INFO [Resolver.cpp:112] LoadConfig: [Resolver] Loaded resolution for key: device.onhdcpchanged -> alias: "org.rdk.FbSettings", event: "org.rdk.FbSettings.onDisplayConnectionChanged", permissionGroup: , includeContext: false, useComRpc: false
[65127] INFO [Resolver.cpp:112] LoadConfig: [Resolver] Loaded resolution for key: device.audio -> alias: "org.rdk.FbSettings", event: , permissionGroup: , includeContext: false, useComRpc: true
[65127] INFO [Resolver.cpp:112] LoadConfig: [Resolver] Loaded resolution for key: device.ondevicenamechanged -> alias: "org.rdk.FbSettings", event: "org.rdk.FbSettings.onFriendlyNameChanged", permissionGroup: , includeContext: false, useComRpc: false
[65127] INFO [Resolver.cpp:112] LoadConfig: [Resolver] Loaded resolution for key: device.onhdrchanged -> alias: "org.rdk.FbSettings", event: "org.rdk.FbSettings.onDisplayConnectionChanged", permissionGroup: , includeContext: false, useComRpc: false
[65127] INFO [Resolver.cpp:128] LoadConfig: [Resolver] Loaded 63 resolutions from /home/kavia/workspace/code-generation/app-gateway2/plugin/AppGateway/resolutions/resolution.base.json (63 new, 0 overridden). Total resolutions: 63
[65127] INFO [Resolver.cpp:112] LoadConfig: [Resolver] Loaded resolution for key: device.name -> alias: "org.rdk.OverridePlugin.getName", event: , permissionGroup: , includeContext: false, useComRpc: false
[65127] TRACE [Resolver.cpp:119] LoadConfig: [Resolver] Overriding resolution for key: device.name
[65127] INFO [Resolver.cpp:128] LoadConfig: [Resolver] Loaded 1 resolutions from l0test/config/test.resolutions.override.json (0 new, 1 overridden). Total resolutions: 63
FAIL: Override precedence: alias for device.name is org.rdk.OverridePlugin.getName
[65127] INFO [Resolver.cpp:42] ~Resolver: Call Resolver destructor
[  FAILED  ] Resolver_Configure_WithOverride_TakesPrecedence failures=1
[ RUN      ] Resolver_Resolve_UnknownMethod_ReturnsNotFound
[65127] INFO [AppGatewayImplementation.cpp:160] AppGatewayImplementation: AppGatewayImplementation constructor
[65127] INFO [AppGatewayImplementation.cpp:203] Configure: Configuring AppGateway
[65127] INFO [Resolver.cpp:37] Resolver: [Resolver] Constructor - configurations will be loaded via LoadConfig
[65127] INFO [AppGatewayImplementation.cpp:623] ReadCountryFromConfigFile: Platform config paths not set; will use defaultCountryCode from resolutions.json if present
[65127] WARN [AppGatewayImplementation.cpp:228] InitializeResolver: No country found in build config, will use default from resolutions config
[65127] WARN [AppGatewayImplementation.cpp:240] InitializeResolver: Failed to open resolutions config file: /etc/app-gateway/resolutions.json, falling back to default config
[65127] INFO [AppGatewayImplementation.cpp:244] InitializeResolver: Using fallback: loading default config path: /etc/app-gateway/resolution.base.json
[65127] INFO [AppGatewayImplementation.cpp:345] InternalResolutionConfigure: Processing config path 1/1: /etc/app-gateway/resolution.base.json
[65127] ERROR [Resolver.cpp:55] LoadConfig: [Resolver] Failed to open config file: /etc/app-gateway/resolution.base.json
[65127] ERROR [AppGatewayImplementation.cpp:354] InternalResolutionConfigure: Failed to load configuration from: /etc/app-gateway/resolution.base.json
[65127] ERROR [AppGatewayImplementation.cpp:361] InternalResolutionConfigure: Failed to load configuration from any provided path
[65127] ERROR [AppGatewayImplementation.cpp:248] InitializeResolver: Failed to configure resolutions from fallback path
[65127] INFO [AppGatewayImplementation.cpp:301] Configure: Call AppGatewayImplementation::Configure
[65127] INFO [AppGatewayImplementation.cpp:325] Configure: Found config path: /home/kavia/workspace/code-generation/app-gateway2/plugin/AppGateway/resolutions/resolution.base.json
[65127] INFO [AppGatewayImplementation.cpp:334] Configure: Processing 1 configuration paths in override order
[65127] INFO [AppGatewayImplementation.cpp:345] InternalResolutionConfigure: Processing config path 1/1: /home/kavia/workspace/code-generation/app-gateway2/plugin/AppGateway/resolutions/resolution.base.json
[65127] INFO [Resolver.cpp:112] LoadConfig: [Resolver] Loaded resolution for key: device.onnamechanged -> alias: "org.rdk.FbSettings", event: "org.rdk.FbSettings.onFriendlyNameChanged", permissionGroup: , includeContext: false, useComRpc: false
[65127] INFO [Resolver.cpp:112] LoadConfig: [Resolver] Loaded resolution for key: accessibility.onaudiodescriptionsettingschanged -> alias: "org.rdk.FbSettings", event: "org.rdk.FbSettings.onAudioDescriptionChanged", permissionGroup: , includeContext: false, useComRpc: false
[65127] INFO [Resolver.cpp:112] LoadConfig: [Resolver] Loaded resolution for key: closedcaptions.setpreferredlanguages -> alias: "org.rdk.FbSettings", event: , permissionGroup: "org.rdk.permission.group.enhanced", includeContext: false, useComRpc: true
[65127] INFO [Resolver.cpp:112] LoadConfig: [Resolver] Loaded resolution for key: voiceguidance.rate -> alias: "org.rdk.FbSettings", event: , permissionGroup: , includeContext: false, useComRpc: true
[65127] INFO [Resolver.cpp:112] LoadConfig: [Resolver] Loaded resolution for key: audiodescriptions.enabled -> alias: "org.rdk.FbSettings", event: , permissionGroup: , includeContext: false, useComRpc: true
[65127] INFO [Resolver.cpp:112] LoadConfig: [Resolver] Loaded resolution for key: device.onvideoresolutionchanged -> alias: "org.rdk.FbSettings", event: "org.rdk.FbSettings.onScreenResolutionChanged", permissionGroup: , includeContext: false, useComRpc: false
[65127] INFO [Resolver.cpp:112] LoadConfig: [Resolver] Loaded resolution for key: voiceguidance.setnavigationhints -> alias: "org.rdk.FbSettings", event: , permissionGroup: "org.rdk.permission.group.enhanced", includeContext: false, useComRpc: true
[65127] INFO [Resolver.cpp:112] LoadConfig: [Resolver] Loaded resolution for key: closedcaptions.setenabled -> alias: "org.rdk.FbSettings", event: , permissionGroup: "org.rdk.permission.group.enhanced", includeContext: false, useComRpc: true
[65127] INFO [Resolver.cpp:112] LoadConfig: [Resolver] Loaded resolution for key: accessibility.audiodescriptionsettings -> alias: "org.rdk.FbSettings", event: , permissionGroup: , includeContext: false, useComRpc: true
[65127] INFO [Resolver.cpp:112] LoadConfig: [Resolver] Loaded resolution for key: voiceguidance.setenabled -> alias: "org.rdk.FbSettings", event: , permissionGroup: "org.rdk.permission.group.enhanced", includeContext: false, useComRpc: true
[65127] INFO [Resolver.cpp:112] LoadConfig: [Resolver] Loaded resolution for key: localization.onlanguagechanged -> alias: "org.rdk.FbSettings", event: "org.rdk.FbSettings.onPresentationLanguageChanged", permissionGroup: , includeContext: false, useComRpc: false
[65127] INFO [Resolver.cpp:112] LoadConfig: [Resolver] Loaded resolution for key: accessibility.closedcaptions -> alias: "org.rdk.FbSettings", event: , permissionGroup: , includeContext: false, useComRpc: true
[65127] INFO [Resolver.cpp:112] LoadConfig: [Resolver] Loaded resolution for key: accessibility.closedcaptionssettings -> alias: "org.rdk.FbSettings", event: , permissionGroup: , includeContext: false, useComRpc: true
[65127] INFO [Resolver.cpp:112] LoadConfig: [Resolver] Loaded resolution for key: localization.language -> alias: "org.rdk.FbSettings", event: , permissionGroup: , includeContext: false, useComRpc: true
[65127] INFO [Resolver.cpp:112] LoadConfig: [Resolver] Loaded resolution for key: localization.addadditionalinfo -> alias: "org.rdk.FbSettings", event: , permissionGroup: , includeContext: false, useComRpc: true
[65127] INFO [Resolver.cpp:112] LoadConfig: [Resolver] Loaded resolution for key: device.onaudiochanged -> alias: "org.rdk.FbSettings", event: "org.rdk.FbSettings.audioFormatChanged", permissionGroup: , includeContext: false, useComRpc: false
[65127] INFO [Resolver.cpp:112] LoadConfig: [Resolver] Loaded resolution for key: accessibility.voiceguidancesettings -> alias: "org.rdk.FbSettings", event: , permissionGroup: , includeContext: false, useComRpc: true
[65127] INFO [Resolver.cpp:112] LoadConfig: [Resolver] Loaded resolution for key: voiceguidance.onspeedchanged -> alias: "org.rdk.FbSettings", event: "org.rdk.FbSettings.onVoiceGuidanceRateChanged", permissionGroup: , includeContext: false, useComRpc: false
[65127] INFO [Resolver.cpp:112] LoadConfig: [Resolver] Loaded resolution for key: accessibility.onclosedcaptionssettingschanged -> alias: "org.rdk.FbSettings", event: "org.rdk.FbSettings.onCaptionsChanged", permissionGroup: , includeContext: false, useComRpc: false
[65127] INFO [Resolver.cpp:112] LoadConfig: [Resolver] Loaded resolution for key: device.make -> alias: "org.rdk.FbSettings", event: , permissionGroup: , includeContext: false, useComRpc: true
[65127] INFO [Resolver.cpp:112] LoadConfig: [Resolver] Loaded resolution for key: closedcaptions.enabled -> alias: "org.rdk.FbSettings", event: , permissionGroup: , includeContext: false, useComRpc: true
[65127] INFO [Resolver.cpp:112] LoadConfig: [Resolver] Loaded resolution for key: device.setname -> alias: "org.rdk.FbSettings", event: , permissionGroup: "org.rdk.permission.group.enhanced", includeContext: false, useComRpc: true
[65127] INFO [Resolver.cpp:112] LoadConfig: [Resolver] Loaded resolution for key: localization.locale -> alias: "org.rdk.FbSettings", event: , permissionGroup: , includeContext: false, useComRpc: true
[65127] INFO [Resolver.cpp:112] LoadConfig: [Resolver] Loaded resolution for key: localization.countrycode -> alias: "org.rdk.FbSettings", event: , permissionGroup: , includeContext: false, useComRpc: true
[65127] INFO [Resolver.cpp:112] LoadConfig: [Resolver] Loaded resolution for key: localization.setcountrycode -> alias: "org.rdk.FbSettings", event: , permissionGroup: "org.rdk.permission.group.enhanced", includeContext: false, useComRpc: true
[65127] INFO [Resolver.cpp:112] LoadConfig: [Resolver] Loaded resolution for key: accessibility.highcontrastui -> alias: "org.rdk.FbSettings", event: , permissionGroup: , includeContext: false, useComRpc: true
[65127] INFO [Resolver.cpp:112] LoadConfig: [Resolver] Loaded resolution for key: audiodescriptions.setenabled -> alias: "org.rdk.FbSettings", event: , permissionGroup: "org.rdk.permission.group.enhanced", includeContext: false, useComRpc: true
[65127] INFO [Resolver.cpp:112] LoadConfig: [Resolver] Loaded resolution for key: device.hdr -> alias: "org.rdk.FbSettings", event: , permissionGroup: , includeContext: false, useComRpc: true
[65127] INFO [Resolver.cpp:112] LoadConfig: [Resolver] Loaded resolution for key: voiceguidance.setspeed -> alias: "org.rdk.FbSettings", event: , permissionGroup: "org.rdk.permission.group.enhanced", includeContext: false, useComRpc: true
[65127] INFO [Resolver.cpp:112] LoadConfig: [Resolver] Loaded resolution for key: localization.settimezone -> alias: "org.rdk.FbSettings", event: , permissionGroup: "org.rdk.permission.group.enhanced", includeContext: false, useComRpc: true
[65127] INFO [Resolver.cpp:112] LoadConfig: [Resolver] Loaded resolution for key: localization.setlocale -> alias: "org.rdk.FbSettings", event: , permissionGroup: "org.rdk.permission.group.enhanced", includeContext: false, useComRpc: true
[65127] INFO [Resolver.cpp:112] LoadConfig: [Resolver] Loaded resolution for key: voiceguidance.setrate -> alias: "org.rdk.FbSettings", event: , permissionGroup: "org.rdk.permission.group.enhanced", includeContext: false, useComRpc: true
[65127] INFO [Resolver.cpp:112] LoadConfig: [Resolver] Loaded resolution for key: localization.onpreferredaudiolanguageschanged -> alias: "org.rdk.FbSettings", event: "org.rdk.FbSettings.onPreferredAudioLanguagesChanged", permissionGroup: , includeContext: false, useComRpc: false
[65127] INFO [Resolver.cpp:112] LoadConfig: [Resolver] Loaded resolution for key: voiceguidance.onnavigationhintschanged -> alias: "org.rdk.FbSettings", event: "org.rdk.FbSettings.onVoiceGuidanceHintsChanged", permissionGroup: , includeContext: false, useComRpc: false
[65127] INFO [Resolver.cpp:112] LoadConfig: [Resolver] Loaded resolution for key: device.name -> alias: "org.rdk.FbSettings", event: , permissionGroup: , includeContext: false, useComRpc: true
[65127] INFO [Resolver.cpp:112] LoadConfig: [Resolver] Loaded resolution for key: localization.setpreferredaudiolanguages -> alias: "org.rdk.FbSettings", event: , permissionGroup: "org.rdk.permission.group.enhanced", includeContext: false, useComRpc: true
[65127] INFO [Resolver.cpp:112] LoadConfig: [Resolver] Loaded resolution for key: voiceguidance.enabled -> alias: "org.rdk.FbSettings", event: , permissionGroup: , includeContext: false, useComRpc: true
[65127] INFO [Resolver.cpp:112] LoadConfig: [Resolver] Loaded resolution for key: voiceguidance.speed -> alias: "org.rdk.FbSettings", event: , permissionGroup: , includeContext: false, useComRpc: true
[65127] INFO [Resolver.cpp:112] LoadConfig: [Resolver] Loaded resolution for key: accessibility.voiceguidance -> alias: "org.rdk.FbSettings", event: , permissionGroup: , includeContext: false, useComRpc: true
[65127] INFO [Resolver.cpp:112] LoadConfig: [Resolver] Loaded resolution for key: voiceguidance.onenabledchanged -> alias: "org.rdk.FbSettings", event: "org.rdk.FbSettings.onVoiceGuidanceChanged", permissionGroup: , includeContext: false, useComRpc: false
[65127] INFO [Resolver.cpp:112] LoadConfig: [Resolver] Loaded resolution for key: closedcaptions.preferredlanguages -> alias: "org.rdk.FbSettings", event: , permissionGroup: , includeContext: false, useComRpc: true
[65127] INFO [Resolver.cpp:112] LoadConfig: [Resolver] Loaded resolution for key: localization.onlocalechanged -> alias: "org.rdk.FbSettings", event: "org.rdk.FbSettings.onLocaleChanged", permissionGroup: , includeContext: false, useComRpc: false
[65127] INFO [Resolver.cpp:112] LoadConfig: [Resolver] Loaded resolution for key: localization.preferredaudiolanguages -> alias: "org.rdk.FbSettings", event: , permissionGroup: , includeContext: false, useComRpc: true
[65127] INFO [Resolver.cpp:112] LoadConfig: [Resolver] Loaded resolution for key: device.onnetworkchanged -> alias: "org.rdk.FbSettings", event: "org.rdk.FbSettings.onInternetStatusChange", permissionGroup: , includeContext: false, useComRpc: false
[65127] INFO [Resolver.cpp:112] LoadConfig: [Resolver] Loaded resolution for key: localization.oncountrycodechanged -> alias: "org.rdk.FbSettings", event: "org.rdk.FbSettings.onCountryCodeChanged", permissionGroup: , includeContext: false, useComRpc: false
[65127] INFO [Resolver.cpp:112] LoadConfig: [Resolver] Loaded resolution for key: closedcaptions.onenabledchanged -> alias: "org.rdk.FbSettings", event: "org.rdk.FbSettings.onCaptionsChanged", permissionGroup: , includeContext: false, useComRpc: false
[65127] INFO [Resolver.cpp:112] LoadConfig: [Resolver] Loaded resolution for key: localization.timezone -> alias: "org.rdk.FbSettings", event: , permissionGroup: , includeContext: false, useComRpc: true
[65127] INFO [Resolver.cpp:112] LoadConfig: [Resolver] Loaded resolution for key: audiodescriptions.onenabledchanged -> alias: "org.rdk.FbSettings", event: "org.rdk.FbSettings.onAudioDescriptionsChanged", permissionGroup: , includeContext: false, useComRpc: false
[65127] INFO [Resolver.cpp:112] LoadConfig: [Resolver] Loaded resolution for key: accessibility.onhighcontrastuichanged -> alias: "org.rdk.FbSettings", event: "org.rdk.FbSettings.onHighContrastChanged", permissionGroup: , includeContext: false, useComRpc: false
[65127] INFO [Resolver.cpp:112] LoadConfig: [Resolver] Loaded resolution for key: voiceguidance.navigationhints -> alias: "org.rdk.FbSettings", event: , permissionGroup: , includeContext: false, useComRpc: true
[65127] INFO [Resolver.cpp:112] LoadConfig: [Resolver] Loaded resolution for key: device.network -> alias: "org.rdk.FbSettings", event: , permissionGroup: , includeContext: false, useComRpc: true
[65127] INFO [Resolver.cpp:112] LoadConfig: [Resolver] Loaded resolution for key: closedcaptions.onpreferredlanguageschanged -> alias: "org.rdk.FbSettings", event: "org.rdk.FbSettings.onPreferredCaptionsLanguagesChanged", permissionGroup: , includeContext: false, useComRpc: false
[65127] INFO [Resolver.cpp:112] LoadConfig: [Resolver] Loaded resolution for key: voiceguidance.onratechanged -> alias: "org.rdk.FbSettings", event: "org.rdk.FbSettings.onVoiceGuidanceRateChanged", permissionGroup: , includeContext: false, useComRpc: false
[65127] INFO [Resolver.cpp:112] LoadConfig: [Resolver] Loaded resolution for key: accessibility.onvoiceguidancesettingschanged -> alias: "org.rdk.FbSettings", event: "org.rdk.FbSettings.onVoiceGuidanceChanged", permissionGroup: , includeContext: false, useComRpc: false
[65127] INFO [Resolver.cpp:112] LoadConfig: [Resolver] Loaded resolution for key: device.version -> alias: "org.rdk.FbSettings", event: , permissionGroup: , includeContext: false, useComRpc: true
[65127] INFO [Resolver.cpp:112] LoadConfig: [Resolver] Loaded resolution for key: device.onscreenresolutionchanged -> alias: "org.rdk.FbSettings", event: "org.rdk.FbSettings.resolutionChanged", permissionGroup: , includeContext: false, useComRpc: false
[65127] INFO [Resolver.cpp:112] LoadConfig: [Resolver] Loaded resolution for key: device.screenresolution -> alias: "org.rdk.FbSettings", event: , permissionGroup: , includeContext: false, useComRpc: true
[65127] INFO [Resolver.cpp:112] LoadConfig: [Resolver] Loaded resolution for key: device.videoresolution -> alias: "org.rdk.FbSettings", event: , permissionGroup: , includeContext: false, useComRpc: true
[65127] INFO [Resolver.cpp:112] LoadConfig: [Resolver] Loaded resolution for key: device.hdcp -> alias: "org.rdk.FbSettings", event: , permissionGroup: , includeContext: false, useComRpc: true
[65127] INFO [Resolver.cpp:112] LoadConfig: [Resolver] Loaded resolution for key: device.onhdcpchanged -> alias: "org.rdk.FbSettings", event: "org.rdk.FbSettings.onDisplayConnectionChanged", permissionGroup: , includeContext: false, useComRpc: false
[65127] INFO [Resolver.cpp:112] LoadConfig: [Resolver] Loaded resolution for key: device.audio -> alias: "org.rdk.FbSettings", event: , permissionGroup: , includeContext: false, useComRpc: true
[65127] INFO [Resolver.cpp:112] LoadConfig: [Resolver] Loaded resolution for key: device.ondevicenamechanged -> alias: "org.rdk.FbSettings", event: "org.rdk.FbSettings.onFriendlyNameChanged", permissionGroup: , includeContext: false, useComRpc: false
[65127] INFO [Resolver.cpp:112] LoadConfig: [Resolver] Loaded resolution for key: device.onhdrchanged -> alias: "org.rdk.FbSettings", event: "org.rdk.FbSettings.onDisplayConnectionChanged", permissionGroup: , includeContext: false, useComRpc: false
[65127] INFO [Resolver.cpp:128] LoadConfig: [Resolver] Loaded 63 resolutions from /home/kavia/workspace/code-generation/app-gateway2/plugin/AppGateway/resolutions/resolution.base.json (63 new, 0 overridden). Total resolutions: 63
[65127] INFO [AppGatewayImplementation.cpp:349] InternalResolutionConfigure: Successfully loaded configuration from: /home/kavia/workspace/code-generation/app-gateway2/plugin/AppGateway/resolutions/resolution.base.json
[65127] INFO [AppGatewayImplementation.cpp:365] InternalResolutionConfigure: Configuration complete. Final resolutions loaded with override priority (later paths take precedence)
[65127] TRACE [AppGatewayImplementation.cpp:372] Resolve: method=no.such.method params={}
[65127] ERROR [AppGatewayImplementation.cpp:408] FetchResolvedData: No alias found for method: no.such.method
[65127] TRACE [AppGatewayImplementation.cpp:380] InternalResolve: Final resolution: {"code":-50100,"message":"NotSupported"}
[65127] INFO [AppGatewayImplementation.cpp:165] ~AppGatewayImplementation: AppGatewayImplementation destructor
[65127] INFO [Resolver.cpp:42] ~Resolver: Call Resolver destructor
double free or corruption (out)
./tests/l0/appgateway/run_coverage.sh: line 177: 65127 Aborted                 (core dumped) APPGATEWAY_RESOLUTIONS_PATH="${RESOLUTIONS_PATH}" APPGATEWAY_PLUGIN_SO="${APPGATEWAY_PLUGIN_SO}" LD_LIBRARY_PATH="${LD_LIBRARY_PATH_COMPOSED}" "${TEST_BIN}"
